#
# A fatal error has been detected by the Java Runtime Environment:
#
#  SIGSEGV (0xb) at pc=0x00007fffc168cb5d, pid=59455, tid=775
#
# JRE version: Java(TM) SE Runtime Environment (8.0_51-b16) (build 1.8.0_51-b16)
# Java VM: Java HotSpot(TM) 64-Bit Server VM (25.51-b03 mixed mode bsd-amd64 compressed oops)
# Problematic frame:
# C  [libobjc.A.dylib+0x6b5d]  objc_msgSend+0x1d
#
# Failed to write core dump. Core dumps have been disabled. To enable core dumping, try "ulimit -c unlimited" before starting Java again
#
# If you would like to submit a bug report, please visit:
#   http://bugreport.java.com/bugreport/crash.jsp
# The crash happened outside the Java Virtual Machine in native code.
# See problematic frame for where to report the bug.
#

---------------  T H R E A D  ---------------

Current thread (0x00007faf1b816800):  JavaThread "AppKit Thread" daemon [_thread_in_native, id=775, stack(0x00007fff50571000,0x00007fff50d71000)]

siginfo: si_signo: 11 (SIGSEGV), si_code: 1 (SEGV_MAPERR), si_addr: 0x000007faf1ac0ac8

Registers:
RAX=0x0000000000000000, RBX=0x00007faf1cb6df60, RCX=0x0000000000000000, RDX=0x00000000000fbfb0
RSP=0x00007fff50d6b8a8, RBP=0x00007fff50d6b8d0, RSI=0x00007fffab51b8d3, RDI=0x00007faf1ac0bc40
R8 =0x0000000000000003, R9 =0x0000000000000000, R10=0x000007faf1ac0ab0, R11=0x00007fffab51b8d3
R12=0x0000000000000094, R13=0x00007fffab4fe2b5, R14=0x00007faf1ac0bc40, R15=0x0000000000000000
RIP=0x00007fffc168cb5d, EFLAGS=0x0000000000010202, ERR=0x0000000000000004
  TRAPNO=0x000000000000000e

Top of Stack: (sp=0x00007fff50d6b8a8)
0x00007fff50d6b8a8:   0000000131595598 00007faf1cb6df60
0x00007fff50d6b8b8:   00000001315c9c60 