#
# A fatal error has been detected by the Java Runtime Environment:
#
#  SIGSEGV (0xb) at pc=0x00007fffc168cb5d, pid=23519, tid=775
#
# JRE version: Java(TM) SE Runtime Environment (8.0_51-b16) (build 1.8.0_51-b16)
# Java VM: Java HotSpot(TM) 64-Bit Server VM (25.51-b03 mixed mode bsd-amd64 compressed oops)
# Problematic frame:
# C  [libobjc.A.dylib+0x6b5d]  objc_msgSend+0x1d
#
# Failed to write core dump. Core dumps have been disabled. To enable core dumping, try "ulimit -c unlimited" before starting Java again
#
# If you would like to submit a bug report, please visit:
#   http://bugreport.java.com/bugreport/crash.jsp
# The crash happened outside the Java Virtual Machine in native code.
# See problematic frame for where to report the bug.
#

---------------  T H R E A D  ---------------

Current thread (0x00007febd585f800):  JavaThread "AppKit Thread" daemon [_thread_in_native, id=775, stack(0x00007fff4f75e000,0x00007fff4ff5e000)]

siginfo: si_signo: 11 (SIGSEGV), si_code: 1 (SEGV_MAPERR), si_addr: 0x000007febd4c6f88

Registers:
RAX=0x0000000000000000, RBX=0x00007febd4f63fb0, RCX=0x0000000000000000, RDX=0x00000000000fc040
RSP=0x00007fff4ff58808, RBP=0x00007fff4ff58830, RSI=0x00007fffab51b8d3, RDI=0x00007febd4c71620
R8 =0x0000000000000003, R9 =0x0000000000000000, R10=0x000007febd4c6f70, R11=0x00007fffab51b8d3
R12=0x0000000000000094, R13=0x00007fffab4fe2b5, R14=0x00007febd4c71620, R15=0x0000000000000000
RIP=0x00007fffc168cb5d, EFLAGS=0x0000000000010202, ERR=0x0000000000000004
  TRAPNO=0x000000000000000e

Top of Stack: (sp=0x00007fff4ff58808)
0x00007fff4ff58808:   00000001323a2598 00007febd4f63fb0
0x00007fff4ff58818:   00000001323d6c60 00007febd4c3b1f0
0x00007fff4ff58828:   00007febd4c3b1f0 00007fff4ff58da0
0x00007fff4ff58838:   00007fffaa9fa752 0000000000000000
0x00007fff4ff58848:   0000000000000000 408c200000000000
0x00007fff4ff58858:   4082c00000000000 0000000000000000
0x00007fff4ff58868:   0000000000000000 408c200000000000
0x00007fff4ff58878:   4082c00000000000 00007fff4ff588a0
0x00007fff4ff58888:   00007fffad4a33c8 0000000000000e00
0x00007fff4ff58898:   ffff80142b39d950 00007febd4c626b0
0x00007fff4ff588a8:   00007fffcacb8480 00007fff4ff58910
0x00007fff4ff588b8:   00007fffc1694d13 00007fffcacb9280
0x00007fff4ff588c8:   00000001ab4b6600 00007febd4c626b0
0x00007fff4ff588d8:   ffff80142b39d950 00007febd6915c00
0x00007fff4ff588e8:   00007febd6054ab0 00007fffab4b6600
0x00007fff4ff588f8:   00007febd4f63fb0 00007fffc168cb40
0x00007fff4ff58908:   00007fff4ff58970 00007fff4ff58960
0x00007fff4ff58918:   00007fffab0cf353 401c000000000000
0x00007fff4ff58928:   4082e00000000000 402c000000000000
0x00007fff4ff58938:   0000000000000000 00007fff00000000
0x00007fff4ff58948:   0000000000000000 00007fffab4cfe45
0x00007fff4ff58958:   00007febd6054a00 000000014ff589b0
0x00007fff4ff58968:   00007febd6054ab0 0000000000000088
0x00007fff4ff58978:   00007febd4c43a40 012c000000000000
0x00007fff4ff58988:   00007febd4f63fb0 00007fff4ff589b0
0x00007fff4ff58998:   00007febd6054ab0 00007fff4ff58a80
0x00007fff4ff589a8:   00007febd6054ab0 00007fff4ff589f0
0x00007fff4ff589b8:   00007fffaaab20ae 401c000000000000
0x00007fff4ff589c8:   4082d80000000000 402c000000000000
0x00007fff4ff589d8:   4030000000000000 00007fff4ff58a80
0x00007fff4ff589e8:   00007febd6054ab0 00007fff4ff58a70
0x00007fff4ff589f8:   00007fffaaab2050 401c000000000000 

Instructions: (pc=0x00007fffc168cb5d)
0x00007fffc168cb3d:   0f 1f 00 48 85 ff 2e 74 62 40 f6 c7 01 2e 75 66
0x00007fffc168cb4d:   49 ba f8 ff ff ff ff 7f 00 00 4c 23 17 49 89 f3
0x00007fffc168cb5d:   45 23 5a 18 49 c1 e3 04 4d 03 5a 10 49 3b 33 75
0x00007fffc168cb6d:   04 41 ff 63 08 49 83 3b 01 76 0d 49 83 c3 10 49 

Register to memory mapping:

RAX=0x0000000000000000 is an unknown value
RBX=0x00007febd4f63fb0 is an unknown value
RCX=0x0000000000000000 is an unknown value
RDX=0x00000000000fc040 is an unknown value
RSP=0x00007fff4ff58808 is pointing into the stack for thread: 0x00007febd585f800
RBP=0x00007fff4ff58830 is pointing into the stack for thread: 0x00007febd585f800
RSI=0x00007fffab51b8d3: __NSStyleNameIndexTable+0xdebce in /System/Library/Frameworks/AppKit.framework/Versions/C/AppKit at 0x00007fffaa85d000
RDI=0x00007febd4c71620 is an unknown value
R8 =0x0000000000000003 is an unknown value
R9 =0x0000000000000000 is an unknown value
R10=0x000007febd4c6f70 is an unknown value
R11=0x00007fffab51b8d3: __NSStyleNameIndexTable+0xdebce in /System/Library/Frameworks/AppKit.framework/Versions/C/AppKit at 0x00007fffaa85d000
R12=0x0000000000000094 is an unknown value
R13=0x00007fffab4fe2b5: __NSStyleNameIndexTable+0xc15b0 in /System/Library/Frameworks/AppKit.framework/Versions/C/AppKit at 0x00007fffaa85d000
R14=0x00007febd4c71620 is an unknown value
R15=0x0000000000000000 is an unknown value


Stack: [0x00007fff4f75e000,0x00007fff4ff5e000],  sp=0x00007fff4ff58808,  free space=8170k
Native frames: (J=compiled Java code, j=interpreted, Vv=VM code, C=native code)
C  [libobjc.A.dylib+0x6b5d]  objc_msgSend+0x1d
C  [AppKit+0x19d752]  -[NSView _recursiveDisplayRectIfNeededIgnoringOpacity:isVisibleRect:rectIsVisibleRectForView:topView:]+0x6ee
C  [AppKit+0x19dfa8]  -[NSView _recursiveDisplayRectIfNeededIgnoringOpacity:isVisibleRect:rectIsVisibleRectForView:topView:]+0xf44
C  [AppKit+0x19cb87]  -[NSThemeFrame _recursiveDisplayRectIfNeededIgnoringOpacity:isVisibleRect:rectIsVisibleRectForView:topView:]+0x14e
C  [AppKit+0x19afaf]  -[NSView _displayRectIgnoringOpacity:isVisibleRect:rectIsVisibleRectForView:]+0x994
C  [AppKit+0x196898]  -[NSView displayIfNeeded]+0x6d4
C  [AppKit+0x1961ab]  -[NSWindow displayIfNeeded]+0xe6
C  [AppKit+0x8f1123]  ___NSWindowGetDisplayCycleObserver_block_invoke.6219+0x115
C  [AppKit+0x195c89]  __37+[NSDisplayCycle currentDisplayCycle]_block_invoke+0x1c6
C  [QuartzCore+0x111ba]  CA::Transaction::run_commit_handlers(CATransactionPhase)+0x2e
C  [QuartzCore+0x118e10]  CA::Context::commit_transaction(CA::Transaction*)+0xa0
C  [QuartzCore+0xfd55]  CA::Transaction::commit()+0x1db
C  [AppKit+0x477d99]  __37+[NSDisplayCycle currentDisplayCycle]_block_invoke.31+0x143
C  [CoreFoundation+0xa6ec7]  __CFRUNLOOP_IS_CALLING_OUT_TO_AN_OBSERVER_CALLBACK_FUNCTION__+0x17
C  [CoreFoundation+0xa6e37]  __CFRunLoopDoObservers+0x187
C  [CoreFoundation+0x87ad9]  __CFRunLoopRun+0x369
C  [CoreFoundation+0x87514]  CFRunLoopRunSpecific+0x1a4
C  [HIToolbox+0x312ac]  RunCurrentEventLoopInMode+0xf0
C  [HIToolbox+0x30fe9]  ReceiveNextEventCommon+0xb8
C  [HIToolbox+0x30f16]  _BlockUntilNextEventMatchingListInModeWithFilter+0x47
C  [AppKit+0x476cd]  _DPSNextEvent+0x445
C  [AppKit+0x7be830]  -[NSApplication(NSEvent) _nextEventMatchingEventMask:untilDate:inMode:dequeue:]+0xaaa
C  [libosxapp.dylib+0x242a]  -[NSApplicationAWT nextEventMatchingMask:untilDate:inMode:dequeue:]+0x7c
C  [AppKit+0x3c06d]  -[NSApplication run]+0x39e
C  [libosxapp.dylib+0x223e]  +[NSApplicationAWT runAWTLoopWithApp:]+0x9c
C  [libawt_lwawt.dylib+0x4454b]  -[AWTStarter starter:]+0x389
C  [Foundation+0x71f2a]  __NSThreadPerformPerform+0x146
C  [CoreFoundation+0xa74b1]  __CFRUNLOOP_IS_CALLING_OUT_TO_A_SOURCE0_PERFORM_FUNCTION__+0x11
C  [CoreFoundation+0x8861d]  __CFRunLoopDoSources0+0x22d
C  [CoreFoundation+0x87b16]  __CFRunLoopRun+0x3a6
C  [CoreFoundation+0x87514]  CFRunLoopRunSpecific+0x1a4
C  [java+0x6463]  CreateExecutionEnvironment+0x367
C  [java+0x21ac]  JLI_Launch+0x7a0
C  [java+0x84c0]  main+0x65
C  [java+0x1a04]  start+0x34
C  0x0000000000000006


---------------  P R O C E S S  ---------------

Java Threads: ( => current thread )
  0x00007febd8802000 JavaThread "Thread-45" [_thread_blocked, id=92163, stack(0x000070000b768000,0x000070000b868000)]
  0x00007febd512d000 JavaThread "Thread-44" [_thread_blocked, id=91143, stack(0x000070000b665000,0x000070000b765000)]
  0x00007febd599a800 JavaThread "Thread-43" [_thread_blocked, id=91395, stack(0x000070000b562000,0x000070000b662000)]
  0x00007febd512c000 JavaThread "Thread-42" [_thread_blocked, id=90627, stack(0x000070000b45f000,0x000070000b55f000)]
  0x00007febd512b800 JavaThread "Thread-41" [_thread_blocked, id=90115, stack(0x000070000b35c000,0x000070000b45c000)]
  0x00007febd512a800 JavaThread "Thread-40" [_thread_blocked, id=89603, stack(0x000070000b259000,0x000070000b359000)]
  0x00007febd5999800 JavaThread "Thread-39" [_thread_blocked, id=89091, stack(0x000070000b156000,0x000070000b256000)]
  0x00007febd5999000 JavaThread "Thread-38" [_thread_blocked, id=88579, stack(0x000070000b053000,0x000070000b153000)]
  0x00007febd6933800 JavaThread "Thread-37" [_thread_blocked, id=88067, stack(0x000070000af50000,0x000070000b050000)]
  0x00007febd5998000 JavaThread "Thread-36" [_thread_blocked, id=87555, stack(0x000070000ae4d000,0x000070000af4d000)]
  0x00007febd5997800 JavaThread "Thread-35" [_thread_blocked, id=87043, stack(0x000070000ad4a000,0x000070000ae4a000)]
  0x00007febd7149800 JavaThread "Thread-34" [_thread_blocked, id=86531, stack(0x000070000ac47000,0x000070000ad47000)]
  0x00007febd512a000 JavaThread "Thread-33" [_thread_blocked, id=86019, stack(0x000070000ab44000,0x000070000ac44000)]
  0x00007febd7149000 JavaThread "Thread-32" [_thread_blocked, id=85507, stack(0x000070000aa41000,0x000070000ab41000)]
  0x00007febd7148000 JavaThread "Thread-31" [_thread_blocked, id=84995, stack(0x000070000a93e000,0x000070000aa3e000)]
  0x00007febd5996800 JavaThread "Thread-30" [_thread_blocked, id=84483, stack(0x000070000a83b000,0x000070000a93b000)]
  0x00007febd5129000 JavaThread "Thread-29" [_thread_blocked, id=83971, stack(0x000070000a738000,0x000070000a838000)]
  0x00007febd5128800 JavaThread "Thread-28" [_thread_blocked, id=83459, stack(0x000070000a635000,0x000070000a735000)]
  0x00007febd5973800 JavaThread "Thread-27" [_thread_blocked, id=82947, stack(0x000070000a532000,0x000070000a632000)]
  0x00007febd5972800 JavaThread "Thread-26" [_thread_blocked, id=82435, stack(0x000070000a42f000,0x000070000a52f000)]
  0x00007febd5127800 JavaThread "Thread-25" [_thread_blocked, id=81923, stack(0x000070000a32c000,0x000070000a42c000)]
  0x00007febd5972000 JavaThread "Thread-24" [_thread_blocked, id=81411, stack(0x000070000a229000,0x000070000a329000)]
  0x00007febd5120000 JavaThread "Thread-23" [_thread_blocked, id=80899, stack(0x000070000a126000,0x000070000a226000)]
  0x00007febd511f800 JavaThread "Thread-22" [_thread_blocked, id=80387, stack(0x000070000a023000,0x000070000a123000)]
  0x00007febd6933000 JavaThread "Thread-21" [_thread_blocked, id=79875, stack(0x0000700009f20000,0x000070000a020000)]
  0x00007febd6932000 JavaThread "Thread-20" [_thread_blocked, id=79363, stack(0x0000700009e1d000,0x0000700009f1d000)]
  0x00007febd6931800 JavaThread "Thread-19" [_thread_blocked, id=78851, stack(0x0000700009d1a000,0x0000700009e1a000)]
  0x00007febd511e800 JavaThread "Thread-18" [_thread_blocked, id=78339, stack(0x0000700009c17000,0x0000700009d17000)]
  0x00007febd7147800 JavaThread "Thread-17" [_thread_blocked, id=77827, stack(0x0000700009b14000,0x0000700009c14000)]
  0x00007febd7146800 JavaThread "Thread-16" [_thread_blocked, id=77315, stack(0x0000700009a11000,0x0000700009b11000)]
  0x00007febd511e000 JavaThread "Thread-15" [_thread_blocked, id=76803, stack(0x000070000990e000,0x0000700009a0e000)]
  0x00007febd7146000 JavaThread "Thread-14" [_thread_blocked, id=76291, stack(0x000070000980b000,0x000070000990b000)]
  0x00007febd5971000 JavaThread "Thread-13" [_thread_blocked, id=75779, stack(0x0000700009708000,0x0000700009808000)]
  0x00007febd5970800 JavaThread "Thread-12" [_thread_blocked, id=75267, stack(0x0000700009605000,0x0000700009705000)]
  0x00007febd596f800 JavaThread "Thread-11" [_thread_blocked, id=74755, stack(0x0000700009502000,0x0000700009602000)]
  0x00007febd803a000 JavaThread "Thread-10" [_thread_blocked, id=74243, stack(0x00007000093ff000,0x00007000094ff000)]
  0x00007febd7145000 JavaThread "Thread-9" [_thread_blocked, id=73731, stack(0x00007000092fc000,0x00007000093fc000)]
  0x00007febd5957800 JavaThread "Thread-8" [_thread_blocked, id=73219, stack(0x00007000091f9000,0x00007000092f9000)]
  0x00007febd7144800 JavaThread "Thread-7" [_thread_blocked, id=72707, stack(0x00007000090f6000,0x00007000091f6000)]
  0x00007febd7143800 JavaThread "Thread-6" [_thread_blocked, id=72203, stack(0x0000700008ff3000,0x00007000090f3000)]
  0x00007febd7143000 JavaThread "Thread-5" [_thread_blocked, id=66323, stack(0x0000700008ef0000,0x0000700008ff0000)]
  0x00007febd511d000 JavaThread "Thread-4" [_thread_blocked, id=70411, stack(0x0000700008ded000,0x0000700008eed000)]
  0x00007febd5123800 JavaThread "Thread-3" [_thread_blocked, id=70923, stack(0x0000700008cea000,0x0000700008dea000)]
  0x00007febd7142000 JavaThread "Thread-2" [_thread_blocked, id=68615, stack(0x0000700008be7000,0x0000700008ce7000)]
  0x00007febd7141800 JavaThread "Thread-1" [_thread_blocked, id=64031, stack(0x0000700008ae4000,0x0000700008be4000)]
  0x00007febd6919800 JavaThread "Java2D Disposer" daemon [_thread_blocked, id=59267, stack(0x00007000089e1000,0x0000700008ae1000)]
  0x00007febd706d000 JavaThread "AWT-Shutdown" [_thread_blocked, id=32287, stack(0x00007000086d2000,0x00007000087d2000)]
=>0x00007febd585f800 JavaThread "AppKit Thread" daemon [_thread_in_native, id=775, stack(0x00007fff4f75e000,0x00007fff4ff5e000)]
  0x00007febd5050000 JavaThread "Service Thread" daemon [_thread_blocked, id=21251, stack(0x0000700008449000,0x0000700008549000)]
  0x00007febd5033800 JavaThread "C1 CompilerThread3" daemon [_thread_blocked, id=20739, stack(0x0000700008346000,0x0000700008446000)]
  0x00007febd5032800 JavaThread "C2 CompilerThread2" daemon [_thread_blocked, id=20227, stack(0x0000700008243000,0x0000700008343000)]
  0x00007febd503e000 JavaThread "C2 CompilerThread1" daemon [_thread_blocked, id=19715, stack(0x0000700008140000,0x0000700008240000)]
  0x00007febd7800000 JavaThread "C2 CompilerThread0" daemon [_thread_blocked, id=19203, stack(0x000070000803d000,0x000070000813d000)]
  0x00007febd6802800 JavaThread "Signal Dispatcher" daemon [_thread_blocked, id=18691, stack(0x0000700007f3a000,0x000070000803a000)]
  0x00007febd7003000 JavaThread "Finalizer" daemon [_thread_blocked, id=14595, stack(0x0000700007e37000,0x0000700007f37000)]
  0x00007febd7002000 JavaThread "Reference Handler" daemon [_thread_blocked, id=14083, stack(0x0000700007d34000,0x0000700007e34000)]
  0x00007febd5803000 JavaThread "main" [_thread_in_native, id=7171, stack(0x0000700007316000,0x0000700007416000)]

Other Threads:
  0x00007febd582e800 VMThread [stack: 0x0000700007c31000,0x0000700007d31000] [id=13571]
  0x00007febd5036000 WatcherThread [stack: 0x000070000854c000,0x000070000864c000] [id=21763]

VM state:not at safepoint (normal execution)

VM Mutex/Monitor currently owned by a thread: None

Heap:
 PSYoungGen      total 76288K, used 36181K [0x000000076ab00000, 0x0000000770000000, 0x00000007c0000000)
  eden space 65536K, 52% used [0x000000076ab00000,0x000000076cc52a70,0x000000076eb00000)
  from space 10752K, 19% used [0x000000076eb00000,0x000000076ed02b60,0x000000076f580000)
  to   space 10752K, 0% used [0x000000076f580000,0x000000076f580000,0x0000000770000000)
 ParOldGen       total 175104K, used 8K [0x00000006c0000000, 0x00000006cab00000, 0x000000076ab00000)
  object space 175104K, 0% used [0x00000006c0000000,0x00000006c0002000,0x00000006cab00000)
 Metaspace       used 6812K, capacity 6911K, committed 7168K, reserved 1056768K
  class space    used 704K, capacity 760K, committed 768K, reserved 1048576K

Card table byte_map: [0x0000000121644000,0x0000000121e45000] byte_map_base: 0x000000011e044000

Marking Bits: (ParMarkBitMap*) 0x0000000111f9d7a0
 Begin Bits: [0x000000012239b000, 0x000000012639b000)
 End Bits:   [0x000000012639b000, 0x000000012a39b000)

Polling page: 0x000000010fd62000

CodeCache: size=245760Kb used=2360Kb max_used=2371Kb free=243399Kb
 bounds [0x0000000112644000, 0x00000001128b4000, 0x0000000121644000]
 total_blobs=983 nmethods=611 adapters=286
 compilation: enabled

Compilation events (10 events):
Event: 3.034 Thread 0x00007febd5033800  606       3       java.nio.Bits::putIntB (43 bytes)
Event: 3.034 Thread 0x00007febd5033800 nmethod 606 0x0000000112891d50 code [0x0000000112891f00, 0x00000001128924d8]
Event: 3.055 Thread 0x00007febd503e000  607       4       java.util.Random::seedUniquifier (29 bytes)
Event: 3.056 Thread 0x00007febd503e000 nmethod 607 0x0000000112871cd0 code [0x0000000112871e20, 0x0000000112871eb8]
Event: 3.786 Thread 0x00007febd5033800  608       3       java.lang.Object::wait (6 bytes)
Event: 3.787 Thread 0x00007febd5033800 nmethod 608 0x0000000112894f90 code [0x0000000112895100, 0x0000000112895308]
Event: 3.794 Thread 0x00007febd5033800  609       3       sun.awt.AWTAutoShutdown::notifyToolkitThreadBusy (8 bytes)
Event: 3.795 Thread 0x00007febd5033800 nmethod 609 0x0000000112894b90 code [0x0000000112894d00, 0x0000000112894ec8]
Event: 3.795 Thread 0x00007febd5033800  610       3       sun.awt.AWTAutoShutdown::notifyToolkitThreadFree (8 bytes)
Event: 3.795 Thread 0x00007febd5033800 nmethod 610 0x0000000112894790 code [0x0000000112894900, 0x0000000112894ac8]

GC Heap History (2 events):
Event: 0.648 GC heap before
{Heap before GC invocations=1 (full 0):
 PSYoungGen      total 76288K, used 65536K [0x000000076ab00000, 0x0000000770000000, 0x00000007c0000000)
  eden space 65536K, 100% used [0x000000076ab00000,0x000000076eb00000,0x000000076eb00000)
  from space 10752K, 0% used [0x000000076f580000,0x000000076f580000,0x0000000770000000)
  to   space 10752K, 0% used [0x000000076eb00000,0x000000076eb00000,0x000000076f580000)
 ParOldGen       total 175104K, used 0K [0x00000006c0000000, 0x00000006cab00000, 0x000000076ab00000)
  object space 175104K, 0% used [0x00000006c0000000,0x00000006c0000000,0x00000006cab00000)
 Metaspace       used 6735K, capacity 6911K, committed 7168K, reserved 1056768K
  class space    used 703K, capacity 760K, committed 768K, reserved 1048576K
Event: 0.651 GC heap after
Heap after GC invocations=1 (full 0):
 PSYoungGen      total 76288K, used 2058K [0x000000076ab00000, 0x0000000770000000, 0x00000007c0000000)
  eden space 65536K, 0% used [0x000000076ab00000,0x000000076ab00000,0x000000076eb00000)
  from space 10752K, 19% used [0x000000076eb00000,0x000000076ed02b60,0x000000076f580000)
  to   space 10752K, 0% used [0x000000076f580000,0x000000076f580000,0x0000000770000000)
 ParOldGen       total 175104K, used 8K [0x00000006c0000000, 0x00000006cab00000, 0x000000076ab00000)
  object space 175104K, 0% used [0x00000006c0000000,0x00000006c0002000,0x00000006cab00000)
 Metaspace       used 6735K, capacity 6911K, committed 7168K, reserved 1056768K
  class space    used 703K, capacity 760K, committed 768K, reserved 1048576K
}

Deoptimization events (0 events):
No events

Internal exceptions (10 events):
Event: 0.036 Thread 0x00007febd5803000 Exception <a 'java/lang/NoSuchMethodError': Method sun.misc.Unsafe.defineClass(Ljava/lang/String;[BII)Ljava/lang/Class; name or signature does not match> (0x000000076ab12db0) thrown at [/Users/java_re/workspace/8-2-build-macosx-x86_64/jdk8u51/3951/hotspot
Event: 0.036 Thread 0x00007febd5803000 Exception <a 'java/lang/NoSuchMethodError': Method sun.misc.Unsafe.prefetchRead(Ljava/lang/Object;J)V name or signature does not match> (0x000000076ab13040) thrown at [/Users/java_re/workspace/8-2-build-macosx-x86_64/jdk8u51/3951/hotspot/src/share/vm/prim
Event: 0.099 Thread 0x00007febd5803000 Exception <a 'java/security/PrivilegedActionException'> (0x000000076ac35378) thrown at [/Users/java_re/workspace/8-2-build-macosx-x86_64/jdk8u51/3951/hotspot/src/share/vm/prims/jvm.cpp, line 1382]
Event: 0.099 Thread 0x00007febd5803000 Exception <a 'java/security/PrivilegedActionException'> (0x000000076ac35530) thrown at [/Users/java_re/workspace/8-2-build-macosx-x86_64/jdk8u51/3951/hotspot/src/share/vm/prims/jvm.cpp, line 1382]
Event: 0.099 Thread 0x00007febd5803000 Exception <a 'java/security/PrivilegedActionException'> (0x000000076ac388b0) thrown at [/Users/java_re/workspace/8-2-build-macosx-x86_64/jdk8u51/3951/hotspot/src/share/vm/prims/jvm.cpp, line 1382]
Event: 0.099 Thread 0x00007febd5803000 Exception <a 'java/security/PrivilegedActionException'> (0x000000076ac38a68) thrown at [/Users/java_re/workspace/8-2-build-macosx-x86_64/jdk8u51/3951/hotspot/src/share/vm/prims/jvm.cpp, line 1382]
Event: 0.224 Thread 0x00007febd5803000 Exception <a 'java/io/FileNotFoundException'> (0x000000076ac3c990) thrown at [/Users/java_re/workspace/8-2-build-macosx-x86_64/jdk8u51/3951/hotspot/src/share/vm/prims/jni.cpp, line 709]
Event: 0.224 Thread 0x00007febd5803000 Exception <a 'java/io/FileNotFoundException'> (0x000000076ac3d4a8) thrown at [/Users/java_re/workspace/8-2-build-macosx-x86_64/jdk8u51/3951/hotspot/src/share/vm/prims/jni.cpp, line 709]
Event: 0.262 Thread 0x00007febd585f800 Exception <a 'java/lang/NoSuchFieldError': method resolution failed> (0x000000076afa9028) thrown at [/Users/java_re/workspace/8-2-build-macosx-x86_64/jdk8u51/3951/hotspot/src/share/vm/prims/methodHandles.cpp, line 1125]
Event: 0.263 Thread 0x00007febd585f800 Exception <a 'java/lang/NoSuchFieldError': method resolution failed> (0x000000076afb76c8) thrown at [/Users/java_re/workspace/8-2-build-macosx-x86_64/jdk8u51/3951/hotspot/src/share/vm/prims/methodHandles.cpp, line 1125]

Events (10 events):
Event: 0.537 Thread 0x00007febd512d000 Thread added: 0x00007febd512d000
Event: 0.538 Thread 0x00007febd8802000 Thread added: 0x00007febd8802000
Event: 0.636 loading class com/capstone/plasma/ParticleHandler$Particle
Event: 0.636 loading class com/capstone/plasma/ParticleHandler$Particle done
Event: 0.648 Executing VM operation: ParallelGCFailedAllocation
Event: 0.651 Executing VM operation: ParallelGCFailedAllocation done
Event: 0.777 loading class com/capstone/plasma/GameScreen
Event: 0.777 loading class com/capstone/plasma/GameScreen done
Event: 4.020 loading class org/lwjgl/opengl/CallbackUtil
Event: 4.020 loading class org/lwjgl/opengl/CallbackUtil done


Dynamic libraries:
0x00000000379d3000 	/System/Library/Frameworks/Cocoa.framework/Versions/A/Cocoa
0x00000000379d3000 	/System/Library/Frameworks/Security.framework/Versions/A/Security
0x00000000379d3000 	/System/Library/Frameworks/ApplicationServices.framework/Versions/A/ApplicationServices
0x00000000379d3000 	/usr/lib/libz.1.dylib
0x00000000379d3000 	/usr/lib/libSystem.B.dylib
0x00000000379d3000 	/usr/lib/libobjc.A.dylib
0x00000000379d3000 	/System/Library/Frameworks/CoreFoundation.framework/Versions/A/CoreFoundation
0x00000000379d3000 	/System/Library/Frameworks/Foundation.framework/Versions/C/Foundation
0x00000000379d3000 	/System/Library/Frameworks/AppKit.framework/Versions/C/AppKit
0x00000000379d3000 	/System/Library/Frameworks/CoreData.framework/Versions/A/CoreData
0x00000000379d3000 	/System/Library/PrivateFrameworks/RemoteViewServices.framework/Versions/A/RemoteViewServices
0x00000000379d3000 	/System/Library/PrivateFrameworks/UIFoundation.framework/Versions/A/UIFoundation
0x00000000379d3000 	/System/Library/PrivateFrameworks/DFRFoundation.framework/Versions/A/DFRFoundation
0x00000000379d3000 	/usr/lib/libenergytrace.dylib
0x00000000379d3000 	/System/Library/PrivateFrameworks/SkyLight.framework/Versions/A/SkyLight
0x00000000379d3000 	/System/Library/Frameworks/CoreGraphics.framework/Versions/A/CoreGraphics
0x00000000379d3000 	/usr/lib/libScreenReader.dylib
0x00000000379d3000 	/System/Library/Frameworks/Accelerate.framework/Versions/A/Accelerate
0x00000000379d3000 	/System/Library/Frameworks/IOSurface.framework/Versions/A/IOSurface
0x00000000379d3000 	/System/Library/Frameworks/AudioToolbox.framework/Versions/A/AudioToolbox
0x00000000379d3000 	/System/Library/Frameworks/AudioUnit.framework/Versions/A/AudioUnit
0x00000000379d3000 	/System/Library/PrivateFrameworks/DataDetectorsCore.framework/Versions/A/DataDetectorsCore
0x00000000379d3000 	/System/Library/PrivateFrameworks/DesktopServicesPriv.framework/Versions/A/DesktopServicesPriv
0x00000000379d3000 	/System/Library/Frameworks/Carbon.framework/Versions/A/Frameworks/HIToolbox.framework/Versions/A/HIToolbox
0x00000000379d3000 	/usr/lib/libicucore.A.dylib
0x00000000379d3000 	/System/Library/Frameworks/QuartzCore.framework/Versions/A/QuartzCore
0x00000000379d3000 	/System/Library/Frameworks/Carbon.framework/Versions/A/Frameworks/SpeechRecognition.framework/Versions/A/SpeechRecognition
0x00000000379d3000 	/usr/lib/libauto.dylib
0x00000000379d3000 	/usr/lib/libxml2.2.dylib
0x00000000379d3000 	/System/Library/PrivateFrameworks/CoreUI.framework/Versions/A/CoreUI
0x00000000379d3000 	/System/Library/Frameworks/CoreAudio.framework/Versions/A/CoreAudio
0x00000000379d3000 	/System/Library/Frameworks/DiskArbitration.framework/Versions/A/DiskArbitration
0x00000000379d3000 	/usr/lib/liblangid.dylib
0x00000000379d3000 	/System/Library/PrivateFrameworks/MultitouchSupport.framework/Versions/A/MultitouchSupport
0x00000000379d3000 	/System/Library/Frameworks/IOKit.framework/Versions/A/IOKit
0x00000000379d3000 	/usr/lib/libDiagnosticMessagesClient.dylib
0x00000000379d3000 	/System/Library/Frameworks/CoreServices.framework/Versions/A/CoreServices
0x00000000379d3000 	/System/Library/PrivateFrameworks/PerformanceAnalysis.framework/Versions/A/PerformanceAnalysis
0x00000000379d3000 	/System/Library/PrivateFrameworks/GenerationalStorage.framework/Versions/A/GenerationalStorage
0x00000000379d3000 	/System/Library/Frameworks/OpenGL.framework/Versions/A/OpenGL
0x00000000379d3000 	/System/Library/Frameworks/CoreImage.framework/Versions/A/CoreImage
0x00000000379d3000 	/System/Library/Frameworks/CoreText.framework/Versions/A/CoreText
0x00000000379d3000 	/System/Library/Frameworks/ImageIO.framework/Versions/A/ImageIO
0x00000000379d3000 	/System/Library/PrivateFrameworks/Backup.framework/Versions/A/Backup
0x00000000379d3000 	/usr/lib/libarchive.2.dylib
0x00000000379d3000 	/System/Library/Frameworks/CFNetwork.framework/Versions/A/CFNetwork
0x00000000379d3000 	/System/Library/Frameworks/SystemConfiguration.framework/Versions/A/SystemConfiguration
0x00000000379d3000 	/usr/lib/libCRFSuite.dylib
0x00000000379d3000 	/usr/lib/libc++.1.dylib
0x00000000379d3000 	/usr/lib/libc++abi.dylib
0x00000000379d3000 	/usr/lib/system/libcache.dylib
0x00000000379d3000 	/usr/lib/system/libcommonCrypto.dylib
0x00000000379d3000 	/usr/lib/system/libcompiler_rt.dylib
0x00000000379d3000 	/usr/lib/system/libcopyfile.dylib
0x00000000379d3000 	/usr/lib/system/libcorecrypto.dylib
0x00000000379d3000 	/usr/lib/system/libdispatch.dylib
0x00000000379d3000 	/usr/lib/system/libdyld.dylib
0x00000000379d3000 	/usr/lib/system/libkeymgr.dylib
0x00000000379d3000 	/usr/lib/system/liblaunch.dylib
0x00000000379d3000 	/usr/lib/system/libmacho.dylib
0x00000000379d3000 	/usr/lib/system/libquarantine.dylib
0x00000000379d3000 	/usr/lib/system/libremovefile.dylib
0x00000000379d3000 	/usr/lib/system/libsystem_asl.dylib
0x00000000379d3000 	/usr/lib/system/libsystem_blocks.dylib
0x00000000379d3000 	/usr/lib/system/libsystem_c.dylib
0x00000000379d3000 	/usr/lib/system/libsystem_configuration.dylib
0x00000000379d3000 	/usr/lib/system/libsystem_coreservices.dylib
0x00000000379d3000 	/usr/lib/system/libsystem_coretls.dylib
0x00000000379d3000 	/usr/lib/system/libsystem_dnssd.dylib
0x00000000379d3000 	/usr/lib/system/libsystem_info.dylib
0x00000000379d3000 	/usr/lib/system/libsystem_kernel.dylib
0x00000000379d3000 	/usr/lib/system/libsystem_m.dylib
0x00000000379d3000 	/usr/lib/system/libsystem_malloc.dylib
0x00000000379d3000 	/usr/lib/system/libsystem_network.dylib
0x00000000379d3000 	/usr/lib/system/libsystem_networkextension.dylib
0x00000000379d3000 	/usr/lib/system/libsystem_notify.dylib
0x00000000379d3000 	/usr/lib/system/libsystem_platform.dylib
0x00000000379d3000 	/usr/lib/system/libsystem_pthread.dylib
0x00000000379d3000 	/usr/lib/system/libsystem_sandbox.dylib
0x00000000379d3000 	/usr/lib/system/libsystem_secinit.dylib
0x00000000379d3000 	/usr/lib/system/libsystem_symptoms.dylib
0x00000000379d3000 	/usr/lib/system/libsystem_trace.dylib
0x00000000379d3000 	/usr/lib/system/libunwind.dylib
0x00000000379d3000 	/usr/lib/system/libxpc.dylib
0x00000000379d3000 	/usr/lib/libbsm.0.dylib
0x00000000379d3000 	/usr/lib/system/libkxld.dylib
0x00000000379d3000 	/usr/lib/libcoretls.dylib
0x00000000379d3000 	/usr/lib/libcoretls_cfhelpers.dylib
0x00000000379d3000 	/usr/lib/libxar.1.dylib
0x00000000379d3000 	/usr/lib/libsqlite3.dylib
0x00000000379d3000 	/usr/lib/libpam.2.dylib
0x00000000379d3000 	/usr/lib/libOpenScriptingUtil.dylib
0x00000000379d3000 	/usr/lib/libbz2.1.0.dylib
0x00000000379d3000 	/usr/lib/liblzma.5.dylib
0x00000000379d3000 	/usr/lib/libnetwork.dylib
0x00000000379d3000 	/usr/lib/libpcap.A.dylib
0x00000000379d3000 	/System/Library/Frameworks/CoreServices.framework/Versions/A/Frameworks/FSEvents.framework/Versions/A/FSEvents
0x00000000379d3000 	/System/Library/Frameworks/CoreServices.framework/Versions/A/Frameworks/CarbonCore.framework/Versions/A/CarbonCore
0x00000000379d3000 	/System/Library/Frameworks/CoreServices.framework/Versions/A/Frameworks/Metadata.framework/Versions/A/Metadata
0x00000000379d3000 	/System/Library/Frameworks/CoreServices.framework/Versions/A/Frameworks/OSServices.framework/Versions/A/OSServices
0x00000000379d3000 	/System/Library/Frameworks/CoreServices.framework/Versions/A/Frameworks/SearchKit.framework/Versions/A/SearchKit
0x00000000379d3000 	/System/Library/Frameworks/CoreServices.framework/Versions/A/Frameworks/AE.framework/Versions/A/AE
0x00000000379d3000 	/System/Library/Frameworks/CoreServices.framework/Versions/A/Frameworks/LaunchServices.framework/Versions/A/LaunchServices
0x00000000379d3000 	/System/Library/Frameworks/CoreServices.framework/Versions/A/Frameworks/DictionaryServices.framework/Versions/A/DictionaryServices
0x00000000379d3000 	/System/Library/Frameworks/CoreServices.framework/Versions/A/Frameworks/SharedFileList.framework/Versions/A/SharedFileList
0x00000000379d3000 	/System/Library/Frameworks/NetFS.framework/Versions/A/NetFS
0x00000000379d3000 	/System/Library/PrivateFrameworks/NetAuth.framework/Versions/A/NetAuth
0x00000000379d3000 	/System/Library/PrivateFrameworks/login.framework/Versions/A/Frameworks/loginsupport.framework/Versions/A/loginsupport
0x00000000379d3000 	/System/Library/PrivateFrameworks/TCC.framework/Versions/A/TCC
0x00000000379d3000 	/usr/lib/libmecabra.dylib
0x00000000379d3000 	/System/Library/Frameworks/ApplicationServices.framework/Versions/A/Frameworks/ATS.framework/Versions/A/ATS
0x00000000379d3000 	/System/Library/Frameworks/ApplicationServices.framework/Versions/A/Frameworks/ColorSync.framework/Versions/A/ColorSync
0x00000000379d3000 	/System/Library/Frameworks/ApplicationServices.framework/Versions/A/Frameworks/HIServices.framework/Versions/A/HIServices
0x00000000379d3000 	/System/Library/Frameworks/ApplicationServices.framework/Versions/A/Frameworks/LangAnalysis.framework/Versions/A/LangAnalysis
0x00000000379d3000 	/System/Library/Frameworks/ApplicationServices.framework/Versions/A/Frameworks/PrintCore.framework/Versions/A/PrintCore
0x00000000379d3000 	/System/Library/Frameworks/ApplicationServices.framework/Versions/A/Frameworks/QD.framework/Versions/A/QD
0x00000000379d3000 	/System/Library/Frameworks/ApplicationServices.framework/Versions/A/Frameworks/SpeechSynthesis.framework/Versions/A/SpeechSynthesis
0x00000000379d3000 	/System/Library/Frameworks/Accelerate.framework/Versions/A/Frameworks/vImage.framework/Versions/A/vImage
0x00000000379d3000 	/System/Library/Frameworks/Accelerate.framework/Versions/A/Frameworks/vecLib.framework/Versions/A/vecLib
0x00000000379d3000 	/System/Library/Frameworks/Accelerate.framework/Versions/A/Frameworks/vecLib.framework/Versions/A/libvDSP.dylib
0x00000000379d3000 	/System/Library/Frameworks/Accelerate.framework/Versions/A/Frameworks/vecLib.framework/Versions/A/libBNNS.dylib
0x00000000379d3000 	/System/Library/Frameworks/Accelerate.framework/Versions/A/Frameworks/vecLib.framework/Versions/A/libQuadrature.dylib
0x00000000379d3000 	/System/Library/Frameworks/Accelerate.framework/Versions/A/Frameworks/vecLib.framework/Versions/A/libvMisc.dylib
0x00000000379d3000 	/System/Library/Frameworks/Accelerate.framework/Versions/A/Frameworks/vecLib.framework/Versions/A/libLAPACK.dylib
0x00000000379d3000 	/System/Library/Frameworks/Accelerate.framework/Versions/A/Frameworks/vecLib.framework/Versions/A/libBLAS.dylib
0x00000000379d3000 	/System/Library/Frameworks/Accelerate.framework/Versions/A/Frameworks/vecLib.framework/Versions/A/libLinearAlgebra.dylib
0x00000000379d3000 	/System/Library/Frameworks/Accelerate.framework/Versions/A/Frameworks/vecLib.framework/Versions/A/libSparseBLAS.dylib
0x00000000379d3000 	/System/Library/Frameworks/ApplicationServices.framework/Versions/A/Frameworks/ATS.framework/Versions/A/Resources/libFontParser.dylib
0x00000000379d3000 	/System/Library/Frameworks/ApplicationServices.framework/Versions/A/Frameworks/ATS.framework/Versions/A/Resources/libFontRegistry.dylib
0x00000000379d3000 	/System/Library/Frameworks/ImageIO.framework/Versions/A/Resources/libJPEG.dylib
0x00000000379d3000 	/System/Library/Frameworks/ImageIO.framework/Versions/A/Resources/libTIFF.dylib
0x00000000379d3000 	/System/Library/Frameworks/ImageIO.framework/Versions/A/Resources/libPng.dylib
0x00000000379d3000 	/System/Library/Frameworks/ImageIO.framework/Versions/A/Resources/libGIF.dylib
0x00000000379d3000 	/System/Library/Frameworks/ImageIO.framework/Versions/A/Resources/libJP2.dylib
0x00000000379d3000 	/System/Library/Frameworks/ImageIO.framework/Versions/A/Resources/libRadiance.dylib
0x00000000379d3000 	/usr/lib/libcompression.dylib
0x00000000379d3000 	/System/Library/PrivateFrameworks/AppleJPEG.framework/Versions/A/AppleJPEG
0x00000000379d3000 	/usr/lib/libcups.2.dylib
0x00000000379d3000 	/System/Library/Frameworks/Kerberos.framework/Versions/A/Kerberos
0x00000000379d3000 	/System/Library/Frameworks/GSS.framework/Versions/A/GSS
0x00000000379d3000 	/usr/lib/libresolv.9.dylib
0x00000000379d3000 	/usr/lib/libiconv.2.dylib
0x00000000379d3000 	/System/Library/PrivateFrameworks/Heimdal.framework/Versions/A/Heimdal
0x00000000379d3000 	/usr/lib/libheimdal-asn1.dylib
0x00000000379d3000 	/System/Library/Frameworks/OpenDirectory.framework/Versions/A/OpenDirectory
0x00000000379d3000 	/System/Library/PrivateFrameworks/CommonAuth.framework/Versions/A/CommonAuth
0x00000000379d3000 	/System/Library/Frameworks/OpenDirectory.framework/Versions/A/Frameworks/CFOpenDirectory.framework/Versions/A/CFOpenDirectory
0x00000000379d3000 	/System/Library/Frameworks/SecurityFoundation.framework/Versions/A/SecurityFoundation
0x00000000379d3000 	/System/Library/PrivateFrameworks/LanguageModeling.framework/Versions/A/LanguageModeling
0x00000000379d3000 	/usr/lib/libmarisa.dylib
0x00000000379d3000 	/usr/lib/libChineseTokenizer.dylib
0x00000000379d3000 	/usr/lib/libcmph.dylib
0x00000000379d3000 	/System/Library/PrivateFrameworks/CoreEmoji.framework/Versions/A/CoreEmoji
0x00000000379d3000 	/System/Library/Frameworks/ServiceManagement.framework/Versions/A/ServiceManagement
0x00000000379d3000 	/usr/lib/libxslt.1.dylib
0x00000000379d3000 	/System/Library/Frameworks/Carbon.framework/Versions/A/Frameworks/Ink.framework/Versions/A/Ink
0x00000000379d3000 	/System/Library/PrivateFrameworks/TextureIO.framework/Versions/A/TextureIO
0x00000000379d3000 	/System/Library/Frameworks/Metal.framework/Versions/A/Metal
0x00000000379d3000 	/usr/lib/libate.dylib
0x00000000379d3000 	/System/Library/PrivateFrameworks/GPUCompiler.framework/libmetal_timestamp.dylib
0x00000000379d3000 	/System/Library/Frameworks/OpenGL.framework/Versions/A/Libraries/libCoreFSCache.dylib
0x00000000379d3000 	/System/Library/PrivateFrameworks/IOAccelerator.framework/Versions/A/IOAccelerator
0x00000000379d3000 	/System/Library/Frameworks/CoreVideo.framework/Versions/A/CoreVideo
0x00000000379d3000 	/usr/lib/libFosl_dynamic.dylib
0x00000000379d3000 	/System/Library/PrivateFrameworks/MetalPerformanceShaders.framework/Versions/A/MetalPerformanceShaders
0x00000000379d3000 	/System/Library/PrivateFrameworks/FaceCore.framework/Versions/A/FaceCore
0x00000000379d3000 	/System/Library/Frameworks/OpenCL.framework/Versions/A/OpenCL
0x00000000379d3000 	/System/Library/Frameworks/OpenGL.framework/Versions/A/Libraries/libGLU.dylib
0x00000000379d3000 	/System/Library/Frameworks/OpenGL.framework/Versions/A/Libraries/libGFXShared.dylib
0x00000000379d3000 	/System/Library/Frameworks/OpenGL.framework/Versions/A/Libraries/libGL.dylib
0x00000000379d3000 	/System/Library/Frameworks/OpenGL.framework/Versions/A/Libraries/libGLImage.dylib
0x00000000379d3000 	/System/Library/Frameworks/OpenGL.framework/Versions/A/Libraries/libCVMSPluginSupport.dylib
0x00000000379d3000 	/System/Library/Frameworks/OpenGL.framework/Versions/A/Libraries/libCoreVMClient.dylib
0x00000000379d3000 	/System/Library/PrivateFrameworks/CrashReporterSupport.framework/Versions/A/CrashReporterSupport
0x00000000379d3000 	/System/Library/PrivateFrameworks/Sharing.framework/Versions/A/Sharing
0x00000000379d3000 	/System/Library/PrivateFrameworks/IconServices.framework/Versions/A/IconServices
0x00000000379d3000 	/System/Library/PrivateFrameworks/ProtocolBuffer.framework/Versions/A/ProtocolBuffer
0x00000000379d3000 	/System/Library/PrivateFrameworks/Apple80211.framework/Versions/A/Apple80211
0x00000000379d3000 	/System/Library/Frameworks/CoreWLAN.framework/Versions/A/CoreWLAN
0x00000000379d3000 	/System/Library/PrivateFrameworks/CoreUtils.framework/Versions/A/CoreUtils
0x00000000379d3000 	/System/Library/Frameworks/IOBluetooth.framework/Versions/A/IOBluetooth
0x00000000379d3000 	/System/Library/PrivateFrameworks/CoreWiFi.framework/Versions/A/CoreWiFi
0x00000000379d3000 	/System/Library/Frameworks/CoreBluetooth.framework/Versions/A/CoreBluetooth
0x00000000379d3000 	/System/Library/Frameworks/CoreDisplay.framework/Versions/A/CoreDisplay
0x00000000379d3000 	/System/Library/PrivateFrameworks/IOPresentment.framework/Versions/A/IOPresentment
0x00000000379d3000 	/System/Library/PrivateFrameworks/DebugSymbols.framework/Versions/A/DebugSymbols
0x00000000379d3000 	/System/Library/PrivateFrameworks/CoreSymbolication.framework/Versions/A/CoreSymbolication
0x00000000379d3000 	/System/Library/PrivateFrameworks/Symbolication.framework/Versions/A/Symbolication
0x00000000379d3000 	/System/Library/PrivateFrameworks/AppleFSCompression.framework/Versions/A/AppleFSCompression
0x00000000379d3000 	/System/Library/PrivateFrameworks/SpeechRecognitionCore.framework/Versions/A/SpeechRecognitionCore
0x00000000379d3000 	/System/Library/PrivateFrameworks/ChunkingLibrary.framework/Versions/A/ChunkingLibrary
0x00000001116db000 	/Library/Java/JavaVirtualMachines/jdk1.8.0_51.jdk/Contents/Home/jre/lib/server/libjvm.dylib
0x00000000379d3000 	/usr/lib/libstdc++.6.dylib
0x000000010fd1f000 	/Library/Java/JavaVirtualMachines/jdk1.8.0_51.jdk/Contents/Home/jre/lib/libverify.dylib
0x000000010fd2d000 	/Library/Java/JavaVirtualMachines/jdk1.8.0_51.jdk/Contents/Home/jre/lib/libjava.dylib
0x000000010fd6c000 	/Library/Java/JavaVirtualMachines/jdk1.8.0_51.jdk/Contents/Home/jre/lib/libzip.dylib
0x000000012ce3b000 	/System/Library/Frameworks/JavaVM.framework/Frameworks/JavaRuntimeSupport.framework/JavaRuntimeSupport
0x000000012ce55000 	/System/Library/Frameworks/JavaVM.framework/Versions/A/Frameworks/JavaNativeFoundation.framework/Versions/A/JavaNativeFoundation
0x000000010fdee000 	/System/Library/Frameworks/JavaVM.framework/Versions/A/JavaVM
0x00000000379d3000 	/System/Library/Frameworks/Carbon.framework/Versions/A/Carbon
0x000000012ce6a000 	/System/Library/PrivateFrameworks/JavaLaunching.framework/Versions/A/JavaLaunching
0x00000000379d3000 	/System/Library/Frameworks/Carbon.framework/Versions/A/Frameworks/CommonPanels.framework/Versions/A/CommonPanels
0x00000000379d3000 	/System/Library/Frameworks/Carbon.framework/Versions/A/Frameworks/Help.framework/Versions/A/Help
0x00000000379d3000 	/System/Library/Frameworks/Carbon.framework/Versions/A/Frameworks/ImageCapture.framework/Versions/A/ImageCapture
0x00000000379d3000 	/System/Library/Frameworks/Carbon.framework/Versions/A/Frameworks/OpenScripting.framework/Versions/A/OpenScripting
0x00000000379d3000 	/System/Library/Frameworks/Carbon.framework/Versions/A/Frameworks/Print.framework/Versions/A/Print
0x00000000379d3000 	/System/Library/Frameworks/Carbon.framework/Versions/A/Frameworks/SecurityHI.framework/Versions/A/SecurityHI
0x000000012e77b000 	/Library/Java/JavaVirtualMachines/jdk1.8.0_51.jdk/Contents/Home/jre/lib/libawt.dylib
0x000000012e823000 	/Library/Java/JavaVirtualMachines/jdk1.8.0_51.jdk/Contents/Home/jre/lib/./libmlib_image.dylib
0x000000012e8ef000 	/Library/Java/JavaVirtualMachines/jdk1.8.0_51.jdk/Contents/Home/jre/lib/libawt_lwawt.dylib
0x000000012e9a3000 	/Library/Java/JavaVirtualMachines/jdk1.8.0_51.jdk/Contents/Home/jre/lib/./libosxapp.dylib
0x00000000379d3000 	/System/Library/Frameworks/ExceptionHandling.framework/Versions/A/ExceptionHandling
0x00000000379d3000 	/System/Library/PrivateFrameworks/CoreServicesInternal.framework/Versions/A/CoreServicesInternal
0x00000000379d3000 	/System/Library/CoreServices/RawCamera.bundle/Contents/MacOS/RawCamera
0x00000000379d3000 	/System/Library/Frameworks/Accelerate.framework/Versions/A/Frameworks/vImage.framework/Versions/A/Libraries/libCGInterfaces.dylib
0x00000000379d3000 	/System/Library/Frameworks/ApplicationServices.framework/Versions/A/Frameworks/ATS.framework/Versions/A/Resources/libTrueTypeScaler.dylib
0x00000000379d3000 	/System/Library/Frameworks/OpenGL.framework/Versions/A/Resources/GLEngine.bundle/GLEngine
0x00000000379d3000 	/System/Library/Frameworks/OpenGL.framework/Versions/A/Libraries/libGLProgrammability.dylib
0x000000013088a000 	/System/Library/Extensions/AppleIntelHD5000GraphicsGLDriver.bundle/Contents/MacOS/AppleIntelHD5000GraphicsGLDriver
0x00000000379d3000 	/System/Library/PrivateFrameworks/GPUSupport.framework/Versions/A/Libraries/libGPUSupportMercury.dylib
0x00000000379d3000 	/System/Library/Frameworks/OpenGL.framework/Versions/A/Resources/GLRendererFloat.bundle/GLRendererFloat
0x00000000379d3000 	/System/Library/Frameworks/OpenCL.framework/Versions/A/Libraries/libcldcpuengine.dylib
0x00000000379d3000 	/usr/lib/libcrypto.0.9.8.dylib
0x00000000379d3000 	/System/Library/PrivateFrameworks/TrustEvaluationAgent.framework/Versions/A/TrustEvaluationAgent
0x0000000131008000 	/System/Library/Extensions/AppleIntelHD5000GraphicsMTLDriver.bundle/Contents/MacOS/AppleIntelHD5000GraphicsMTLDriver
0x00000000379d3000 	/System/Library/PrivateFrameworks/FamilyControls.framework/Versions/A/FamilyControls
0x00000000379d3000 	/System/Library/PrivateFrameworks/CommerceKit.framework/Versions/A/Frameworks/CommerceCore.framework/Versions/A/CommerceCore
0x00000000379d3000 	/System/Library/PrivateFrameworks/SystemAdministration.framework/Versions/A/SystemAdministration
0x00000000379d3000 	/System/Library/PrivateFrameworks/AppContainer.framework/Versions/A/AppContainer
0x00000000379d3000 	/System/Library/PrivateFrameworks/SecCodeWrapper.framework/Versions/A/SecCodeWrapper
0x00000000379d3000 	/System/Library/Frameworks/DirectoryService.framework/Versions/A/DirectoryService
0x00000000379d3000 	/System/Library/PrivateFrameworks/DiskImages.framework/Versions/A/DiskImages
0x00000000379d3000 	/System/Library/PrivateFrameworks/LoginUIKit.framework/Versions/A/Frameworks/LoginUICore.framework/Versions/A/LoginUICore
0x00000000379d3000 	/usr/lib/libCoreStorage.dylib
0x00000000379d3000 	/usr/lib/libcsfde.dylib
0x00000000379d3000 	/usr/lib/libodfde.dylib
0x00000000379d3000 	/System/Library/Frameworks/DiscRecording.framework/Versions/A/DiscRecording
0x00000000379d3000 	/usr/lib/libcurl.4.dylib
0x00000000379d3000 	/System/Library/PrivateFrameworks/MediaKit.framework/Versions/A/MediaKit
0x00000000379d3000 	/System/Library/PrivateFrameworks/ProtectedCloudStorage.framework/Versions/A/ProtectedCloudStorage
0x00000000379d3000 	/System/Library/PrivateFrameworks/EFILogin.framework/Versions/A/EFILogin
0x00000000379d3000 	/usr/lib/libutil.dylib
0x00000000379d3000 	/System/Library/Frameworks/LDAP.framework/Versions/A/LDAP
0x00000000379d3000 	/usr/lib/libsasl2.2.dylib
0x00000000379d3000 	/System/Library/PrivateFrameworks/CoreDaemon.framework/Versions/B/CoreDaemon
0x00000000379d3000 	/System/Library/PrivateFrameworks/AppleSRP.framework/Versions/A/AppleSRP
0x00000000379d3000 	/System/Library/PrivateFrameworks/APFS.framework/Versions/A/APFS
0x0000000132331000 	/Library/Java/JavaVirtualMachines/jdk1.8.0_51.jdk/Contents/Home/jre/lib/libfontmanager.dylib
0x0000000132398000 	/Users/Marc/Documents/code/LWJGL/lwjgl-2.9.3/native/macosx/liblwjgl.dylib
0x000000012ec25000 	/Library/Java/JavaVirtualMachines/jdk1.8.0_51.jdk/Contents/Home/jre/lib/libjawt.dylib
0x0000000133de7000 	/Library/Java/JavaVirtualMachines/jdk1.8.0_51.jdk/Contents/Home/jre/lib/libjpeg.dylib
0x0000000133e27000 	/Library/Java/JavaVirtualMachines/jdk1.8.0_51.jdk/Contents/Home/jre/lib/liblcms.dylib
0x00000000379d3000 	/System/Library/PrivateFrameworks/ViewBridge.framework/Versions/A/ViewBridge
0x00000000379d3000 	/System/Library/PrivateFrameworks/XPCService.framework/Versions/A/XPCService
0x00000000379d3000 	/System/Library/PrivateFrameworks/AppSandbox.framework/Versions/A/AppSandbox
0x00000000379d3000 	/usr/lib/libsandbox.1.dylib
0x00000000379d3000 	/usr/lib/libMatch.1.dylib

VM Arguments:
jvm_args: -Djava.library.path=/Users/Marc/Documents/code/LWJGL/lwjgl-2.9.3/native/macosx -Dfile.encoding=UTF-8 
java_command: com.capstone.plasma.MapMaker
java_class_path (initial): /Users/Marc/Documents/Plasma/Plasma/bin:/Users/Marc/Documents/code/LWJGL/lwjgl-2.9.3/jar/lwjgl.jar
Launcher Type: SUN_STANDARD

Environment Variables:
PATH=/usr/bin:/bin:/usr/sbin:/sbin
SHELL=/bin/bash
DISPLAY=/private/tmp/com.apple.launchd.ELzuirrgT2/org.macosforge.xquartz:0

Signal Handlers:
SIGSEGV: [libjvm.dylib+0x58ef35], sa_mask[0]=11111111011111110111111111111111, sa_flags=SA_ONSTACK|SA_RESTART|SA_SIGINFO
SIGBUS: [libjvm.dylib+0x58ef35], sa_mask[0]=11111111011111110111111111111111, sa_flags=SA_RESTART|SA_SIGINFO
SIGFPE: [libjvm.dylib+0x46c028], sa_mask[0]=11111111011111110111111111111111, sa_flags=SA_RESTART|SA_SIGINFO
SIGPIPE: [libjvm.dylib+0x46c028], sa_mask[0]=11111111011111110111111111111111, sa_flags=SA_RESTART|SA_SIGINFO
SIGXFSZ: [libjvm.dylib+0x46c028], sa_mask[0]=11111111011111110111111111111111, sa_flags=SA_RESTART|SA_SIGINFO
SIGILL: [libjvm.dylib+0x46c028], sa_mask[0]=11111111011111110111111111111111, sa_flags=SA_RESTART|SA_SIGINFO
SIGUSR1: SIG_DFL, sa_mask[0]=00000000000000000000000000000000, sa_flags=none
SIGUSR2: [libjvm.dylib+0x46bb46], sa_mask[0]=00100000000000000000000000000000, sa_flags=SA_RESTART|SA_SIGINFO
SIGHUP: [libjvm.dylib+0x46a119], sa_mask[0]=11111111011111110111111111111111, sa_flags=SA_RESTART|SA_SIGINFO
SIGINT: [libjvm.dylib+0x46a119], sa_mask[0]=11111111011111110111111111111111, sa_flags=SA_RESTART|SA_SIGINFO
SIGTERM: [libjvm.dylib+0x46a119], sa_mask[0]=11111111011111110111111111111111, sa_flags=SA_RESTART|SA_SIGINFO
SIGQUIT: [libjvm.dylib+0x46a119], sa_mask[0]=11111111011111110111111111111111, sa_flags=SA_RESTART|SA_SIGINFO


---------------  S Y S T E M  ---------------

OS:Bsduname:Darwin 16.1.0 Darwin Kernel Version 16.1.0: Wed Oct 19 20:31:56 PDT 2016; root:xnu-3789.21.4~4/RELEASE_X86_64 x86_64
rlimit: STACK 8192k, CORE 0k, NPROC 709, NOFILE 10240, AS infinity
load average:1.95 1.84 1.77

CPU:total 8 (4 cores per cpu, 2 threads per core) family 6 model 70 stepping 1, cmov, cx8, fxsr, mmx, sse, sse2, sse3, ssse3, sse4.1, sse4.2, popcnt, avx, avx2, aes, clmul, erms, lzcnt, ht, tsc, tscinvbit, bmi1, bmi2

Memory: 4k page, physical 16777216k(278000k free)

/proc/meminfo:


vm_info: Java HotSpot(TM) 64-Bit Server VM (25.51-b03) for bsd-amd64 JRE (1.8.0_51-b16), built on Jun  8 2015 18:01:11 by "java_re" with gcc 4.2.1 (Based on Apple Inc. build 5658) (LLVM build 2336.11.00)

time: Fri Jan 13 10:50:56 2017
elapsed time: 4 seconds (0d 0h 0m 4s)

