#
# A fatal error has been detected by the Java Runtime Environment:
#
#  SIGSEGV (0xb) at pc=0x00007fffc168cb5d, pid=59514, tid=775
#
# JRE version: Java(TM) SE Runtime Environment (8.0_51-b16) (build 1.8.0_51-b16)
# Java VM: Java HotSpot(TM) 64-Bit Server VM (25.51-b03 mixed mode bsd-amd64 compressed oops)
# Problematic frame:
# C  [libobjc.A.dylib+0x6b5d]  objc_msgSend+0x1d
#
# Failed to write core dump. Core dumps have been disabled. To enable core dumping, try "ulimit -c unlimited" before starting Java again
#
# If you would like to submit a bug report, please visit:
#   http://bugreport.java.com/bugreport/crash.jsp
# The crash happened outside the Java Virtual Machine in native code.
# See problematic frame for where to report the bug.
#

---------------  T H R E A D  ---------------

Current thread (0x00007f968d030800):  JavaThread "AppKit Thread" daemon [_thread_in_native, id=775, stack(0x00007fff512d1000,0x00007fff51ad1000)]

siginfo: si_signo: 11 (SIGSEGV), si_code: 1 (SEGV_MAPERR), si_addr: 0x000007f968bb0de8

Registers:
RAX=0x00007f968a58f600, RBX=0x00007f968a77a660, RCX=0x00007f968bb0de80, RDX=0x00007f968a58f600
RSP=0x00007fff51acc078, RBP=0x00007fff51acc080, RSI=0x00007fffab51b96b, RDI=0x00007f968bb0de80
R8 =0x000000000000003f, R9 =0x00007f968a76dd40, R10=0x000007f968bb0dd0, R11=0x00007fffab51b96b
R12=0x0000000000000000, R13=0x00007f968a76dd40, R14=0x00007f968a58f600, R15=0x0000000000000000
RIP=0x00007fffc168cb5d, EFLAGS=0x0000000000010202, ERR=0x0000000000000004
  TRAPNO=0x000000000000000e

Top of Stack: (sp=0x00007fff51acc078)
0x00007fff51acc078:   00007fffacd2759c 00007fff51acc0f0
0x00007fff51acc088:   00007fffacd2749b 0000000000000000
0x00007fff51acc098:   00007fffcad48060 00000000c2000000
0x00007fff51acc0a8:   00007fffacd274f0 00007fffc76b5680
0x00007fff51acc0b8:   00007f968a76dd40 00007f968a58f600
0x00007fff51acc0c8:   00007fff51acc8b8 00007fffc168cb40
0x00007fff51acc0d8:   00007fff51acc1c0 00007f968a76dd40
0x00007fff51acc0e8:   00007fffab4b360a 00007fff51acc130
0x00007fff51acc0f8:   00007fffacd27202 00007fff51acc700
0x00007fff51acc108:   0000000000000001 00007fffc168cb40
0x00007fff51acc118:   00007fff51acc1c0 00007fff51acc8b8
0x00007fff51acc128:   00007fffab4b360a 00007fff51acc850
0x00007fff51acc138:   00007fffacce4903 00007f968a700000
0x00007fff51acc148:   0000000000000006 000000010e152600
0x00007fff51acc158:   0000000000000004 00007f968a515c60
0x00007fff51acc168:   00007fffc76b6cb0 0000000000000000
0x00007fff51acc178:   00007f968a8bb0d0 00007f968a515c01
0x00007fff51acc188:   00007f968a476a70 00007fffc77e8f70
0x00007fff51acc198:   0000000000000000 0000000000000000
0x00007fff51acc1a8:   0000000000000000 00007f968b807370
0x00007fff51acc1b8:   00007fffc76f58a0 00007fff51acc700
0x00007fff51acc1c8:   0000000000000002 0000000000000100
0x00007fff51acc1d8:   00007fffcacb8400 00007fff51acc600
0x00007fff51acc1e8:   0000000000000000 0000000000000100
0x00007fff51acc1f8:   00007f968a78bd00 00007fff51acc230
0x00007fff51acc208:   00007fffacd27e4c ffff8069758742b0
0x00007fff51acc218:   00007f968a78bd50 00007fffc77e64c8
0x00007fff51acc228:   00007f968a78bd50 00007fff51acc260
0x00007fff51acc238:   00007fffacd27e98 ffff8069758742b0
0x00007fff51acc248:   00007f968a78bd50 00007fffc77e6748
0x00007fff51acc258:   00007f968a78bd50 00007fff51acc290
0x00007fff51acc268:   00007fffacd27f7b 0000000000000740 

Instructions: (pc=0x00007fffc168cb5d)
0x00007fffc168cb3d:   0f 1f 00 48 85 ff 2e 74 62 40 f6 c7 01 2e 75 66
0x00007fffc168cb4d:   49 ba f8 ff ff ff ff 7f 00 00 4c 23 17 49 89 f3
0x00007fffc168cb5d:   45 23 5a 18 49 c1 e3 04 4d 03 5a 10 49 3b 33 75
0x00007fffc168cb6d:   04 41 ff 63 08 49 83 3b 01 76 0d 49 83 c3 10 49 

Register to memory mapping:

RAX=0x00007f968a58f600 is an unknown value
RBX=0x00007f968a77a660 is an unknown value
RCX=0x00007f968bb0de80 is an unknown value
RDX=0x00007f968a58f600 is an unknown value
RSP=0x00007fff51acc078 is pointing into the stack for thread: 0x00007f968d030800
RBP=0x00007fff51acc080 is pointing into the stack for thread: 0x00007f968d030800
RSI=0x00007fffab51b96b: __NSStyleNameIndexTable+0xdec66 in /System/Library/Frameworks/AppKit.framework/Versions/C/AppKit at 0x00007fffaa85d000
RDI=0x00007f968bb0de80 is an unknown value
R8 =0x000000000000003f is an unknown value
R9 =0x00007f968a76dd40 is an unknown value
R10=0x000007f968bb0dd0 is an unknown value
R11=0x00007fffab51b96b: __NSStyleNameIndexTable+0xdec66 in /System/Library/Frameworks/AppKit.framework/Versions/C/AppKit at 0x00007fffaa85d000
R12=0x0000000000000000 is an unknown value
R13=0x00007f968a76dd40 is an unknown value
R14=0x00007f968a58f600 is an unknown value
R15=0x0000000000000000 is an unknown value


Stack: [0x00007fff512d1000,0x00007fff51ad1000],  sp=0x00007fff51acc078,  free space=8172k
Native frames: (J=compiled Java code, j=interpreted, Vv=VM code, C=native code)
C  [libobjc.A.dylib+0x6b5d]  objc_msgSend+0x1d
C  [CoreFoundation+0x9d49b]  _CFXRegistrationPost+0x1ab
C  [CoreFoundation+0x9d202]  ___CFXNotificationPost_block_invoke+0x32
C  [CoreFoundation+0x5a903]  -[_CFXNotificationRegistrar find:object:observer:enumerator:]+0x723
C  [CoreFoundation+0x5993c]  _CFXNotificationPost+0x25c
C  [Foundation+0x70e3]  -[NSNotificationCenter postNotificationName:object:userInfo:]+0x42
C  [AppKit+0x24f295]  -[NSSurface _disposeSurface]+0x98
C  [AppKit+0x24ee44]  -[NSSurface setWindow:]+0x35
C  [AppKit+0x295e8]  -[NSView _setWindow:]+0xa0f
C  [AppKit+0x2c217]  -[NSView removeFromSuperview]+0x1d1
C  [AppKit+0x14d7ec]  -[NSView removeFromSuperviewWithoutNeedingDisplay]+0x26
C  [liblwjgl.dylib+0xa205]  +[MacOSXKeyableWindow destroyWindow]+0xb5
C  [Foundation+0x71f2a]  __NSThreadPerformPerform+0x146
C  [CoreFoundation+0xa74b1]  __CFRUNLOOP_IS_CALLING_OUT_TO_A_SOURCE0_PERFORM_FUNCTION__+0x11
C  [CoreFoundation+0x8861d]  __CFRunLoopDoSources0+0x22d
C  [CoreFoundation+0x87b16]  __CFRunLoopRun+0x3a6
C  [CoreFoundation+0x87514]  CFRunLoopRunSpecific+0x1a4
C  [HIToolbox+0x312ac]  RunCurrentEventLoopInMode+0xf0
C  [HIToolbox+0x310e1]  ReceiveNextEventCommon+0x1b0
C  [HIToolbox+0x30f16]  _BlockUntilNextEventMatchingListInModeWithFilter+0x47
C  [AppKit+0x476cd]  _DPSNextEvent+0x445
C  [AppKit+0x7be830]  -[NSApplication(NSEvent) _nextEventMatchingEventMask:untilDate:inMode:dequeue:]+0xaaa
C  [libosxapp.dylib+0x242a]  -[NSApplicationAWT nextEventMatchingMask:untilDate:inMode:dequeue:]+0x7c
C  [AppKit+0x3c06d]  -[NSApplication run]+0x39e
C  [libosxapp.dylib+0x223e]  +[NSApplicationAWT runAWTLoopWithApp:]+0x9c
C  [libawt_lwawt.dylib+0x4454b]  -[AWTStarter starter:]+0x389
C  [Foundation+0x71f2a]  __NSThreadPerformPerform+0x146
C  [CoreFoundation+0xa74b1]  __CFRUNLOOP_IS_CALLING_OUT_TO_A_SOURCE0_PERFORM_FUNCTION__+0x11
C  [CoreFoundation+0x8861d]  __CFRunLoopDoSources0+0x22d
C  [CoreFoundation+0x87b16]  __CFRunLoopRun+0x3a6
C  [CoreFoundation+0x87514]  CFRunLoopRunSpecific+0x1a4
C  [java+0x6463]  CreateExecutionEnvironment+0x367
C  [java+0x21ac]  JLI_Launch+0x7a0
C  [java+0x84c0]  main+0x65
C  [java+0x1a04]  start+0x34
C  0x0000000000000006


---------------  P R O C E S S  ---------------

Java Threads: ( => current thread )
  0x00007f968d03b000 JavaThread "AWT-Shutdown" [_thread_blocked, id=32331, stack(0x0000700005ac0000,0x0000700005bc0000)]
  0x00007f968c189000 JavaThread "Thread-38" [_thread_in_native, id=88579, stack(0x0000700009986000,0x0000700009a86000)]
  0x00007f968e85b800 JavaThread "Thread-37" [_thread_blocked, id=88067, stack(0x0000700009883000,0x0000700009983000)]
  0x00007f968e014800 JavaThread "Thread-36" [_thread_blocked, id=87555, stack(0x0000700009780000,0x0000700009880000)]
  0x00007f968e013800 JavaThread "Thread-35" [_thread_blocked, id=87043, stack(0x000070000967d000,0x000070000977d000)]
  0x00007f968a976800 JavaThread "Thread-34" [_thread_blocked, id=86531, stack(0x000070000957a000,0x000070000967a000)]
  0x00007f968a976000 JavaThread "Thread-33" [_thread_blocked, id=86019, stack(0x0000700009477000,0x0000700009577000)]
  0x00007f968a975000 JavaThread "Thread-32" [_thread_blocked, id=85507, stack(0x0000700009374000,0x0000700009474000)]
  0x00007f968a974800 JavaThread "Thread-31" [_thread_blocked, id=84995, stack(0x0000700009271000,0x0000700009371000)]
  0x00007f968a973800 JavaThread "Thread-30" [_thread_blocked, id=84483, stack(0x000070000916e000,0x000070000926e000)]
  0x00007f968a973000 JavaThread "Thread-29" [_thread_blocked, id=83971, stack(0x000070000906b000,0x000070000916b000)]
  0x00007f968a970000 JavaThread "Thread-28" [_thread_blocked, id=83459, stack(0x0000700008f68000,0x0000700009068000)]
  0x00007f968c807000 JavaThread "Thread-27" [_thread_blocked, id=82947, stack(0x0000700008e65000,0x0000700008f65000)]
  0x00007f968c188000 JavaThread "Thread-26" [_thread_blocked, id=82435, stack(0x0000700008d62000,0x0000700008e62000)]
  0x00007f968c0c3000 JavaThread "Thread-25" [_thread_blocked, id=81923, stack(0x0000700008c5f000,0x0000700008d5f000)]
  0x00007f968c806800 JavaThread "Thread-24" [_thread_blocked, id=81411, stack(0x0000700008b5c000,0x0000700008c5c000)]
  0x00007f968d190800 JavaThread "Thread-23" [_thread_blocked, id=80899, stack(0x0000700008a59000,0x0000700008b59000)]
  0x00007f968d18f800 JavaThread "Thread-22" [_thread_blocked, id=80387, stack(0x0000700008956000,0x0000700008a56000)]
  0x00007f968d1be800 JavaThread "Thread-21" [_thread_blocked, id=79875, stack(0x0000700008853000,0x0000700008953000)]
  0x00007f968e013000 JavaThread "Thread-20" [_thread_blocked, id=79363, stack(0x0000700008750000,0x0000700008850000)]
  0x00007f968a96f800 JavaThread "Thread-19" [_thread_blocked, id=78851, stack(0x000070000864d000,0x000070000874d000)]
  0x00007f968a96e800 JavaThread "Thread-18" [_thread_blocked, id=78339, stack(0x000070000854a000,0x000070000864a000)]
  0x00007f968a96e000 JavaThread "Thread-17" [_thread_blocked, id=77827, stack(0x0000700008447000,0x0000700008547000)]
  0x00007f968a96d000 JavaThread "Thread-16" [_thread_blocked, id=77571, stack(0x0000700008344000,0x0000700008444000)]
  0x00007f968b0d0800 JavaThread "Thread-15" [_thread_blocked, id=77059, stack(0x0000700008241000,0x0000700008341000)]
  0x00007f968e85a800 JavaThread "Thread-14" [_thread_blocked, id=76291, stack(0x000070000813e000,0x000070000823e000)]
  0x00007f968e009000 JavaThread "Thread-13" [_thread_blocked, id=75779, stack(0x000070000803b000,0x000070000813b000)]
  0x00007f968c183000 JavaThread "Thread-12" [_thread_blocked, id=75267, stack(0x0000700007f38000,0x0000700008038000)]
  0x00007f968b0c9000 JavaThread "Thread-11" [_thread_blocked, id=74755, stack(0x0000700007e35000,0x0000700007f35000)]
  0x00007f968b0c8000 JavaThread "Thread-10" [_thread_blocked, id=74243, stack(0x0000700007d32000,0x0000700007e32000)]
  0x00007f968b0c7800 JavaThread "Thread-9" [_thread_blocked, id=73731, stack(0x0000700007c2f000,0x0000700007d2f000)]
  0x00007f968b0c6800 JavaThread "Thread-8" [_thread_blocked, id=73219, stack(0x0000700007b2c000,0x0000700007c2c000)]
  0x00007f968a996000 JavaThread "Thread-7" [_thread_blocked, id=72707, stack(0x0000700007a29000,0x0000700007b29000)]
  0x00007f968e801000 JavaThread "Thread-6" [_thread_blocked, id=72203, stack(0x0000700007926000,0x0000700007a26000)]
  0x00007f968b0c6000 JavaThread "Thread-5" [_thread_blocked, id=66323, stack(0x0000700007823000,0x0000700007923000)]
  0x00007f968b0ce000 JavaThread "Thread-4" [_thread_blocked, id=70411, stack(0x0000700007720000,0x0000700007820000)]
  0x00007f968c186800 JavaThread "Thread-3" [_thread_blocked, id=68871, stack(0x000070000761d000,0x000070000771d000)]
  0x00007f968c0d2000 JavaThread "Thread-2" [_thread_blocked, id=68615, stack(0x000070000751a000,0x000070000761a000)]
  0x00007f968b0e5800 JavaThread "Thread-1" [_thread_blocked, id=60215, stack(0x0000700007417000,0x0000700007517000)]
  0x00007f968a925000 JavaThread "Java2D Disposer" daemon [_thread_blocked, id=59715, stack(0x0000700007314000,0x0000700007414000)]
=>0x00007f968d030800 JavaThread "AppKit Thread" daemon [_thread_in_native, id=775, stack(0x00007fff512d1000,0x00007fff51ad1000)]
  0x00007f968c05f000 JavaThread "Service Thread" daemon [_thread_blocked, id=21251, stack(0x0000700006d7c000,0x0000700006e7c000)]
  0x00007f968d025000 JavaThread "C1 CompilerThread3" daemon [_thread_blocked, id=20739, stack(0x0000700006c79000,0x0000700006d79000)]
  0x00007f968c046000 JavaThread "C2 CompilerThread2" daemon [_thread_blocked, id=20227, stack(0x0000700006b76000,0x0000700006c76000)]
  0x00007f968c045800 JavaThread "C2 CompilerThread1" daemon [_thread_blocked, id=19715, stack(0x0000700006a73000,0x0000700006b73000)]
  0x00007f968b023000 JavaThread "C2 CompilerThread0" daemon [_thread_blocked, id=19203, stack(0x0000700006970000,0x0000700006a70000)]
  0x00007f968b020000 JavaThread "Signal Dispatcher" daemon [_thread_blocked, id=18691, stack(0x000070000686d000,0x000070000696d000)]
  0x00007f968c000000 JavaThread "Finalizer" daemon [_thread_blocked, id=14595, stack(0x000070000676a000,0x000070000686a000)]
  0x00007f968d008000 JavaThread "Reference Handler" daemon [_thread_blocked, id=14083, stack(0x0000700006667000,0x0000700006767000)]
  0x00007f968c001800 JavaThread "main" [_thread_in_native, id=7171, stack(0x0000700005c49000,0x0000700005d49000)]

Other Threads:
  0x00007f968b01b000 VMThread [stack: 0x0000700006564000,0x0000700006664000] [id=13571]
  0x00007f968d01a000 WatcherThread [stack: 0x0000700006e7f000,0x0000700006f7f000] [id=21763]

VM state:not at safepoint (normal execution)

VM Mutex/Monitor currently owned by a thread: None

Heap:
 PSYoungGen      total 76288K, used 31033K [0x000000076ab00000, 0x0000000770000000, 0x00000007c0000000)
  eden space 65536K, 43% used [0x000000076ab00000,0x000000076c696d00,0x000000076eb00000)
  from space 10752K, 25% used [0x000000076eb00000,0x000000076edb7760,0x000000076f580000)
  to   space 10752K, 0% used [0x000000076f580000,0x000000076f580000,0x0000000770000000)
 ParOldGen       total 175104K, used 8K [0x00000006c0000000, 0x00000006cab00000, 0x000000076ab00000)
  object space 175104K, 0% used [0x00000006c0000000,0x00000006c0002000,0x00000006cab00000)
 Metaspace       used 7368K, capacity 7587K, committed 7808K, reserved 1056768K
  class space    used 774K, capacity 856K, committed 896K, reserved 1048576K

Card table byte_map: [0x0000000110532000,0x0000000110d33000] byte_map_base: 0x000000010cf32000

Marking Bits: (ParMarkBitMap*) 0x000000010fac27a0
 Begin Bits: [0x0000000126bbd000, 0x000000012abbd000)
 End Bits:   [0x000000012abbd000, 0x000000012ebbd000)

Polling page: 0x000000010e1ef000

CodeCache: size=245760Kb used=2658Kb max_used=2669Kb free=243101Kb
 bounds [0x0000000117bbd000, 0x0000000117e5d000, 0x0000000126bbd000]
 total_blobs=1051 nmethods=673 adapters=292
 compilation: enabled

Compilation events (10 events):
Event: 50.423 Thread 0x00007f968d025000  671  s    3       java.nio.Bits::unreserveMemory (58 bytes)
Event: 50.423 Thread 0x00007f968d025000 nmethod 671 0x0000000117e28fd0 code [0x0000000117e29140, 0x0000000117e294d0]
Event: 50.423 Thread 0x00007f968d025000  670       3       java.nio.DirectByteBuffer$Deallocator::run (37 bytes)
Event: 50.423 Thread 0x00007f968d025000 nmethod 670 0x0000000117e20110 code [0x0000000117e202a0, 0x0000000117e20578]
Event: 50.423 Thread 0x00007f968d025000  669  s    3       sun.misc.Cleaner::remove (89 bytes)
Event: 50.423 Thread 0x00007f968d025000 nmethod 669 0x0000000117e1f910 code [0x0000000117e1faa0, 0x0000000117e1ffd0]
Event: 50.423 Thread 0x00007f968d025000  672       3       sun.misc.VM::addFinalRefCount (24 bytes)
Event: 50.424 Thread 0x00007f968d025000 nmethod 672 0x0000000117e43390 code [0x0000000117e43500, 0x0000000117e436b0]
Event: 62.782 Thread 0x00007f968c045800  673       4       java.nio.DirectByteBuffer::put (18 bytes)
Event: 62.782 Thread 0x00007f968c045800 nmethod 673 0x0000000117e4b310 code [0x0000000117e4b460, 0x0000000117e4b518]

GC Heap History (2 events):
Event: 50.418 GC heap before
{Heap before GC invocations=1 (full 0):
 PSYoungGen      total 76288K, used 65536K [0x000000076ab00000, 0x0000000770000000, 0x00000007c0000000)
  eden space 65536K, 100% used [0x000000076ab00000,0x000000076eb00000,0x000000076eb00000)
  from space 10752K, 0% used [0x000000076f580000,0x000000076f580000,0x0000000770000000)
  to   space 10752K, 0% used [0x000000076eb00000,0x000000076eb00000,0x000000076f580000)
 ParOldGen       total 175104K, used 0K [0x00000006c0000000, 0x00000006cab00000, 0x000000076ab00000)
  object space 175104K, 0% used [0x00000006c0000000,0x00000006c0000000,0x00000006cab00000)
 Metaspace       used 7360K, capacity 7587K, committed 7808K, reserved 1056768K
  class space    used 774K, capacity 856K, committed 896K, reserved 1048576K
Event: 50.422 GC heap after
Heap after GC invocations=1 (full 0):
 PSYoungGen      total 76288K, used 2781K [0x000000076ab00000, 0x0000000770000000, 0x00000007c0000000)
  eden space 65536K, 0% used [0x000000076ab00000,0x000000076ab00000,0x000000076eb00000)
  from space 10752K, 25% used [0x000000076eb00000,0x000000076edb7760,0x000000076f580000)
  to   space 10752K, 0% used [0x000000076f580000,0x000000076f580000,0x0000000770000000)
 ParOldGen       total 175104K, used 8K [0x00000006c0000000, 0x00000006cab00000, 0x000000076ab00000)
  object space 175104K, 0% used [0x00000006c0000000,0x00000006c0002000,0x00000006cab00000)
 Metaspace       used 7360K, capacity 7587K, committed 7808K, reserved 1056768K
  class space    used 774K, capacity 856K, committed 896K, reserved 1048576K
}

Deoptimization events (6 events):
Event: 25.215 Thread 0x00007f968c001800 Uncommon trap: reason=unstable_if action=reinterpret pc=0x0000000117e34384 method=org.lwjgl.opengl.MacOSXDisplay.update()V @ 86
Event: 29.840 Thread 0x00007f968c001800 Uncommon trap: reason=class_check action=maybe_recompile pc=0x0000000117e4f3e4 method=com.capstone.plasma.MapMaker.run()V @ 28
Event: 29.965 Thread 0x00007f968c001800 Uncommon trap: reason=class_check action=maybe_recompile pc=0x0000000117e4f3e4 method=com.capstone.plasma.MapMaker.run()V @ 28
Event: 30.095 Thread 0x00007f968c001800 Uncommon trap: reason=class_check action=maybe_recompile pc=0x0000000117e4f3e4 method=com.capstone.plasma.MapMaker.run()V @ 28
Event: 30.223 Thread 0x00007f968c001800 Uncommon trap: reason=class_check action=maybe_recompile pc=0x0000000117e4f3e4 method=com.capstone.plasma.MapMaker.run()V @ 28
Event: 62.779 Thread 0x00007f968c001800 Uncommon trap: reason=unstable_if action=reinterpret pc=0x0000000117e56cb0 method=com.capstone.plasma.MapMaker.run()V @ 110

Internal exceptions (10 events):
Event: 0.040 Thread 0x00007f968c001800 Exception <a 'java/lang/NoSuchMethodError': Method sun.misc.Unsafe.defineClass(Ljava/lang/String;[BII)Ljava/lang/Class; name or signature does not match> (0x000000076ab12db0) thrown at [/Users/java_re/workspace/8-2-build-macosx-x86_64/jdk8u51/3951/hotspot
Event: 0.040 Thread 0x00007f968c001800 Exception <a 'java/lang/NoSuchMethodError': Method sun.misc.Unsafe.prefetchRead(Ljava/lang/Object;J)V name or signature does not match> (0x000000076ab13040) thrown at [/Users/java_re/workspace/8-2-build-macosx-x86_64/jdk8u51/3951/hotspot/src/share/vm/prim
Event: 0.109 Thread 0x00007f968c001800 Exception <a 'java/security/PrivilegedActionException'> (0x000000076ac40748) thrown at [/Users/java_re/workspace/8-2-build-macosx-x86_64/jdk8u51/3951/hotspot/src/share/vm/prims/jvm.cpp, line 1382]
Event: 0.109 Thread 0x00007f968c001800 Exception <a 'java/security/PrivilegedActionException'> (0x000000076ac40900) thrown at [/Users/java_re/workspace/8-2-build-macosx-x86_64/jdk8u51/3951/hotspot/src/share/vm/prims/jvm.cpp, line 1382]
Event: 0.109 Thread 0x00007f968c001800 Exception <a 'java/security/PrivilegedActionException'> (0x000000076ac43c80) thrown at [/Users/java_re/workspace/8-2-build-macosx-x86_64/jdk8u51/3951/hotspot/src/share/vm/prims/jvm.cpp, line 1382]
Event: 0.109 Thread 0x00007f968c001800 Exception <a 'java/security/PrivilegedActionException'> (0x000000076ac43e38) thrown at [/Users/java_re/workspace/8-2-build-macosx-x86_64/jdk8u51/3951/hotspot/src/share/vm/prims/jvm.cpp, line 1382]
Event: 0.238 Thread 0x00007f968c001800 Exception <a 'java/io/FileNotFoundException'> (0x000000076b01f068) thrown at [/Users/java_re/workspace/8-2-build-macosx-x86_64/jdk8u51/3951/hotspot/src/share/vm/prims/jni.cpp, line 709]
Event: 0.238 Thread 0x00007f968c001800 Exception <a 'java/io/FileNotFoundException'> (0x000000076b01fb80) thrown at [/Users/java_re/workspace/8-2-build-macosx-x86_64/jdk8u51/3951/hotspot/src/share/vm/prims/jni.cpp, line 709]
Event: 0.278 Thread 0x00007f968d030800 Exception <a 'java/lang/NoSuchFieldError': method resolution failed> (0x000000076afa8ec8) thrown at [/Users/java_re/workspace/8-2-build-macosx-x86_64/jdk8u51/3951/hotspot/src/share/vm/prims/methodHandles.cpp, line 1125]
Event: 0.280 Thread 0x00007f968d030800 Exception <a 'java/lang/NoSuchFieldError': method resolution failed> (0x000000076afb7568) thrown at [/Users/java_re/workspace/8-2-build-macosx-x86_64/jdk8u51/3951/hotspot/src/share/vm/prims/methodHandles.cpp, line 1125]

Events (10 events):
Event: 50.422 Executing VM operation: ParallelGCFailedAllocation done
Event: 50.422 Executing VM operation: RevokeBias
Event: 50.422 Executing VM operation: RevokeBias done
Event: 50.422 Thread 0x00007f968e015000 Thread exited: 0x00007f968e015000
Event: 50.947 Thread 0x00007f968d03b000 Thread added: 0x00007f968d03b000
Event: 62.779 Thread 0x00007f968c001800 Uncommon trap: trap_request=0xffffff65 fr.pc=0x0000000117e56cb0
Event: 62.779 Thread 0x00007f968c001800 DEOPT PACKING pc=0x0000000117e56cb0 sp=0x0000700005d48890
Event: 62.779 Thread 0x00007f968c001800 DEOPT UNPACKING pc=0x0000000117bc2229 sp=0x0000700005d48878 mode 2
Event: 62.781 loading class org/lwjgl/opengl/CallbackUtil
Event: 62.781 loading class org/lwjgl/opengl/CallbackUtil done


Dynamic libraries:
0x00000000379d3000 	/System/Library/Frameworks/Cocoa.framework/Versions/A/Cocoa
0x00000000379d3000 	/System/Library/Frameworks/Security.framework/Versions/A/Security
0x00000000379d3000 	/System/Library/Frameworks/ApplicationServices.framework/Versions/A/ApplicationServices
0x00000000379d3000 	/usr/lib/libz.1.dylib
0x00000000379d3000 	/usr/lib/libSystem.B.dylib
0x00000000379d3000 	/usr/lib/libobjc.A.dylib
0x00000000379d3000 	/System/Library/Frameworks/CoreFoundation.framework/Versions/A/CoreFoundation
0x00000000379d3000 	/System/Library/Frameworks/Foundation.framework/Versions/C/Foundation
0x00000000379d3000 	/System/Library/Frameworks/AppKit.framework/Versions/C/AppKit
0x00000000379d3000 	/System/Library/Frameworks/CoreData.framework/Versions/A/CoreData
0x00000000379d3000 	/System/Library/PrivateFrameworks/RemoteViewServices.framework/Versions/A/RemoteViewServices
0x00000000379d3000 	/System/Library/PrivateFrameworks/UIFoundation.framework/Versions/A/UIFoundation
0x00000000379d3000 	/System/Library/PrivateFrameworks/DFRFoundation.framework/Versions/A/DFRFoundation
0x00000000379d3000 	/usr/lib/libenergytrace.dylib
0x00000000379d3000 	/System/Library/PrivateFrameworks/SkyLight.framework/Versions/A/SkyLight
0x00000000379d3000 	/System/Library/Frameworks/CoreGraphics.framework/Versions/A/CoreGraphics
0x00000000379d3000 	/usr/lib/libScreenReader.dylib
0x00000000379d3000 	/System/Library/Frameworks/Accelerate.framework/Versions/A/Accelerate
0x00000000379d3000 	/System/Library/Frameworks/IOSurface.framework/Versions/A/IOSurface
0x00000000379d3000 	/System/Library/Frameworks/AudioToolbox.framework/Versions/A/AudioToolbox
0x00000000379d3000 	/System/Library/Frameworks/AudioUnit.framework/Versions/A/AudioUnit
0x00000000379d3000 	/System/Library/PrivateFrameworks/DataDetectorsCore.framework/Versions/A/DataDetectorsCore
0x00000000379d3000 	/System/Library/PrivateFrameworks/DesktopServicesPriv.framework/Versions/A/DesktopServicesPriv
0x00000000379d3000 	/System/Library/Frameworks/Carbon.framework/Versions/A/Frameworks/HIToolbox.framework/Versions/A/HIToolbox
0x00000000379d3000 	/usr/lib/libicucore.A.dylib
0x00000000379d3000 	/System/Library/Frameworks/QuartzCore.framework/Versions/A/QuartzCore
0x00000000379d3000 	/System/Library/Frameworks/Carbon.framework/Versions/A/Frameworks/SpeechRecognition.framework/Versions/A/SpeechRecognition
0x00000000379d3000 	/usr/lib/libauto.dylib
0x00000000379d3000 	/usr/lib/libxml2.2.dylib
0x00000000379d3000 	/System/Library/PrivateFrameworks/CoreUI.framework/Versions/A/CoreUI
0x00000000379d3000 	/System/Library/Frameworks/CoreAudio.framework/Versions/A/CoreAudio
0x00000000379d3000 	/System/Library/Frameworks/DiskArbitration.framework/Versions/A/DiskArbitration
0x00000000379d3000 	/usr/lib/liblangid.dylib
0x00000000379d3000 	/System/Library/PrivateFrameworks/MultitouchSupport.framework/Versions/A/MultitouchSupport
0x00000000379d3000 	/System/Library/Frameworks/IOKit.framework/Versions/A/IOKit
0x00000000379d3000 	/usr/lib/libDiagnosticMessagesClient.dylib
0x00000000379d3000 	/System/Library/Frameworks/CoreServices.framework/Versions/A/CoreServices
0x00000000379d3000 	/System/Library/PrivateFrameworks/PerformanceAnalysis.framework/Versions/A/PerformanceAnalysis
0x00000000379d3000 	/System/Library/PrivateFrameworks/GenerationalStorage.framework/Versions/A/GenerationalStorage
0x00000000379d3000 	/System/Library/Frameworks/OpenGL.framework/Versions/A/OpenGL
0x00000000379d3000 	/System/Library/Frameworks/CoreImage.framework/Versions/A/CoreImage
0x00000000379d3000 	/System/Library/Frameworks/CoreText.framework/Versions/A/CoreText
0x00000000379d3000 	/System/Library/Frameworks/ImageIO.framework/Versions/A/ImageIO
0x00000000379d3000 	/System/Library/PrivateFrameworks/Backup.framework/Versions/A/Backup
0x00000000379d3000 	/usr/lib/libarchive.2.dylib
0x00000000379d3000 	/System/Library/Frameworks/CFNetwork.framework/Versions/A/CFNetwork
0x00000000379d3000 	/System/Library/Frameworks/SystemConfiguration.framework/Versions/A/SystemConfiguration
0x00000000379d3000 	/usr/lib/libCRFSuite.dylib
0x00000000379d3000 	/usr/lib/libc++.1.dylib
0x00000000379d3000 	/usr/lib/libc++abi.dylib
0x00000000379d3000 	/usr/lib/system/libcache.dylib
0x00000000379d3000 	/usr/lib/system/libcommonCrypto.dylib
0x00000000379d3000 	/usr/lib/system/libcompiler_rt.dylib
0x00000000379d3000 	/usr/lib/system/libcopyfile.dylib
0x00000000379d3000 	/usr/lib/system/libcorecrypto.dylib
0x00000000379d3000 	/usr/lib/system/libdispatch.dylib
0x00000000379d3000 	/usr/lib/system/libdyld.dylib
0x00000000379d3000 	/usr/lib/system/libkeymgr.dylib
0x00000000379d3000 	/usr/lib/system/liblaunch.dylib
0x00000000379d3000 	/usr/lib/system/libmacho.dylib
0x00000000379d3000 	/usr/lib/system/libquarantine.dylib
0x00000000379d3000 	/usr/lib/system/libremovefile.dylib
0x00000000379d3000 	/usr/lib/system/libsystem_asl.dylib
0x00000000379d3000 	/usr/lib/system/libsystem_blocks.dylib
0x00000000379d3000 	/usr/lib/system/libsystem_c.dylib
0x00000000379d3000 	/usr/lib/system/libsystem_configuration.dylib
0x00000000379d3000 	/usr/lib/system/libsystem_coreservices.dylib
0x00000000379d3000 	/usr/lib/system/libsystem_coretls.dylib
0x00000000379d3000 	/usr/lib/system/libsystem_dnssd.dylib
0x00000000379d3000 	/usr/lib/system/libsystem_info.dylib
0x00000000379d3000 	/usr/lib/system/libsystem_kernel.dylib
0x00000000379d3000 	/usr/lib/system/libsystem_m.dylib
0x00000000379d3000 	/usr/lib/system/libsystem_malloc.dylib
0x00000000379d3000 	/usr/lib/system/libsystem_network.dylib
0x00000000379d3000 	/usr/lib/system/libsystem_networkextension.dylib
0x00000000379d3000 	/usr/lib/system/libsystem_notify.dylib
0x00000000379d3000 	/usr/lib/system/libsystem_platform.dylib
0x00000000379d3000 	/usr/lib/system/libsystem_pthread.dylib
0x00000000379d3000 	/usr/lib/system/libsystem_sandbox.dylib
0x00000000379d3000 	/usr/lib/system/libsystem_secinit.dylib
0x00000000379d3000 	/usr/lib/system/libsystem_symptoms.dylib
0x00000000379d3000 	/usr/lib/system/libsystem_trace.dylib
0x00000000379d3000 	/usr/lib/system/libunwind.dylib
0x00000000379d3000 	/usr/lib/system/libxpc.dylib
0x00000000379d3000 	/usr/lib/libbsm.0.dylib
0x00000000379d3000 	/usr/lib/system/libkxld.dylib
0x00000000379d3000 	/usr/lib/libcoretls.dylib
0x00000000379d3000 	/usr/lib/libcoretls_cfhelpers.dylib
0x00000000379d3000 	/usr/lib/libxar.1.dylib
0x00000000379d3000 	/usr/lib/libsqlite3.dylib
0x00000000379d3000 	/usr/lib/libpam.2.dylib
0x00000000379d3000 	/usr/lib/libOpenScriptingUtil.dylib
0x00000000379d3000 	/usr/lib/libbz2.1.0.dylib
0x00000000379d3000 	/usr/lib/liblzma.5.dylib
0x00000000379d3000 	/usr/lib/libnetwork.dylib
0x00000000379d3000 	/usr/lib/libpcap.A.dylib
0x00000000379d3000 	/System/Library/Frameworks/CoreServices.framework/Versions/A/Frameworks/FSEvents.framework/Versions/A/FSEvents
0x00000000379d3000 	/System/Library/Frameworks/CoreServices.framework/Versions/A/Frameworks/CarbonCore.framework/Versions/A/CarbonCore
0x00000000379d3000 	/System/Library/Frameworks/CoreServices.framework/Versions/A/Frameworks/Metadata.framework/Versions/A/Metadata
0x00000000379d3000 	/System/Library/Frameworks/CoreServices.framework/Versions/A/Frameworks/OSServices.framework/Versions/A/OSServices
0x00000000379d3000 	/System/Library/Frameworks/CoreServices.framework/Versions/A/Frameworks/SearchKit.framework/Versions/A/SearchKit
0x00000000379d3000 	/System/Library/Frameworks/CoreServices.framework/Versions/A/Frameworks/AE.framework/Versions/A/AE
0x00000000379d3000 	/System/Library/Frameworks/CoreServices.framework/Versions/A/Frameworks/LaunchServices.framework/Versions/A/LaunchServices
0x00000000379d3000 	/System/Library/Frameworks/CoreServices.framework/Versions/A/Frameworks/DictionaryServices.framework/Versions/A/DictionaryServices
0x00000000379d3000 	/System/Library/Frameworks/CoreServices.framework/Versions/A/Frameworks/SharedFileList.framework/Versions/A/SharedFileList
0x00000000379d3000 	/System/Library/Frameworks/NetFS.framework/Versions/A/NetFS
0x00000000379d3000 	/System/Library/PrivateFrameworks/NetAuth.framework/Versions/A/NetAuth
0x00000000379d3000 	/System/Library/PrivateFrameworks/login.framework/Versions/A/Frameworks/loginsupport.framework/Versions/A/loginsupport
0x00000000379d3000 	/System/Library/PrivateFrameworks/TCC.framework/Versions/A/TCC
0x00000000379d3000 	/usr/lib/libmecabra.dylib
0x00000000379d3000 	/System/Library/Frameworks/ApplicationServices.framework/Versions/A/Frameworks/ATS.framework/Versions/A/ATS
0x00000000379d3000 	/System/Library/Frameworks/ApplicationServices.framework/Versions/A/Frameworks/ColorSync.framework/Versions/A/ColorSync
0x00000000379d3000 	/System/Library/Frameworks/ApplicationServices.framework/Versions/A/Frameworks/HIServices.framework/Versions/A/HIServices
0x00000000379d3000 	/System/Library/Frameworks/ApplicationServices.framework/Versions/A/Frameworks/LangAnalysis.framework/Versions/A/LangAnalysis
0x00000000379d3000 	/System/Library/Frameworks/ApplicationServices.framework/Versions/A/Frameworks/PrintCore.framework/Versions/A/PrintCore
0x00000000379d3000 	/System/Library/Frameworks/ApplicationServices.framework/Versions/A/Frameworks/QD.framework/Versions/A/QD
0x00000000379d3000 	/System/Library/Frameworks/ApplicationServices.framework/Versions/A/Frameworks/SpeechSynthesis.framework/Versions/A/SpeechSynthesis
0x00000000379d3000 	/System/Library/Frameworks/Accelerate.framework/Versions/A/Frameworks/vImage.framework/Versions/A/vImage
0x00000000379d3000 	/System/Library/Frameworks/Accelerate.framework/Versions/A/Frameworks/vecLib.framework/Versions/A/vecLib
0x00000000379d3000 	/System/Library/Frameworks/Accelerate.framework/Versions/A/Frameworks/vecLib.framework/Versions/A/libvDSP.dylib
0x00000000379d3000 	/System/Library/Frameworks/Accelerate.framework/Versions/A/Frameworks/vecLib.framework/Versions/A/libBNNS.dylib
0x00000000379d3000 	/System/Library/Frameworks/Accelerate.framework/Versions/A/Frameworks/vecLib.framework/Versions/A/libQuadrature.dylib
0x00000000379d3000 	/System/Library/Frameworks/Accelerate.framework/Versions/A/Frameworks/vecLib.framework/Versions/A/libvMisc.dylib
0x00000000379d3000 	/System/Library/Frameworks/Accelerate.framework/Versions/A/Frameworks/vecLib.framework/Versions/A/libLAPACK.dylib
0x00000000379d3000 	/System/Library/Frameworks/Accelerate.framework/Versions/A/Frameworks/vecLib.framework/Versions/A/libBLAS.dylib
0x00000000379d3000 	/System/Library/Frameworks/Accelerate.framework/Versions/A/Frameworks/vecLib.framework/Versions/A/libLinearAlgebra.dylib
0x00000000379d3000 	/System/Library/Frameworks/Accelerate.framework/Versions/A/Frameworks/vecLib.framework/Versions/A/libSparseBLAS.dylib
0x00000000379d3000 	/System/Library/Frameworks/ApplicationServices.framework/Versions/A/Frameworks/ATS.framework/Versions/A/Resources/libFontParser.dylib
0x00000000379d3000 	/System/Library/Frameworks/ApplicationServices.framework/Versions/A/Frameworks/ATS.framework/Versions/A/Resources/libFontRegistry.dylib
0x00000000379d3000 	/System/Library/Frameworks/ImageIO.framework/Versions/A/Resources/libJPEG.dylib
0x00000000379d3000 	/System/Library/Frameworks/ImageIO.framework/Versions/A/Resources/libTIFF.dylib
0x00000000379d3000 	/System/Library/Frameworks/ImageIO.framework/Versions/A/Resources/libPng.dylib
0x00000000379d3000 	/System/Library/Frameworks/ImageIO.framework/Versions/A/Resources/libGIF.dylib
0x00000000379d3000 	/System/Library/Frameworks/ImageIO.framework/Versions/A/Resources/libJP2.dylib
0x00000000379d3000 	/System/Library/Frameworks/ImageIO.framework/Versions/A/Resources/libRadiance.dylib
0x00000000379d3000 	/usr/lib/libcompression.dylib
0x00000000379d3000 	/System/Library/PrivateFrameworks/AppleJPEG.framework/Versions/A/AppleJPEG
0x00000000379d3000 	/usr/lib/libcups.2.dylib
0x00000000379d3000 	/System/Library/Frameworks/Kerberos.framework/Versions/A/Kerberos
0x00000000379d3000 	/System/Library/Frameworks/GSS.framework/Versions/A/GSS
0x00000000379d3000 	/usr/lib/libresolv.9.dylib
0x00000000379d3000 	/usr/lib/libiconv.2.dylib
0x00000000379d3000 	/System/Library/PrivateFrameworks/Heimdal.framework/Versions/A/Heimdal
0x00000000379d3000 	/usr/lib/libheimdal-asn1.dylib
0x00000000379d3000 	/System/Library/Frameworks/OpenDirectory.framework/Versions/A/OpenDirectory
0x00000000379d3000 	/System/Library/PrivateFrameworks/CommonAuth.framework/Versions/A/CommonAuth
0x00000000379d3000 	/System/Library/Frameworks/OpenDirectory.framework/Versions/A/Frameworks/CFOpenDirectory.framework/Versions/A/CFOpenDirectory
0x00000000379d3000 	/System/Library/Frameworks/SecurityFoundation.framework/Versions/A/SecurityFoundation
0x00000000379d3000 	/System/Library/PrivateFrameworks/LanguageModeling.framework/Versions/A/LanguageModeling
0x00000000379d3000 	/usr/lib/libmarisa.dylib
0x00000000379d3000 	/usr/lib/libChineseTokenizer.dylib
0x00000000379d3000 	/usr/lib/libcmph.dylib
0x00000000379d3000 	/System/Library/PrivateFrameworks/CoreEmoji.framework/Versions/A/CoreEmoji
0x00000000379d3000 	/System/Library/Frameworks/ServiceManagement.framework/Versions/A/ServiceManagement
0x00000000379d3000 	/usr/lib/libxslt.1.dylib
0x00000000379d3000 	/System/Library/Frameworks/Carbon.framework/Versions/A/Frameworks/Ink.framework/Versions/A/Ink
0x00000000379d3000 	/System/Library/PrivateFrameworks/TextureIO.framework/Versions/A/TextureIO
0x00000000379d3000 	/System/Library/Frameworks/Metal.framework/Versions/A/Metal
0x00000000379d3000 	/usr/lib/libate.dylib
0x00000000379d3000 	/System/Library/PrivateFrameworks/GPUCompiler.framework/libmetal_timestamp.dylib
0x00000000379d3000 	/System/Library/Frameworks/OpenGL.framework/Versions/A/Libraries/libCoreFSCache.dylib
0x00000000379d3000 	/System/Library/PrivateFrameworks/IOAccelerator.framework/Versions/A/IOAccelerator
0x00000000379d3000 	/System/Library/Frameworks/CoreVideo.framework/Versions/A/CoreVideo
0x00000000379d3000 	/usr/lib/libFosl_dynamic.dylib
0x00000000379d3000 	/System/Library/PrivateFrameworks/MetalPerformanceShaders.framework/Versions/A/MetalPerformanceShaders
0x00000000379d3000 	/System/Library/PrivateFrameworks/FaceCore.framework/Versions/A/FaceCore
0x00000000379d3000 	/System/Library/Frameworks/OpenCL.framework/Versions/A/OpenCL
0x00000000379d3000 	/System/Library/Frameworks/OpenGL.framework/Versions/A/Libraries/libGLU.dylib
0x00000000379d3000 	/System/Library/Frameworks/OpenGL.framework/Versions/A/Libraries/libGFXShared.dylib
0x00000000379d3000 	/System/Library/Frameworks/OpenGL.framework/Versions/A/Libraries/libGL.dylib
0x00000000379d3000 	/System/Library/Frameworks/OpenGL.framework/Versions/A/Libraries/libGLImage.dylib
0x00000000379d3000 	/System/Library/Frameworks/OpenGL.framework/Versions/A/Libraries/libCVMSPluginSupport.dylib
0x00000000379d3000 	/System/Library/Frameworks/OpenGL.framework/Versions/A/Libraries/libCoreVMClient.dylib
0x00000000379d3000 	/System/Library/PrivateFrameworks/CrashReporterSupport.framework/Versions/A/CrashReporterSupport
0x00000000379d3000 	/System/Library/PrivateFrameworks/Sharing.framework/Versions/A/Sharing
0x00000000379d3000 	/System/Library/PrivateFrameworks/IconServices.framework/Versions/A/IconServices
0x00000000379d3000 	/System/Library/PrivateFrameworks/ProtocolBuffer.framework/Versions/A/ProtocolBuffer
0x00000000379d3000 	/System/Library/PrivateFrameworks/Apple80211.framework/Versions/A/Apple80211
0x00000000379d3000 	/System/Library/Frameworks/CoreWLAN.framework/Versions/A/CoreWLAN
0x00000000379d3000 	/System/Library/PrivateFrameworks/CoreUtils.framework/Versions/A/CoreUtils
0x00000000379d3000 	/System/Library/Frameworks/IOBluetooth.framework/Versions/A/IOBluetooth
0x00000000379d3000 	/System/Library/PrivateFrameworks/CoreWiFi.framework/Versions/A/CoreWiFi
0x00000000379d3000 	/System/Library/Frameworks/CoreBluetooth.framework/Versions/A/CoreBluetooth
0x00000000379d3000 	/System/Library/Frameworks/CoreDisplay.framework/Versions/A/CoreDisplay
0x00000000379d3000 	/System/Library/PrivateFrameworks/IOPresentment.framework/Versions/A/IOPresentment
0x00000000379d3000 	/System/Library/PrivateFrameworks/DebugSymbols.framework/Versions/A/DebugSymbols
0x00000000379d3000 	/System/Library/PrivateFrameworks/CoreSymbolication.framework/Versions/A/CoreSymbolication
0x00000000379d3000 	/System/Library/PrivateFrameworks/Symbolication.framework/Versions/A/Symbolication
0x00000000379d3000 	/System/Library/PrivateFrameworks/AppleFSCompression.framework/Versions/A/AppleFSCompression
0x00000000379d3000 	/System/Library/PrivateFrameworks/SpeechRecognitionCore.framework/Versions/A/SpeechRecognitionCore
0x00000000379d3000 	/System/Library/PrivateFrameworks/ChunkingLibrary.framework/Versions/A/ChunkingLibrary
0x000000010f200000 	/Library/Java/JavaVirtualMachines/jdk1.8.0_51.jdk/Contents/Home/jre/lib/server/libjvm.dylib
0x00000000379d3000 	/usr/lib/libstdc++.6.dylib
0x000000010e1ac000 	/Library/Java/JavaVirtualMachines/jdk1.8.0_51.jdk/Contents/Home/jre/lib/libverify.dylib
0x000000010e1ba000 	/Library/Java/JavaVirtualMachines/jdk1.8.0_51.jdk/Contents/Home/jre/lib/libjava.dylib
0x0000000110169000 	/Library/Java/JavaVirtualMachines/jdk1.8.0_51.jdk/Contents/Home/jre/lib/libzip.dylib
0x0000000114228000 	/System/Library/Frameworks/JavaVM.framework/Frameworks/JavaRuntimeSupport.framework/JavaRuntimeSupport
0x0000000114242000 	/System/Library/Frameworks/JavaVM.framework/Versions/A/Frameworks/JavaNativeFoundation.framework/Versions/A/JavaNativeFoundation
0x0000000114257000 	/System/Library/Frameworks/JavaVM.framework/Versions/A/JavaVM
0x00000000379d3000 	/System/Library/Frameworks/Carbon.framework/Versions/A/Carbon
0x0000000114264000 	/System/Library/PrivateFrameworks/JavaLaunching.framework/Versions/A/JavaLaunching
0x00000000379d3000 	/System/Library/Frameworks/Carbon.framework/Versions/A/Frameworks/CommonPanels.framework/Versions/A/CommonPanels
0x00000000379d3000 	/System/Library/Frameworks/Carbon.framework/Versions/A/Frameworks/Help.framework/Versions/A/Help
0x00000000379d3000 	/System/Library/Frameworks/Carbon.framework/Versions/A/Frameworks/ImageCapture.framework/Versions/A/ImageCapture
0x00000000379d3000 	/System/Library/Frameworks/Carbon.framework/Versions/A/Frameworks/OpenScripting.framework/Versions/A/OpenScripting
0x00000000379d3000 	/System/Library/Frameworks/Carbon.framework/Versions/A/Frameworks/Print.framework/Versions/A/Print
0x00000000379d3000 	/System/Library/Frameworks/Carbon.framework/Versions/A/Frameworks/SecurityHI.framework/Versions/A/SecurityHI
0x0000000115b79000 	/Library/Java/JavaVirtualMachines/jdk1.8.0_51.jdk/Contents/Home/jre/lib/libawt.dylib
0x0000000115c21000 	/Library/Java/JavaVirtualMachines/jdk1.8.0_51.jdk/Contents/Home/jre/lib/./libmlib_image.dylib
0x0000000115ced000 	/Library/Java/JavaVirtualMachines/jdk1.8.0_51.jdk/Contents/Home/jre/lib/libawt_lwawt.dylib
0x0000000115da1000 	/Library/Java/JavaVirtualMachines/jdk1.8.0_51.jdk/Contents/Home/jre/lib/./libosxapp.dylib
0x00000000379d3000 	/System/Library/Frameworks/ExceptionHandling.framework/Versions/A/ExceptionHandling
0x00000000379d3000 	/System/Library/PrivateFrameworks/CoreServicesInternal.framework/Versions/A/CoreServicesInternal
0x00000000379d3000 	/System/Library/CoreServices/RawCamera.bundle/Contents/MacOS/RawCamera
0x00000000379d3000 	/System/Library/Frameworks/Accelerate.framework/Versions/A/Frameworks/vImage.framework/Versions/A/Libraries/libCGInterfaces.dylib
0x00000000379d3000 	/System/Library/Frameworks/ApplicationServices.framework/Versions/A/Frameworks/ATS.framework/Versions/A/Resources/libTrueTypeScaler.dylib
0x00000000379d3000 	/System/Library/Frameworks/OpenGL.framework/Versions/A/Resources/GLEngine.bundle/GLEngine
0x00000000379d3000 	/System/Library/Frameworks/OpenGL.framework/Versions/A/Libraries/libGLProgrammability.dylib
0x000000012edc9000 	/System/Library/Extensions/AppleIntelHD5000GraphicsGLDriver.bundle/Contents/MacOS/AppleIntelHD5000GraphicsGLDriver
0x00000000379d3000 	/System/Library/PrivateFrameworks/GPUSupport.framework/Versions/A/Libraries/libGPUSupportMercury.dylib
0x00000000379d3000 	/System/Library/Frameworks/OpenGL.framework/Versions/A/Resources/GLRendererFloat.bundle/GLRendererFloat
0x00000000379d3000 	/System/Library/Frameworks/OpenCL.framework/Versions/A/Libraries/libcldcpuengine.dylib
0x00000000379d3000 	/usr/lib/libcrypto.0.9.8.dylib
0x00000000379d3000 	/System/Library/PrivateFrameworks/TrustEvaluationAgent.framework/Versions/A/TrustEvaluationAgent
0x00000001179fd000 	/System/Library/Extensions/AppleIntelHD5000GraphicsMTLDriver.bundle/Contents/MacOS/AppleIntelHD5000GraphicsMTLDriver
0x00000000379d3000 	/System/Library/PrivateFrameworks/FamilyControls.framework/Versions/A/FamilyControls
0x00000000379d3000 	/System/Library/PrivateFrameworks/CommerceKit.framework/Versions/A/Frameworks/CommerceCore.framework/Versions/A/CommerceCore
0x00000000379d3000 	/System/Library/PrivateFrameworks/SystemAdministration.framework/Versions/A/SystemAdministration
0x00000000379d3000 	/System/Library/PrivateFrameworks/AppContainer.framework/Versions/A/AppContainer
0x00000000379d3000 	/System/Library/PrivateFrameworks/SecCodeWrapper.framework/Versions/A/SecCodeWrapper
0x00000000379d3000 	/System/Library/Frameworks/DirectoryService.framework/Versions/A/DirectoryService
0x00000000379d3000 	/System/Library/PrivateFrameworks/DiskImages.framework/Versions/A/DiskImages
0x00000000379d3000 	/System/Library/PrivateFrameworks/LoginUIKit.framework/Versions/A/Frameworks/LoginUICore.framework/Versions/A/LoginUICore
0x00000000379d3000 	/usr/lib/libCoreStorage.dylib
0x00000000379d3000 	/usr/lib/libcsfde.dylib
0x00000000379d3000 	/usr/lib/libodfde.dylib
0x00000000379d3000 	/System/Library/Frameworks/DiscRecording.framework/Versions/A/DiscRecording
0x00000000379d3000 	/usr/lib/libcurl.4.dylib
0x00000000379d3000 	/System/Library/PrivateFrameworks/MediaKit.framework/Versions/A/MediaKit
0x00000000379d3000 	/System/Library/PrivateFrameworks/ProtectedCloudStorage.framework/Versions/A/ProtectedCloudStorage
0x00000000379d3000 	/System/Library/PrivateFrameworks/EFILogin.framework/Versions/A/EFILogin
0x00000000379d3000 	/usr/lib/libutil.dylib
0x00000000379d3000 	/System/Library/Frameworks/LDAP.framework/Versions/A/LDAP
0x00000000379d3000 	/usr/lib/libsasl2.2.dylib
0x00000000379d3000 	/System/Library/PrivateFrameworks/CoreDaemon.framework/Versions/B/CoreDaemon
0x00000000379d3000 	/System/Library/PrivateFrameworks/AppleSRP.framework/Versions/A/AppleSRP
0x00000000379d3000 	/System/Library/PrivateFrameworks/APFS.framework/Versions/A/APFS
0x00000001307b6000 	/Library/Java/JavaVirtualMachines/jdk1.8.0_51.jdk/Contents/Home/jre/lib/libfontmanager.dylib
0x000000013081d000 	/Users/Marc/Documents/code/LWJGL/lwjgl-2.9.3/native/macosx/liblwjgl.dylib
0x0000000116027000 	/Library/Java/JavaVirtualMachines/jdk1.8.0_51.jdk/Contents/Home/jre/lib/libjawt.dylib
0x000000013226c000 	/Library/Java/JavaVirtualMachines/jdk1.8.0_51.jdk/Contents/Home/jre/lib/libjpeg.dylib
0x00000001322ac000 	/Library/Java/JavaVirtualMachines/jdk1.8.0_51.jdk/Contents/Home/jre/lib/liblcms.dylib
0x00000000379d3000 	/System/Library/PrivateFrameworks/ViewBridge.framework/Versions/A/ViewBridge
0x00000000379d3000 	/System/Library/PrivateFrameworks/XPCService.framework/Versions/A/XPCService
0x00000000379d3000 	/System/Library/PrivateFrameworks/AppSandbox.framework/Versions/A/AppSandbox
0x00000000379d3000 	/usr/lib/libsandbox.1.dylib
0x00000000379d3000 	/usr/lib/libMatch.1.dylib

VM Arguments:
jvm_args: -Djava.library.path=/Users/Marc/Documents/code/LWJGL/lwjgl-2.9.3/native/macosx -Dfile.encoding=UTF-8 
java_command: com.capstone.plasma.MapMaker
java_class_path (initial): /Users/Marc/Documents/Plasma/Plasma/bin:/Users/Marc/Documents/code/LWJGL/lwjgl-2.9.3/jar/lwjgl.jar
Launcher Type: SUN_STANDARD

Environment Variables:
PATH=/usr/bin:/bin:/usr/sbin:/sbin
SHELL=/bin/bash
DISPLAY=/private/tmp/com.apple.launchd.ELzuirrgT2/org.macosforge.xquartz:0

Signal Handlers:
SIGSEGV: [libjvm.dylib+0x58ef35], sa_mask[0]=11111111011111110111111111111111, sa_flags=SA_ONSTACK|SA_RESTART|SA_SIGINFO
SIGBUS: [libjvm.dylib+0x58ef35], sa_mask[0]=11111111011111110111111111111111, sa_flags=SA_RESTART|SA_SIGINFO
SIGFPE: [libjvm.dylib+0x46c028], sa_mask[0]=11111111011111110111111111111111, sa_flags=SA_RESTART|SA_SIGINFO
SIGPIPE: [libjvm.dylib+0x46c028], sa_mask[0]=11111111011111110111111111111111, sa_flags=SA_RESTART|SA_SIGINFO
SIGXFSZ: [libjvm.dylib+0x46c028], sa_mask[0]=11111111011111110111111111111111, sa_flags=SA_RESTART|SA_SIGINFO
SIGILL: [libjvm.dylib+0x46c028], sa_mask[0]=11111111011111110111111111111111, sa_flags=SA_RESTART|SA_SIGINFO
SIGUSR1: SIG_DFL, sa_mask[0]=00000000000000000000000000000000, sa_flags=none
SIGUSR2: [libjvm.dylib+0x46bb46], sa_mask[0]=00100000000000000000000000000000, sa_flags=SA_RESTART|SA_SIGINFO
SIGHUP: [libjvm.dylib+0x46a119], sa_mask[0]=11111111011111110111111111111111, sa_flags=SA_RESTART|SA_SIGINFO
SIGINT: [libjvm.dylib+0x46a119], sa_mask[0]=11111111011111110111111111111111, sa_flags=SA_RESTART|SA_SIGINFO
SIGTERM: [libjvm.dylib+0x46a119], sa_mask[0]=11111111011111110111111111111111, sa_flags=SA_RESTART|SA_SIGINFO
SIGQUIT: [libjvm.dylib+0x46a119], sa_mask[0]=11111111011111110111111111111111, sa_flags=SA_RESTART|SA_SIGINFO


---------------  S Y S T E M  ---------------

OS:Bsduname:Darwin 16.1.0 Darwin Kernel Version 16.1.0: Wed Oct 19 20:31:56 PDT 2016; root:xnu-3789.21.4~4/RELEASE_X86_64 x86_64
rlimit: STACK 8192k, CORE 0k, NPROC 709, NOFILE 10240, AS infinity
load average:2.86 2.17 1.82

CPU:total 8 (4 cores per cpu, 2 threads per core) family 6 model 70 stepping 1, cmov, cx8, fxsr, mmx, sse, sse2, sse3, ssse3, sse4.1, sse4.2, popcnt, avx, avx2, aes, clmul, erms, lzcnt, ht, tsc, tscinvbit, bmi1, bmi2

Memory: 4k page, physical 16777216k(3373708k free)

/proc/meminfo:


vm_info: Java HotSpot(TM) 64-Bit Server VM (25.51-b03) for bsd-amd64 JRE (1.8.0_51-b16), built on Jun  8 2015 18:01:11 by "java_re" with gcc 4.2.1 (Based on Apple Inc. build 5658) (LLVM build 2336.11.00)

time: Mon Jan 16 16:01:56 2017
elapsed time: 62 seconds (0d 0h 1m 2s)

