#
# A fatal error has been detected by the Java Runtime Environment:
#
#  SIGSEGV (0xb) at pc=0x00007fffc168cb5d, pid=23277, tid=775
#
# JRE version: Java(TM) SE Runtime Environment (8.0_51-b16) (build 1.8.0_51-b16)
# Java VM: Java HotSpot(TM) 64-Bit Server VM (25.51-b03 mixed mode bsd-amd64 compressed oops)
# Problematic frame:
# C  [libobjc.A.dylib+0x6b5d]  objc_msgSend+0x1d
#
# Failed to write core dump. Core dumps have been disabled. To enable core dumping, try "ulimit -c unlimited" before starting Java again
#
# If you would like to submit a bug report, please visit:
#   http://bugreport.java.com/bugreport/crash.jsp
# The crash happened outside the Java Virtual Machine in native code.
# See problematic frame for where to report the bug.
#

---------------  T H R E A D  ---------------

Current thread (0x00007ffa240c1000):  JavaThread "AppKit Thread" daemon [_thread_in_native, id=775, stack(0x00007fff50176000,0x00007fff50976000)]

siginfo: si_signo: 11 (SIGSEGV), si_code: 1 (SEGV_MAPERR), si_addr: 0x0000000000000018

Registers:
RAX=0x0000000000000000, RBX=0x00007ffa23c83960, RCX=0x0000000000000000, RDX=0x00000000000fbfb0
RSP=0x00007fff50970808, RBP=0x00007fff50970830, RSI=0x00007fffab51b8d3, RDI=0x00007ffa25869570
R8 =0x0000000000000003, R9 =0x0000000000000000, R10=0x0000000000000000, R11=0x00007fffab51b8d3
R12=0x0000000000000094, R13=0x00007fffab4fe2b5, R14=0x00007ffa25869570, R15=0x0000000000000000
RIP=0x00007fffc168cb5d, EFLAGS=0x0000000000010246, ERR=0x0000000000000004
  TRAPNO=0x000000000000000e

Top of Stack: (sp=0x00007fff50970808)
0x00007fff50970808:   00000001319a3598 00007ffa23c83960
0x00007fff50970818:   00000001319d7c60 00007ffa23c557c0
0x00007fff50970828:   00007ffa23c557c0 00007fff50970da0
0x00007fff50970838:   00007fffaa9fa752 0000000000000000
0x00007fff50970848:   0000000000000000 408c200000000000
0x00007fff50970858:   4082c00000000000 0000000000000000
0x00007fff50970868:   0000000000000000 408c200000000000
0x00007fff50970878:   4082c00000000000 00007fff509708a0
0x00007fff50970888:   00007fffad4a33c8 0000000000000ec0
0x00007fff50970898:   ffff8005dc0c1f50 00007ffa23f3e0b0
0x00007fff509708a8:   00007fffcacb8480 00007fff50970910
0x00007fff509708b8:   00007fffc1694d13 00007fffcacb9340
0x00007fff509708c8:   00000001ab4b6600 00007ffa23f3e0b0
0x00007fff509708d8:   ffff8005dc0c1f50 00007ffa270e58e0
0x00007fff509708e8:   00007ffa23c85ad0 00007fffab4b6600
0x00007fff509708f8:   00007ffa23c83960 00007fffc168cb40
0x00007fff50970908:   00007fff50970970 00007fff50970960
0x00007fff50970918:   00007fffab0cf353 401c000000000000
0x00007fff50970928:   4082e00000000000 402c000000000000
0x00007fff50970938:   0000000000000000 00007fff00000000
0x00007fff50970948:   0000000000000000 00007fffab4cfe45
0x00007fff50970958:   00007ffa23c85a00 00000001509709b0
0x00007fff50970968:   00007ffa23c85ad0 0000000000000088
0x00007fff50970978:   00007ffa23c5df80 012c000000000000
0x00007fff50970988:   00007ffa23c83960 00007fff509709b0
0x00007fff50970998:   00007ffa23c85ad0 00007fff50970a80
0x00007fff509709a8:   00007ffa23c85ad0 00007fff509709f0
0x00007fff509709b8:   00007fffaaab20ae 401c000000000000
0x00007fff509709c8:   4082d80000000000 402c000000000000
0x00007fff509709d8:   4030000000000000 00007fff50970a80
0x00007fff509709e8:   00007ffa23c85ad0 00007fff50970a70
0x00007fff509709f8:   00007fffaaab2050 401c000000000000 

Instructions: (pc=0x00007fffc168cb5d)
0x00007fffc168cb3d:   0f 1f 00 48 85 ff 2e 74 62 40 f6 c7 01 2e 75 66
0x00007fffc168cb4d:   49 ba f8 ff ff ff ff 7f 00 00 4c 23 17 49 89 f3
0x00007fffc168cb5d:   45 23 5a 18 49 c1 e3 04 4d 03 5a 10 49 3b 33 75
0x00007fffc168cb6d:   04 41 ff 63 08 49 83 3b 01 76 0d 49 83 c3 10 49 

Register to memory mapping:

RAX=0x0000000000000000 is an unknown value
RBX=0x00007ffa23c83960 is an unknown value
RCX=0x0000000000000000 is an unknown value
RDX=0x00000000000fbfb0 is an unknown value
RSP=0x00007fff50970808 is pointing into the stack for thread: 0x00007ffa240c1000
RBP=0x00007fff50970830 is pointing into the stack for thread: 0x00007ffa240c1000
RSI=0x00007fffab51b8d3: __NSStyleNameIndexTable+0xdebce in /System/Library/Frameworks/AppKit.framework/Versions/C/AppKit at 0x00007fffaa85d000
RDI=0x00007ffa25869570 is an unknown value
R8 =0x0000000000000003 is an unknown value
R9 =0x0000000000000000 is an unknown value
R10=0x0000000000000000 is an unknown value
R11=0x00007fffab51b8d3: __NSStyleNameIndexTable+0xdebce in /System/Library/Frameworks/AppKit.framework/Versions/C/AppKit at 0x00007fffaa85d000
R12=0x0000000000000094 is an unknown value
R13=0x00007fffab4fe2b5: __NSStyleNameIndexTable+0xc15b0 in /System/Library/Frameworks/AppKit.framework/Versions/C/AppKit at 0x00007fffaa85d000
R14=0x00007ffa25869570 is an unknown value
R15=0x0000000000000000 is an unknown value


Stack: [0x00007fff50176000,0x00007fff50976000],  sp=0x00007fff50970808,  free space=8170k
Native frames: (J=compiled Java code, j=interpreted, Vv=VM code, C=native code)
C  [libobjc.A.dylib+0x6b5d]  objc_msgSend+0x1d
C  [AppKit+0x19d752]  -[NSView _recursiveDisplayRectIfNeededIgnoringOpacity:isVisibleRect:rectIsVisibleRectForView:topView:]+0x6ee
C  [AppKit+0x19dfa8]  -[NSView _recursiveDisplayRectIfNeededIgnoringOpacity:isVisibleRect:rectIsVisibleRectForView:topView:]+0xf44
C  [AppKit+0x19cb87]  -[NSThemeFrame _recursiveDisplayRectIfNeededIgnoringOpacity:isVisibleRect:rectIsVisibleRectForView:topView:]+0x14e
C  [AppKit+0x19afaf]  -[NSView _displayRectIgnoringOpacity:isVisibleRect:rectIsVisibleRectForView:]+0x994
C  [AppKit+0x196898]  -[NSView displayIfNeeded]+0x6d4
C  [AppKit+0x1961ab]  -[NSWindow displayIfNeeded]+0xe6
C  [AppKit+0x8f1123]  ___NSWindowGetDisplayCycleObserver_block_invoke.6219+0x115
C  [AppKit+0x195c89]  __37+[NSDisplayCycle currentDisplayCycle]_block_invoke+0x1c6
C  [QuartzCore+0x111ba]  CA::Transaction::run_commit_handlers(CATransactionPhase)+0x2e
C  [QuartzCore+0x118e10]  CA::Context::commit_transaction(CA::Transaction*)+0xa0
C  [QuartzCore+0xfd55]  CA::Transaction::commit()+0x1db
C  [AppKit+0x477d99]  __37+[NSDisplayCycle currentDisplayCycle]_block_invoke.31+0x143
C  [CoreFoundation+0xa6ec7]  __CFRUNLOOP_IS_CALLING_OUT_TO_AN_OBSERVER_CALLBACK_FUNCTION__+0x17
C  [CoreFoundation+0xa6e37]  __CFRunLoopDoObservers+0x187
C  [CoreFoundation+0x87ad9]  __CFRunLoopRun+0x369
C  [CoreFoundation+0x87514]  CFRunLoopRunSpecific+0x1a4
C  [HIToolbox+0x312ac]  RunCurrentEventLoopInMode+0xf0
C  [HIToolbox+0x30fe9]  ReceiveNextEventCommon+0xb8
C  [HIToolbox+0x30f16]  _BlockUntilNextEventMatchingListInModeWithFilter+0x47
C  [AppKit+0x476cd]  _DPSNextEvent+0x445
C  [AppKit+0x7be830]  -[NSApplication(NSEvent) _nextEventMatchingEventMask:untilDate:inMode:dequeue:]+0xaaa
C  [libosxapp.dylib+0x242a]  -[NSApplicationAWT nextEventMatchingMask:untilDate:inMode:dequeue:]+0x7c
C  [AppKit+0x3c06d]  -[NSApplication run]+0x39e
C  [libosxapp.dylib+0x223e]  +[NSApplicationAWT runAWTLoopWithApp:]+0x9c
C  [libawt_lwawt.dylib+0x4454b]  -[AWTStarter starter:]+0x389
C  [Foundation+0x71f2a]  __NSThreadPerformPerform+0x146
C  [CoreFoundation+0xa74b1]  __CFRUNLOOP_IS_CALLING_OUT_TO_A_SOURCE0_PERFORM_FUNCTION__+0x11
C  [CoreFoundation+0x8861d]  __CFRunLoopDoSources0+0x22d
C  [CoreFoundation+0x87b16]  __CFRunLoopRun+0x3a6
C  [CoreFoundation+0x87514]  CFRunLoopRunSpecific+0x1a4
C  [java+0x6463]  CreateExecutionEnvironment+0x367
C  [java+0x21ac]  JLI_Launch+0x7a0
C  [java+0x84c0]  main+0x65
C  [java+0x1a04]  start+0x34
C  0x0000000000000006


---------------  P R O C E S S  ---------------

Java Threads: ( => current thread )
  0x00007ffa2500b800 JavaThread "Thread-41" [_thread_blocked, id=88067, stack(0x00007000068f8000,0x00007000069f8000)]
  0x00007ffa270f4000 JavaThread "Thread-40" [_thread_blocked, id=87555, stack(0x00007000067f5000,0x00007000068f5000)]
  0x00007ffa270e8800 JavaThread "Thread-39" [_thread_blocked, id=87043, stack(0x00007000066f2000,0x00007000067f2000)]
  0x00007ffa26a63800 JavaThread "Thread-38" [_thread_blocked, id=86531, stack(0x00007000065ef000,0x00007000066ef000)]
  0x00007ffa26a63000 JavaThread "Thread-37" [_thread_blocked, id=86019, stack(0x00007000064ec000,0x00007000065ec000)]
  0x00007ffa26a5c000 JavaThread "Thread-36" [_thread_blocked, id=85507, stack(0x00007000063e9000,0x00007000064e9000)]
  0x00007ffa26a5b000 JavaThread "Thread-35" [_thread_blocked, id=84995, stack(0x00007000062e6000,0x00007000063e6000)]
  0x00007ffa270e8000 JavaThread "Thread-34" [_thread_blocked, id=84483, stack(0x00007000061e3000,0x00007000062e3000)]
  0x00007ffa26161800 JavaThread "Thread-33" [_thread_blocked, id=83971, stack(0x00007000060e0000,0x00007000061e0000)]
  0x00007ffa26a5a800 JavaThread "Thread-32" [_thread_blocked, id=83459, stack(0x0000700005fdd000,0x00007000060dd000)]
  0x00007ffa26a59800 JavaThread "Thread-31" [_thread_blocked, id=82947, stack(0x0000700005eda000,0x0000700005fda000)]
  0x00007ffa26160800 JavaThread "Thread-30" [_thread_blocked, id=82435, stack(0x0000700005dd7000,0x0000700005ed7000)]
  0x00007ffa26160000 JavaThread "Thread-29" [_thread_blocked, id=81923, stack(0x0000700005cd4000,0x0000700005dd4000)]
  0x00007ffa2615f000 JavaThread "Thread-28" [_thread_blocked, id=81411, stack(0x0000700005bd1000,0x0000700005cd1000)]
  0x00007ffa2414b800 JavaThread "Thread-27" [_thread_blocked, id=80899, stack(0x0000700005ace000,0x0000700005bce000)]
  0x00007ffa2414a800 JavaThread "Thread-26" [_thread_blocked, id=80387, stack(0x00007000059cb000,0x0000700005acb000)]
  0x00007ffa26a59000 JavaThread "Thread-25" [_thread_blocked, id=79875, stack(0x00007000058c8000,0x00007000059c8000)]
  0x00007ffa26a58000 JavaThread "Thread-24" [_thread_blocked, id=79363, stack(0x00007000057c5000,0x00007000058c5000)]
  0x00007ffa26a57800 JavaThread "Thread-23" [_thread_blocked, id=78851, stack(0x00007000056c2000,0x00007000057c2000)]
  0x00007ffa26a56800 JavaThread "Thread-22" [_thread_blocked, id=78339, stack(0x00007000055bf000,0x00007000056bf000)]
  0x00007ffa26a56000 JavaThread "Thread-21" [_thread_blocked, id=77827, stack(0x00007000054bc000,0x00007000055bc000)]
  0x00007ffa26a55000 JavaThread "Thread-20" [_thread_blocked, id=77315, stack(0x00007000053b9000,0x00007000054b9000)]
  0x00007ffa270e5000 JavaThread "Thread-19" [_thread_blocked, id=76803, stack(0x00007000052b6000,0x00007000053b6000)]
  0x00007ffa270e4000 JavaThread "Thread-18" [_thread_blocked, id=76291, stack(0x00007000051b3000,0x00007000052b3000)]
  0x00007ffa270e3800 JavaThread "Thread-17" [_thread_blocked, id=75779, stack(0x00007000050b0000,0x00007000051b0000)]
  0x00007ffa270e2800 JavaThread "Thread-16" [_thread_blocked, id=75267, stack(0x0000700004fad000,0x00007000050ad000)]
  0x00007ffa24149000 JavaThread "Thread-15" [_thread_blocked, id=74755, stack(0x0000700004eaa000,0x0000700004faa000)]
  0x00007ffa270e2000 JavaThread "Thread-14" [_thread_blocked, id=74243, stack(0x0000700004da7000,0x0000700004ea7000)]
  0x00007ffa26a54800 JavaThread "Thread-13" [_thread_blocked, id=73731, stack(0x0000700004ca4000,0x0000700004da4000)]
  0x00007ffa2615e800 JavaThread "Thread-12" [_thread_blocked, id=73219, stack(0x0000700004ba1000,0x0000700004ca1000)]
  0x00007ffa2615d800 JavaThread "Thread-11" [_thread_blocked, id=72707, stack(0x0000700004a9e000,0x0000700004b9e000)]
  0x00007ffa2615d000 JavaThread "Thread-10" [_thread_blocked, id=72195, stack(0x000070000499b000,0x0000700004a9b000)]
  0x00007ffa2615c000 JavaThread "Thread-9" [_thread_blocked, id=71683, stack(0x0000700004898000,0x0000700004998000)]
  0x00007ffa2615b800 JavaThread "Thread-8" [_thread_blocked, id=71171, stack(0x0000700004795000,0x0000700004895000)]
  0x00007ffa2614b800 JavaThread "Thread-7" [_thread_blocked, id=70659, stack(0x0000700004692000,0x0000700004792000)]
  0x00007ffa26a31800 JavaThread "Thread-6" [_thread_blocked, id=69655, stack(0x000070000458f000,0x000070000468f000)]
  0x00007ffa26a31000 JavaThread "Thread-5" [_thread_blocked, id=65043, stack(0x000070000448c000,0x000070000458c000)]
  0x00007ffa2614b000 JavaThread "Thread-4" [_thread_blocked, id=65803, stack(0x0000700004389000,0x0000700004489000)]
  0x00007ffa270b6800 JavaThread "Thread-3" [_thread_blocked, id=69395, stack(0x0000700004286000,0x0000700004386000)]
  0x00007ffa270b2800 JavaThread "Thread-2" [_thread_blocked, id=68615, stack(0x0000700004183000,0x0000700004283000)]
  0x00007ffa2614a000 JavaThread "Thread-1" [_thread_blocked, id=69135, stack(0x0000700004080000,0x0000700004180000)]
  0x00007ffa268a2800 JavaThread "Java2D Disposer" daemon [_thread_blocked, id=59227, stack(0x0000700003f7d000,0x000070000407d000)]
  0x00007ffa2687c000 JavaThread "AWT-Shutdown" [_thread_blocked, id=32287, stack(0x0000700003c6e000,0x0000700003d6e000)]
=>0x00007ffa240c1000 JavaThread "AppKit Thread" daemon [_thread_in_native, id=775, stack(0x00007fff50176000,0x00007fff50976000)]
  0x00007ffa2681a000 JavaThread "Service Thread" daemon [_thread_blocked, id=21251, stack(0x00007000039e5000,0x0000700003ae5000)]
  0x00007ffa26029800 JavaThread "C1 CompilerThread3" daemon [_thread_blocked, id=20739, stack(0x00007000038e2000,0x00007000039e2000)]
  0x00007ffa26028800 JavaThread "C2 CompilerThread2" daemon [_thread_blocked, id=20227, stack(0x00007000037df000,0x00007000038df000)]
  0x00007ffa26028000 JavaThread "C2 CompilerThread1" daemon [_thread_blocked, id=19715, stack(0x00007000036dc000,0x00007000037dc000)]
  0x00007ffa26026000 JavaThread "C2 CompilerThread0" daemon [_thread_blocked, id=19203, stack(0x00007000035d9000,0x00007000036d9000)]
  0x00007ffa2603a000 JavaThread "Signal Dispatcher" daemon [_thread_blocked, id=18691, stack(0x00007000034d6000,0x00007000035d6000)]
  0x00007ffa24029000 JavaThread "Finalizer" daemon [_thread_blocked, id=14595, stack(0x00007000033d3000,0x00007000034d3000)]
  0x00007ffa24028000 JavaThread "Reference Handler" daemon [_thread_blocked, id=14083, stack(0x00007000032d0000,0x00007000033d0000)]
  0x00007ffa27001800 JavaThread "main" [_thread_in_native, id=7171, stack(0x00007000028b2000,0x00007000029b2000)]

Other Threads:
  0x00007ffa24025800 VMThread [stack: 0x00007000031cd000,0x00007000032cd000] [id=13571]
  0x00007ffa2603b000 WatcherThread [stack: 0x0000700003ae8000,0x0000700003be8000] [id=21763]

VM state:not at safepoint (normal execution)

VM Mutex/Monitor currently owned by a thread: None

Heap:
 PSYoungGen      total 76288K, used 65536K [0x000000076ab00000, 0x0000000770000000, 0x00000007c0000000)
  eden space 65536K, 100% used [0x000000076ab00000,0x000000076eb00000,0x000000076eb00000)
  from space 10752K, 0% used [0x000000076f580000,0x000000076f580000,0x0000000770000000)
  to   space 10752K, 0% used [0x000000076eb00000,0x000000076eb00000,0x000000076f580000)
 ParOldGen       total 175104K, used 0K [0x00000006c0000000, 0x00000006cab00000, 0x000000076ab00000)
  object space 175104K, 0% used [0x00000006c0000000,0x00000006c0000000,0x00000006cab00000)
 Metaspace       used 6799K, capacity 6911K, committed 7168K, reserved 1056768K
  class space    used 706K, capacity 760K, committed 768K, reserved 1048576K

Card table byte_map: [0x0000000111729000,0x0000000111f2a000] byte_map_base: 0x000000010e129000

Marking Bits: (ParMarkBitMap*) 0x0000000110cc27a0
 Begin Bits: [0x0000000112480000, 0x0000000116480000)
 End Bits:   [0x0000000116480000, 0x000000011a480000)

Polling page: 0x000000010f34a000

CodeCache: size=245760Kb used=2372Kb max_used=2383Kb free=243387Kb
 bounds [0x000000011c71a000, 0x000000011c98a000, 0x000000012b71a000]
 total_blobs=955 nmethods=583 adapters=286
 compilation: enabled

Compilation events (10 events):
Event: 1.860 Thread 0x00007ffa26026000 nmethod 576% 0x000000011c968850 code [0x000000011c9689c0, 0x000000011c968bb8]
Event: 1.894 Thread 0x00007ffa26029800  579       3       sun.awt.AWTAutoShutdown::getInstance (4 bytes)
Event: 1.894 Thread 0x00007ffa26029800 nmethod 579 0x000000011c967ed0 code [0x000000011c968020, 0x000000011c968150]
Event: 1.894 Thread 0x00007ffa26029800  580   !   3       sun.awt.AWTAutoShutdown::setToolkitBusy (124 bytes)
Event: 1.894 Thread 0x00007ffa26029800 nmethod 580 0x000000011c967090 code [0x000000011c967260, 0x000000011c967ae8]
Event: 1.961 Thread 0x00007ffa26028000  581   !   4       com.capstone.plasma.ParticleHandler::paint (166 bytes)
Event: 1.983 Thread 0x00007ffa26028000 nmethod 581 0x000000011c96a910 code [0x000000011c96ac80, 0x000000011c96c0b8]
Event: 2.070 Thread 0x00007ffa26029800  582       3       java.util.AbstractMap::<init> (5 bytes)
Event: 2.070 Thread 0x00007ffa26029800 nmethod 582 0x000000011c966cd0 code [0x000000011c966e40, 0x000000011c966ff0]
Event: 2.070 Thread 0x00007ffa26028800  583       4       java.nio.DirectByteBuffer::put (18 bytes)

GC Heap History (0 events):
No events

Deoptimization events (2 events):
Event: 0.554 Thread 0x00007ffa27001800 Uncommon trap: reason=unstable_if action=reinterpret pc=0x000000011c92b03c method=java.util.ArrayList$Itr.hasNext()Z @ 11
Event: 0.579 Thread 0x00007ffa270e8800 Uncommon trap: reason=unstable_if action=reinterpret pc=0x000000011c929c90 method=java.awt.Rectangle.intersects(Ljava/awt/Rectangle;)Z @ 101

Internal exceptions (10 events):
Event: 0.036 Thread 0x00007ffa27001800 Exception <a 'java/lang/NoSuchMethodError': Method sun.misc.Unsafe.defineClass(Ljava/lang/String;[BII)Ljava/lang/Class; name or signature does not match> (0x000000076ab12db0) thrown at [/Users/java_re/workspace/8-2-build-macosx-x86_64/jdk8u51/3951/hotspot
Event: 0.036 Thread 0x00007ffa27001800 Exception <a 'java/lang/NoSuchMethodError': Method sun.misc.Unsafe.prefetchRead(Ljava/lang/Object;J)V name or signature does not match> (0x000000076ab13040) thrown at [/Users/java_re/workspace/8-2-build-macosx-x86_64/jdk8u51/3951/hotspot/src/share/vm/prim
Event: 0.099 Thread 0x00007ffa27001800 Exception <a 'java/security/PrivilegedActionException'> (0x000000076ac352b0) thrown at [/Users/java_re/workspace/8-2-build-macosx-x86_64/jdk8u51/3951/hotspot/src/share/vm/prims/jvm.cpp, line 1382]
Event: 0.099 Thread 0x00007ffa27001800 Exception <a 'java/security/PrivilegedActionException'> (0x000000076ac35468) thrown at [/Users/java_re/workspace/8-2-build-macosx-x86_64/jdk8u51/3951/hotspot/src/share/vm/prims/jvm.cpp, line 1382]
Event: 0.100 Thread 0x00007ffa27001800 Exception <a 'java/security/PrivilegedActionException'> (0x000000076ac387e8) thrown at [/Users/java_re/workspace/8-2-build-macosx-x86_64/jdk8u51/3951/hotspot/src/share/vm/prims/jvm.cpp, line 1382]
Event: 0.100 Thread 0x00007ffa27001800 Exception <a 'java/security/PrivilegedActionException'> (0x000000076ac389a0) thrown at [/Users/java_re/workspace/8-2-build-macosx-x86_64/jdk8u51/3951/hotspot/src/share/vm/prims/jvm.cpp, line 1382]
Event: 0.218 Thread 0x00007ffa27001800 Exception <a 'java/io/FileNotFoundException'> (0x000000076ac3c8c8) thrown at [/Users/java_re/workspace/8-2-build-macosx-x86_64/jdk8u51/3951/hotspot/src/share/vm/prims/jni.cpp, line 709]
Event: 0.218 Thread 0x00007ffa27001800 Exception <a 'java/io/FileNotFoundException'> (0x000000076ac3d3e0) thrown at [/Users/java_re/workspace/8-2-build-macosx-x86_64/jdk8u51/3951/hotspot/src/share/vm/prims/jni.cpp, line 709]
Event: 0.259 Thread 0x00007ffa240c1000 Exception <a 'java/lang/NoSuchFieldError': method resolution failed> (0x000000076afa8fa8) thrown at [/Users/java_re/workspace/8-2-build-macosx-x86_64/jdk8u51/3951/hotspot/src/share/vm/prims/methodHandles.cpp, line 1125]
Event: 0.261 Thread 0x00007ffa240c1000 Exception <a 'java/lang/NoSuchFieldError': method resolution failed> (0x000000076afb7648) thrown at [/Users/java_re/workspace/8-2-build-macosx-x86_64/jdk8u51/3951/hotspot/src/share/vm/prims/methodHandles.cpp, line 1125]

Events (10 events):
Event: 0.626 loading class com/capstone/plasma/ParticleHandler$Particle
Event: 0.626 loading class com/capstone/plasma/ParticleHandler$Particle done
Event: 0.637 Thread 0x00007ffa27001800 DEOPT PACKING pc=0x000000011c92e24b sp=0x00007000029b1820
Event: 0.637 Thread 0x00007ffa27001800 DEOPT UNPACKING pc=0x000000011c761633 sp=0x00007000029b15e8 mode 0
Event: 0.822 Thread 0x00007ffa270e8800 DEOPT PACKING pc=0x000000011c93c5db sp=0x00007000067f17b0
Event: 0.822 Thread 0x00007ffa270e8800 DEOPT UNPACKING pc=0x000000011c761633 sp=0x00007000067f1590 mode 0
Event: 1.961 Thread 0x00007ffa27001800 DEOPT PACKING pc=0x000000011c9621f1 sp=0x00007000029b17a0
Event: 1.961 Thread 0x00007ffa27001800 DEOPT UNPACKING pc=0x000000011c761633 sp=0x00007000029b15a0 mode 0
Event: 2.069 loading class org/lwjgl/opengl/CallbackUtil
Event: 2.069 loading class org/lwjgl/opengl/CallbackUtil done


Dynamic libraries:
0x00000000379d3000 	/System/Library/Frameworks/Cocoa.framework/Versions/A/Cocoa
0x00000000379d3000 	/System/Library/Frameworks/Security.framework/Versions/A/Security
0x00000000379d3000 	/System/Library/Frameworks/ApplicationServices.framework/Versions/A/ApplicationServices
0x00000000379d3000 	/usr/lib/libz.1.dylib
0x00000000379d3000 	/usr/lib/libSystem.B.dylib
0x00000000379d3000 	/usr/lib/libobjc.A.dylib
0x00000000379d3000 	/System/Library/Frameworks/CoreFoundation.framework/Versions/A/CoreFoundation
0x00000000379d3000 	/System/Library/Frameworks/Foundation.framework/Versions/C/Foundation
0x00000000379d3000 	/System/Library/Frameworks/AppKit.framework/Versions/C/AppKit
0x00000000379d3000 	/System/Library/Frameworks/CoreData.framework/Versions/A/CoreData
0x00000000379d3000 	/System/Library/PrivateFrameworks/RemoteViewServices.framework/Versions/A/RemoteViewServices
0x00000000379d3000 	/System/Library/PrivateFrameworks/UIFoundation.framework/Versions/A/UIFoundation
0x00000000379d3000 	/System/Library/PrivateFrameworks/DFRFoundation.framework/Versions/A/DFRFoundation
0x00000000379d3000 	/usr/lib/libenergytrace.dylib
0x00000000379d3000 	/System/Library/PrivateFrameworks/SkyLight.framework/Versions/A/SkyLight
0x00000000379d3000 	/System/Library/Frameworks/CoreGraphics.framework/Versions/A/CoreGraphics
0x00000000379d3000 	/usr/lib/libScreenReader.dylib
0x00000000379d3000 	/System/Library/Frameworks/Accelerate.framework/Versions/A/Accelerate
0x00000000379d3000 	/System/Library/Frameworks/IOSurface.framework/Versions/A/IOSurface
0x00000000379d3000 	/System/Library/Frameworks/AudioToolbox.framework/Versions/A/AudioToolbox
0x00000000379d3000 	/System/Library/Frameworks/AudioUnit.framework/Versions/A/AudioUnit
0x00000000379d3000 	/System/Library/PrivateFrameworks/DataDetectorsCore.framework/Versions/A/DataDetectorsCore
0x00000000379d3000 	/System/Library/PrivateFrameworks/DesktopServicesPriv.framework/Versions/A/DesktopServicesPriv
0x00000000379d3000 	/System/Library/Frameworks/Carbon.framework/Versions/A/Frameworks/HIToolbox.framework/Versions/A/HIToolbox
0x00000000379d3000 	/usr/lib/libicucore.A.dylib
0x00000000379d3000 	/System/Library/Frameworks/QuartzCore.framework/Versions/A/QuartzCore
0x00000000379d3000 	/System/Library/Frameworks/Carbon.framework/Versions/A/Frameworks/SpeechRecognition.framework/Versions/A/SpeechRecognition
0x00000000379d3000 	/usr/lib/libauto.dylib
0x00000000379d3000 	/usr/lib/libxml2.2.dylib
0x00000000379d3000 	/System/Library/PrivateFrameworks/CoreUI.framework/Versions/A/CoreUI
0x00000000379d3000 	/System/Library/Frameworks/CoreAudio.framework/Versions/A/CoreAudio
0x00000000379d3000 	/System/Library/Frameworks/DiskArbitration.framework/Versions/A/DiskArbitration
0x00000000379d3000 	/usr/lib/liblangid.dylib
0x00000000379d3000 	/System/Library/PrivateFrameworks/MultitouchSupport.framework/Versions/A/MultitouchSupport
0x00000000379d3000 	/System/Library/Frameworks/IOKit.framework/Versions/A/IOKit
0x00000000379d3000 	/usr/lib/libDiagnosticMessagesClient.dylib
0x00000000379d3000 	/System/Library/Frameworks/CoreServices.framework/Versions/A/CoreServices
0x00000000379d3000 	/System/Library/PrivateFrameworks/PerformanceAnalysis.framework/Versions/A/PerformanceAnalysis
0x00000000379d3000 	/System/Library/PrivateFrameworks/GenerationalStorage.framework/Versions/A/GenerationalStorage
0x00000000379d3000 	/System/Library/Frameworks/OpenGL.framework/Versions/A/OpenGL
0x00000000379d3000 	/System/Library/Frameworks/CoreImage.framework/Versions/A/CoreImage
0x00000000379d3000 	/System/Library/Frameworks/CoreText.framework/Versions/A/CoreText
0x00000000379d3000 	/System/Library/Frameworks/ImageIO.framework/Versions/A/ImageIO
0x00000000379d3000 	/System/Library/PrivateFrameworks/Backup.framework/Versions/A/Backup
0x00000000379d3000 	/usr/lib/libarchive.2.dylib
0x00000000379d3000 	/System/Library/Frameworks/CFNetwork.framework/Versions/A/CFNetwork
0x00000000379d3000 	/System/Library/Frameworks/SystemConfiguration.framework/Versions/A/SystemConfiguration
0x00000000379d3000 	/usr/lib/libCRFSuite.dylib
0x00000000379d3000 	/usr/lib/libc++.1.dylib
0x00000000379d3000 	/usr/lib/libc++abi.dylib
0x00000000379d3000 	/usr/lib/system/libcache.dylib
0x00000000379d3000 	/usr/lib/system/libcommonCrypto.dylib
0x00000000379d3000 	/usr/lib/system/libcompiler_rt.dylib
0x00000000379d3000 	/usr/lib/system/libcopyfile.dylib
0x00000000379d3000 	/usr/lib/system/libcorecrypto.dylib
0x00000000379d3000 	/usr/lib/system/libdispatch.dylib
0x00000000379d3000 	/usr/lib/system/libdyld.dylib
0x00000000379d3000 	/usr/lib/system/libkeymgr.dylib
0x00000000379d3000 	/usr/lib/system/liblaunch.dylib
0x00000000379d3000 	/usr/lib/system/libmacho.dylib
0x00000000379d3000 	/usr/lib/system/libquarantine.dylib
0x00000000379d3000 	/usr/lib/system/libremovefile.dylib
0x00000000379d3000 	/usr/lib/system/libsystem_asl.dylib
0x00000000379d3000 	/usr/lib/system/libsystem_blocks.dylib
0x00000000379d3000 	/usr/lib/system/libsystem_c.dylib
0x00000000379d3000 	/usr/lib/system/libsystem_configuration.dylib
0x00000000379d3000 	/usr/lib/system/libsystem_coreservices.dylib
0x00000000379d3000 	/usr/lib/system/libsystem_coretls.dylib
0x00000000379d3000 	/usr/lib/system/libsystem_dnssd.dylib
0x00000000379d3000 	/usr/lib/system/libsystem_info.dylib
0x00000000379d3000 	/usr/lib/system/libsystem_kernel.dylib
0x00000000379d3000 	/usr/lib/system/libsystem_m.dylib
0x00000000379d3000 	/usr/lib/system/libsystem_malloc.dylib
0x00000000379d3000 	/usr/lib/system/libsystem_network.dylib
0x00000000379d3000 	/usr/lib/system/libsystem_networkextension.dylib
0x00000000379d3000 	/usr/lib/system/libsystem_notify.dylib
0x00000000379d3000 	/usr/lib/system/libsystem_platform.dylib
0x00000000379d3000 	/usr/lib/system/libsystem_pthread.dylib
0x00000000379d3000 	/usr/lib/system/libsystem_sandbox.dylib
0x00000000379d3000 	/usr/lib/system/libsystem_secinit.dylib
0x00000000379d3000 	/usr/lib/system/libsystem_symptoms.dylib
0x00000000379d3000 	/usr/lib/system/libsystem_trace.dylib
0x00000000379d3000 	/usr/lib/system/libunwind.dylib
0x00000000379d3000 	/usr/lib/system/libxpc.dylib
0x00000000379d3000 	/usr/lib/libbsm.0.dylib
0x00000000379d3000 	/usr/lib/system/libkxld.dylib
0x00000000379d3000 	/usr/lib/libcoretls.dylib
0x00000000379d3000 	/usr/lib/libcoretls_cfhelpers.dylib
0x00000000379d3000 	/usr/lib/libxar.1.dylib
0x00000000379d3000 	/usr/lib/libsqlite3.dylib
0x00000000379d3000 	/usr/lib/libpam.2.dylib
0x00000000379d3000 	/usr/lib/libOpenScriptingUtil.dylib
0x00000000379d3000 	/usr/lib/libbz2.1.0.dylib
0x00000000379d3000 	/usr/lib/liblzma.5.dylib
0x00000000379d3000 	/usr/lib/libnetwork.dylib
0x00000000379d3000 	/usr/lib/libpcap.A.dylib
0x00000000379d3000 	/System/Library/Frameworks/CoreServices.framework/Versions/A/Frameworks/FSEvents.framework/Versions/A/FSEvents
0x00000000379d3000 	/System/Library/Frameworks/CoreServices.framework/Versions/A/Frameworks/CarbonCore.framework/Versions/A/CarbonCore
0x00000000379d3000 	/System/Library/Frameworks/CoreServices.framework/Versions/A/Frameworks/Metadata.framework/Versions/A/Metadata
0x00000000379d3000 	/System/Library/Frameworks/CoreServices.framework/Versions/A/Frameworks/OSServices.framework/Versions/A/OSServices
0x00000000379d3000 	/System/Library/Frameworks/CoreServices.framework/Versions/A/Frameworks/SearchKit.framework/Versions/A/SearchKit
0x00000000379d3000 	/System/Library/Frameworks/CoreServices.framework/Versions/A/Frameworks/AE.framework/Versions/A/AE
0x00000000379d3000 	/System/Library/Frameworks/CoreServices.framework/Versions/A/Frameworks/LaunchServices.framework/Versions/A/LaunchServices
0x00000000379d3000 	/System/Library/Frameworks/CoreServices.framework/Versions/A/Frameworks/DictionaryServices.framework/Versions/A/DictionaryServices
0x00000000379d3000 	/System/Library/Frameworks/CoreServices.framework/Versions/A/Frameworks/SharedFileList.framework/Versions/A/SharedFileList
0x00000000379d3000 	/System/Library/Frameworks/NetFS.framework/Versions/A/NetFS
0x00000000379d3000 	/System/Library/PrivateFrameworks/NetAuth.framework/Versions/A/NetAuth
0x00000000379d3000 	/System/Library/PrivateFrameworks/login.framework/Versions/A/Frameworks/loginsupport.framework/Versions/A/loginsupport
0x00000000379d3000 	/System/Library/PrivateFrameworks/TCC.framework/Versions/A/TCC
0x00000000379d3000 	/usr/lib/libmecabra.dylib
0x00000000379d3000 	/System/Library/Frameworks/ApplicationServices.framework/Versions/A/Frameworks/ATS.framework/Versions/A/ATS
0x00000000379d3000 	/System/Library/Frameworks/ApplicationServices.framework/Versions/A/Frameworks/ColorSync.framework/Versions/A/ColorSync
0x00000000379d3000 	/System/Library/Frameworks/ApplicationServices.framework/Versions/A/Frameworks/HIServices.framework/Versions/A/HIServices
0x00000000379d3000 	/System/Library/Frameworks/ApplicationServices.framework/Versions/A/Frameworks/LangAnalysis.framework/Versions/A/LangAnalysis
0x00000000379d3000 	/System/Library/Frameworks/ApplicationServices.framework/Versions/A/Frameworks/PrintCore.framework/Versions/A/PrintCore
0x00000000379d3000 	/System/Library/Frameworks/ApplicationServices.framework/Versions/A/Frameworks/QD.framework/Versions/A/QD
0x00000000379d3000 	/System/Library/Frameworks/ApplicationServices.framework/Versions/A/Frameworks/SpeechSynthesis.framework/Versions/A/SpeechSynthesis
0x00000000379d3000 	/System/Library/Frameworks/Accelerate.framework/Versions/A/Frameworks/vImage.framework/Versions/A/vImage
0x00000000379d3000 	/System/Library/Frameworks/Accelerate.framework/Versions/A/Frameworks/vecLib.framework/Versions/A/vecLib
0x00000000379d3000 	/System/Library/Frameworks/Accelerate.framework/Versions/A/Frameworks/vecLib.framework/Versions/A/libvDSP.dylib
0x00000000379d3000 	/System/Library/Frameworks/Accelerate.framework/Versions/A/Frameworks/vecLib.framework/Versions/A/libBNNS.dylib
0x00000000379d3000 	/System/Library/Frameworks/Accelerate.framework/Versions/A/Frameworks/vecLib.framework/Versions/A/libQuadrature.dylib
0x00000000379d3000 	/System/Library/Frameworks/Accelerate.framework/Versions/A/Frameworks/vecLib.framework/Versions/A/libvMisc.dylib
0x00000000379d3000 	/System/Library/Frameworks/Accelerate.framework/Versions/A/Frameworks/vecLib.framework/Versions/A/libLAPACK.dylib
0x00000000379d3000 	/System/Library/Frameworks/Accelerate.framework/Versions/A/Frameworks/vecLib.framework/Versions/A/libBLAS.dylib
0x00000000379d3000 	/System/Library/Frameworks/Accelerate.framework/Versions/A/Frameworks/vecLib.framework/Versions/A/libLinearAlgebra.dylib
0x00000000379d3000 	/System/Library/Frameworks/Accelerate.framework/Versions/A/Frameworks/vecLib.framework/Versions/A/libSparseBLAS.dylib
0x00000000379d3000 	/System/Library/Frameworks/ApplicationServices.framework/Versions/A/Frameworks/ATS.framework/Versions/A/Resources/libFontParser.dylib
0x00000000379d3000 	/System/Library/Frameworks/ApplicationServices.framework/Versions/A/Frameworks/ATS.framework/Versions/A/Resources/libFontRegistry.dylib
0x00000000379d3000 	/System/Library/Frameworks/ImageIO.framework/Versions/A/Resources/libJPEG.dylib
0x00000000379d3000 	/System/Library/Frameworks/ImageIO.framework/Versions/A/Resources/libTIFF.dylib
0x00000000379d3000 	/System/Library/Frameworks/ImageIO.framework/Versions/A/Resources/libPng.dylib
0x00000000379d3000 	/System/Library/Frameworks/ImageIO.framework/Versions/A/Resources/libGIF.dylib
0x00000000379d3000 	/System/Library/Frameworks/ImageIO.framework/Versions/A/Resources/libJP2.dylib
0x00000000379d3000 	/System/Library/Frameworks/ImageIO.framework/Versions/A/Resources/libRadiance.dylib
0x00000000379d3000 	/usr/lib/libcompression.dylib
0x00000000379d3000 	/System/Library/PrivateFrameworks/AppleJPEG.framework/Versions/A/AppleJPEG
0x00000000379d3000 	/usr/lib/libcups.2.dylib
0x00000000379d3000 	/System/Library/Frameworks/Kerberos.framework/Versions/A/Kerberos
0x00000000379d3000 	/System/Library/Frameworks/GSS.framework/Versions/A/GSS
0x00000000379d3000 	/usr/lib/libresolv.9.dylib
0x00000000379d3000 	/usr/lib/libiconv.2.dylib
0x00000000379d3000 	/System/Library/PrivateFrameworks/Heimdal.framework/Versions/A/Heimdal
0x00000000379d3000 	/usr/lib/libheimdal-asn1.dylib
0x00000000379d3000 	/System/Library/Frameworks/OpenDirectory.framework/Versions/A/OpenDirectory
0x00000000379d3000 	/System/Library/PrivateFrameworks/CommonAuth.framework/Versions/A/CommonAuth
0x00000000379d3000 	/System/Library/Frameworks/OpenDirectory.framework/Versions/A/Frameworks/CFOpenDirectory.framework/Versions/A/CFOpenDirectory
0x00000000379d3000 	/System/Library/Frameworks/SecurityFoundation.framework/Versions/A/SecurityFoundation
0x00000000379d3000 	/System/Library/PrivateFrameworks/LanguageModeling.framework/Versions/A/LanguageModeling
0x00000000379d3000 	/usr/lib/libmarisa.dylib
0x00000000379d3000 	/usr/lib/libChineseTokenizer.dylib
0x00000000379d3000 	/usr/lib/libcmph.dylib
0x00000000379d3000 	/System/Library/PrivateFrameworks/CoreEmoji.framework/Versions/A/CoreEmoji
0x00000000379d3000 	/System/Library/Frameworks/ServiceManagement.framework/Versions/A/ServiceManagement
0x00000000379d3000 	/usr/lib/libxslt.1.dylib
0x00000000379d3000 	/System/Library/Frameworks/Carbon.framework/Versions/A/Frameworks/Ink.framework/Versions/A/Ink
0x00000000379d3000 	/System/Library/PrivateFrameworks/TextureIO.framework/Versions/A/TextureIO
0x00000000379d3000 	/System/Library/Frameworks/Metal.framework/Versions/A/Metal
0x00000000379d3000 	/usr/lib/libate.dylib
0x00000000379d3000 	/System/Library/PrivateFrameworks/GPUCompiler.framework/libmetal_timestamp.dylib
0x00000000379d3000 	/System/Library/Frameworks/OpenGL.framework/Versions/A/Libraries/libCoreFSCache.dylib
0x00000000379d3000 	/System/Library/PrivateFrameworks/IOAccelerator.framework/Versions/A/IOAccelerator
0x00000000379d3000 	/System/Library/Frameworks/CoreVideo.framework/Versions/A/CoreVideo
0x00000000379d3000 	/usr/lib/libFosl_dynamic.dylib
0x00000000379d3000 	/System/Library/PrivateFrameworks/MetalPerformanceShaders.framework/Versions/A/MetalPerformanceShaders
0x00000000379d3000 	/System/Library/PrivateFrameworks/FaceCore.framework/Versions/A/FaceCore
0x00000000379d3000 	/System/Library/Frameworks/OpenCL.framework/Versions/A/OpenCL
0x00000000379d3000 	/System/Library/Frameworks/OpenGL.framework/Versions/A/Libraries/libGLU.dylib
0x00000000379d3000 	/System/Library/Frameworks/OpenGL.framework/Versions/A/Libraries/libGFXShared.dylib
0x00000000379d3000 	/System/Library/Frameworks/OpenGL.framework/Versions/A/Libraries/libGL.dylib
0x00000000379d3000 	/System/Library/Frameworks/OpenGL.framework/Versions/A/Libraries/libGLImage.dylib
0x00000000379d3000 	/System/Library/Frameworks/OpenGL.framework/Versions/A/Libraries/libCVMSPluginSupport.dylib
0x00000000379d3000 	/System/Library/Frameworks/OpenGL.framework/Versions/A/Libraries/libCoreVMClient.dylib
0x00000000379d3000 	/System/Library/PrivateFrameworks/CrashReporterSupport.framework/Versions/A/CrashReporterSupport
0x00000000379d3000 	/System/Library/PrivateFrameworks/Sharing.framework/Versions/A/Sharing
0x00000000379d3000 	/System/Library/PrivateFrameworks/IconServices.framework/Versions/A/IconServices
0x00000000379d3000 	/System/Library/PrivateFrameworks/ProtocolBuffer.framework/Versions/A/ProtocolBuffer
0x00000000379d3000 	/System/Library/PrivateFrameworks/Apple80211.framework/Versions/A/Apple80211
0x00000000379d3000 	/System/Library/Frameworks/CoreWLAN.framework/Versions/A/CoreWLAN
0x00000000379d3000 	/System/Library/PrivateFrameworks/CoreUtils.framework/Versions/A/CoreUtils
0x00000000379d3000 	/System/Library/Frameworks/IOBluetooth.framework/Versions/A/IOBluetooth
0x00000000379d3000 	/System/Library/PrivateFrameworks/CoreWiFi.framework/Versions/A/CoreWiFi
0x00000000379d3000 	/System/Library/Frameworks/CoreBluetooth.framework/Versions/A/CoreBluetooth
0x00000000379d3000 	/System/Library/Frameworks/CoreDisplay.framework/Versions/A/CoreDisplay
0x00000000379d3000 	/System/Library/PrivateFrameworks/IOPresentment.framework/Versions/A/IOPresentment
0x00000000379d3000 	/System/Library/PrivateFrameworks/DebugSymbols.framework/Versions/A/DebugSymbols
0x00000000379d3000 	/System/Library/PrivateFrameworks/CoreSymbolication.framework/Versions/A/CoreSymbolication
0x00000000379d3000 	/System/Library/PrivateFrameworks/Symbolication.framework/Versions/A/Symbolication
0x00000000379d3000 	/System/Library/PrivateFrameworks/AppleFSCompression.framework/Versions/A/AppleFSCompression
0x00000000379d3000 	/System/Library/PrivateFrameworks/SpeechRecognitionCore.framework/Versions/A/SpeechRecognitionCore
0x00000000379d3000 	/System/Library/PrivateFrameworks/ChunkingLibrary.framework/Versions/A/ChunkingLibrary
0x0000000110400000 	/Library/Java/JavaVirtualMachines/jdk1.8.0_51.jdk/Contents/Home/jre/lib/server/libjvm.dylib
0x00000000379d3000 	/usr/lib/libstdc++.6.dylib
0x000000010f307000 	/Library/Java/JavaVirtualMachines/jdk1.8.0_51.jdk/Contents/Home/jre/lib/libverify.dylib
0x000000010f315000 	/Library/Java/JavaVirtualMachines/jdk1.8.0_51.jdk/Contents/Home/jre/lib/libjava.dylib
0x000000010f354000 	/Library/Java/JavaVirtualMachines/jdk1.8.0_51.jdk/Contents/Home/jre/lib/libzip.dylib
0x000000012c41a000 	/System/Library/Frameworks/JavaVM.framework/Frameworks/JavaRuntimeSupport.framework/JavaRuntimeSupport
0x000000012c434000 	/System/Library/Frameworks/JavaVM.framework/Versions/A/Frameworks/JavaNativeFoundation.framework/Versions/A/JavaNativeFoundation
0x000000012c449000 	/System/Library/Frameworks/JavaVM.framework/Versions/A/JavaVM
0x00000000379d3000 	/System/Library/Frameworks/Carbon.framework/Versions/A/Carbon
0x000000012c456000 	/System/Library/PrivateFrameworks/JavaLaunching.framework/Versions/A/JavaLaunching
0x00000000379d3000 	/System/Library/Frameworks/Carbon.framework/Versions/A/Frameworks/CommonPanels.framework/Versions/A/CommonPanels
0x00000000379d3000 	/System/Library/Frameworks/Carbon.framework/Versions/A/Frameworks/Help.framework/Versions/A/Help
0x00000000379d3000 	/System/Library/Frameworks/Carbon.framework/Versions/A/Frameworks/ImageCapture.framework/Versions/A/ImageCapture
0x00000000379d3000 	/System/Library/Frameworks/Carbon.framework/Versions/A/Frameworks/OpenScripting.framework/Versions/A/OpenScripting
0x00000000379d3000 	/System/Library/Frameworks/Carbon.framework/Versions/A/Frameworks/Print.framework/Versions/A/Print
0x00000000379d3000 	/System/Library/Frameworks/Carbon.framework/Versions/A/Frameworks/SecurityHI.framework/Versions/A/SecurityHI
0x000000012dd67000 	/Library/Java/JavaVirtualMachines/jdk1.8.0_51.jdk/Contents/Home/jre/lib/libawt.dylib
0x000000012de0f000 	/Library/Java/JavaVirtualMachines/jdk1.8.0_51.jdk/Contents/Home/jre/lib/./libmlib_image.dylib
0x000000012dedb000 	/Library/Java/JavaVirtualMachines/jdk1.8.0_51.jdk/Contents/Home/jre/lib/libawt_lwawt.dylib
0x000000012df8f000 	/Library/Java/JavaVirtualMachines/jdk1.8.0_51.jdk/Contents/Home/jre/lib/./libosxapp.dylib
0x00000000379d3000 	/System/Library/Frameworks/ExceptionHandling.framework/Versions/A/ExceptionHandling
0x00000000379d3000 	/System/Library/PrivateFrameworks/CoreServicesInternal.framework/Versions/A/CoreServicesInternal
0x00000000379d3000 	/System/Library/CoreServices/RawCamera.bundle/Contents/MacOS/RawCamera
0x00000000379d3000 	/System/Library/Frameworks/Accelerate.framework/Versions/A/Frameworks/vImage.framework/Versions/A/Libraries/libCGInterfaces.dylib
0x00000000379d3000 	/System/Library/Frameworks/ApplicationServices.framework/Versions/A/Frameworks/ATS.framework/Versions/A/Resources/libTrueTypeScaler.dylib
0x00000000379d3000 	/System/Library/Frameworks/OpenGL.framework/Versions/A/Resources/GLEngine.bundle/GLEngine
0x00000000379d3000 	/System/Library/Frameworks/OpenGL.framework/Versions/A/Libraries/libGLProgrammability.dylib
0x000000012fe72000 	/System/Library/Extensions/AppleIntelHD5000GraphicsGLDriver.bundle/Contents/MacOS/AppleIntelHD5000GraphicsGLDriver
0x00000000379d3000 	/System/Library/PrivateFrameworks/GPUSupport.framework/Versions/A/Libraries/libGPUSupportMercury.dylib
0x00000000379d3000 	/System/Library/Frameworks/OpenGL.framework/Versions/A/Resources/GLRendererFloat.bundle/GLRendererFloat
0x00000000379d3000 	/System/Library/Frameworks/OpenCL.framework/Versions/A/Libraries/libcldcpuengine.dylib
0x00000000379d3000 	/usr/lib/libcrypto.0.9.8.dylib
0x00000000379d3000 	/System/Library/PrivateFrameworks/TrustEvaluationAgent.framework/Versions/A/TrustEvaluationAgent
0x00000001305f0000 	/System/Library/Extensions/AppleIntelHD5000GraphicsMTLDriver.bundle/Contents/MacOS/AppleIntelHD5000GraphicsMTLDriver
0x00000000379d3000 	/System/Library/PrivateFrameworks/FamilyControls.framework/Versions/A/FamilyControls
0x00000000379d3000 	/System/Library/PrivateFrameworks/CommerceKit.framework/Versions/A/Frameworks/CommerceCore.framework/Versions/A/CommerceCore
0x00000000379d3000 	/System/Library/PrivateFrameworks/SystemAdministration.framework/Versions/A/SystemAdministration
0x00000000379d3000 	/System/Library/PrivateFrameworks/AppContainer.framework/Versions/A/AppContainer
0x00000000379d3000 	/System/Library/PrivateFrameworks/SecCodeWrapper.framework/Versions/A/SecCodeWrapper
0x00000000379d3000 	/System/Library/Frameworks/DirectoryService.framework/Versions/A/DirectoryService
0x00000000379d3000 	/System/Library/PrivateFrameworks/DiskImages.framework/Versions/A/DiskImages
0x00000000379d3000 	/System/Library/PrivateFrameworks/LoginUIKit.framework/Versions/A/Frameworks/LoginUICore.framework/Versions/A/LoginUICore
0x00000000379d3000 	/usr/lib/libCoreStorage.dylib
0x00000000379d3000 	/usr/lib/libcsfde.dylib
0x00000000379d3000 	/usr/lib/libodfde.dylib
0x00000000379d3000 	/System/Library/Frameworks/DiscRecording.framework/Versions/A/DiscRecording
0x00000000379d3000 	/usr/lib/libcurl.4.dylib
0x00000000379d3000 	/System/Library/PrivateFrameworks/MediaKit.framework/Versions/A/MediaKit
0x00000000379d3000 	/System/Library/PrivateFrameworks/ProtectedCloudStorage.framework/Versions/A/ProtectedCloudStorage
0x00000000379d3000 	/System/Library/PrivateFrameworks/EFILogin.framework/Versions/A/EFILogin
0x00000000379d3000 	/usr/lib/libutil.dylib
0x00000000379d3000 	/System/Library/Frameworks/LDAP.framework/Versions/A/LDAP
0x00000000379d3000 	/usr/lib/libsasl2.2.dylib
0x00000000379d3000 	/System/Library/PrivateFrameworks/CoreDaemon.framework/Versions/B/CoreDaemon
0x00000000379d3000 	/System/Library/PrivateFrameworks/AppleSRP.framework/Versions/A/AppleSRP
0x00000000379d3000 	/System/Library/PrivateFrameworks/APFS.framework/Versions/A/APFS
0x0000000131932000 	/Library/Java/JavaVirtualMachines/jdk1.8.0_51.jdk/Contents/Home/jre/lib/libfontmanager.dylib
0x0000000131999000 	/Users/Marc/Documents/code/LWJGL/lwjgl-2.9.3/native/macosx/liblwjgl.dylib
0x000000012e20f000 	/Library/Java/JavaVirtualMachines/jdk1.8.0_51.jdk/Contents/Home/jre/lib/libjawt.dylib
0x00000001333e8000 	/Library/Java/JavaVirtualMachines/jdk1.8.0_51.jdk/Contents/Home/jre/lib/libjpeg.dylib
0x0000000133428000 	/Library/Java/JavaVirtualMachines/jdk1.8.0_51.jdk/Contents/Home/jre/lib/liblcms.dylib
0x00000000379d3000 	/System/Library/PrivateFrameworks/ViewBridge.framework/Versions/A/ViewBridge
0x00000000379d3000 	/System/Library/PrivateFrameworks/XPCService.framework/Versions/A/XPCService
0x00000000379d3000 	/System/Library/PrivateFrameworks/AppSandbox.framework/Versions/A/AppSandbox
0x00000000379d3000 	/usr/lib/libsandbox.1.dylib
0x00000000379d3000 	/usr/lib/libMatch.1.dylib

VM Arguments:
jvm_args: -Djava.library.path=/Users/Marc/Documents/code/LWJGL/lwjgl-2.9.3/native/macosx -Dfile.encoding=UTF-8 
java_command: com.capstone.plasma.MapMaker
java_class_path (initial): /Users/Marc/Documents/Plasma/Plasma/bin:/Users/Marc/Documents/code/LWJGL/lwjgl-2.9.3/jar/lwjgl.jar
Launcher Type: SUN_STANDARD

Environment Variables:
PATH=/usr/bin:/bin:/usr/sbin:/sbin
SHELL=/bin/bash
DISPLAY=/private/tmp/com.apple.launchd.ELzuirrgT2/org.macosforge.xquartz:0

Signal Handlers:
SIGSEGV: [libjvm.dylib+0x58ef35], sa_mask[0]=11111111011111110111111111111111, sa_flags=SA_ONSTACK|SA_RESTART|SA_SIGINFO
SIGBUS: [libjvm.dylib+0x58ef35], sa_mask[0]=11111111011111110111111111111111, sa_flags=SA_RESTART|SA_SIGINFO
SIGFPE: [libjvm.dylib+0x46c028], sa_mask[0]=11111111011111110111111111111111, sa_flags=SA_RESTART|SA_SIGINFO
SIGPIPE: [libjvm.dylib+0x46c028], sa_mask[0]=11111111011111110111111111111111, sa_flags=SA_RESTART|SA_SIGINFO
SIGXFSZ: [libjvm.dylib+0x46c028], sa_mask[0]=11111111011111110111111111111111, sa_flags=SA_RESTART|SA_SIGINFO
SIGILL: [libjvm.dylib+0x46c028], sa_mask[0]=11111111011111110111111111111111, sa_flags=SA_RESTART|SA_SIGINFO
SIGUSR1: SIG_DFL, sa_mask[0]=00000000000000000000000000000000, sa_flags=none
SIGUSR2: [libjvm.dylib+0x46bb46], sa_mask[0]=00100000000000000000000000000000, sa_flags=SA_RESTART|SA_SIGINFO
SIGHUP: [libjvm.dylib+0x46a119], sa_mask[0]=11111111011111110111111111111111, sa_flags=SA_RESTART|SA_SIGINFO
SIGINT: [libjvm.dylib+0x46a119], sa_mask[0]=11111111011111110111111111111111, sa_flags=SA_RESTART|SA_SIGINFO
SIGTERM: [libjvm.dylib+0x46a119], sa_mask[0]=11111111011111110111111111111111, sa_flags=SA_RESTART|SA_SIGINFO
SIGQUIT: [libjvm.dylib+0x46a119], sa_mask[0]=11111111011111110111111111111111, sa_flags=SA_RESTART|SA_SIGINFO


---------------  S Y S T E M  ---------------

OS:Bsduname:Darwin 16.1.0 Darwin Kernel Version 16.1.0: Wed Oct 19 20:31:56 PDT 2016; root:xnu-3789.21.4~4/RELEASE_X86_64 x86_64
rlimit: STACK 8192k, CORE 0k, NPROC 709, NOFILE 10240, AS infinity
load average:1.79 1.76 1.72

CPU:total 8 (4 cores per cpu, 2 threads per core) family 6 model 70 stepping 1, cmov, cx8, fxsr, mmx, sse, sse2, sse3, ssse3, sse4.1, sse4.2, popcnt, avx, avx2, aes, clmul, erms, lzcnt, ht, tsc, tscinvbit, bmi1, bmi2

Memory: 4k page, physical 16777216k(910300k free)

/proc/meminfo:


vm_info: Java HotSpot(TM) 64-Bit Server VM (25.51-b03) for bsd-amd64 JRE (1.8.0_51-b16), built on Jun  8 2015 18:01:11 by "java_re" with gcc 4.2.1 (Based on Apple Inc. build 5658) (LLVM build 2336.11.00)

time: Fri Jan 13 10:36:00 2017
elapsed time: 2 seconds (0d 0h 0m 2s)

