#
# A fatal error has been detected by the Java Runtime Environment:
#
#  SIGSEGV (0xb) at pc=0x00007fffba6b4c22, pid=56521, tid=775
#
# JRE version: Java(TM) SE Runtime Environment (8.0_51-b16) (build 1.8.0_51-b16)
# Java VM: Java HotSpot(TM) 64-Bit Server VM (25.51-b03 mixed mode bsd-amd64 compressed oops)
# Problematic frame:
# C  [libGPUSupportMercury.dylib+0xac22]  gldAttachDrawable+0x12f
#
# Failed to write core dump. Core dumps have been disabled. To enable core dumping, try "ulimit -c unlimited" before starting Java again
#
# If you would like to submit a bug report, please visit:
#   http://bugreport.java.com/bugreport/crash.jsp
# The crash happened outside the Java Virtual Machine in native code.
# See problematic frame for where to report the bug.
#

---------------  T H R E A D  ---------------

Current thread (0x00007fd6bd89e000):  JavaThread "AppKit Thread" daemon [_thread_in_native, id=775, stack(0x00007fff5bca3000,0x00007fff5c4a3000)]

siginfo: si_signo: 11 (SIGSEGV), si_code: 1 (SEGV_MAPERR), si_addr: 0x0000000000000008

Registers:
RAX=0x0000000000000000, RBX=0x0000000000002715, RCX=0x0000000000000c24, RDX=0x00007fd6bb47d010
RSP=0x00007fff5c49d480, RBP=0x00007fff5c49d580, RSI=0x000000000000433c, RDI=0x0000000000030953
R8 =0x000000000ea00000, R9 =0x00007fd6bf800000, R10=0x000000000000003c, R11=0x0000000000000206
R12=0x00007fd6bb47d008, R13=0x00007fd6bba3aa00, R14=0x00007fd6bb47d010, R15=0x0000000000000000
RIP=0x00007fffba6b4c22, EFLAGS=0x0000000000010206, ERR=0x0000000000000004
  TRAPNO=0x000000000000000e

Top of Stack: (sp=0x00007fff5c49d480)
0x00007fff5c49d480:   00007fff5c49d4c0 00007fffbe3713b1
0x00007fff5c49d490:   0000000000000000 4036000000000000
0x00007fff5c49d4a0:   408c200000000000 00007fd6c1009ee0
0x00007fff5c49d4b0:   0000000000000000 00007fd6bc84d306
0x00007fff5c49d4c0:   00007fff5c49d501 00000050be2ad5ad
0x00007fff5c49d4d0:   0000000000000000 4036000000000000
0x00007fff5c49d4e0:   408c200000000000 4082c00000000000
0x00007fff5c49d4f0:   7ff0000000000000 7ff0000000000000
0x00007fff5c49d500:   0000000000000000 0000000000000000
0x00007fff5c49d510:   00007fd6bc87ca20 00030953be2a5243
0x00007fff5c49d520:   7ff0000000000000 7ff0000000000000
0x00007fff5c49d530:   0000000000000000 0000000000000000
0x00007fff5c49d540:   0000000000000000 00007fffbe463733
0x00007fff5c49d550:   b0485219710d00e5 00007fd6c1000000
0x00007fff5c49d560:   0000000000002718 0000000000000000
0x00007fff5c49d570:   0000000000000050 0000000000000000
0x00007fff5c49d580:   00007fff5c49d5e0 00007fffb1b2f0eb
0x00007fff5c49d590:   4096800000000000 0000000000000000
0x00007fff5c49d5a0:   00007fd6c1009ee0 0000000000000000
0x00007fff5c49d5b0:   00007fd6bb47d008 00007fd6bba38888
0x00007fff5c49d5c0:   00007fd6bba38950 00007fd6bba38980
0x00007fff5c49d5d0:   00007fd6bba36a00 b0485219710d00e5
0x00007fff5c49d5e0:   00007fff5c49d6c0 00007fffb1b0dbb8
0x00007fff5c49d5f0:   4060000000000000 408c200000000000
0x00007fff5c49d600:   4083700000000000 0000000000000000
0x00007fff5c49d610:   4036000000000000 408c200000000000
0x00007fff5c49d620:   4082c00000000000 0000000000000000
0x00007fff5c49d630:   0000000000000000 0000000000000001
0x00007fff5c49d640:   00007fd6bb47d008 0000000000000001
0x00007fff5c49d650:   00007fff5c49d6c0 00007fffb1b12992
0x00007fff5c49d660:   000000015c49d680 00007fd6bba38950
0x00007fff5c49d670:   00007fd6bba38888 0000000200001000 

Instructions: (pc=0x00007fffba6b4c22)
0x00007fffba6b4c02:   24 04 81 e1 3f 8c 00 00 48 8b 85 38 ff ff ff 44
0x00007fffba6b4c12:   8b 80 38 02 00 00 4c 89 f2 48 8b 85 30 ff ff ff
0x00007fffba6b4c22:   ff 50 08 bb 15 27 00 00 85 c0 0f 85 31 02 00 00
0x00007fffba6b4c32:   49 8b 4d 60 41 8b 06 eb 10 41 8b 06 bb 15 27 00 

Register to memory mapping:

RAX=0x0000000000000000 is an unknown value
RBX=0x0000000000002715 is an unknown value
RCX=0x0000000000000c24 is an unknown value
RDX=0x00007fd6bb47d010 is an unknown value
RSP=0x00007fff5c49d480 is pointing into the stack for thread: 0x00007fd6bd89e000
RBP=0x00007fff5c49d580 is pointing into the stack for thread: 0x00007fd6bd89e000
RSI=0x000000000000433c is an unknown value
RDI=0x0000000000030953 is an unknown value
R8 =0x000000000ea00000 is an unknown value
R9 =0x00007fd6bf800000 is an unknown value
R10=0x000000000000003c is an unknown value
R11=0x0000000000000206 is an unknown value
R12=0x00007fd6bb47d008 is an unknown value
R13=0x00007fd6bba3aa00 is an unknown value
R14=0x00007fd6bb47d010 is an unknown value
R15=0x0000000000000000 is an unknown value


Stack: [0x00007fff5bca3000,0x00007fff5c4a3000],  sp=0x00007fff5c49d480,  free space=8169k
Native frames: (J=compiled Java code, j=interpreted, Vv=VM code, C=native code)
C  [libGPUSupportMercury.dylib+0xac22]  gldAttachDrawable+0x12f
C  [GLEngine+0x160eb]  gliAttachDrawableWithOptions+0x106
C  [OpenGL+0x3bb8]  glcGetIOAccelService+0xe8c
C  [OpenGL+0x7744]  CGLSetPBuffer+0xb45
C  [OpenGL+0x7a62]  CGLSetSurface+0x125
C  [AppKit+0x336030]  NSOpenGLContextAttachOnScreenViewSurface+0x187
C  [AppKit+0x6edaeb]  __27-[NSOpenGLContext setView:]_block_invoke+0xd3
C  [AppKit+0x17a65c]  NSPerformVisuallyAtomicChange+0x93
C  [AppKit+0x3228f4]  -[NSOpenGLContext setView:]+0x69
C  [liblwjgl.dylib+0xa586]  -[MacOSXOpenGLView lockFocus]+0x76
C  [AppKit+0x19d752]  -[NSView _recursiveDisplayRectIfNeededIgnoringOpacity:isVisibleRect:rectIsVisibleRectForView:topView:]+0x6ee
C  [AppKit+0x19dfa8]  -[NSView _recursiveDisplayRectIfNeededIgnoringOpacity:isVisibleRect:rectIsVisibleRectForView:topView:]+0xf44
C  [AppKit+0x19cb87]  -[NSThemeFrame _recursiveDisplayRectIfNeededIgnoringOpacity:isVisibleRect:rectIsVisibleRectForView:topView:]+0x14e
C  [AppKit+0x19afaf]  -[NSView _displayRectIgnoringOpacity:isVisibleRect:rectIsVisibleRectForView:]+0x994
C  [AppKit+0x196898]  -[NSView displayIfNeeded]+0x6d4
C  [AppKit+0x1961ab]  -[NSWindow displayIfNeeded]+0xe6
C  [AppKit+0x8f1123]  ___NSWindowGetDisplayCycleObserver_block_invoke.6219+0x115
C  [AppKit+0x195c89]  __37+[NSDisplayCycle currentDisplayCycle]_block_invoke+0x1c6
C  [QuartzCore+0x111ba]  _ZN2CA11Transaction19run_commit_handlersE18CATransactionPhase+0x2e
C  [QuartzCore+0x118e10]  _ZN2CA7Context18commit_transactionEPNS_11TransactionE+0xa0
C  [QuartzCore+0xfd55]  _ZN2CA11Transaction6commitEv+0x1db
C  [AppKit+0x477d99]  __37+[NSDisplayCycle currentDisplayCycle]_block_invoke.31+0x143
C  [CoreFoundation+0xa6ec7]  __CFRUNLOOP_IS_CALLING_OUT_TO_AN_OBSERVER_CALLBACK_FUNCTION__+0x17
C  [CoreFoundation+0xa6e37]  __CFRunLoopDoObservers+0x187
C  [CoreFoundation+0x87ad9]  __CFRunLoopRun+0x369
C  [CoreFoundation+0x87514]  CFRunLoopRunSpecific+0x1a4
C  [HIToolbox+0x312ac]  RunCurrentEventLoopInMode+0xf0
C  [HIToolbox+0x30fe9]  ReceiveNextEventCommon+0xb8
C  [HIToolbox+0x30f16]  _BlockUntilNextEventMatchingListInModeWithFilter+0x47
C  [AppKit+0x476cd]  _DPSNextEvent+0x445
C  [AppKit+0x7be830]  -[NSApplication(NSEvent) _nextEventMatchingEventMask:untilDate:inMode:dequeue:]+0xaaa
C  [libosxapp.dylib+0x242a]  -[NSApplicationAWT nextEventMatchingMask:untilDate:inMode:dequeue:]+0x7c
C  [AppKit+0x3c06d]  -[NSApplication run]+0x39e
C  [libosxapp.dylib+0x223e]  +[NSApplicationAWT runAWTLoopWithApp:]+0x9c
C  [libawt_lwawt.dylib+0x4454b]  -[AWTStarter starter:]+0x389
C  [Foundation+0x71f2a]  __NSThreadPerformPerform+0x146
C  [CoreFoundation+0xa74b1]  __CFRUNLOOP_IS_CALLING_OUT_TO_A_SOURCE0_PERFORM_FUNCTION__+0x11
C  [CoreFoundation+0x8861d]  __CFRunLoopDoSources0+0x22d
C  [CoreFoundation+0x87b16]  __CFRunLoopRun+0x3a6
C  [CoreFoundation+0x87514]  CFRunLoopRunSpecific+0x1a4
C  [java+0x6463]  CreateExecutionEnvironment+0x367
C  [java+0x21ac]  JLI_Launch+0x7a0
C  [java+0x84c0]  main+0x65
C  [java+0x1a04]  start+0x34
C  0x0000000000000006


---------------  P R O C E S S  ---------------

Java Threads: ( => current thread )
  0x00007fd6bd920800 JavaThread "AWT-Shutdown" [_thread_blocked, id=28439, stack(0x000070000272d000,0x000070000282d000)]
  0x00007fd6bba61000 JavaThread "Thread-43" [_thread_blocked, id=89859, stack(0x0000700005640000,0x0000700005740000)]
  0x00007fd6bd916000 JavaThread "Thread-42" [_thread_blocked, id=89347, stack(0x000070000553d000,0x000070000563d000)]
  0x00007fd6bba60000 JavaThread "Thread-41" [_thread_blocked, id=88835, stack(0x000070000543a000,0x000070000553a000)]
  0x00007fd6bba6d000 JavaThread "Thread-40" [_thread_blocked, id=88323, stack(0x0000700005337000,0x0000700005437000)]
  0x00007fd6bba6c000 JavaThread "Thread-39" [_thread_blocked, id=87811, stack(0x0000700005234000,0x0000700005334000)]
  0x00007fd6bba6b800 JavaThread "Thread-38" [_thread_blocked, id=87299, stack(0x0000700005131000,0x0000700005231000)]
  0x00007fd6bba6a800 JavaThread "Thread-37" [_thread_blocked, id=86787, stack(0x000070000502e000,0x000070000512e000)]
  0x00007fd6bd915000 JavaThread "Thread-36" [_thread_blocked, id=86275, stack(0x0000700004f2b000,0x000070000502b000)]
  0x00007fd6bba6a000 JavaThread "Thread-35" [_thread_blocked, id=85763, stack(0x0000700004e28000,0x0000700004f28000)]
  0x00007fd6bba69000 JavaThread "Thread-34" [_thread_blocked, id=85251, stack(0x0000700004d25000,0x0000700004e25000)]
  0x00007fd6bba68800 JavaThread "Thread-33" [_thread_blocked, id=84739, stack(0x0000700004c22000,0x0000700004d22000)]
  0x00007fd6be1bc800 JavaThread "Thread-32" [_thread_blocked, id=84227, stack(0x0000700004b1f000,0x0000700004c1f000)]
  0x00007fd6bba5f800 JavaThread "Thread-31" [_thread_blocked, id=83715, stack(0x0000700004a1c000,0x0000700004b1c000)]
  0x00007fd6bd914800 JavaThread "Thread-30" [_thread_blocked, id=83203, stack(0x0000700004919000,0x0000700004a19000)]
  0x00007fd6bd8bf000 JavaThread "Thread-29" [_thread_blocked, id=82691, stack(0x0000700004816000,0x0000700004916000)]
  0x00007fd6bd8be000 JavaThread "Thread-28" [_thread_blocked, id=82179, stack(0x0000700004713000,0x0000700004813000)]
  0x00007fd6bd8ab000 JavaThread "Thread-27" [_thread_blocked, id=81667, stack(0x0000700004610000,0x0000700004710000)]
  0x00007fd6bd8aa800 JavaThread "Thread-26" [_thread_blocked, id=81155, stack(0x000070000450d000,0x000070000460d000)]
  0x00007fd6be1bc000 JavaThread "Thread-25" [_thread_blocked, id=80643, stack(0x000070000440a000,0x000070000450a000)]
  0x00007fd6be1bb000 JavaThread "Thread-24" [_thread_blocked, id=80131, stack(0x0000700004307000,0x0000700004407000)]
  0x00007fd6be1ba800 JavaThread "Thread-23" [_thread_blocked, id=79619, stack(0x0000700004204000,0x0000700004304000)]
  0x00007fd6be1b9800 JavaThread "Thread-22" [_thread_blocked, id=79107, stack(0x0000700004101000,0x0000700004201000)]
  0x00007fd6be80e800 JavaThread "Thread-21" [_thread_blocked, id=78595, stack(0x0000700003ffe000,0x00007000040fe000)]
  0x00007fd6be1b9000 JavaThread "Thread-20" [_thread_blocked, id=78083, stack(0x0000700003efb000,0x0000700003ffb000)]
  0x00007fd6be1b8000 JavaThread "Thread-19" [_thread_blocked, id=77571, stack(0x0000700003df8000,0x0000700003ef8000)]
  0x00007fd6bd8ce800 JavaThread "Thread-18" [_thread_blocked, id=77059, stack(0x0000700003cf5000,0x0000700003df5000)]
  0x00007fd6bd0ce000 JavaThread "Thread-17" [_thread_blocked, id=76547, stack(0x0000700003bf2000,0x0000700003cf2000)]
  0x00007fd6bd0cd800 JavaThread "Thread-16" [_thread_blocked, id=76035, stack(0x0000700003aef000,0x0000700003bef000)]
  0x00007fd6bd8cb000 JavaThread "Thread-15" [_thread_blocked, id=75523, stack(0x00007000039ec000,0x0000700003aec000)]
  0x00007fd6be1b7800 JavaThread "Thread-14" [_thread_blocked, id=75011, stack(0x00007000038e9000,0x00007000039e9000)]
  0x00007fd6be1b6800 JavaThread "Thread-13" [_thread_blocked, id=74499, stack(0x00007000037e6000,0x00007000038e6000)]
  0x00007fd6bd0cc800 JavaThread "Thread-12" [_thread_blocked, id=73987, stack(0x00007000036e3000,0x00007000037e3000)]
  0x00007fd6bd0cc000 JavaThread "Thread-11" [_thread_blocked, id=73475, stack(0x00007000035e0000,0x00007000036e0000)]
  0x00007fd6bd0cb000 JavaThread "Thread-10" [_thread_blocked, id=72963, stack(0x00007000034dd000,0x00007000035dd000)]
  0x00007fd6bd0df000 JavaThread "Thread-9" [_thread_blocked, id=72451, stack(0x00007000033da000,0x00007000034da000)]
  0x00007fd6be1b2800 JavaThread "Thread-8" [_thread_blocked, id=71939, stack(0x00007000032d7000,0x00007000033d7000)]
  0x00007fd6be1b2000 JavaThread "Thread-7" [_thread_blocked, id=71427, stack(0x00007000031d4000,0x00007000032d4000)]
  0x00007fd6be802000 JavaThread "Thread-6" [_thread_blocked, id=70919, stack(0x00007000030d1000,0x00007000031d1000)]
  0x00007fd6be1b1000 JavaThread "Thread-5" [_thread_blocked, id=64791, stack(0x0000700002fce000,0x00007000030ce000)]
  0x00007fd6be1b0800 JavaThread "Thread-4" [_thread_blocked, id=65543, stack(0x0000700002ecb000,0x0000700002fcb000)]
  0x00007fd6be1af800 JavaThread "Thread-3" [_thread_blocked, id=69139, stack(0x0000700002dc8000,0x0000700002ec8000)]
  0x00007fd6be1af000 JavaThread "Thread-2" [_thread_blocked, id=68359, stack(0x0000700002cc5000,0x0000700002dc5000)]
  0x00007fd6be1ab800 JavaThread "Thread-1" [_thread_blocked, id=68879, stack(0x0000700002bc2000,0x0000700002cc2000)]
  0x00007fd6bd085800 JavaThread "Java2D Disposer" daemon [_thread_blocked, id=58971, stack(0x0000700002abf000,0x0000700002bbf000)]
=>0x00007fd6bd89e000 JavaThread "AppKit Thread" daemon [_thread_in_native, id=775, stack(0x00007fff5bca3000,0x00007fff5c4a3000)]
  0x00007fd6bd832800 JavaThread "Service Thread" daemon [_thread_blocked, id=21251, stack(0x0000700002527000,0x0000700002627000)]
  0x00007fd6be04a000 JavaThread "C1 CompilerThread3" daemon [_thread_blocked, id=20739, stack(0x0000700002424000,0x0000700002524000)]
  0x00007fd6be049000 JavaThread "C2 CompilerThread2" daemon [_thread_blocked, id=20227, stack(0x0000700002321000,0x0000700002421000)]
  0x00007fd6be048800 JavaThread "C2 CompilerThread1" daemon [_thread_blocked, id=19715, stack(0x000070000221e000,0x000070000231e000)]
  0x00007fd6be046800 JavaThread "C2 CompilerThread0" daemon [_thread_blocked, id=19203, stack(0x000070000211b000,0x000070000221b000)]
  0x00007fd6be046000 JavaThread "Signal Dispatcher" daemon [_thread_blocked, id=18691, stack(0x0000700002018000,0x0000700002118000)]
  0x00007fd6bd009800 JavaThread "Finalizer" daemon [_thread_blocked, id=14595, stack(0x0000700001f15000,0x0000700002015000)]
  0x00007fd6bd009000 JavaThread "Reference Handler" daemon [_thread_blocked, id=14083, stack(0x0000700001e12000,0x0000700001f12000)]
  0x00007fd6bb801800 JavaThread "main" [_thread_in_native, id=7171, stack(0x00007000013f4000,0x00007000014f4000)]

Other Threads:
  0x00007fd6be01e800 VMThread [stack: 0x0000700001d0f000,0x0000700001e0f000] [id=13571]
  0x00007fd6bd833000 WatcherThread [stack: 0x000070000262a000,0x000070000272a000] [id=21763]

VM state:not at safepoint (normal execution)

VM Mutex/Monitor currently owned by a thread: None

Heap:
 PSYoungGen      total 76288K, used 58423K [0x000000076ab00000, 0x0000000770000000, 0x00000007c0000000)
  eden space 65536K, 85% used [0x000000076ab00000,0x000000076e203148,0x000000076eb00000)
  from space 10752K, 19% used [0x000000076eb00000,0x000000076ed0ab60,0x000000076f580000)
  to   space 10752K, 0% used [0x000000076f580000,0x000000076f580000,0x0000000770000000)
 ParOldGen       total 175104K, used 8K [0x00000006c0000000, 0x00000006cab00000, 0x000000076ab00000)
  object space 175104K, 0% used [0x00000006c0000000,0x00000006c0002000,0x00000006cab00000)
 Metaspace       used 6848K, capacity 7007K, committed 7296K, reserved 1056768K
  class space    used 710K, capacity 792K, committed 896K, reserved 1048576K

Card table byte_map: [0x0000000105b5e000,0x000000010635f000] byte_map_base: 0x000000010255e000

Marking Bits: (ParMarkBitMap*) 0x00000001050c27a0
 Begin Bits: [0x000000011b985000, 0x000000011f985000)
 End Bits:   [0x000000011f985000, 0x0000000123985000)

Polling page: 0x00000001037e8000

CodeCache: size=245760Kb used=2704Kb max_used=2716Kb free=243055Kb
 bounds [0x000000010c985000, 0x000000010cc35000, 0x000000011b985000]
 total_blobs=1047 nmethods=675 adapters=286
 compilation: enabled

Compilation events (10 events):
Event: 43.710 Thread 0x00007fd6be04a000  670       3       java.nio.Bits::putInt (20 bytes)
Event: 43.710 Thread 0x00007fd6be04a000 nmethod 670 0x000000010cc1f1d0 code [0x000000010cc1f340, 0x000000010cc1f538]
Event: 43.718 Thread 0x00007fd6be04a000  671   !   3       sun.awt.AWTAutoShutdown::setToolkitBusy (124 bytes)
Event: 43.718 Thread 0x00007fd6be04a000 nmethod 671 0x000000010cc1e390 code [0x000000010cc1e560, 0x000000010cc1ede8]
Event: 43.890 Thread 0x00007fd6be04a000  672       3       java.nio.HeapByteBuffer::put (16 bytes)
Event: 43.890 Thread 0x00007fd6be04a000 nmethod 672 0x000000010cc1dc90 code [0x000000010cc1de20, 0x000000010cc1e1c8]
Event: 44.134 Thread 0x00007fd6be04a000  673  s    3       org.lwjgl.opengl.EventQueue::copyEvents (77 bytes)
Event: 44.135 Thread 0x00007fd6be04a000 nmethod 673 0x000000010cc1cd10 code [0x000000010cc1cee0, 0x000000010cc1d9b8]
Event: 44.233 Thread 0x00007fd6be04a000  674   !   3       org.lwjgl.opengl.Display::update (154 bytes)
Event: 44.235 Thread 0x00007fd6be04a000 nmethod 674 0x000000010cc1af50 code [0x000000010cc1b200, 0x000000010cc1c378]

GC Heap History (2 events):
Event: 0.667 GC heap before
{Heap before GC invocations=1 (full 0):
 PSYoungGen      total 76288K, used 65536K [0x000000076ab00000, 0x0000000770000000, 0x00000007c0000000)
  eden space 65536K, 100% used [0x000000076ab00000,0x000000076eb00000,0x000000076eb00000)
  from space 10752K, 0% used [0x000000076f580000,0x000000076f580000,0x0000000770000000)
  to   space 10752K, 0% used [0x000000076eb00000,0x000000076eb00000,0x000000076f580000)
 ParOldGen       total 175104K, used 0K [0x00000006c0000000, 0x00000006cab00000, 0x000000076ab00000)
  object space 175104K, 0% used [0x00000006c0000000,0x00000006c0000000,0x00000006cab00000)
 Metaspace       used 6766K, capacity 6911K, committed 7168K, reserved 1056768K
  class space    used 706K, capacity 760K, committed 768K, reserved 1048576K
Event: 0.669 GC heap after
Heap after GC invocations=1 (full 0):
 PSYoungGen      total 76288K, used 2090K [0x000000076ab00000, 0x0000000770000000, 0x00000007c0000000)
  eden space 65536K, 0% used [0x000000076ab00000,0x000000076ab00000,0x000000076eb00000)
  from space 10752K, 19% used [0x000000076eb00000,0x000000076ed0ab60,0x000000076f580000)
  to   space 10752K, 0% used [0x000000076f580000,0x000000076f580000,0x0000000770000000)
 ParOldGen       total 175104K, used 8K [0x00000006c0000000, 0x00000006cab00000, 0x000000076ab00000)
  object space 175104K, 0% used [0x00000006c0000000,0x00000006c0002000,0x00000006cab00000)
 Metaspace       used 6766K, capacity 6911K, committed 7168K, reserved 1056768K
  class space    used 706K, capacity 760K, committed 768K, reserved 1048576K
}

Deoptimization events (10 events):
Event: 0.545 Thread 0x00007fd6bb801800 Uncommon trap: reason=unstable_if action=reinterpret pc=0x000000010cb958fc method=java.util.ArrayList$Itr.hasNext()Z @ 11
Event: 0.570 Thread 0x00007fd6bba60000 Uncommon trap: reason=unstable_if action=reinterpret pc=0x000000010cb97010 method=java.awt.Rectangle.intersects(Ljava/awt/Rectangle;)Z @ 101
Event: 1.986 Thread 0x00007fd6bb801800 Uncommon trap: reason=unstable_if action=reinterpret pc=0x000000010cbdd660 method=com.capstone.plasma.ParticleHandler$Particle.check()V @ 100
Event: 1.991 Thread 0x00007fd6bb801800 Uncommon trap: reason=unstable_if action=reinterpret pc=0x000000010cbc9404 method=com.capstone.plasma.ParticleHandler$Particle.check()V @ 100
Event: 10.816 Thread 0x00007fd6bb801800 Uncommon trap: reason=unstable_if action=reinterpret pc=0x000000010cb9de58 method=com.capstone.plasma.tiles.Tile.paint()V @ 24
Event: 10.923 Thread 0x00007fd6bb801800 Uncommon trap: reason=unstable_if action=reinterpret pc=0x000000010cb9ac18 method=com.capstone.plasma.tiles.BackgroundTile.paint()V @ 24
Event: 11.526 Thread 0x00007fd6bb801800 Uncommon trap: reason=unstable_if action=reinterpret pc=0x000000010cbf617c method=com.capstone.plasma.ParticleHandler.paint()V @ 52
Event: 11.527 Thread 0x00007fd6bb801800 Uncommon trap: reason=unstable_if action=reinterpret pc=0x000000010cbd7918 method=com.capstone.plasma.ParticleHandler.paint()V @ 133
Event: 43.555 Thread 0x00007fd6bb801800 Uncommon trap: reason=unstable_if action=reinterpret pc=0x000000010cc26504 method=org.lwjgl.opengl.MacOSXDisplay.update()V @ 86
Event: 43.778 Thread 0x00007fd6bb801800 Uncommon trap: reason=unstable_if action=reinterpret pc=0x000000010cc1783c method=org.lwjgl.opengl.EventQueue.copyEvents(Ljava/nio/ByteBuffer;)V @ 27

Internal exceptions (10 events):
Event: 0.037 Thread 0x00007fd6bb801800 Exception <a 'java/lang/NoSuchMethodError': Method sun.misc.Unsafe.defineClass(Ljava/lang/String;[BII)Ljava/lang/Class; name or signature does not match> (0x000000076ab12db0) thrown at [/Users/java_re/workspace/8-2-build-macosx-x86_64/jdk8u51/3951/hotspot
Event: 0.037 Thread 0x00007fd6bb801800 Exception <a 'java/lang/NoSuchMethodError': Method sun.misc.Unsafe.prefetchRead(Ljava/lang/Object;J)V name or signature does not match> (0x000000076ab13040) thrown at [/Users/java_re/workspace/8-2-build-macosx-x86_64/jdk8u51/3951/hotspot/src/share/vm/prim
Event: 0.103 Thread 0x00007fd6bb801800 Exception <a 'java/security/PrivilegedActionException'> (0x000000076ac351c8) thrown at [/Users/java_re/workspace/8-2-build-macosx-x86_64/jdk8u51/3951/hotspot/src/share/vm/prims/jvm.cpp, line 1382]
Event: 0.103 Thread 0x00007fd6bb801800 Exception <a 'java/security/PrivilegedActionException'> (0x000000076ac35380) thrown at [/Users/java_re/workspace/8-2-build-macosx-x86_64/jdk8u51/3951/hotspot/src/share/vm/prims/jvm.cpp, line 1382]
Event: 0.104 Thread 0x00007fd6bb801800 Exception <a 'java/security/PrivilegedActionException'> (0x000000076ac38700) thrown at [/Users/java_re/workspace/8-2-build-macosx-x86_64/jdk8u51/3951/hotspot/src/share/vm/prims/jvm.cpp, line 1382]
Event: 0.104 Thread 0x00007fd6bb801800 Exception <a 'java/security/PrivilegedActionException'> (0x000000076ac388b8) thrown at [/Users/java_re/workspace/8-2-build-macosx-x86_64/jdk8u51/3951/hotspot/src/share/vm/prims/jvm.cpp, line 1382]
Event: 0.221 Thread 0x00007fd6bb801800 Exception <a 'java/io/FileNotFoundException'> (0x000000076ac3c7e0) thrown at [/Users/java_re/workspace/8-2-build-macosx-x86_64/jdk8u51/3951/hotspot/src/share/vm/prims/jni.cpp, line 709]
Event: 0.221 Thread 0x00007fd6bb801800 Exception <a 'java/io/FileNotFoundException'> (0x000000076ac3d2f8) thrown at [/Users/java_re/workspace/8-2-build-macosx-x86_64/jdk8u51/3951/hotspot/src/share/vm/prims/jni.cpp, line 709]
Event: 0.260 Thread 0x00007fd6bd89e000 Exception <a 'java/lang/NoSuchFieldError': method resolution failed> (0x000000076afa8ec8) thrown at [/Users/java_re/workspace/8-2-build-macosx-x86_64/jdk8u51/3951/hotspot/src/share/vm/prims/methodHandles.cpp, line 1125]
Event: 0.262 Thread 0x00007fd6bd89e000 Exception <a 'java/lang/NoSuchFieldError': method resolution failed> (0x000000076afb7568) thrown at [/Users/java_re/workspace/8-2-build-macosx-x86_64/jdk8u51/3951/hotspot/src/share/vm/prims/methodHandles.cpp, line 1125]

Events (10 events):
Event: 32.690 Thread 0x00007fd6bd0ca000 Thread exited: 0x00007fd6bd0ca000
Event: 43.191 Thread 0x00007fd6bd920800 Thread added: 0x00007fd6bd920800
Event: 43.555 Thread 0x00007fd6bb801800 Uncommon trap: trap_request=0xffffff65 fr.pc=0x000000010cc26504
Event: 43.555 Thread 0x00007fd6bb801800 DEOPT PACKING pc=0x000000010cc26504 sp=0x00007000014f3830
Event: 43.555 Thread 0x00007fd6bb801800 DEOPT UNPACKING pc=0x000000010c98a229 sp=0x00007000014f3738 mode 2
Event: 43.778 Thread 0x00007fd6bb801800 Uncommon trap: trap_request=0xffffff65 fr.pc=0x000000010cc1783c
Event: 43.778 Thread 0x00007fd6bb801800 DEOPT PACKING pc=0x000000010cc1783c sp=0x00007000014f3640
Event: 43.778 Thread 0x00007fd6bb801800 DEOPT UNPACKING pc=0x000000010c98a229 sp=0x00007000014f35f8 mode 2
Event: 44.249 loading class org/lwjgl/opengl/CallbackUtil
Event: 44.249 loading class org/lwjgl/opengl/CallbackUtil done


Dynamic libraries:
0x00000000379d3000 	/System/Library/Frameworks/Cocoa.framework/Versions/A/Cocoa
0x00000000379d3000 	/System/Library/Frameworks/Security.framework/Versions/A/Security
0x00000000379d3000 	/System/Library/Frameworks/ApplicationServices.framework/Versions/A/ApplicationServices
0x00000000379d3000 	/usr/lib/libz.1.dylib
0x00000000379d3000 	/usr/lib/libSystem.B.dylib
0x00000000379d3000 	/usr/lib/libobjc.A.dylib
0x00000000379d3000 	/System/Library/Frameworks/CoreFoundation.framework/Versions/A/CoreFoundation
0x00000000379d3000 	/System/Library/Frameworks/Foundation.framework/Versions/C/Foundation
0x00000000379d3000 	/System/Library/Frameworks/AppKit.framework/Versions/C/AppKit
0x00000000379d3000 	/System/Library/Frameworks/CoreData.framework/Versions/A/CoreData
0x00000000379d3000 	/System/Library/PrivateFrameworks/RemoteViewServices.framework/Versions/A/RemoteViewServices
0x00000000379d3000 	/System/Library/PrivateFrameworks/UIFoundation.framework/Versions/A/UIFoundation
0x00000000379d3000 	/System/Library/PrivateFrameworks/DFRFoundation.framework/Versions/A/DFRFoundation
0x00000000379d3000 	/usr/lib/libenergytrace.dylib
0x00000000379d3000 	/System/Library/PrivateFrameworks/SkyLight.framework/Versions/A/SkyLight
0x00000000379d3000 	/System/Library/Frameworks/CoreGraphics.framework/Versions/A/CoreGraphics
0x00000000379d3000 	/usr/lib/libScreenReader.dylib
0x00000000379d3000 	/System/Library/Frameworks/Accelerate.framework/Versions/A/Accelerate
0x00000000379d3000 	/System/Library/Frameworks/IOSurface.framework/Versions/A/IOSurface
0x00000000379d3000 	/System/Library/Frameworks/AudioToolbox.framework/Versions/A/AudioToolbox
0x00000000379d3000 	/System/Library/Frameworks/AudioUnit.framework/Versions/A/AudioUnit
0x00000000379d3000 	/System/Library/PrivateFrameworks/DataDetectorsCore.framework/Versions/A/DataDetectorsCore
0x00000000379d3000 	/System/Library/PrivateFrameworks/DesktopServicesPriv.framework/Versions/A/DesktopServicesPriv
0x00000000379d3000 	/System/Library/Frameworks/Carbon.framework/Versions/A/Frameworks/HIToolbox.framework/Versions/A/HIToolbox
0x00000000379d3000 	/usr/lib/libicucore.A.dylib
0x00000000379d3000 	/System/Library/Frameworks/QuartzCore.framework/Versions/A/QuartzCore
0x00000000379d3000 	/System/Library/Frameworks/Carbon.framework/Versions/A/Frameworks/SpeechRecognition.framework/Versions/A/SpeechRecognition
0x00000000379d3000 	/usr/lib/libauto.dylib
0x00000000379d3000 	/usr/lib/libxml2.2.dylib
0x00000000379d3000 	/System/Library/PrivateFrameworks/CoreUI.framework/Versions/A/CoreUI
0x00000000379d3000 	/System/Library/Frameworks/CoreAudio.framework/Versions/A/CoreAudio
0x00000000379d3000 	/System/Library/Frameworks/DiskArbitration.framework/Versions/A/DiskArbitration
0x00000000379d3000 	/usr/lib/liblangid.dylib
0x00000000379d3000 	/System/Library/PrivateFrameworks/MultitouchSupport.framework/Versions/A/MultitouchSupport
0x00000000379d3000 	/System/Library/Frameworks/IOKit.framework/Versions/A/IOKit
0x00000000379d3000 	/usr/lib/libDiagnosticMessagesClient.dylib
0x00000000379d3000 	/System/Library/Frameworks/CoreServices.framework/Versions/A/CoreServices
0x00000000379d3000 	/System/Library/PrivateFrameworks/PerformanceAnalysis.framework/Versions/A/PerformanceAnalysis
0x00000000379d3000 	/System/Library/PrivateFrameworks/GenerationalStorage.framework/Versions/A/GenerationalStorage
0x00000000379d3000 	/System/Library/Frameworks/OpenGL.framework/Versions/A/OpenGL
0x00000000379d3000 	/System/Library/Frameworks/CoreImage.framework/Versions/A/CoreImage
0x00000000379d3000 	/System/Library/Frameworks/CoreText.framework/Versions/A/CoreText
0x00000000379d3000 	/System/Library/Frameworks/ImageIO.framework/Versions/A/ImageIO
0x00000000379d3000 	/System/Library/PrivateFrameworks/Backup.framework/Versions/A/Backup
0x00000000379d3000 	/usr/lib/libarchive.2.dylib
0x00000000379d3000 	/System/Library/Frameworks/CFNetwork.framework/Versions/A/CFNetwork
0x00000000379d3000 	/System/Library/Frameworks/SystemConfiguration.framework/Versions/A/SystemConfiguration
0x00000000379d3000 	/usr/lib/libCRFSuite.dylib
0x00000000379d3000 	/usr/lib/libc++.1.dylib
0x00000000379d3000 	/usr/lib/libc++abi.dylib
0x00000000379d3000 	/usr/lib/system/libcache.dylib
0x00000000379d3000 	/usr/lib/system/libcommonCrypto.dylib
0x00000000379d3000 	/usr/lib/system/libcompiler_rt.dylib
0x00000000379d3000 	/usr/lib/system/libcopyfile.dylib
0x00000000379d3000 	/usr/lib/system/libcorecrypto.dylib
0x00000000379d3000 	/usr/lib/system/libdispatch.dylib
0x00000000379d3000 	/usr/lib/system/libdyld.dylib
0x00000000379d3000 	/usr/lib/system/libkeymgr.dylib
0x00000000379d3000 	/usr/lib/system/liblaunch.dylib
0x00000000379d3000 	/usr/lib/system/libmacho.dylib
0x00000000379d3000 	/usr/lib/system/libquarantine.dylib
0x00000000379d3000 	/usr/lib/system/libremovefile.dylib
0x00000000379d3000 	/usr/lib/system/libsystem_asl.dylib
0x00000000379d3000 	/usr/lib/system/libsystem_blocks.dylib
0x00000000379d3000 	/usr/lib/system/libsystem_c.dylib
0x00000000379d3000 	/usr/lib/system/libsystem_configuration.dylib
0x00000000379d3000 	/usr/lib/system/libsystem_coreservices.dylib
0x00000000379d3000 	/usr/lib/system/libsystem_coretls.dylib
0x00000000379d3000 	/usr/lib/system/libsystem_dnssd.dylib
0x00000000379d3000 	/usr/lib/system/libsystem_info.dylib
0x00000000379d3000 	/usr/lib/system/libsystem_kernel.dylib
0x00000000379d3000 	/usr/lib/system/libsystem_m.dylib
0x00000000379d3000 	/usr/lib/system/libsystem_malloc.dylib
0x00000000379d3000 	/usr/lib/system/libsystem_network.dylib
0x00000000379d3000 	/usr/lib/system/libsystem_networkextension.dylib
0x00000000379d3000 	/usr/lib/system/libsystem_notify.dylib
0x00000000379d3000 	/usr/lib/system/libsystem_platform.dylib
0x00000000379d3000 	/usr/lib/system/libsystem_pthread.dylib
0x00000000379d3000 	/usr/lib/system/libsystem_sandbox.dylib
0x00000000379d3000 	/usr/lib/system/libsystem_secinit.dylib
0x00000000379d3000 	/usr/lib/system/libsystem_symptoms.dylib
0x00000000379d3000 	/usr/lib/system/libsystem_trace.dylib
0x00000000379d3000 	/usr/lib/system/libunwind.dylib
0x00000000379d3000 	/usr/lib/system/libxpc.dylib
0x00000000379d3000 	/usr/lib/libbsm.0.dylib
0x00000000379d3000 	/usr/lib/system/libkxld.dylib
0x00000000379d3000 	/usr/lib/libcoretls.dylib
0x00000000379d3000 	/usr/lib/libcoretls_cfhelpers.dylib
0x00000000379d3000 	/usr/lib/libxar.1.dylib
0x00000000379d3000 	/usr/lib/libsqlite3.dylib
0x00000000379d3000 	/usr/lib/libpam.2.dylib
0x00000000379d3000 	/usr/lib/libOpenScriptingUtil.dylib
0x00000000379d3000 	/usr/lib/libbz2.1.0.dylib
0x00000000379d3000 	/usr/lib/liblzma.5.dylib
0x00000000379d3000 	/usr/lib/libnetwork.dylib
0x00000000379d3000 	/usr/lib/libpcap.A.dylib
0x00000000379d3000 	/System/Library/Frameworks/CoreServices.framework/Versions/A/Frameworks/FSEvents.framework/Versions/A/FSEvents
0x00000000379d3000 	/System/Library/Frameworks/CoreServices.framework/Versions/A/Frameworks/CarbonCore.framework/Versions/A/CarbonCore
0x00000000379d3000 	/System/Library/Frameworks/CoreServices.framework/Versions/A/Frameworks/Metadata.framework/Versions/A/Metadata
0x00000000379d3000 	/System/Library/Frameworks/CoreServices.framework/Versions/A/Frameworks/OSServices.framework/Versions/A/OSServices
0x00000000379d3000 	/System/Library/Frameworks/CoreServices.framework/Versions/A/Frameworks/SearchKit.framework/Versions/A/SearchKit
0x00000000379d3000 	/System/Library/Frameworks/CoreServices.framework/Versions/A/Frameworks/AE.framework/Versions/A/AE
0x00000000379d3000 	/System/Library/Frameworks/CoreServices.framework/Versions/A/Frameworks/LaunchServices.framework/Versions/A/LaunchServices
0x00000000379d3000 	/System/Library/Frameworks/CoreServices.framework/Versions/A/Frameworks/DictionaryServices.framework/Versions/A/DictionaryServices
0x00000000379d3000 	/System/Library/Frameworks/CoreServices.framework/Versions/A/Frameworks/SharedFileList.framework/Versions/A/SharedFileList
0x00000000379d3000 	/System/Library/Frameworks/NetFS.framework/Versions/A/NetFS
0x00000000379d3000 	/System/Library/PrivateFrameworks/NetAuth.framework/Versions/A/NetAuth
0x00000000379d3000 	/System/Library/PrivateFrameworks/login.framework/Versions/A/Frameworks/loginsupport.framework/Versions/A/loginsupport
0x00000000379d3000 	/System/Library/PrivateFrameworks/TCC.framework/Versions/A/TCC
0x00000000379d3000 	/usr/lib/libmecabra.dylib
0x00000000379d3000 	/System/Library/Frameworks/ApplicationServices.framework/Versions/A/Frameworks/ATS.framework/Versions/A/ATS
0x00000000379d3000 	/System/Library/Frameworks/ApplicationServices.framework/Versions/A/Frameworks/ColorSync.framework/Versions/A/ColorSync
0x00000000379d3000 	/System/Library/Frameworks/ApplicationServices.framework/Versions/A/Frameworks/HIServices.framework/Versions/A/HIServices
0x00000000379d3000 	/System/Library/Frameworks/ApplicationServices.framework/Versions/A/Frameworks/LangAnalysis.framework/Versions/A/LangAnalysis
0x00000000379d3000 	/System/Library/Frameworks/ApplicationServices.framework/Versions/A/Frameworks/PrintCore.framework/Versions/A/PrintCore
0x00000000379d3000 	/System/Library/Frameworks/ApplicationServices.framework/Versions/A/Frameworks/QD.framework/Versions/A/QD
0x00000000379d3000 	/System/Library/Frameworks/ApplicationServices.framework/Versions/A/Frameworks/SpeechSynthesis.framework/Versions/A/SpeechSynthesis
0x00000000379d3000 	/System/Library/Frameworks/Accelerate.framework/Versions/A/Frameworks/vImage.framework/Versions/A/vImage
0x00000000379d3000 	/System/Library/Frameworks/Accelerate.framework/Versions/A/Frameworks/vecLib.framework/Versions/A/vecLib
0x00000000379d3000 	/System/Library/Frameworks/Accelerate.framework/Versions/A/Frameworks/vecLib.framework/Versions/A/libvDSP.dylib
0x00000000379d3000 	/System/Library/Frameworks/Accelerate.framework/Versions/A/Frameworks/vecLib.framework/Versions/A/libBNNS.dylib
0x00000000379d3000 	/System/Library/Frameworks/Accelerate.framework/Versions/A/Frameworks/vecLib.framework/Versions/A/libQuadrature.dylib
0x00000000379d3000 	/System/Library/Frameworks/Accelerate.framework/Versions/A/Frameworks/vecLib.framework/Versions/A/libvMisc.dylib
0x00000000379d3000 	/System/Library/Frameworks/Accelerate.framework/Versions/A/Frameworks/vecLib.framework/Versions/A/libLAPACK.dylib
0x00000000379d3000 	/System/Library/Frameworks/Accelerate.framework/Versions/A/Frameworks/vecLib.framework/Versions/A/libBLAS.dylib
0x00000000379d3000 	/System/Library/Frameworks/Accelerate.framework/Versions/A/Frameworks/vecLib.framework/Versions/A/libLinearAlgebra.dylib
0x00000000379d3000 	/System/Library/Frameworks/Accelerate.framework/Versions/A/Frameworks/vecLib.framework/Versions/A/libSparseBLAS.dylib
0x00000000379d3000 	/System/Library/Frameworks/ApplicationServices.framework/Versions/A/Frameworks/ATS.framework/Versions/A/Resources/libFontParser.dylib
0x00000000379d3000 	/System/Library/Frameworks/ApplicationServices.framework/Versions/A/Frameworks/ATS.framework/Versions/A/Resources/libFontRegistry.dylib
0x00000000379d3000 	/System/Library/Frameworks/ImageIO.framework/Versions/A/Resources/libJPEG.dylib
0x00000000379d3000 	/System/Library/Frameworks/ImageIO.framework/Versions/A/Resources/libTIFF.dylib
0x00000000379d3000 	/System/Library/Frameworks/ImageIO.framework/Versions/A/Resources/libPng.dylib
0x00000000379d3000 	/System/Library/Frameworks/ImageIO.framework/Versions/A/Resources/libGIF.dylib
0x00000000379d3000 	/System/Library/Frameworks/ImageIO.framework/Versions/A/Resources/libJP2.dylib
0x00000000379d3000 	/System/Library/Frameworks/ImageIO.framework/Versions/A/Resources/libRadiance.dylib
0x00000000379d3000 	/usr/lib/libcompression.dylib
0x00000000379d3000 	/System/Library/PrivateFrameworks/AppleJPEG.framework/Versions/A/AppleJPEG
0x00000000379d3000 	/usr/lib/libcups.2.dylib
0x00000000379d3000 	/System/Library/Frameworks/Kerberos.framework/Versions/A/Kerberos
0x00000000379d3000 	/System/Library/Frameworks/GSS.framework/Versions/A/GSS
0x00000000379d3000 	/usr/lib/libresolv.9.dylib
0x00000000379d3000 	/usr/lib/libiconv.2.dylib
0x00000000379d3000 	/System/Library/PrivateFrameworks/Heimdal.framework/Versions/A/Heimdal
0x00000000379d3000 	/usr/lib/libheimdal-asn1.dylib
0x00000000379d3000 	/System/Library/Frameworks/OpenDirectory.framework/Versions/A/OpenDirectory
0x00000000379d3000 	/System/Library/PrivateFrameworks/CommonAuth.framework/Versions/A/CommonAuth
0x00000000379d3000 	/System/Library/Frameworks/OpenDirectory.framework/Versions/A/Frameworks/CFOpenDirectory.framework/Versions/A/CFOpenDirectory
0x00000000379d3000 	/System/Library/Frameworks/SecurityFoundation.framework/Versions/A/SecurityFoundation
0x00000000379d3000 	/System/Library/PrivateFrameworks/LanguageModeling.framework/Versions/A/LanguageModeling
0x00000000379d3000 	/usr/lib/libmarisa.dylib
0x00000000379d3000 	/usr/lib/libChineseTokenizer.dylib
0x00000000379d3000 	/usr/lib/libcmph.dylib
0x00000000379d3000 	/System/Library/PrivateFrameworks/CoreEmoji.framework/Versions/A/CoreEmoji
0x00000000379d3000 	/System/Library/Frameworks/ServiceManagement.framework/Versions/A/ServiceManagement
0x00000000379d3000 	/usr/lib/libxslt.1.dylib
0x00000000379d3000 	/System/Library/Frameworks/Carbon.framework/Versions/A/Frameworks/Ink.framework/Versions/A/Ink
0x00000000379d3000 	/System/Library/PrivateFrameworks/TextureIO.framework/Versions/A/TextureIO
0x00000000379d3000 	/System/Library/Frameworks/Metal.framework/Versions/A/Metal
0x00000000379d3000 	/usr/lib/libate.dylib
0x00000000379d3000 	/System/Library/PrivateFrameworks/GPUCompiler.framework/libmetal_timestamp.dylib
0x00000000379d3000 	/System/Library/Frameworks/OpenGL.framework/Versions/A/Libraries/libCoreFSCache.dylib
0x00000000379d3000 	/System/Library/PrivateFrameworks/IOAccelerator.framework/Versions/A/IOAccelerator
0x00000000379d3000 	/System/Library/Frameworks/CoreVideo.framework/Versions/A/CoreVideo
0x00000000379d3000 	/usr/lib/libFosl_dynamic.dylib
0x00000000379d3000 	/System/Library/PrivateFrameworks/MetalPerformanceShaders.framework/Versions/A/MetalPerformanceShaders
0x00000000379d3000 	/System/Library/PrivateFrameworks/FaceCore.framework/Versions/A/FaceCore
0x00000000379d3000 	/System/Library/Frameworks/OpenCL.framework/Versions/A/OpenCL
0x00000000379d3000 	/System/Library/Frameworks/OpenGL.framework/Versions/A/Libraries/libGLU.dylib
0x00000000379d3000 	/System/Library/Frameworks/OpenGL.framework/Versions/A/Libraries/libGFXShared.dylib
0x00000000379d3000 	/System/Library/Frameworks/OpenGL.framework/Versions/A/Libraries/libGL.dylib
0x00000000379d3000 	/System/Library/Frameworks/OpenGL.framework/Versions/A/Libraries/libGLImage.dylib
0x00000000379d3000 	/System/Library/Frameworks/OpenGL.framework/Versions/A/Libraries/libCVMSPluginSupport.dylib
0x00000000379d3000 	/System/Library/Frameworks/OpenGL.framework/Versions/A/Libraries/libCoreVMClient.dylib
0x00000000379d3000 	/System/Library/PrivateFrameworks/CrashReporterSupport.framework/Versions/A/CrashReporterSupport
0x00000000379d3000 	/System/Library/PrivateFrameworks/Sharing.framework/Versions/A/Sharing
0x00000000379d3000 	/System/Library/PrivateFrameworks/IconServices.framework/Versions/A/IconServices
0x00000000379d3000 	/System/Library/PrivateFrameworks/ProtocolBuffer.framework/Versions/A/ProtocolBuffer
0x00000000379d3000 	/System/Library/PrivateFrameworks/Apple80211.framework/Versions/A/Apple80211
0x00000000379d3000 	/System/Library/Frameworks/CoreWLAN.framework/Versions/A/CoreWLAN
0x00000000379d3000 	/System/Library/PrivateFrameworks/CoreUtils.framework/Versions/A/CoreUtils
0x00000000379d3000 	/System/Library/Frameworks/IOBluetooth.framework/Versions/A/IOBluetooth
0x00000000379d3000 	/System/Library/PrivateFrameworks/CoreWiFi.framework/Versions/A/CoreWiFi
0x00000000379d3000 	/System/Library/Frameworks/CoreBluetooth.framework/Versions/A/CoreBluetooth
0x00000000379d3000 	/System/Library/Frameworks/CoreDisplay.framework/Versions/A/CoreDisplay
0x00000000379d3000 	/System/Library/PrivateFrameworks/IOPresentment.framework/Versions/A/IOPresentment
0x00000000379d3000 	/System/Library/PrivateFrameworks/DebugSymbols.framework/Versions/A/DebugSymbols
0x00000000379d3000 	/System/Library/PrivateFrameworks/CoreSymbolication.framework/Versions/A/CoreSymbolication
0x00000000379d3000 	/System/Library/PrivateFrameworks/Symbolication.framework/Versions/A/Symbolication
0x00000000379d3000 	/System/Library/PrivateFrameworks/AppleFSCompression.framework/Versions/A/AppleFSCompression
0x00000000379d3000 	/System/Library/PrivateFrameworks/SpeechRecognitionCore.framework/Versions/A/SpeechRecognitionCore
0x00000000379d3000 	/System/Library/PrivateFrameworks/ChunkingLibrary.framework/Versions/A/ChunkingLibrary
0x0000000104800000 	/Library/Java/JavaVirtualMachines/jdk1.8.0_51.jdk/Contents/Home/jre/lib/server/libjvm.dylib
0x00000000379d3000 	/usr/lib/libstdc++.6.dylib
0x00000001037da000 	/Library/Java/JavaVirtualMachines/jdk1.8.0_51.jdk/Contents/Home/jre/lib/libverify.dylib
0x0000000105769000 	/Library/Java/JavaVirtualMachines/jdk1.8.0_51.jdk/Contents/Home/jre/lib/libjava.dylib
0x00000001037f2000 	/Library/Java/JavaVirtualMachines/jdk1.8.0_51.jdk/Contents/Home/jre/lib/libzip.dylib
0x0000000109854000 	/System/Library/Frameworks/JavaVM.framework/Frameworks/JavaRuntimeSupport.framework/JavaRuntimeSupport
0x000000010986e000 	/System/Library/Frameworks/JavaVM.framework/Versions/A/Frameworks/JavaNativeFoundation.framework/Versions/A/JavaNativeFoundation
0x0000000109883000 	/System/Library/Frameworks/JavaVM.framework/Versions/A/JavaVM
0x00000000379d3000 	/System/Library/Frameworks/Carbon.framework/Versions/A/Carbon
0x0000000109890000 	/System/Library/PrivateFrameworks/JavaLaunching.framework/Versions/A/JavaLaunching
0x00000000379d3000 	/System/Library/Frameworks/Carbon.framework/Versions/A/Frameworks/CommonPanels.framework/Versions/A/CommonPanels
0x00000000379d3000 	/System/Library/Frameworks/Carbon.framework/Versions/A/Frameworks/Help.framework/Versions/A/Help
0x00000000379d3000 	/System/Library/Frameworks/Carbon.framework/Versions/A/Frameworks/ImageCapture.framework/Versions/A/ImageCapture
0x00000000379d3000 	/System/Library/Frameworks/Carbon.framework/Versions/A/Frameworks/OpenScripting.framework/Versions/A/OpenScripting
0x00000000379d3000 	/System/Library/Frameworks/Carbon.framework/Versions/A/Frameworks/Print.framework/Versions/A/Print
0x00000000379d3000 	/System/Library/Frameworks/Carbon.framework/Versions/A/Frameworks/SecurityHI.framework/Versions/A/SecurityHI
0x000000010b1a7000 	/Library/Java/JavaVirtualMachines/jdk1.8.0_51.jdk/Contents/Home/jre/lib/libawt.dylib
0x000000010b24f000 	/Library/Java/JavaVirtualMachines/jdk1.8.0_51.jdk/Contents/Home/jre/lib/./libmlib_image.dylib
0x000000010b31b000 	/Library/Java/JavaVirtualMachines/jdk1.8.0_51.jdk/Contents/Home/jre/lib/libawt_lwawt.dylib
0x000000010b3cf000 	/Library/Java/JavaVirtualMachines/jdk1.8.0_51.jdk/Contents/Home/jre/lib/./libosxapp.dylib
0x00000000379d3000 	/System/Library/Frameworks/ExceptionHandling.framework/Versions/A/ExceptionHandling
0x00000000379d3000 	/System/Library/PrivateFrameworks/CoreServicesInternal.framework/Versions/A/CoreServicesInternal
0x00000000379d3000 	/System/Library/CoreServices/RawCamera.bundle/Contents/MacOS/RawCamera
0x00000000379d3000 	/System/Library/Frameworks/Accelerate.framework/Versions/A/Frameworks/vImage.framework/Versions/A/Libraries/libCGInterfaces.dylib
0x00000000379d3000 	/System/Library/Frameworks/ApplicationServices.framework/Versions/A/Frameworks/ATS.framework/Versions/A/Resources/libTrueTypeScaler.dylib
0x00000000379d3000 	/System/Library/Frameworks/OpenGL.framework/Versions/A/Resources/GLEngine.bundle/GLEngine
0x00000000379d3000 	/System/Library/Frameworks/OpenGL.framework/Versions/A/Libraries/libGLProgrammability.dylib
0x00000001244bf000 	/System/Library/Extensions/AppleIntelHD5000GraphicsGLDriver.bundle/Contents/MacOS/AppleIntelHD5000GraphicsGLDriver
0x00000000379d3000 	/System/Library/PrivateFrameworks/GPUSupport.framework/Versions/A/Libraries/libGPUSupportMercury.dylib
0x00000000379d3000 	/System/Library/Frameworks/OpenGL.framework/Versions/A/Resources/GLRendererFloat.bundle/GLRendererFloat
0x00000000379d3000 	/System/Library/Frameworks/OpenCL.framework/Versions/A/Libraries/libcldcpuengine.dylib
0x00000000379d3000 	/usr/lib/libcrypto.0.9.8.dylib
0x00000000379d3000 	/System/Library/PrivateFrameworks/TrustEvaluationAgent.framework/Versions/A/TrustEvaluationAgent
0x000000010c789000 	/System/Library/Extensions/AppleIntelHD5000GraphicsMTLDriver.bundle/Contents/MacOS/AppleIntelHD5000GraphicsMTLDriver
0x00000000379d3000 	/System/Library/PrivateFrameworks/FamilyControls.framework/Versions/A/FamilyControls
0x00000000379d3000 	/System/Library/PrivateFrameworks/CommerceKit.framework/Versions/A/Frameworks/CommerceCore.framework/Versions/A/CommerceCore
0x00000000379d3000 	/System/Library/PrivateFrameworks/SystemAdministration.framework/Versions/A/SystemAdministration
0x00000000379d3000 	/System/Library/PrivateFrameworks/AppContainer.framework/Versions/A/AppContainer
0x00000000379d3000 	/System/Library/PrivateFrameworks/SecCodeWrapper.framework/Versions/A/SecCodeWrapper
0x00000000379d3000 	/System/Library/Frameworks/DirectoryService.framework/Versions/A/DirectoryService
0x00000000379d3000 	/System/Library/PrivateFrameworks/DiskImages.framework/Versions/A/DiskImages
0x00000000379d3000 	/System/Library/PrivateFrameworks/LoginUIKit.framework/Versions/A/Frameworks/LoginUICore.framework/Versions/A/LoginUICore
0x00000000379d3000 	/usr/lib/libCoreStorage.dylib
0x00000000379d3000 	/usr/lib/libcsfde.dylib
0x00000000379d3000 	/usr/lib/libodfde.dylib
0x00000000379d3000 	/System/Library/Frameworks/DiscRecording.framework/Versions/A/DiscRecording
0x00000000379d3000 	/usr/lib/libcurl.4.dylib
0x00000000379d3000 	/System/Library/PrivateFrameworks/MediaKit.framework/Versions/A/MediaKit
0x00000000379d3000 	/System/Library/PrivateFrameworks/ProtectedCloudStorage.framework/Versions/A/ProtectedCloudStorage
0x00000000379d3000 	/System/Library/PrivateFrameworks/EFILogin.framework/Versions/A/EFILogin
0x00000000379d3000 	/usr/lib/libutil.dylib
0x00000000379d3000 	/System/Library/Frameworks/LDAP.framework/Versions/A/LDAP
0x00000000379d3000 	/usr/lib/libsasl2.2.dylib
0x00000000379d3000 	/System/Library/PrivateFrameworks/CoreDaemon.framework/Versions/B/CoreDaemon
0x00000000379d3000 	/System/Library/PrivateFrameworks/AppleSRP.framework/Versions/A/AppleSRP
0x00000000379d3000 	/System/Library/PrivateFrameworks/APFS.framework/Versions/A/APFS
0x0000000125e31000 	/Library/Java/JavaVirtualMachines/jdk1.8.0_51.jdk/Contents/Home/jre/lib/libfontmanager.dylib
0x0000000125e98000 	/Users/Marc/Documents/code/LWJGL/lwjgl-2.9.3/native/macosx/liblwjgl.dylib
0x000000010b655000 	/Library/Java/JavaVirtualMachines/jdk1.8.0_51.jdk/Contents/Home/jre/lib/libjawt.dylib
0x000000012789e000 	/Library/Java/JavaVirtualMachines/jdk1.8.0_51.jdk/Contents/Home/jre/lib/libjpeg.dylib
0x00000001278de000 	/Library/Java/JavaVirtualMachines/jdk1.8.0_51.jdk/Contents/Home/jre/lib/liblcms.dylib
0x00000000379d3000 	/System/Library/PrivateFrameworks/ViewBridge.framework/Versions/A/ViewBridge
0x00000000379d3000 	/System/Library/PrivateFrameworks/XPCService.framework/Versions/A/XPCService
0x00000000379d3000 	/System/Library/PrivateFrameworks/AppSandbox.framework/Versions/A/AppSandbox
0x00000000379d3000 	/usr/lib/libsandbox.1.dylib
0x00000000379d3000 	/usr/lib/libMatch.1.dylib

VM Arguments:
jvm_args: -Djava.library.path=/Users/Marc/Documents/code/LWJGL/lwjgl-2.9.3/native/macosx -Dfile.encoding=UTF-8 
java_command: com.capstone.plasma.GameScreen
java_class_path (initial): /Users/Marc/Documents/Plasma/Plasma/bin:/Users/Marc/Documents/code/LWJGL/lwjgl-2.9.3/jar/lwjgl.jar
Launcher Type: SUN_STANDARD

Environment Variables:
PATH=/usr/bin:/bin:/usr/sbin:/sbin
SHELL=/bin/bash
DISPLAY=/private/tmp/com.apple.launchd.ELzuirrgT2/org.macosforge.xquartz:0

Signal Handlers:
SIGSEGV: [libjvm.dylib+0x58ef35], sa_mask[0]=11111111011111110111111111111111, sa_flags=SA_ONSTACK|SA_RESTART|SA_SIGINFO
SIGBUS: [libjvm.dylib+0x58ef35], sa_mask[0]=11111111011111110111111111111111, sa_flags=SA_RESTART|SA_SIGINFO
SIGFPE: [libjvm.dylib+0x46c028], sa_mask[0]=11111111011111110111111111111111, sa_flags=SA_RESTART|SA_SIGINFO
SIGPIPE: [libjvm.dylib+0x46c028], sa_mask[0]=11111111011111110111111111111111, sa_flags=SA_RESTART|SA_SIGINFO
SIGXFSZ: [libjvm.dylib+0x46c028], sa_mask[0]=11111111011111110111111111111111, sa_flags=SA_RESTART|SA_SIGINFO
SIGILL: [libjvm.dylib+0x46c028], sa_mask[0]=11111111011111110111111111111111, sa_flags=SA_RESTART|SA_SIGINFO
SIGUSR1: SIG_DFL, sa_mask[0]=00000000000000000000000000000000, sa_flags=none
SIGUSR2: [libjvm.dylib+0x46bb46], sa_mask[0]=00100000000000000000000000000000, sa_flags=SA_RESTART|SA_SIGINFO
SIGHUP: [libjvm.dylib+0x46a119], sa_mask[0]=11111111011111110111111111111111, sa_flags=SA_RESTART|SA_SIGINFO
SIGINT: [libjvm.dylib+0x46a119], sa_mask[0]=11111111011111110111111111111111, sa_flags=SA_RESTART|SA_SIGINFO
SIGTERM: [libjvm.dylib+0x46a119], sa_mask[0]=11111111011111110111111111111111, sa_flags=SA_RESTART|SA_SIGINFO
SIGQUIT: [libjvm.dylib+0x46a119], sa_mask[0]=11111111011111110111111111111111, sa_flags=SA_RESTART|SA_SIGINFO


---------------  S Y S T E M  ---------------

OS:Bsduname:Darwin 16.1.0 Darwin Kernel Version 16.1.0: Wed Oct 19 20:31:56 PDT 2016; root:xnu-3789.21.4~4/RELEASE_X86_64 x86_64
rlimit: STACK 8192k, CORE 0k, NPROC 709, NOFILE 10240, AS infinity
load average:1.98 2.02 1.91

CPU:total 8 (4 cores per cpu, 2 threads per core) family 6 model 70 stepping 1, cmov, cx8, fxsr, mmx, sse, sse2, sse3, ssse3, sse4.1, sse4.2, popcnt, avx, avx2, aes, clmul, erms, lzcnt, ht, tsc, tscinvbit, bmi1, bmi2

Memory: 4k page, physical 16777216k(1517736k free)

/proc/meminfo:


vm_info: Java HotSpot(TM) 64-Bit Server VM (25.51-b03) for bsd-amd64 JRE (1.8.0_51-b16), built on Jun  8 2015 18:01:11 by "java_re" with gcc 4.2.1 (Based on Apple Inc. build 5658) (LLVM build 2336.11.00)

time: Mon Jan 16 11:15:28 2017
elapsed time: 44 seconds (0d 0h 0m 44s)

