#
# A fatal error has been detected by the Java Runtime Environment:
#
#  SIGSEGV (0xb) at pc=0x00000000000007c8, pid=71264, tid=775
#
# JRE version: Java(TM) SE Runtime Environment (8.0_51-b16) (build 1.8.0_51-b16)
# Java VM: Java HotSpot(TM) 64-Bit Server VM (25.51-b03 mixed mode bsd-amd64 compressed oops)
# Problematic frame:
# C  0x00000000000007c8
#
# Failed to write core dump. Core dumps have been disabled. To enable core dumping, try "ulimit -c unlimited" before starting Java again
#
# If you would like to submit a bug report, please visit:
#   http://bugreport.java.com/bugreport/crash.jsp
# The crash happened outside the Java Virtual Machine in native code.
# See problematic frame for where to report the bug.
#

---------------  T H R E A D  ---------------

Current thread (0x00007fcac8050800):  JavaThread "AppKit Thread" daemon [_thread_in_native, id=775, stack(0x00007fff5ea73000,0x00007fff5f273000)]

siginfo: si_signo: 11 (SIGSEGV), si_code: 1 (SEGV_MAPERR), si_addr: 0x00000000000007c8

Registers:
RAX=0x00007fffc77a7e80, RBX=0x0000000000002715, RCX=0x0000000000000c24, RDX=0x00007fcac74c1ae0
RSP=0x00007fff5f26d478, RBP=0x00007fff5f26d580, RSI=0x00000000000050de, RDI=0x000000000002d64b
R8 =0x0000000021a5dd49, R9 =0x00007fcacb800000, R10=0x000000000000003c, R11=0x0000000000000206
R12=0x00007fcac74c1ad8, R13=0x00007fcaca0ee800, R14=0x00007fcac74c1ae0, R15=0x0000000000000000
RIP=0x00000000000007c8, EFLAGS=0x0000000000010206, ERR=0x0000000000000014
  TRAPNO=0x000000000000000e

Top of Stack: (sp=0x00007fff5f26d478)
0x00007fff5f26d478:   00007fffba6b4c25 00007fff5f26d4c0
0x00007fff5f26d488:   00007fffbe3713b1 0000000000000000
0x00007fff5f26d498:   4036000000000000 408c200000000000
0x00007fff5f26d4a8:   00007fcacd009ee0 00007fffc77a7e80
0x00007fff5f26d4b8:   00007fcac761f808 00007fff5f26d501
0x00007fff5f26d4c8:   00000050be2ad5ad 0000000000000000
0x00007fff5f26d4d8:   4036000000000000 408c200000000000
0x00007fff5f26d4e8:   4082c00000000000 7ff0000000000000
0x00007fff5f26d4f8:   7ff0000000000000 0000000000000000
0x00007fff5f26d508:   0000000000000000 00007fcac7a364f0
0x00007fff5f26d518:   0002d64bbe2a5243 7ff0000000000000
0x00007fff5f26d528:   7ff0000000000000 0000000000000000
0x00007fff5f26d538:   0000000000000000 0000000000000000
0x00007fff5f26d548:   00007fffbe463733 046862355fd10048
0x00007fff5f26d558:   00007fcacd000000 0000000000002718
0x00007fff5f26d568:   0000000000000000 0000000000000050
0x00007fff5f26d578:   0000000000000000 00007fff5f26d5e0
0x00007fff5f26d588:   00007fffb1b2f0eb 4096800000000000
0x00007fff5f26d598:   0000000000000000 00007fcacd009ee0
0x00007fff5f26d5a8:   0000000000000000 00007fcac74c1ad8
0x00007fff5f26d5b8:   00007fcaca0dee88 00007fcaca0def50
0x00007fff5f26d5c8:   00007fcaca0def80 00007fcaca0dd000
0x00007fff5f26d5d8:   046862355fd10048 00007fff5f26d6c0
0x00007fff5f26d5e8:   00007fffb1b0dbb8 4060000000000000
0x00007fff5f26d5f8:   408c200000000000 4083700000000000
0x00007fff5f26d608:   0000000000000000 4036000000000000
0x00007fff5f26d618:   408c200000000000 4082c00000000000
0x00007fff5f26d628:   0000000000000000 0000000000000000
0x00007fff5f26d638:   0000000000000001 00007fcac74c1ad8
0x00007fff5f26d648:   0000000000000001 00007fff5f26d6c0
0x00007fff5f26d658:   00007fffb1b12992 000000015f26d680
0x00007fff5f26d668:   00007fcaca0def50 00007fcaca0dee88 

Instructions: (pc=0x00000000000007c8)
0x00000000000007a8:   
[error occurred during error reporting (printing registers, top of stack, instructions near pc), id 0xb]

Register to memory mapping:

RAX=0x00007fffc77a7e80: __block_literal_global.67+0xb5320 in /System/Library/Frameworks/CoreFoundation.framework/Versions/A/CoreFoundation at 0x00007fffacc8a000
RBX=0x0000000000002715 is an unknown value
RCX=0x0000000000000c24 is an unknown value
RDX=0x00007fcac74c1ae0 is an unknown value
RSP=0x00007fff5f26d478 is pointing into the stack for thread: 0x00007fcac8050800
RBP=0x00007fff5f26d580 is pointing into the stack for thread: 0x00007fcac8050800
RSI=0x00000000000050de is an unknown value
RDI=0x000000000002d64b is an unknown value
R8 =0x0000000021a5dd49 is an unknown value
R9 =0x00007fcacb800000 is an unknown value
R10=0x000000000000003c is an unknown value
R11=0x0000000000000206 is an unknown value
R12=0x00007fcac74c1ad8 is an unknown value
R13=0x00007fcaca0ee800 is an unknown value
R14=0x00007fcac74c1ae0 is an unknown value
R15=0x0000000000000000 is an unknown value


Stack: [0x00007fff5ea73000,0x00007fff5f273000],  sp=0x00007fff5f26d478,  free space=8169k
Native frames: (J=compiled Java code, j=interpreted, Vv=VM code, C=native code)
C  0x00000000000007c8
C  [GLEngine+0x160eb]  gliAttachDrawableWithOptions+0x106
C  [OpenGL+0x3bb8]  glcGetIOAccelService+0xe8c
C  [OpenGL+0x7744]  CGLSetPBuffer+0xb45
C  [OpenGL+0x7a62]  CGLSetSurface+0x125
C  [AppKit+0x336030]  NSOpenGLContextAttachOnScreenViewSurface+0x187
C  [AppKit+0x6edaeb]  __27-[NSOpenGLContext setView:]_block_invoke+0xd3
C  [AppKit+0x17a65c]  NSPerformVisuallyAtomicChange+0x93
C  [AppKit+0x3228f4]  -[NSOpenGLContext setView:]+0x69
C  [liblwjgl.dylib+0xa586]  -[MacOSXOpenGLView lockFocus]+0x76
C  [AppKit+0x19d752]  -[NSView _recursiveDisplayRectIfNeededIgnoringOpacity:isVisibleRect:rectIsVisibleRectForView:topView:]+0x6ee
C  [AppKit+0x19dfa8]  -[NSView _recursiveDisplayRectIfNeededIgnoringOpacity:isVisibleRect:rectIsVisibleRectForView:topView:]+0xf44
C  [AppKit+0x19cb87]  -[NSThemeFrame _recursiveDisplayRectIfNeededIgnoringOpacity:isVisibleRect:rectIsVisibleRectForView:topView:]+0x14e
C  [AppKit+0x19afaf]  -[NSView _displayRectIgnoringOpacity:isVisibleRect:rectIsVisibleRectForView:]+0x994
C  [AppKit+0x196898]  -[NSView displayIfNeeded]+0x6d4
C  [AppKit+0x1961ab]  -[NSWindow displayIfNeeded]+0xe6
C  [AppKit+0x8f1123]  ___NSWindowGetDisplayCycleObserver_block_invoke.6219+0x115
C  [AppKit+0x195c89]  __37+[NSDisplayCycle currentDisplayCycle]_block_invoke+0x1c6
C  [QuartzCore+0x111ba]  CA::Transaction::run_commit_handlers(CATransactionPhase)+0x2e
C  [QuartzCore+0x118e10]  CA::Context::commit_transaction(CA::Transaction*)+0xa0
C  [QuartzCore+0xfd55]  CA::Transaction::commit()+0x1db
C  [AppKit+0x477d99]  __37+[NSDisplayCycle currentDisplayCycle]_block_invoke.31+0x143
C  [CoreFoundation+0xa6ec7]  __CFRUNLOOP_IS_CALLING_OUT_TO_AN_OBSERVER_CALLBACK_FUNCTION__+0x17
C  [CoreFoundation+0xa6e37]  __CFRunLoopDoObservers+0x187
C  [CoreFoundation+0x87ad9]  __CFRunLoopRun+0x369
C  [CoreFoundation+0x87514]  CFRunLoopRunSpecific+0x1a4
C  [HIToolbox+0x312ac]  RunCurrentEventLoopInMode+0xf0
C  [HIToolbox+0x30fe9]  ReceiveNextEventCommon+0xb8
C  [HIToolbox+0x30f16]  _BlockUntilNextEventMatchingListInModeWithFilter+0x47
C  [AppKit+0x476cd]  _DPSNextEvent+0x445
C  [AppKit+0x7be830]  -[NSApplication(NSEvent) _nextEventMatchingEventMask:untilDate:inMode:dequeue:]+0xaaa
C  [libosxapp.dylib+0x242a]  -[NSApplicationAWT nextEventMatchingMask:untilDate:inMode:dequeue:]+0x7c
C  [AppKit+0x3c06d]  -[NSApplication run]+0x39e
C  [libosxapp.dylib+0x223e]  +[NSApplicationAWT runAWTLoopWithApp:]+0x9c
C  [libawt_lwawt.dylib+0x4454b]  -[AWTStarter starter:]+0x389
C  [Foundation+0x71f2a]  __NSThreadPerformPerform+0x146
C  [CoreFoundation+0xa74b1]  __CFRUNLOOP_IS_CALLING_OUT_TO_A_SOURCE0_PERFORM_FUNCTION__+0x11
C  [CoreFoundation+0x8861d]  __CFRunLoopDoSources0+0x22d
C  [CoreFoundation+0x87b16]  __CFRunLoopRun+0x3a6
C  [CoreFoundation+0x87514]  CFRunLoopRunSpecific+0x1a4
C  [java+0x6463]  CreateExecutionEnvironment+0x367
C  [java+0x21ac]  JLI_Launch+0x7a0
C  [java+0x84c0]  main+0x65
C  [java+0x1a04]  start+0x34
C  0x0000000000000006


---------------  P R O C E S S  ---------------

Java Threads: ( => current thread )
  0x00007fcaca8e6800 JavaThread "AWT-Shutdown" [_thread_blocked, id=40459, stack(0x00007000048b2000,0x00007000049b2000)]
  0x00007fcac9155800 JavaThread "Thread-43" [_thread_blocked, id=88835, stack(0x0000700008c04000,0x0000700008d04000)]
  0x00007fcac9154800 JavaThread "Thread-42" [_thread_in_native, id=88323, stack(0x0000700008b01000,0x0000700008c01000)]
  0x00007fcac9154000 JavaThread "Thread-41" [_thread_blocked, id=87811, stack(0x00007000089fe000,0x0000700008afe000)]
  0x00007fcac9153000 JavaThread "Thread-40" [_thread_blocked, id=87299, stack(0x00007000088fb000,0x00007000089fb000)]
  0x00007fcac9800000 JavaThread "Thread-39" [_thread_blocked, id=86787, stack(0x00007000087f8000,0x00007000088f8000)]
  0x00007fcac8272000 JavaThread "Thread-38" [_thread_blocked, id=86275, stack(0x00007000086f5000,0x00007000087f5000)]
  0x00007fcac9152800 JavaThread "Thread-37" [_thread_blocked, id=85763, stack(0x00007000085f2000,0x00007000086f2000)]
  0x00007fcac8271800 JavaThread "Thread-36" [_thread_blocked, id=85251, stack(0x00007000084ef000,0x00007000085ef000)]
  0x00007fcac826d000 JavaThread "Thread-35" [_thread_blocked, id=84739, stack(0x00007000083ec000,0x00007000084ec000)]
  0x00007fcac9151800 JavaThread "Thread-34" [_thread_blocked, id=84227, stack(0x00007000082e9000,0x00007000083e9000)]
  0x00007fcacb008000 JavaThread "Thread-33" [_thread_blocked, id=83715, stack(0x00007000081e6000,0x00007000082e6000)]
  0x00007fcac8801800 JavaThread "Thread-32" [_thread_blocked, id=83203, stack(0x00007000080e3000,0x00007000081e3000)]
  0x00007fcacc009000 JavaThread "Thread-31" [_thread_blocked, id=82691, stack(0x0000700007fe0000,0x00007000080e0000)]
  0x00007fcaca118800 JavaThread "Thread-30" [_thread_blocked, id=82179, stack(0x0000700007edd000,0x0000700007fdd000)]
  0x00007fcaca117800 JavaThread "Thread-29" [_thread_blocked, id=81667, stack(0x0000700007dda000,0x0000700007eda000)]
  0x00007fcaca117000 JavaThread "Thread-28" [_thread_blocked, id=81155, stack(0x0000700007cd7000,0x0000700007dd7000)]
  0x00007fcaca116000 JavaThread "Thread-27" [_thread_blocked, id=80643, stack(0x0000700007bd4000,0x0000700007cd4000)]
  0x00007fcaca113800 JavaThread "Thread-26" [_thread_blocked, id=80131, stack(0x0000700007ad1000,0x0000700007bd1000)]
  0x00007fcac826c000 JavaThread "Thread-25" [_thread_blocked, id=79619, stack(0x00007000079ce000,0x0000700007ace000)]
  0x00007fcac826b800 JavaThread "Thread-24" [_thread_blocked, id=79107, stack(0x00007000078cb000,0x00007000079cb000)]
  0x00007fcacc008000 JavaThread "Thread-23" [_thread_blocked, id=78595, stack(0x00007000077c8000,0x00007000078c8000)]
  0x00007fcac826a800 JavaThread "Thread-22" [_thread_blocked, id=78083, stack(0x00007000076c5000,0x00007000077c5000)]
  0x00007fcac826a000 JavaThread "Thread-21" [_thread_blocked, id=77571, stack(0x00007000075c2000,0x00007000076c2000)]
  0x00007fcac8269000 JavaThread "Thread-20" [_thread_blocked, id=77059, stack(0x00007000074bf000,0x00007000075bf000)]
  0x00007fcac8270000 JavaThread "Thread-19" [_thread_blocked, id=76547, stack(0x00007000073bc000,0x00007000074bc000)]
  0x00007fcac8265800 JavaThread "Thread-18" [_thread_blocked, id=76035, stack(0x00007000072b9000,0x00007000073b9000)]
  0x00007fcaca950800 JavaThread "Thread-17" [_thread_blocked, id=75523, stack(0x00007000071b6000,0x00007000072b6000)]
  0x00007fcaca94f800 JavaThread "Thread-16" [_thread_blocked, id=75011, stack(0x00007000070b3000,0x00007000071b3000)]
  0x00007fcaca94f000 JavaThread "Thread-15" [_thread_blocked, id=74499, stack(0x0000700006fb0000,0x00007000070b0000)]
  0x00007fcac9151000 JavaThread "Thread-14" [_thread_blocked, id=73987, stack(0x0000700006ead000,0x0000700006fad000)]
  0x00007fcaca94e000 JavaThread "Thread-13" [_thread_blocked, id=73475, stack(0x0000700006daa000,0x0000700006eaa000)]
  0x00007fcaca94d800 JavaThread "Thread-12" [_thread_blocked, id=72963, stack(0x0000700006ca7000,0x0000700006da7000)]
  0x00007fcaca94c800 JavaThread "Thread-11" [_thread_blocked, id=72451, stack(0x0000700006ba4000,0x0000700006ca4000)]
  0x00007fcaca94c000 JavaThread "Thread-10" [_thread_blocked, id=71939, stack(0x0000700006aa1000,0x0000700006ba1000)]
  0x00007fcaca94b000 JavaThread "Thread-9" [_thread_blocked, id=71427, stack(0x000070000699e000,0x0000700006a9e000)]
  0x00007fcac9150000 JavaThread "Thread-8" [_thread_blocked, id=70915, stack(0x000070000689b000,0x000070000699b000)]
  0x00007fcaca112800 JavaThread "Thread-7" [_thread_blocked, id=70403, stack(0x0000700006798000,0x0000700006898000)]
  0x00007fcaca112000 JavaThread "Thread-6" [_thread_blocked, id=69399, stack(0x0000700006695000,0x0000700006795000)]
  0x00007fcaca94a800 JavaThread "Thread-5" [_thread_blocked, id=64787, stack(0x0000700006592000,0x0000700006692000)]
  0x00007fcaca947800 JavaThread "Thread-4" [_thread_blocked, id=65547, stack(0x000070000648f000,0x000070000658f000)]
  0x00007fcaca946800 JavaThread "Thread-3" [_thread_blocked, id=69139, stack(0x000070000638c000,0x000070000648c000)]
  0x00007fcaca93b800 JavaThread "Thread-2" [_thread_blocked, id=68359, stack(0x0000700006289000,0x0000700006389000)]
  0x00007fcaca92f000 JavaThread "Thread-1" [_thread_blocked, id=68879, stack(0x0000700006186000,0x0000700006286000)]
  0x00007fcac917d000 JavaThread "Java2D Disposer" daemon [_thread_blocked, id=58971, stack(0x0000700006083000,0x0000700006183000)]
=>0x00007fcac8050800 JavaThread "AppKit Thread" daemon [_thread_in_native, id=775, stack(0x00007fff5ea73000,0x00007fff5f273000)]
  0x00007fcac801d800 JavaThread "Service Thread" daemon [_thread_blocked, id=21251, stack(0x0000700005aeb000,0x0000700005beb000)]
  0x00007fcac9082000 JavaThread "C1 CompilerThread3" daemon [_thread_blocked, id=20739, stack(0x00007000059e8000,0x0000700005ae8000)]
  0x00007fcac9081800 JavaThread "C2 CompilerThread2" daemon [_thread_blocked, id=20227, stack(0x00007000058e5000,0x00007000059e5000)]
  0x00007fcac9080800 JavaThread "C2 CompilerThread1" daemon [_thread_blocked, id=19715, stack(0x00007000057e2000,0x00007000058e2000)]
  0x00007fcac907b000 JavaThread "C2 CompilerThread0" daemon [_thread_blocked, id=19203, stack(0x00007000056df000,0x00007000057df000)]
  0x00007fcac907a800 JavaThread "Signal Dispatcher" daemon [_thread_blocked, id=18691, stack(0x00007000055dc000,0x00007000056dc000)]
  0x00007fcac905f800 JavaThread "Finalizer" daemon [_thread_blocked, id=14595, stack(0x00007000054d9000,0x00007000055d9000)]
  0x00007fcac905e800 JavaThread "Reference Handler" daemon [_thread_blocked, id=14083, stack(0x00007000053d6000,0x00007000054d6000)]
  0x00007fcac9801800 JavaThread "main" [_thread_in_native, id=7171, stack(0x00007000049b8000,0x0000700004ab8000)]

Other Threads:
  0x00007fcac905c000 VMThread [stack: 0x00007000052d3000,0x00007000053d3000] [id=13571]
  0x00007fcac801e800 WatcherThread [stack: 0x0000700005bee000,0x0000700005cee000] [id=21763]

VM state:not at safepoint (normal execution)

VM Mutex/Monitor currently owned by a thread: None

Heap:
 PSYoungGen      total 76288K, used 34471K [0x000000076ab00000, 0x0000000770000000, 0x00000007c0000000)
  eden space 65536K, 49% used [0x000000076ab00000,0x000000076ca78008,0x000000076eb00000)
  from space 10752K, 20% used [0x000000076eb00000,0x000000076ed31ff0,0x000000076f580000)
  to   space 10752K, 0% used [0x000000076f580000,0x000000076f580000,0x0000000770000000)
 ParOldGen       total 175104K, used 16K [0x00000006c0000000, 0x00000006cab00000, 0x000000076ab00000)
  object space 175104K, 0% used [0x00000006c0000000,0x00000006c0004000,0x00000006cab00000)
 Metaspace       used 7508K, capacity 7715K, committed 7808K, reserved 1056768K
  class space    used 781K, capacity 856K, committed 896K, reserved 1048576K

Card table byte_map: [0x0000000102f29000,0x000000010372a000] byte_map_base: 0x00000000ff929000

Marking Bits: (ParMarkBitMap*) 0x00000001024c27a0
 Begin Bits: [0x0000000103c80000, 0x0000000107c80000)
 End Bits:   [0x0000000107c80000, 0x000000010bc80000)

Polling page: 0x0000000100a4d000

CodeCache: size=245760Kb used=2714Kb max_used=2725Kb free=243046Kb
 bounds [0x000000010f7f4000, 0x000000010faa4000, 0x000000011e7f4000]
 total_blobs=1068 nmethods=681 adapters=301
 compilation: enabled

Compilation events (10 events):
Event: 25.875 Thread 0x00007fcac9080800  675 %     4       com.capstone.plasma.mapmaker.MapMaker::run @ 22 (140 bytes)
Event: 25.891 Thread 0x00007fcac9080800 nmethod 675% 0x000000010fa8a810 code [0x000000010fa8aa80, 0x000000010fa8b740]
Event: 28.055 Thread 0x00007fcac9082000  676   !   3       org.lwjgl.opengl.Display::update (154 bytes)
Event: 28.056 Thread 0x00007fcac907b000  677       4       org.lwjgl.opengl.MacOSXDisplay::wasResized (9 bytes)
Event: 28.056 Thread 0x00007fcac907b000 nmethod 677 0x000000010fa73010 code [0x000000010fa73160, 0x000000010fa731e8]
Event: 28.057 Thread 0x00007fcac9082000 nmethod 676 0x000000010fa8ed50 code [0x000000010fa8f000, 0x000000010fa90178]
Event: 28.359 Thread 0x00007fcac9082000  678   !   3       org.lwjgl.opengl.Display::processMessages (44 bytes)
Event: 28.359 Thread 0x00007fcac9082000 nmethod 678 0x000000010fa98e50 code [0x000000010fa990e0, 0x000000010fa9a108]
Event: 28.761 Thread 0x00007fcac9081800  679       4       java.util.ArrayList$Itr::<init> (6 bytes)
Event: 28.761 Thread 0x00007fcac9081800 nmethod 679 0x000000010fa635d0 code [0x000000010fa63720, 0x000000010fa637b8]

GC Heap History (2 events):
Event: 6.269 GC heap before
{Heap before GC invocations=1 (full 0):
 PSYoungGen      total 76288K, used 65536K [0x000000076ab00000, 0x0000000770000000, 0x00000007c0000000)
  eden space 65536K, 100% used [0x000000076ab00000,0x000000076eb00000,0x000000076eb00000)
  from space 10752K, 0% used [0x000000076f580000,0x000000076f580000,0x0000000770000000)
  to   space 10752K, 0% used [0x000000076eb00000,0x000000076eb00000,0x000000076f580000)
 ParOldGen       total 175104K, used 0K [0x00000006c0000000, 0x00000006cab00000, 0x000000076ab00000)
  object space 175104K, 0% used [0x00000006c0000000,0x00000006c0000000,0x00000006cab00000)
 Metaspace       used 7476K, capacity 7651K, committed 7808K, reserved 1056768K
  class space    used 777K, capacity 856K, committed 896K, reserved 1048576K
Event: 6.273 GC heap after
Heap after GC invocations=1 (full 0):
 PSYoungGen      total 76288K, used 2247K [0x000000076ab00000, 0x0000000770000000, 0x00000007c0000000)
  eden space 65536K, 0% used [0x000000076ab00000,0x000000076ab00000,0x000000076eb00000)
  from space 10752K, 20% used [0x000000076eb00000,0x000000076ed31ff0,0x000000076f580000)
  to   space 10752K, 0% used [0x000000076f580000,0x000000076f580000,0x0000000770000000)
 ParOldGen       total 175104K, used 16K [0x00000006c0000000, 0x00000006cab00000, 0x000000076ab00000)
  object space 175104K, 0% used [0x00000006c0000000,0x00000006c0004000,0x00000006cab00000)
 Metaspace       used 7476K, capacity 7651K, committed 7808K, reserved 1056768K
  class space    used 777K, capacity 856K, committed 896K, reserved 1048576K
}

Deoptimization events (5 events):
Event: 0.252 Thread 0x00007fcac8050800 Uncommon trap: reason=unstable_if action=reinterpret pc=0x000000010f93f480 method=java.lang.String.indexOf(II)I @ 49
Event: 16.167 Thread 0x00007fcac9801800 Uncommon trap: reason=unstable_if action=reinterpret pc=0x000000010fa6a280 method=com.capstone.plasma.tiles.Tile.paint()V @ 11
Event: 27.543 Thread 0x00007fcac9801800 Uncommon trap: reason=unstable_if action=reinterpret pc=0x000000010fa9c0f4 method=org.lwjgl.opengl.MacOSXDisplay.update()V @ 86
Event: 27.837 Thread 0x00007fcac9801800 Uncommon trap: reason=unstable_if action=reinterpret pc=0x000000010fa92280 method=org.lwjgl.opengl.MacOSXDisplay.update()V @ 86
Event: 29.322 Thread 0x00007fcac9801800 Uncommon trap: reason=unstable_if action=reinterpret pc=0x000000010fa8b5dc method=com.capstone.plasma.mapmaker.MapMaker.run()V @ 129

Internal exceptions (10 events):
Event: 0.037 Thread 0x00007fcac9801800 Exception <a 'java/lang/NoSuchMethodError': Method sun.misc.Unsafe.defineClass(Ljava/lang/String;[BII)Ljava/lang/Class; name or signature does not match> (0x000000076ab12db0) thrown at [/Users/java_re/workspace/8-2-build-macosx-x86_64/jdk8u51/3951/hotspot
Event: 0.038 Thread 0x00007fcac9801800 Exception <a 'java/lang/NoSuchMethodError': Method sun.misc.Unsafe.prefetchRead(Ljava/lang/Object;J)V name or signature does not match> (0x000000076ab13040) thrown at [/Users/java_re/workspace/8-2-build-macosx-x86_64/jdk8u51/3951/hotspot/src/share/vm/prim
Event: 0.103 Thread 0x00007fcac9801800 Exception <a 'java/security/PrivilegedActionException'> (0x000000076aeeaeb0) thrown at [/Users/java_re/workspace/8-2-build-macosx-x86_64/jdk8u51/3951/hotspot/src/share/vm/prims/jvm.cpp, line 1382]
Event: 0.103 Thread 0x00007fcac9801800 Exception <a 'java/security/PrivilegedActionException'> (0x000000076aeeb068) thrown at [/Users/java_re/workspace/8-2-build-macosx-x86_64/jdk8u51/3951/hotspot/src/share/vm/prims/jvm.cpp, line 1382]
Event: 0.104 Thread 0x00007fcac9801800 Exception <a 'java/security/PrivilegedActionException'> (0x000000076aeee3e8) thrown at [/Users/java_re/workspace/8-2-build-macosx-x86_64/jdk8u51/3951/hotspot/src/share/vm/prims/jvm.cpp, line 1382]
Event: 0.104 Thread 0x00007fcac9801800 Exception <a 'java/security/PrivilegedActionException'> (0x000000076aeee5a0) thrown at [/Users/java_re/workspace/8-2-build-macosx-x86_64/jdk8u51/3951/hotspot/src/share/vm/prims/jvm.cpp, line 1382]
Event: 0.236 Thread 0x00007fcac9801800 Exception <a 'java/io/FileNotFoundException'> (0x000000076aef24c8) thrown at [/Users/java_re/workspace/8-2-build-macosx-x86_64/jdk8u51/3951/hotspot/src/share/vm/prims/jni.cpp, line 709]
Event: 0.236 Thread 0x00007fcac9801800 Exception <a 'java/io/FileNotFoundException'> (0x000000076aef2fe0) thrown at [/Users/java_re/workspace/8-2-build-macosx-x86_64/jdk8u51/3951/hotspot/src/share/vm/prims/jni.cpp, line 709]
Event: 0.274 Thread 0x00007fcac8050800 Exception <a 'java/lang/NoSuchFieldError': method resolution failed> (0x000000076b0f29b0) thrown at [/Users/java_re/workspace/8-2-build-macosx-x86_64/jdk8u51/3951/hotspot/src/share/vm/prims/methodHandles.cpp, line 1125]
Event: 0.276 Thread 0x00007fcac8050800 Exception <a 'java/lang/NoSuchFieldError': method resolution failed> (0x000000076b101050) thrown at [/Users/java_re/workspace/8-2-build-macosx-x86_64/jdk8u51/3951/hotspot/src/share/vm/prims/methodHandles.cpp, line 1125]

Events (10 events):
Event: 27.837 Thread 0x00007fcac9801800 Uncommon trap: trap_request=0xffffff65 fr.pc=0x000000010fa92280
Event: 27.837 Thread 0x00007fcac9801800 DEOPT PACKING pc=0x000000010fa92280 sp=0x0000700004ab77b0
Event: 27.837 Thread 0x00007fcac9801800 DEOPT UNPACKING pc=0x000000010f7f9229 sp=0x0000700004ab7718 mode 2
Event: 28.761 loading class java/util/ArrayList$1
Event: 28.761 loading class java/util/ArrayList$1 done
Event: 29.322 Thread 0x00007fcac9801800 Uncommon trap: trap_request=0xffffff65 fr.pc=0x000000010fa8b5dc
Event: 29.322 Thread 0x00007fcac9801800 DEOPT PACKING pc=0x000000010fa8b5dc sp=0x0000700004ab78a0
Event: 29.322 Thread 0x00007fcac9801800 DEOPT UNPACKING pc=0x000000010f7f9229 sp=0x0000700004ab7878 mode 2
Event: 29.331 loading class org/lwjgl/opengl/CallbackUtil
Event: 29.331 loading class org/lwjgl/opengl/CallbackUtil done


Dynamic libraries:
0x00000000379d3000 	/System/Library/Frameworks/Cocoa.framework/Versions/A/Cocoa
0x00000000379d3000 	/System/Library/Frameworks/Security.framework/Versions/A/Security
0x00000000379d3000 	/System/Library/Frameworks/ApplicationServices.framework/Versions/A/ApplicationServices
0x00000000379d3000 	/usr/lib/libz.1.dylib
0x00000000379d3000 	/usr/lib/libSystem.B.dylib
0x00000000379d3000 	/usr/lib/libobjc.A.dylib
0x00000000379d3000 	/System/Library/Frameworks/CoreFoundation.framework/Versions/A/CoreFoundation
0x00000000379d3000 	/System/Library/Frameworks/Foundation.framework/Versions/C/Foundation
0x00000000379d3000 	/System/Library/Frameworks/AppKit.framework/Versions/C/AppKit
0x00000000379d3000 	/System/Library/Frameworks/CoreData.framework/Versions/A/CoreData
0x00000000379d3000 	/System/Library/PrivateFrameworks/RemoteViewServices.framework/Versions/A/RemoteViewServices
0x00000000379d3000 	/System/Library/PrivateFrameworks/UIFoundation.framework/Versions/A/UIFoundation
0x00000000379d3000 	/System/Library/PrivateFrameworks/DFRFoundation.framework/Versions/A/DFRFoundation
0x00000000379d3000 	/usr/lib/libenergytrace.dylib
0x00000000379d3000 	/System/Library/PrivateFrameworks/SkyLight.framework/Versions/A/SkyLight
0x00000000379d3000 	/System/Library/Frameworks/CoreGraphics.framework/Versions/A/CoreGraphics
0x00000000379d3000 	/usr/lib/libScreenReader.dylib
0x00000000379d3000 	/System/Library/Frameworks/Accelerate.framework/Versions/A/Accelerate
0x00000000379d3000 	/System/Library/Frameworks/IOSurface.framework/Versions/A/IOSurface
0x00000000379d3000 	/System/Library/Frameworks/AudioToolbox.framework/Versions/A/AudioToolbox
0x00000000379d3000 	/System/Library/Frameworks/AudioUnit.framework/Versions/A/AudioUnit
0x00000000379d3000 	/System/Library/PrivateFrameworks/DataDetectorsCore.framework/Versions/A/DataDetectorsCore
0x00000000379d3000 	/System/Library/PrivateFrameworks/DesktopServicesPriv.framework/Versions/A/DesktopServicesPriv
0x00000000379d3000 	/System/Library/Frameworks/Carbon.framework/Versions/A/Frameworks/HIToolbox.framework/Versions/A/HIToolbox
0x00000000379d3000 	/usr/lib/libicucore.A.dylib
0x00000000379d3000 	/System/Library/Frameworks/QuartzCore.framework/Versions/A/QuartzCore
0x00000000379d3000 	/System/Library/Frameworks/Carbon.framework/Versions/A/Frameworks/SpeechRecognition.framework/Versions/A/SpeechRecognition
0x00000000379d3000 	/usr/lib/libauto.dylib
0x00000000379d3000 	/usr/lib/libxml2.2.dylib
0x00000000379d3000 	/System/Library/PrivateFrameworks/CoreUI.framework/Versions/A/CoreUI
0x00000000379d3000 	/System/Library/Frameworks/CoreAudio.framework/Versions/A/CoreAudio
0x00000000379d3000 	/System/Library/Frameworks/DiskArbitration.framework/Versions/A/DiskArbitration
0x00000000379d3000 	/usr/lib/liblangid.dylib
0x00000000379d3000 	/System/Library/PrivateFrameworks/MultitouchSupport.framework/Versions/A/MultitouchSupport
0x00000000379d3000 	/System/Library/Frameworks/IOKit.framework/Versions/A/IOKit
0x00000000379d3000 	/usr/lib/libDiagnosticMessagesClient.dylib
0x00000000379d3000 	/System/Library/Frameworks/CoreServices.framework/Versions/A/CoreServices
0x00000000379d3000 	/System/Library/PrivateFrameworks/PerformanceAnalysis.framework/Versions/A/PerformanceAnalysis
0x00000000379d3000 	/System/Library/PrivateFrameworks/GenerationalStorage.framework/Versions/A/GenerationalStorage
0x00000000379d3000 	/System/Library/Frameworks/OpenGL.framework/Versions/A/OpenGL
0x00000000379d3000 	/System/Library/Frameworks/CoreImage.framework/Versions/A/CoreImage
0x00000000379d3000 	/System/Library/Frameworks/CoreText.framework/Versions/A/CoreText
0x00000000379d3000 	/System/Library/Frameworks/ImageIO.framework/Versions/A/ImageIO
0x00000000379d3000 	/System/Library/PrivateFrameworks/Backup.framework/Versions/A/Backup
0x00000000379d3000 	/usr/lib/libarchive.2.dylib
0x00000000379d3000 	/System/Library/Frameworks/CFNetwork.framework/Versions/A/CFNetwork
0x00000000379d3000 	/System/Library/Frameworks/SystemConfiguration.framework/Versions/A/SystemConfiguration
0x00000000379d3000 	/usr/lib/libCRFSuite.dylib
0x00000000379d3000 	/usr/lib/libc++.1.dylib
0x00000000379d3000 	/usr/lib/libc++abi.dylib
0x00000000379d3000 	/usr/lib/system/libcache.dylib
0x00000000379d3000 	/usr/lib/system/libcommonCrypto.dylib
0x00000000379d3000 	/usr/lib/system/libcompiler_rt.dylib
0x00000000379d3000 	/usr/lib/system/libcopyfile.dylib
0x00000000379d3000 	/usr/lib/system/libcorecrypto.dylib
0x00000000379d3000 	/usr/lib/system/libdispatch.dylib
0x00000000379d3000 	/usr/lib/system/libdyld.dylib
0x00000000379d3000 	/usr/lib/system/libkeymgr.dylib
0x00000000379d3000 	/usr/lib/system/liblaunch.dylib
0x00000000379d3000 	/usr/lib/system/libmacho.dylib
0x00000000379d3000 	/usr/lib/system/libquarantine.dylib
0x00000000379d3000 	/usr/lib/system/libremovefile.dylib
0x00000000379d3000 	/usr/lib/system/libsystem_asl.dylib
0x00000000379d3000 	/usr/lib/system/libsystem_blocks.dylib
0x00000000379d3000 	/usr/lib/system/libsystem_c.dylib
0x00000000379d3000 	/usr/lib/system/libsystem_configuration.dylib
0x00000000379d3000 	/usr/lib/system/libsystem_coreservices.dylib
0x00000000379d3000 	/usr/lib/system/libsystem_coretls.dylib
0x00000000379d3000 	/usr/lib/system/libsystem_dnssd.dylib
0x00000000379d3000 	/usr/lib/system/libsystem_info.dylib
0x00000000379d3000 	/usr/lib/system/libsystem_kernel.dylib
0x00000000379d3000 	/usr/lib/system/libsystem_m.dylib
0x00000000379d3000 	/usr/lib/system/libsystem_malloc.dylib
0x00000000379d3000 	/usr/lib/system/libsystem_network.dylib
0x00000000379d3000 	/usr/lib/system/libsystem_networkextension.dylib
0x00000000379d3000 	/usr/lib/system/libsystem_notify.dylib
0x00000000379d3000 	/usr/lib/system/libsystem_platform.dylib
0x00000000379d3000 	/usr/lib/system/libsystem_pthread.dylib
0x00000000379d3000 	/usr/lib/system/libsystem_sandbox.dylib
0x00000000379d3000 	/usr/lib/system/libsystem_secinit.dylib
0x00000000379d3000 	/usr/lib/system/libsystem_symptoms.dylib
0x00000000379d3000 	/usr/lib/system/libsystem_trace.dylib
0x00000000379d3000 	/usr/lib/system/libunwind.dylib
0x00000000379d3000 	/usr/lib/system/libxpc.dylib
0x00000000379d3000 	/usr/lib/libbsm.0.dylib
0x00000000379d3000 	/usr/lib/system/libkxld.dylib
0x00000000379d3000 	/usr/lib/libcoretls.dylib
0x00000000379d3000 	/usr/lib/libcoretls_cfhelpers.dylib
0x00000000379d3000 	/usr/lib/libxar.1.dylib
0x00000000379d3000 	/usr/lib/libsqlite3.dylib
0x00000000379d3000 	/usr/lib/libpam.2.dylib
0x00000000379d3000 	/usr/lib/libOpenScriptingUtil.dylib
0x00000000379d3000 	/usr/lib/libbz2.1.0.dylib
0x00000000379d3000 	/usr/lib/liblzma.5.dylib
0x00000000379d3000 	/usr/lib/libnetwork.dylib
0x00000000379d3000 	/usr/lib/libpcap.A.dylib
0x00000000379d3000 	/System/Library/Frameworks/CoreServices.framework/Versions/A/Frameworks/FSEvents.framework/Versions/A/FSEvents
0x00000000379d3000 	/System/Library/Frameworks/CoreServices.framework/Versions/A/Frameworks/CarbonCore.framework/Versions/A/CarbonCore
0x00000000379d3000 	/System/Library/Frameworks/CoreServices.framework/Versions/A/Frameworks/Metadata.framework/Versions/A/Metadata
0x00000000379d3000 	/System/Library/Frameworks/CoreServices.framework/Versions/A/Frameworks/OSServices.framework/Versions/A/OSServices
0x00000000379d3000 	/System/Library/Frameworks/CoreServices.framework/Versions/A/Frameworks/SearchKit.framework/Versions/A/SearchKit
0x00000000379d3000 	/System/Library/Frameworks/CoreServices.framework/Versions/A/Frameworks/AE.framework/Versions/A/AE
0x00000000379d3000 	/System/Library/Frameworks/CoreServices.framework/Versions/A/Frameworks/LaunchServices.framework/Versions/A/LaunchServices
0x00000000379d3000 	/System/Library/Frameworks/CoreServices.framework/Versions/A/Frameworks/DictionaryServices.framework/Versions/A/DictionaryServices
0x00000000379d3000 	/System/Library/Frameworks/CoreServices.framework/Versions/A/Frameworks/SharedFileList.framework/Versions/A/SharedFileList
0x00000000379d3000 	/System/Library/Frameworks/NetFS.framework/Versions/A/NetFS
0x00000000379d3000 	/System/Library/PrivateFrameworks/NetAuth.framework/Versions/A/NetAuth
0x00000000379d3000 	/System/Library/PrivateFrameworks/login.framework/Versions/A/Frameworks/loginsupport.framework/Versions/A/loginsupport
0x00000000379d3000 	/System/Library/PrivateFrameworks/TCC.framework/Versions/A/TCC
0x00000000379d3000 	/usr/lib/libmecabra.dylib
0x00000000379d3000 	/System/Library/Frameworks/ApplicationServices.framework/Versions/A/Frameworks/ATS.framework/Versions/A/ATS
0x00000000379d3000 	/System/Library/Frameworks/ApplicationServices.framework/Versions/A/Frameworks/ColorSync.framework/Versions/A/ColorSync
0x00000000379d3000 	/System/Library/Frameworks/ApplicationServices.framework/Versions/A/Frameworks/HIServices.framework/Versions/A/HIServices
0x00000000379d3000 	/System/Library/Frameworks/ApplicationServices.framework/Versions/A/Frameworks/LangAnalysis.framework/Versions/A/LangAnalysis
0x00000000379d3000 	/System/Library/Frameworks/ApplicationServices.framework/Versions/A/Frameworks/PrintCore.framework/Versions/A/PrintCore
0x00000000379d3000 	/System/Library/Frameworks/ApplicationServices.framework/Versions/A/Frameworks/QD.framework/Versions/A/QD
0x00000000379d3000 	/System/Library/Frameworks/ApplicationServices.framework/Versions/A/Frameworks/SpeechSynthesis.framework/Versions/A/SpeechSynthesis
0x00000000379d3000 	/System/Library/Frameworks/Accelerate.framework/Versions/A/Frameworks/vImage.framework/Versions/A/vImage
0x00000000379d3000 	/System/Library/Frameworks/Accelerate.framework/Versions/A/Frameworks/vecLib.framework/Versions/A/vecLib
0x00000000379d3000 	/System/Library/Frameworks/Accelerate.framework/Versions/A/Frameworks/vecLib.framework/Versions/A/libvDSP.dylib
0x00000000379d3000 	/System/Library/Frameworks/Accelerate.framework/Versions/A/Frameworks/vecLib.framework/Versions/A/libBNNS.dylib
0x00000000379d3000 	/System/Library/Frameworks/Accelerate.framework/Versions/A/Frameworks/vecLib.framework/Versions/A/libQuadrature.dylib
0x00000000379d3000 	/System/Library/Frameworks/Accelerate.framework/Versions/A/Frameworks/vecLib.framework/Versions/A/libvMisc.dylib
0x00000000379d3000 	/System/Library/Frameworks/Accelerate.framework/Versions/A/Frameworks/vecLib.framework/Versions/A/libLAPACK.dylib
0x00000000379d3000 	/System/Library/Frameworks/Accelerate.framework/Versions/A/Frameworks/vecLib.framework/Versions/A/libBLAS.dylib
0x00000000379d3000 	/System/Library/Frameworks/Accelerate.framework/Versions/A/Frameworks/vecLib.framework/Versions/A/libLinearAlgebra.dylib
0x00000000379d3000 	/System/Library/Frameworks/Accelerate.framework/Versions/A/Frameworks/vecLib.framework/Versions/A/libSparseBLAS.dylib
0x00000000379d3000 	/System/Library/Frameworks/ApplicationServices.framework/Versions/A/Frameworks/ATS.framework/Versions/A/Resources/libFontParser.dylib
0x00000000379d3000 	/System/Library/Frameworks/ApplicationServices.framework/Versions/A/Frameworks/ATS.framework/Versions/A/Resources/libFontRegistry.dylib
0x00000000379d3000 	/System/Library/Frameworks/ImageIO.framework/Versions/A/Resources/libJPEG.dylib
0x00000000379d3000 	/System/Library/Frameworks/ImageIO.framework/Versions/A/Resources/libTIFF.dylib
0x00000000379d3000 	/System/Library/Frameworks/ImageIO.framework/Versions/A/Resources/libPng.dylib
0x00000000379d3000 	/System/Library/Frameworks/ImageIO.framework/Versions/A/Resources/libGIF.dylib
0x00000000379d3000 	/System/Library/Frameworks/ImageIO.framework/Versions/A/Resources/libJP2.dylib
0x00000000379d3000 	/System/Library/Frameworks/ImageIO.framework/Versions/A/Resources/libRadiance.dylib
0x00000000379d3000 	/usr/lib/libcompression.dylib
0x00000000379d3000 	/System/Library/PrivateFrameworks/AppleJPEG.framework/Versions/A/AppleJPEG
0x00000000379d3000 	/usr/lib/libcups.2.dylib
0x00000000379d3000 	/System/Library/Frameworks/Kerberos.framework/Versions/A/Kerberos
0x00000000379d3000 	/System/Library/Frameworks/GSS.framework/Versions/A/GSS
0x00000000379d3000 	/usr/lib/libresolv.9.dylib
0x00000000379d3000 	/usr/lib/libiconv.2.dylib
0x00000000379d3000 	/System/Library/PrivateFrameworks/Heimdal.framework/Versions/A/Heimdal
0x00000000379d3000 	/usr/lib/libheimdal-asn1.dylib
0x00000000379d3000 	/System/Library/Frameworks/OpenDirectory.framework/Versions/A/OpenDirectory
0x00000000379d3000 	/System/Library/PrivateFrameworks/CommonAuth.framework/Versions/A/CommonAuth
0x00000000379d3000 	/System/Library/Frameworks/OpenDirectory.framework/Versions/A/Frameworks/CFOpenDirectory.framework/Versions/A/CFOpenDirectory
0x00000000379d3000 	/System/Library/Frameworks/SecurityFoundation.framework/Versions/A/SecurityFoundation
0x00000000379d3000 	/System/Library/PrivateFrameworks/LanguageModeling.framework/Versions/A/LanguageModeling
0x00000000379d3000 	/usr/lib/libmarisa.dylib
0x00000000379d3000 	/usr/lib/libChineseTokenizer.dylib
0x00000000379d3000 	/usr/lib/libcmph.dylib
0x00000000379d3000 	/System/Library/PrivateFrameworks/CoreEmoji.framework/Versions/A/CoreEmoji
0x00000000379d3000 	/System/Library/Frameworks/ServiceManagement.framework/Versions/A/ServiceManagement
0x00000000379d3000 	/usr/lib/libxslt.1.dylib
0x00000000379d3000 	/System/Library/Frameworks/Carbon.framework/Versions/A/Frameworks/Ink.framework/Versions/A/Ink
0x00000000379d3000 	/System/Library/PrivateFrameworks/TextureIO.framework/Versions/A/TextureIO
0x00000000379d3000 	/System/Library/Frameworks/Metal.framework/Versions/A/Metal
0x00000000379d3000 	/usr/lib/libate.dylib
0x00000000379d3000 	/System/Library/PrivateFrameworks/GPUCompiler.framework/libmetal_timestamp.dylib
0x00000000379d3000 	/System/Library/Frameworks/OpenGL.framework/Versions/A/Libraries/libCoreFSCache.dylib
0x00000000379d3000 	/System/Library/PrivateFrameworks/IOAccelerator.framework/Versions/A/IOAccelerator
0x00000000379d3000 	/System/Library/Frameworks/CoreVideo.framework/Versions/A/CoreVideo
0x00000000379d3000 	/usr/lib/libFosl_dynamic.dylib
0x00000000379d3000 	/System/Library/PrivateFrameworks/MetalPerformanceShaders.framework/Versions/A/MetalPerformanceShaders
0x00000000379d3000 	/System/Library/PrivateFrameworks/FaceCore.framework/Versions/A/FaceCore
0x00000000379d3000 	/System/Library/Frameworks/OpenCL.framework/Versions/A/OpenCL
0x00000000379d3000 	/System/Library/Frameworks/OpenGL.framework/Versions/A/Libraries/libGLU.dylib
0x00000000379d3000 	/System/Library/Frameworks/OpenGL.framework/Versions/A/Libraries/libGFXShared.dylib
0x00000000379d3000 	/System/Library/Frameworks/OpenGL.framework/Versions/A/Libraries/libGL.dylib
0x00000000379d3000 	/System/Library/Frameworks/OpenGL.framework/Versions/A/Libraries/libGLImage.dylib
0x00000000379d3000 	/System/Library/Frameworks/OpenGL.framework/Versions/A/Libraries/libCVMSPluginSupport.dylib
0x00000000379d3000 	/System/Library/Frameworks/OpenGL.framework/Versions/A/Libraries/libCoreVMClient.dylib
0x00000000379d3000 	/System/Library/PrivateFrameworks/CrashReporterSupport.framework/Versions/A/CrashReporterSupport
0x00000000379d3000 	/System/Library/PrivateFrameworks/Sharing.framework/Versions/A/Sharing
0x00000000379d3000 	/System/Library/PrivateFrameworks/IconServices.framework/Versions/A/IconServices
0x00000000379d3000 	/System/Library/PrivateFrameworks/ProtocolBuffer.framework/Versions/A/ProtocolBuffer
0x00000000379d3000 	/System/Library/PrivateFrameworks/Apple80211.framework/Versions/A/Apple80211
0x00000000379d3000 	/System/Library/Frameworks/CoreWLAN.framework/Versions/A/CoreWLAN
0x00000000379d3000 	/System/Library/PrivateFrameworks/CoreUtils.framework/Versions/A/CoreUtils
0x00000000379d3000 	/System/Library/Frameworks/IOBluetooth.framework/Versions/A/IOBluetooth
0x00000000379d3000 	/System/Library/PrivateFrameworks/CoreWiFi.framework/Versions/A/CoreWiFi
0x00000000379d3000 	/System/Library/Frameworks/CoreBluetooth.framework/Versions/A/CoreBluetooth
0x00000000379d3000 	/System/Library/Frameworks/CoreDisplay.framework/Versions/A/CoreDisplay
0x00000000379d3000 	/System/Library/PrivateFrameworks/IOPresentment.framework/Versions/A/IOPresentment
0x00000000379d3000 	/System/Library/PrivateFrameworks/DebugSymbols.framework/Versions/A/DebugSymbols
0x00000000379d3000 	/System/Library/PrivateFrameworks/CoreSymbolication.framework/Versions/A/CoreSymbolication
0x00000000379d3000 	/System/Library/PrivateFrameworks/Symbolication.framework/Versions/A/Symbolication
0x00000000379d3000 	/System/Library/PrivateFrameworks/AppleFSCompression.framework/Versions/A/AppleFSCompression
0x00000000379d3000 	/System/Library/PrivateFrameworks/SpeechRecognitionCore.framework/Versions/A/SpeechRecognitionCore
0x00000000379d3000 	/System/Library/PrivateFrameworks/ChunkingLibrary.framework/Versions/A/ChunkingLibrary
0x0000000101c00000 	/Library/Java/JavaVirtualMachines/jdk1.8.0_51.jdk/Contents/Home/jre/lib/server/libjvm.dylib
0x00000000379d3000 	/usr/lib/libstdc++.6.dylib
0x0000000100a0a000 	/Library/Java/JavaVirtualMachines/jdk1.8.0_51.jdk/Contents/Home/jre/lib/libverify.dylib
0x0000000100a18000 	/Library/Java/JavaVirtualMachines/jdk1.8.0_51.jdk/Contents/Home/jre/lib/libjava.dylib
0x0000000100a57000 	/Library/Java/JavaVirtualMachines/jdk1.8.0_51.jdk/Contents/Home/jre/lib/libzip.dylib
0x000000010ea85000 	/System/Library/Frameworks/JavaVM.framework/Frameworks/JavaRuntimeSupport.framework/JavaRuntimeSupport
0x000000010ea9f000 	/System/Library/Frameworks/JavaVM.framework/Versions/A/Frameworks/JavaNativeFoundation.framework/Versions/A/JavaNativeFoundation
0x000000010eab4000 	/System/Library/Frameworks/JavaVM.framework/Versions/A/JavaVM
0x00000000379d3000 	/System/Library/Frameworks/Carbon.framework/Versions/A/Carbon
0x000000010eac1000 	/System/Library/PrivateFrameworks/JavaLaunching.framework/Versions/A/JavaLaunching
0x00000000379d3000 	/System/Library/Frameworks/Carbon.framework/Versions/A/Frameworks/CommonPanels.framework/Versions/A/CommonPanels
0x00000000379d3000 	/System/Library/Frameworks/Carbon.framework/Versions/A/Frameworks/Help.framework/Versions/A/Help
0x00000000379d3000 	/System/Library/Frameworks/Carbon.framework/Versions/A/Frameworks/ImageCapture.framework/Versions/A/ImageCapture
0x00000000379d3000 	/System/Library/Frameworks/Carbon.framework/Versions/A/Frameworks/OpenScripting.framework/Versions/A/OpenScripting
0x00000000379d3000 	/System/Library/Frameworks/Carbon.framework/Versions/A/Frameworks/Print.framework/Versions/A/Print
0x00000000379d3000 	/System/Library/Frameworks/Carbon.framework/Versions/A/Frameworks/SecurityHI.framework/Versions/A/SecurityHI
0x000000010eb22000 	/Library/Java/JavaVirtualMachines/jdk1.8.0_51.jdk/Contents/Home/jre/lib/libawt.dylib
0x000000010ebca000 	/Library/Java/JavaVirtualMachines/jdk1.8.0_51.jdk/Contents/Home/jre/lib/./libmlib_image.dylib
0x000000010ec96000 	/Library/Java/JavaVirtualMachines/jdk1.8.0_51.jdk/Contents/Home/jre/lib/libawt_lwawt.dylib
0x000000010ed4a000 	/Library/Java/JavaVirtualMachines/jdk1.8.0_51.jdk/Contents/Home/jre/lib/./libosxapp.dylib
0x00000000379d3000 	/System/Library/Frameworks/ExceptionHandling.framework/Versions/A/ExceptionHandling
0x00000000379d3000 	/System/Library/PrivateFrameworks/CoreServicesInternal.framework/Versions/A/CoreServicesInternal
0x00000000379d3000 	/System/Library/CoreServices/RawCamera.bundle/Contents/MacOS/RawCamera
0x00000000379d3000 	/System/Library/Frameworks/Accelerate.framework/Versions/A/Frameworks/vImage.framework/Versions/A/Libraries/libCGInterfaces.dylib
0x00000000379d3000 	/System/Library/Frameworks/ApplicationServices.framework/Versions/A/Frameworks/ATS.framework/Versions/A/Resources/libTrueTypeScaler.dylib
0x00000000379d3000 	/System/Library/Frameworks/OpenGL.framework/Versions/A/Resources/GLEngine.bundle/GLEngine
0x00000000379d3000 	/System/Library/Frameworks/OpenGL.framework/Versions/A/Libraries/libGLProgrammability.dylib
0x000000012155a000 	/System/Library/Extensions/AppleIntelHD5000GraphicsGLDriver.bundle/Contents/MacOS/AppleIntelHD5000GraphicsGLDriver
0x00000000379d3000 	/System/Library/PrivateFrameworks/GPUSupport.framework/Versions/A/Libraries/libGPUSupportMercury.dylib
0x00000000379d3000 	/System/Library/Frameworks/OpenGL.framework/Versions/A/Resources/GLRendererFloat.bundle/GLRendererFloat
0x00000000379d3000 	/System/Library/Frameworks/OpenCL.framework/Versions/A/Libraries/libcldcpuengine.dylib
0x00000000379d3000 	/usr/lib/libcrypto.0.9.8.dylib
0x00000000379d3000 	/System/Library/PrivateFrameworks/TrustEvaluationAgent.framework/Versions/A/TrustEvaluationAgent
0x0000000121cd8000 	/System/Library/Extensions/AppleIntelHD5000GraphicsMTLDriver.bundle/Contents/MacOS/AppleIntelHD5000GraphicsMTLDriver
0x00000000379d3000 	/System/Library/PrivateFrameworks/FamilyControls.framework/Versions/A/FamilyControls
0x00000000379d3000 	/System/Library/PrivateFrameworks/CommerceKit.framework/Versions/A/Frameworks/CommerceCore.framework/Versions/A/CommerceCore
0x00000000379d3000 	/System/Library/PrivateFrameworks/SystemAdministration.framework/Versions/A/SystemAdministration
0x00000000379d3000 	/System/Library/PrivateFrameworks/AppContainer.framework/Versions/A/AppContainer
0x00000000379d3000 	/System/Library/PrivateFrameworks/SecCodeWrapper.framework/Versions/A/SecCodeWrapper
0x00000000379d3000 	/System/Library/Frameworks/DirectoryService.framework/Versions/A/DirectoryService
0x00000000379d3000 	/System/Library/PrivateFrameworks/DiskImages.framework/Versions/A/DiskImages
0x00000000379d3000 	/System/Library/PrivateFrameworks/LoginUIKit.framework/Versions/A/Frameworks/LoginUICore.framework/Versions/A/LoginUICore
0x00000000379d3000 	/usr/lib/libCoreStorage.dylib
0x00000000379d3000 	/usr/lib/libcsfde.dylib
0x00000000379d3000 	/usr/lib/libodfde.dylib
0x00000000379d3000 	/System/Library/Frameworks/DiscRecording.framework/Versions/A/DiscRecording
0x00000000379d3000 	/usr/lib/libcurl.4.dylib
0x00000000379d3000 	/System/Library/PrivateFrameworks/MediaKit.framework/Versions/A/MediaKit
0x00000000379d3000 	/System/Library/PrivateFrameworks/ProtectedCloudStorage.framework/Versions/A/ProtectedCloudStorage
0x00000000379d3000 	/System/Library/PrivateFrameworks/EFILogin.framework/Versions/A/EFILogin
0x00000000379d3000 	/usr/lib/libutil.dylib
0x00000000379d3000 	/System/Library/Frameworks/LDAP.framework/Versions/A/LDAP
0x00000000379d3000 	/usr/lib/libsasl2.2.dylib
0x00000000379d3000 	/System/Library/PrivateFrameworks/CoreDaemon.framework/Versions/B/CoreDaemon
0x00000000379d3000 	/System/Library/PrivateFrameworks/AppleSRP.framework/Versions/A/AppleSRP
0x00000000379d3000 	/System/Library/PrivateFrameworks/APFS.framework/Versions/A/APFS
0x000000012301a000 	/Library/Java/JavaVirtualMachines/jdk1.8.0_51.jdk/Contents/Home/jre/lib/libfontmanager.dylib
0x0000000123081000 	/Users/Marc/Documents/code/LWJGL/lwjgl-2.9.3/native/macosx/liblwjgl.dylib
0x000000010efd7000 	/Library/Java/JavaVirtualMachines/jdk1.8.0_51.jdk/Contents/Home/jre/lib/libjawt.dylib
0x0000000124ad0000 	/Library/Java/JavaVirtualMachines/jdk1.8.0_51.jdk/Contents/Home/jre/lib/libjpeg.dylib
0x0000000124b10000 	/Library/Java/JavaVirtualMachines/jdk1.8.0_51.jdk/Contents/Home/jre/lib/liblcms.dylib
0x00000000379d3000 	/System/Library/PrivateFrameworks/ViewBridge.framework/Versions/A/ViewBridge
0x00000000379d3000 	/System/Library/PrivateFrameworks/XPCService.framework/Versions/A/XPCService
0x00000000379d3000 	/System/Library/PrivateFrameworks/AppSandbox.framework/Versions/A/AppSandbox
0x00000000379d3000 	/usr/lib/libsandbox.1.dylib
0x00000000379d3000 	/usr/lib/libMatch.1.dylib

VM Arguments:
jvm_args: -Djava.library.path=/Users/Marc/Documents/code/LWJGL/lwjgl-2.9.3/native/macosx -Dfile.encoding=UTF-8 
java_command: com.capstone.plasma.mapmaker.MapMaker
java_class_path (initial): /Users/Marc/Documents/Plasma/Plasma/bin:/Users/Marc/Documents/code/LWJGL/lwjgl-2.9.3/jar/lwjgl.jar
Launcher Type: SUN_STANDARD

Environment Variables:
PATH=/usr/bin:/bin:/usr/sbin:/sbin
SHELL=/bin/bash
DISPLAY=/private/tmp/com.apple.launchd.ELzuirrgT2/org.macosforge.xquartz:0

Signal Handlers:
SIGSEGV: [libjvm.dylib+0x58ef35], sa_mask[0]=11111111011111110111111111111111, sa_flags=SA_ONSTACK|SA_RESTART|SA_SIGINFO
SIGBUS: [libjvm.dylib+0x58ef35], sa_mask[0]=11111111011111110111111111111111, sa_flags=SA_RESTART|SA_SIGINFO
SIGFPE: [libjvm.dylib+0x46c028], sa_mask[0]=11111111011111110111111111111111, sa_flags=SA_RESTART|SA_SIGINFO
SIGPIPE: [libjvm.dylib+0x46c028], sa_mask[0]=11111111011111110111111111111111, sa_flags=SA_RESTART|SA_SIGINFO
SIGXFSZ: [libjvm.dylib+0x46c028], sa_mask[0]=11111111011111110111111111111111, sa_flags=SA_RESTART|SA_SIGINFO
SIGILL: [libjvm.dylib+0x46c028], sa_mask[0]=11111111011111110111111111111111, sa_flags=SA_RESTART|SA_SIGINFO
SIGUSR1: SIG_DFL, sa_mask[0]=00000000000000000000000000000000, sa_flags=none
SIGUSR2: [libjvm.dylib+0x46bb46], sa_mask[0]=00100000000000000000000000000000, sa_flags=SA_RESTART|SA_SIGINFO
SIGHUP: [libjvm.dylib+0x46a119], sa_mask[0]=11111111011111110111111111111111, sa_flags=SA_RESTART|SA_SIGINFO
SIGINT: [libjvm.dylib+0x46a119], sa_mask[0]=11111111011111110111111111111111, sa_flags=SA_RESTART|SA_SIGINFO
SIGTERM: [libjvm.dylib+0x46a119], sa_mask[0]=11111111011111110111111111111111, sa_flags=SA_RESTART|SA_SIGINFO
SIGQUIT: [libjvm.dylib+0x46a119], sa_mask[0]=11111111011111110111111111111111, sa_flags=SA_RESTART|SA_SIGINFO


---------------  S Y S T E M  ---------------

OS:Bsduname:Darwin 16.1.0 Darwin Kernel Version 16.1.0: Wed Oct 19 20:31:56 PDT 2016; root:xnu-3789.21.4~4/RELEASE_X86_64 x86_64
rlimit: STACK 8192k, CORE 0k, NPROC 709, NOFILE 10240, AS infinity
load average:1.45 1.62 1.63

CPU:total 8 (4 cores per cpu, 2 threads per core) family 6 model 70 stepping 1, cmov, cx8, fxsr, mmx, sse, sse2, sse3, ssse3, sse4.1, sse4.2, popcnt, avx, avx2, aes, clmul, erms, lzcnt, ht, tsc, tscinvbit, bmi1, bmi2

Memory: 4k page, physical 16777216k(4127076k free)

/proc/meminfo:


vm_info: Java HotSpot(TM) 64-Bit Server VM (25.51-b03) for bsd-amd64 JRE (1.8.0_51-b16), built on Jun  8 2015 18:01:11 by "java_re" with gcc 4.2.1 (Based on Apple Inc. build 5658) (LLVM build 2336.11.00)

time: Wed Jan 18 13:17:56 2017
elapsed time: 29 seconds (0d 0h 0m 29s)

