#
# A fatal error has been detected by the Java Runtime Environment:
#
#  SIGSEGV (0xb) at pc=0x00007fffc168cb5d, pid=69124, tid=775
#
# JRE version: Java(TM) SE Runtime Environment (8.0_51-b16) (build 1.8.0_51-b16)
# Java VM: Java HotSpot(TM) 64-Bit Server VM (25.51-b03 mixed mode bsd-amd64 compressed oops)
# Problematic frame:
# C  [libobjc.A.dylib+0x6b5d]  objc_msgSend+0x1d
#
# Failed to write core dump. Core dumps have been disabled. To enable core dumping, try "ulimit -c unlimited" before starting Java again
#
# If you would like to submit a bug report, please visit:
#   http://bugreport.java.com/bugreport/crash.jsp
# The crash happened outside the Java Virtual Machine in native code.
# See problematic frame for where to report the bug.
#

---------------  T H R E A D  ---------------

Current thread (0x00007fac6b846800):  JavaThread "AppKit Thread" daemon [_thread_in_native, id=775, stack(0x00007fff5a522000,0x00007fff5ad22000)]

siginfo: si_signo: 11 (SIGSEGV), si_code: 1 (SEGV_MAPERR), si_addr: 0x000007fac6afba58

Registers:
RAX=0x00007fac6ae955d0, RBX=0x00007fac6d001bc0, RCX=0x00007fac6af84790, RDX=0x00007fac6ae955d0
RSP=0x00007fff5ad1d078, RBP=0x00007fff5ad1d080, RSI=0x00007fffab51b96b, RDI=0x00007fac6af84790
R8 =0x000000000000003f, R9 =0x00007fac6d001ae0, R10=0x000007fac6afba40, R11=0x00007fffab51b96b
R12=0x0000000000000000, R13=0x00007fac6d001ae0, R14=0x00007fac6ae955d0, R15=0x0000000000000000
RIP=0x00007fffc168cb5d, EFLAGS=0x0000000000010202, ERR=0x0000000000000004
  TRAPNO=0x000000000000000e

Top of Stack: (sp=0x00007fff5ad1d078)
0x00007fff5ad1d078:   00007fffacd2759c 00007fff5ad1d0f0
0x00007fff5ad1d088:   00007fffacd2749b 0000000000000000
0x00007fff5ad1d098:   00007fffcad48060 00000000c2000000
0x00007fff5ad1d0a8:   00007fffacd274f0 00007fffc76b5680
0x00007fff5ad1d0b8:   00007fac6d001ae0 00007fac6ae955d0
0x00007fff5ad1d0c8:   00007fff5ad1d8b8 00007fffc168cb40
0x00007fff5ad1d0d8:   00007fff5ad1d1c0 00007fac6d001ae0
0x00007fff5ad1d0e8:   00007fffab4b360a 00007fff5ad1d130
0x00007fff5ad1d0f8:   00007fffacd27202 00007fff5ad1d700
0x00007fff5ad1d108:   0000000000000001 00007fffc168cb40
0x00007fff5ad1d118:   00007fff5ad1d1c0 00007fff5ad1d8b8
0x00007fff5ad1d128:   00007fffab4b360a 00007fff5ad1d850
0x00007fff5ad1d138:   00007fffacce4903 0000000104efda00
0x00007fff5ad1d148:   0000000000000004 0000000104efa000
0x00007fff5ad1d158:   00007fac6d100000 00007fac6d107500
0x00007fff5ad1d168:   00007fffc76b6cb0 0000000000000000
0x00007fff5ad1d178:   00007fac6c0c20d0 00007fac6d107501
0x00007fff5ad1d188:   00007fac6ad5fb40 00007fffc77e8f70
0x00007fff5ad1d198:   0000000000000000 0000000000000000
0x00007fff5ad1d1a8:   0000000000000000 00007fac6ad60760
0x00007fff5ad1d1b8:   00007fffc76f58a0 00007fff5ad1d700
0x00007fff5ad1d1c8:   0000000000000002 0000000000000100
0x00007fff5ad1d1d8:   00007fffc168f000 00007fff5ad1d600
0x00007fff5ad1d1e8:   0000000000000000 0000000000000100
0x00007fff5ad1d1f8:   00007fffacd27e00 ffff805392ed3910
0x00007fff5ad1d208:   00007fac6d12c6f0 00007fffc77e64c8
0x00007fff5ad1d218:   00007fac6d12c6f0 00007fff5ad1d250
0x00007fff5ad1d228:   00007fffacd27e98 ffff805392ed3910
0x00007fff5ad1d238:   00007fac6d12c6f0 00007fffc77e6748
0x00007fff5ad1d248:   00007fac6d12c6f0 00007fff5ad1d280
0x00007fff5ad1d258:   00007fffacd27f7b 0000000000000ec0
0x00007fff5ad1d268:   ffff8053950ae4a0 00007fac6af51b60 

Instructions: (pc=0x00007fffc168cb5d)
0x00007fffc168cb3d:   0f 1f 00 48 85 ff 2e 74 62 40 f6 c7 01 2e 75 66
0x00007fffc168cb4d:   49 ba f8 ff ff ff ff 7f 00 00 4c 23 17 49 89 f3
0x00007fffc168cb5d:   45 23 5a 18 49 c1 e3 04 4d 03 5a 10 49 3b 33 75
0x00007fffc168cb6d:   04 41 ff 63 08 49 83 3b 01 76 0d 49 83 c3 10 49 

Register to memory mapping:

RAX=0x00007fac6ae955d0 is an unknown value
RBX=0x00007fac6d001bc0 is an unknown value
RCX=0x00007fac6af84790 is an unknown value
RDX=0x00007fac6ae955d0 is an unknown value
RSP=0x00007fff5ad1d078 is pointing into the stack for thread: 0x00007fac6b846800
RBP=0x00007fff5ad1d080 is pointing into the stack for thread: 0x00007fac6b846800
RSI=0x00007fffab51b96b: __NSStyleNameIndexTable+0xdec66 in /System/Library/Frameworks/AppKit.framework/Versions/C/AppKit at 0x00007fffaa85d000
RDI=0x00007fac6af84790 is an unknown value
R8 =0x000000000000003f is an unknown value
R9 =0x00007fac6d001ae0 is an unknown value
R10=0x000007fac6afba40 is an unknown value
R11=0x00007fffab51b96b: __NSStyleNameIndexTable+0xdec66 in /System/Library/Frameworks/AppKit.framework/Versions/C/AppKit at 0x00007fffaa85d000
R12=0x0000000000000000 is an unknown value
R13=0x00007fac6d001ae0 is an unknown value
R14=0x00007fac6ae955d0 is an unknown value
R15=0x0000000000000000 is an unknown value


Stack: [0x00007fff5a522000,0x00007fff5ad22000],  sp=0x00007fff5ad1d078,  free space=8172k
Native frames: (J=compiled Java code, j=interpreted, Vv=VM code, C=native code)
C  [libobjc.A.dylib+0x6b5d]  objc_msgSend+0x1d
C  [CoreFoundation+0x9d49b]  _CFXRegistrationPost+0x1ab
C  [CoreFoundation+0x9d202]  ___CFXNotificationPost_block_invoke+0x32
C  [CoreFoundation+0x5a903]  -[_CFXNotificationRegistrar find:object:observer:enumerator:]+0x723
C  [CoreFoundation+0x5993c]  _CFXNotificationPost+0x25c
C  [Foundation+0x70e3]  -[NSNotificationCenter postNotificationName:object:userInfo:]+0x42
C  [AppKit+0x24f295]  -[NSSurface _disposeSurface]+0x98
C  [AppKit+0x24ee44]  -[NSSurface setWindow:]+0x35
C  [AppKit+0x295e8]  -[NSView _setWindow:]+0xa0f
C  [AppKit+0x2c217]  -[NSView removeFromSuperview]+0x1d1
C  [AppKit+0x14d7ec]  -[NSView removeFromSuperviewWithoutNeedingDisplay]+0x26
C  [liblwjgl.dylib+0xa205]  +[MacOSXKeyableWindow destroyWindow]+0xb5
C  [Foundation+0x71f2a]  __NSThreadPerformPerform+0x146
C  [CoreFoundation+0xa74b1]  __CFRUNLOOP_IS_CALLING_OUT_TO_A_SOURCE0_PERFORM_FUNCTION__+0x11
C  [CoreFoundation+0x8861d]  __CFRunLoopDoSources0+0x22d
C  [CoreFoundation+0x87b16]  __CFRunLoopRun+0x3a6
C  [CoreFoundation+0x87514]  CFRunLoopRunSpecific+0x1a4
C  [HIToolbox+0x312ac]  RunCurrentEventLoopInMode+0xf0
C  [HIToolbox+0x310e1]  ReceiveNextEventCommon+0x1b0
C  [HIToolbox+0x30f16]  _BlockUntilNextEventMatchingListInModeWithFilter+0x47
C  [AppKit+0x476cd]  _DPSNextEvent+0x445
C  [AppKit+0x7be830]  -[NSApplication(NSEvent) _nextEventMatchingEventMask:untilDate:inMode:dequeue:]+0xaaa
C  [libosxapp.dylib+0x242a]  -[NSApplicationAWT nextEventMatchingMask:untilDate:inMode:dequeue:]+0x7c
C  [AppKit+0x3c06d]  -[NSApplication run]+0x39e
C  [libosxapp.dylib+0x223e]  +[NSApplicationAWT runAWTLoopWithApp:]+0x9c
C  [libawt_lwawt.dylib+0x4454b]  -[AWTStarter starter:]+0x389
C  [Foundation+0x71f2a]  __NSThreadPerformPerform+0x146
C  [CoreFoundation+0xa74b1]  __CFRUNLOOP_IS_CALLING_OUT_TO_A_SOURCE0_PERFORM_FUNCTION__+0x11
C  [CoreFoundation+0x8861d]  __CFRunLoopDoSources0+0x22d
C  [CoreFoundation+0x87b16]  __CFRunLoopRun+0x3a6
C  [CoreFoundation+0x87514]  CFRunLoopRunSpecific+0x1a4
C  [java+0x6463]  CreateExecutionEnvironment+0x367
C  [java+0x21ac]  JLI_Launch+0x7a0
C  [java+0x84c0]  main+0x65
C  [java+0x1a04]  start+0x34
C  0x0000000000000006


---------------  P R O C E S S  ---------------

Java Threads: ( => current thread )
  0x00007fac6c877000 JavaThread "AWT-Shutdown" [_thread_blocked, id=32007, stack(0x0000700002f13000,0x0000700003013000)]
  0x00007fac6d89a000 JavaThread "Thread-33" [_thread_blocked, id=84995, stack(0x0000700005408000,0x0000700005508000)]
  0x00007fac6b00b800 JavaThread "Thread-32" [_thread_blocked, id=84483, stack(0x0000700005305000,0x0000700005405000)]
  0x00007fac6d899000 JavaThread "Thread-31" [_thread_blocked, id=83971, stack(0x0000700005202000,0x0000700005302000)]
  0x00007fac6b00b000 JavaThread "Thread-30" [_thread_blocked, id=83459, stack(0x00007000050ff000,0x00007000051ff000)]
  0x00007fac6d898800 JavaThread "Thread-29" [_thread_blocked, id=82947, stack(0x0000700004ffc000,0x00007000050fc000)]
  0x00007fac6d897800 JavaThread "Thread-28" [_thread_blocked, id=82435, stack(0x0000700004ef9000,0x0000700004ff9000)]
  0x00007fac6d897000 JavaThread "Thread-27" [_thread_blocked, id=81923, stack(0x0000700004df6000,0x0000700004ef6000)]
  0x00007fac6d896000 JavaThread "Thread-26" [_thread_blocked, id=81411, stack(0x0000700004cf3000,0x0000700004df3000)]
  0x00007fac6d895800 JavaThread "Thread-25" [_thread_blocked, id=80899, stack(0x0000700004bf0000,0x0000700004cf0000)]
  0x00007fac6c2f8000 JavaThread "Thread-24" [_thread_blocked, id=80387, stack(0x0000700004aed000,0x0000700004bed000)]
  0x00007fac6d894800 JavaThread "Thread-23" [_thread_blocked, id=79875, stack(0x00007000049ea000,0x0000700004aea000)]
  0x00007fac6c2f7000 JavaThread "Thread-22" [_thread_blocked, id=79363, stack(0x00007000048e7000,0x00007000049e7000)]
  0x00007fac6c2f6800 JavaThread "Thread-21" [_thread_blocked, id=78851, stack(0x00007000047e4000,0x00007000048e4000)]
  0x00007fac6d894000 JavaThread "Thread-20" [_thread_blocked, id=78339, stack(0x00007000046e1000,0x00007000047e1000)]
  0x00007fac6d893000 JavaThread "Thread-19" [_thread_blocked, id=77827, stack(0x00007000045de000,0x00007000046de000)]
  0x00007fac6d892800 JavaThread "Thread-18" [_thread_blocked, id=77315, stack(0x00007000044db000,0x00007000045db000)]
  0x00007fac6d891800 JavaThread "Thread-17" [_thread_blocked, id=76803, stack(0x00007000043d8000,0x00007000044d8000)]
  0x00007fac6d891000 JavaThread "Thread-16" [_thread_blocked, id=76291, stack(0x00007000042d5000,0x00007000043d5000)]
  0x00007fac6d890000 JavaThread "Thread-15" [_thread_blocked, id=75779, stack(0x00007000041d2000,0x00007000042d2000)]
  0x00007fac6d88f800 JavaThread "Thread-14" [_thread_blocked, id=75267, stack(0x00007000040cf000,0x00007000041cf000)]
  0x00007fac6c903800 JavaThread "Thread-13" [_thread_blocked, id=74755, stack(0x0000700003fcc000,0x00007000040cc000)]
  0x00007fac6d88e800 JavaThread "Thread-12" [_thread_blocked, id=74243, stack(0x0000700003ec9000,0x0000700003fc9000)]
  0x00007fac6d88e000 JavaThread "Thread-11" [_thread_blocked, id=73731, stack(0x0000700003dc6000,0x0000700003ec6000)]
  0x00007fac6b95b000 JavaThread "Thread-10" [_thread_blocked, id=73219, stack(0x0000700003cc3000,0x0000700003dc3000)]
  0x00007fac6d88d000 JavaThread "Thread-9" [_thread_blocked, id=72707, stack(0x0000700003bc0000,0x0000700003cc0000)]
  0x00007fac6c902800 JavaThread "Thread-8" [_thread_blocked, id=72195, stack(0x0000700003abd000,0x0000700003bbd000)]
  0x00007fac6c902000 JavaThread "Thread-7" [_thread_blocked, id=71683, stack(0x00007000039ba000,0x0000700003aba000)]
  0x00007fac6c901000 JavaThread "Thread-6" [_thread_blocked, id=71175, stack(0x00007000038b7000,0x00007000039b7000)]
  0x00007fac6c8f5000 JavaThread "Thread-5" [_thread_blocked, id=64787, stack(0x00007000037b4000,0x00007000038b4000)]
  0x00007fac6d87b000 JavaThread "Thread-4" [_thread_blocked, id=65543, stack(0x00007000036b1000,0x00007000037b1000)]
  0x00007fac6c8f4800 JavaThread "Thread-3" [_thread_blocked, id=69395, stack(0x00007000035ae000,0x00007000036ae000)]
  0x00007fac6c908000 JavaThread "Thread-2" [_thread_blocked, id=69903, stack(0x00007000034ab000,0x00007000035ab000)]
  0x00007fac6e005000 JavaThread "Thread-1" [_thread_blocked, id=69135, stack(0x00007000033a8000,0x00007000034a8000)]
  0x00007fac6d859800 JavaThread "Java2D Disposer" daemon [_thread_blocked, id=59403, stack(0x00007000032a5000,0x00007000033a5000)]
=>0x00007fac6b846800 JavaThread "AppKit Thread" daemon [_thread_in_native, id=775, stack(0x00007fff5a522000,0x00007fff5ad22000)]
  0x00007fac6c004800 JavaThread "Service Thread" daemon [_thread_blocked, id=20995, stack(0x0000700002d0d000,0x0000700002e0d000)]
  0x00007fac6c802800 JavaThread "C1 CompilerThread3" daemon [_thread_blocked, id=20483, stack(0x0000700002c0a000,0x0000700002d0a000)]
  0x00007fac6b80a800 JavaThread "C2 CompilerThread2" daemon [_thread_blocked, id=19971, stack(0x0000700002b07000,0x0000700002c07000)]
  0x00007fac6b810800 JavaThread "C2 CompilerThread1" daemon [_thread_blocked, id=19459, stack(0x0000700002a04000,0x0000700002b04000)]
  0x00007fac6b80f800 JavaThread "C2 CompilerThread0" daemon [_thread_blocked, id=18947, stack(0x0000700002901000,0x0000700002a01000)]
  0x00007fac6b831000 JavaThread "Signal Dispatcher" daemon [_thread_blocked, id=18435, stack(0x00007000027fe000,0x00007000028fe000)]
  0x00007fac6b830800 JavaThread "Finalizer" daemon [_thread_blocked, id=14595, stack(0x00007000026fb000,0x00007000027fb000)]
  0x00007fac6c831000 JavaThread "Reference Handler" daemon [_thread_blocked, id=14083, stack(0x00007000025f8000,0x00007000026f8000)]
  0x00007fac6c805000 JavaThread "main" [_thread_in_native, id=7171, stack(0x0000700001bda000,0x0000700001cda000)]

Other Threads:
  0x00007fac6b830000 VMThread [stack: 0x00007000024f5000,0x00007000025f5000] [id=13571]
  0x00007fac6c018800 WatcherThread [stack: 0x0000700002e10000,0x0000700002f10000] [id=21507]

VM state:not at safepoint (normal execution)

VM Mutex/Monitor currently owned by a thread: None

Heap:
 PSYoungGen      total 76288K, used 61622K [0x000000076ab00000, 0x0000000770000000, 0x00000007c0000000)
  eden space 65536K, 94% used [0x000000076ab00000,0x000000076e72da78,0x000000076eb00000)
  from space 10752K, 0% used [0x000000076f580000,0x000000076f580000,0x0000000770000000)
  to   space 10752K, 0% used [0x000000076eb00000,0x000000076eb00000,0x000000076f580000)
 ParOldGen       total 175104K, used 0K [0x00000006c0000000, 0x00000006cab00000, 0x000000076ab00000)
  object space 175104K, 0% used [0x00000006c0000000,0x00000006c0000000,0x00000006cab00000)
 Metaspace       used 6857K, capacity 7071K, committed 7296K, reserved 1056768K
  class space    used 711K, capacity 792K, committed 896K, reserved 1048576K

Card table byte_map: [0x0000000107329000,0x0000000107b2a000] byte_map_base: 0x0000000103d29000

Marking Bits: (ParMarkBitMap*) 0x00000001068c27a0
 Begin Bits: [0x0000000108080000, 0x000000010c080000)
 End Bits:   [0x000000010c080000, 0x0000000110080000)

Polling page: 0x0000000104f9e000

CodeCache: size=245760Kb used=2764Kb max_used=2775Kb free=242995Kb
 bounds [0x0000000110984000, 0x0000000110c44000, 0x000000011f984000]
 total_blobs=1060 nmethods=688 adapters=286
 compilation: enabled

Compilation events (10 events):
Event: 41.413 Thread 0x00007fac6b80a800 nmethod 685 0x0000000110b90e90 code [0x0000000110b90fe0, 0x0000000110b91038]
Event: 41.414 Thread 0x00007fac6c802800  684   !   2       org.lwjgl.input.Keyboard::isCreated (17 bytes)
Event: 41.414 Thread 0x00007fac6c802800 nmethod 684 0x0000000110c2ac90 code [0x0000000110c2ae00, 0x0000000110c2b070]
Event: 41.415 Thread 0x00007fac6b80f800 nmethod 683 0x0000000110c37c90 code [0x0000000110c37e20, 0x0000000110c382f8]
Event: 41.420 Thread 0x00007fac6c802800  686   !   3       org.lwjgl.opengl.Display::processMessages (44 bytes)
Event: 41.421 Thread 0x00007fac6c802800 nmethod 686 0x0000000110c39a50 code [0x0000000110c39ce0, 0x0000000110c3ad08]
Event: 42.198 Thread 0x00007fac6c802800  687       3       java.util.AbstractMap::<init> (5 bytes)
Event: 42.198 Thread 0x00007fac6c802800 nmethod 687 0x0000000110c2a810 code [0x0000000110c2a980, 0x0000000110c2ab30]
Event: 42.198 Thread 0x00007fac6b80a800  688       4       java.nio.DirectByteBuffer::put (18 bytes)
Event: 42.199 Thread 0x00007fac6b80a800 nmethod 688 0x0000000110c234d0 code [0x0000000110c23620, 0x0000000110c236d8]

GC Heap History (0 events):
No events

Deoptimization events (9 events):
Event: 0.583 Thread 0x00007fac6c805000 Uncommon trap: reason=unstable_if action=reinterpret pc=0x0000000110b77d7c method=java.util.ArrayList$Itr.hasNext()Z @ 11
Event: 0.956 Thread 0x00007fac6d899000 Uncommon trap: reason=unstable_if action=reinterpret pc=0x0000000110ba39f8 method=java.awt.Rectangle.intersects(Ljava/awt/Rectangle;)Z @ 115
Event: 1.672 Thread 0x00007fac6c805000 Uncommon trap: reason=unstable_if action=reinterpret pc=0x0000000110b98fd8 method=com.capstone.plasma.tiles.Tile.paint()V @ 24
Event: 1.781 Thread 0x00007fac6c805000 Uncommon trap: reason=unstable_if action=reinterpret pc=0x0000000110b95d98 method=com.capstone.plasma.tiles.BackgroundTile.paint()V @ 24
Event: 2.021 Thread 0x00007fac6c805000 Uncommon trap: reason=unstable_if action=reinterpret pc=0x0000000110bec290 method=com.capstone.plasma.ParticleHandler$Particle.check()V @ 100
Event: 2.026 Thread 0x00007fac6c805000 Uncommon trap: reason=unstable_if action=reinterpret pc=0x0000000110bcdc44 method=com.capstone.plasma.ParticleHandler$Particle.check()V @ 100
Event: 2.026 Thread 0x00007fac6c805000 Uncommon trap: reason=unstable_if action=reinterpret pc=0x0000000110bdebb4 method=com.capstone.plasma.ParticleHandler.paint()V @ 133
Event: 40.481 Thread 0x00007fac6c805000 Uncommon trap: reason=unstable_if action=reinterpret pc=0x0000000110c181fc method=org.lwjgl.opengl.EventQueue.copyEvents(Ljava/nio/ByteBuffer;)V @ 27
Event: 40.778 Thread 0x00007fac6c805000 Uncommon trap: reason=unstable_if action=reinterpret pc=0x0000000110c32e84 method=org.lwjgl.opengl.MacOSXDisplay.update()V @ 86

Internal exceptions (10 events):
Event: 0.037 Thread 0x00007fac6c805000 Exception <a 'java/lang/NoSuchMethodError': Method sun.misc.Unsafe.defineClass(Ljava/lang/String;[BII)Ljava/lang/Class; name or signature does not match> (0x000000076ab12db0) thrown at [/Users/java_re/workspace/8-2-build-macosx-x86_64/jdk8u51/3951/hotspot
Event: 0.037 Thread 0x00007fac6c805000 Exception <a 'java/lang/NoSuchMethodError': Method sun.misc.Unsafe.prefetchRead(Ljava/lang/Object;J)V name or signature does not match> (0x000000076ab13040) thrown at [/Users/java_re/workspace/8-2-build-macosx-x86_64/jdk8u51/3951/hotspot/src/share/vm/prim
Event: 0.104 Thread 0x00007fac6c805000 Exception <a 'java/security/PrivilegedActionException'> (0x000000076ac35218) thrown at [/Users/java_re/workspace/8-2-build-macosx-x86_64/jdk8u51/3951/hotspot/src/share/vm/prims/jvm.cpp, line 1382]
Event: 0.104 Thread 0x00007fac6c805000 Exception <a 'java/security/PrivilegedActionException'> (0x000000076ac353d0) thrown at [/Users/java_re/workspace/8-2-build-macosx-x86_64/jdk8u51/3951/hotspot/src/share/vm/prims/jvm.cpp, line 1382]
Event: 0.105 Thread 0x00007fac6c805000 Exception <a 'java/security/PrivilegedActionException'> (0x000000076ac38750) thrown at [/Users/java_re/workspace/8-2-build-macosx-x86_64/jdk8u51/3951/hotspot/src/share/vm/prims/jvm.cpp, line 1382]
Event: 0.105 Thread 0x00007fac6c805000 Exception <a 'java/security/PrivilegedActionException'> (0x000000076ac38908) thrown at [/Users/java_re/workspace/8-2-build-macosx-x86_64/jdk8u51/3951/hotspot/src/share/vm/prims/jvm.cpp, line 1382]
Event: 0.249 Thread 0x00007fac6c805000 Exception <a 'java/io/FileNotFoundException'> (0x000000076ac3c830) thrown at [/Users/java_re/workspace/8-2-build-macosx-x86_64/jdk8u51/3951/hotspot/src/share/vm/prims/jni.cpp, line 709]
Event: 0.249 Thread 0x00007fac6c805000 Exception <a 'java/io/FileNotFoundException'> (0x000000076ac3d348) thrown at [/Users/java_re/workspace/8-2-build-macosx-x86_64/jdk8u51/3951/hotspot/src/share/vm/prims/jni.cpp, line 709]
Event: 0.291 Thread 0x00007fac6b846800 Exception <a 'java/lang/NoSuchFieldError': method resolution failed> (0x000000076afa8f28) thrown at [/Users/java_re/workspace/8-2-build-macosx-x86_64/jdk8u51/3951/hotspot/src/share/vm/prims/methodHandles.cpp, line 1125]
Event: 0.293 Thread 0x00007fac6b846800 Exception <a 'java/lang/NoSuchFieldError': method resolution failed> (0x000000076afb75c8) thrown at [/Users/java_re/workspace/8-2-build-macosx-x86_64/jdk8u51/3951/hotspot/src/share/vm/prims/methodHandles.cpp, line 1125]

Events (10 events):
Event: 35.462 Thread 0x00007fac6c0df800 Thread exited: 0x00007fac6c0df800
Event: 35.515 Thread 0x00007fac6c877000 Thread added: 0x00007fac6c877000
Event: 40.481 Thread 0x00007fac6c805000 Uncommon trap: trap_request=0xffffff65 fr.pc=0x0000000110c181fc
Event: 40.481 Thread 0x00007fac6c805000 DEOPT PACKING pc=0x0000000110c181fc sp=0x0000700001cd9780
Event: 40.481 Thread 0x00007fac6c805000 DEOPT UNPACKING pc=0x0000000110989229 sp=0x0000700001cd9738 mode 2
Event: 40.778 Thread 0x00007fac6c805000 Uncommon trap: trap_request=0xffffff65 fr.pc=0x0000000110c32e84
Event: 40.778 Thread 0x00007fac6c805000 DEOPT PACKING pc=0x0000000110c32e84 sp=0x0000700001cd97d0
Event: 40.778 Thread 0x00007fac6c805000 DEOPT UNPACKING pc=0x0000000110989229 sp=0x0000700001cd9758 mode 2
Event: 42.197 loading class org/lwjgl/opengl/CallbackUtil
Event: 42.197 loading class org/lwjgl/opengl/CallbackUtil done


Dynamic libraries:
0x00000000379d3000 	/System/Library/Frameworks/Cocoa.framework/Versions/A/Cocoa
0x00000000379d3000 	/System/Library/Frameworks/Security.framework/Versions/A/Security
0x00000000379d3000 	/System/Library/Frameworks/ApplicationServices.framework/Versions/A/ApplicationServices
0x00000000379d3000 	/usr/lib/libz.1.dylib
0x00000000379d3000 	/usr/lib/libSystem.B.dylib
0x00000000379d3000 	/usr/lib/libobjc.A.dylib
0x00000000379d3000 	/System/Library/Frameworks/CoreFoundation.framework/Versions/A/CoreFoundation
0x00000000379d3000 	/System/Library/Frameworks/Foundation.framework/Versions/C/Foundation
0x00000000379d3000 	/System/Library/Frameworks/AppKit.framework/Versions/C/AppKit
0x00000000379d3000 	/System/Library/Frameworks/CoreData.framework/Versions/A/CoreData
0x00000000379d3000 	/System/Library/PrivateFrameworks/RemoteViewServices.framework/Versions/A/RemoteViewServices
0x00000000379d3000 	/System/Library/PrivateFrameworks/UIFoundation.framework/Versions/A/UIFoundation
0x00000000379d3000 	/System/Library/PrivateFrameworks/DFRFoundation.framework/Versions/A/DFRFoundation
0x00000000379d3000 	/usr/lib/libenergytrace.dylib
0x00000000379d3000 	/System/Library/PrivateFrameworks/SkyLight.framework/Versions/A/SkyLight
0x00000000379d3000 	/System/Library/Frameworks/CoreGraphics.framework/Versions/A/CoreGraphics
0x00000000379d3000 	/usr/lib/libScreenReader.dylib
0x00000000379d3000 	/System/Library/Frameworks/Accelerate.framework/Versions/A/Accelerate
0x00000000379d3000 	/System/Library/Frameworks/IOSurface.framework/Versions/A/IOSurface
0x00000000379d3000 	/System/Library/Frameworks/AudioToolbox.framework/Versions/A/AudioToolbox
0x00000000379d3000 	/System/Library/Frameworks/AudioUnit.framework/Versions/A/AudioUnit
0x00000000379d3000 	/System/Library/PrivateFrameworks/DataDetectorsCore.framework/Versions/A/DataDetectorsCore
0x00000000379d3000 	/System/Library/PrivateFrameworks/DesktopServicesPriv.framework/Versions/A/DesktopServicesPriv
0x00000000379d3000 	/System/Library/Frameworks/Carbon.framework/Versions/A/Frameworks/HIToolbox.framework/Versions/A/HIToolbox
0x00000000379d3000 	/usr/lib/libicucore.A.dylib
0x00000000379d3000 	/System/Library/Frameworks/QuartzCore.framework/Versions/A/QuartzCore
0x00000000379d3000 	/System/Library/Frameworks/Carbon.framework/Versions/A/Frameworks/SpeechRecognition.framework/Versions/A/SpeechRecognition
0x00000000379d3000 	/usr/lib/libauto.dylib
0x00000000379d3000 	/usr/lib/libxml2.2.dylib
0x00000000379d3000 	/System/Library/PrivateFrameworks/CoreUI.framework/Versions/A/CoreUI
0x00000000379d3000 	/System/Library/Frameworks/CoreAudio.framework/Versions/A/CoreAudio
0x00000000379d3000 	/System/Library/Frameworks/DiskArbitration.framework/Versions/A/DiskArbitration
0x00000000379d3000 	/usr/lib/liblangid.dylib
0x00000000379d3000 	/System/Library/PrivateFrameworks/MultitouchSupport.framework/Versions/A/MultitouchSupport
0x00000000379d3000 	/System/Library/Frameworks/IOKit.framework/Versions/A/IOKit
0x00000000379d3000 	/usr/lib/libDiagnosticMessagesClient.dylib
0x00000000379d3000 	/System/Library/Frameworks/CoreServices.framework/Versions/A/CoreServices
0x00000000379d3000 	/System/Library/PrivateFrameworks/PerformanceAnalysis.framework/Versions/A/PerformanceAnalysis
0x00000000379d3000 	/System/Library/PrivateFrameworks/GenerationalStorage.framework/Versions/A/GenerationalStorage
0x00000000379d3000 	/System/Library/Frameworks/OpenGL.framework/Versions/A/OpenGL
0x00000000379d3000 	/System/Library/Frameworks/CoreImage.framework/Versions/A/CoreImage
0x00000000379d3000 	/System/Library/Frameworks/CoreText.framework/Versions/A/CoreText
0x00000000379d3000 	/System/Library/Frameworks/ImageIO.framework/Versions/A/ImageIO
0x00000000379d3000 	/System/Library/PrivateFrameworks/Backup.framework/Versions/A/Backup
0x00000000379d3000 	/usr/lib/libarchive.2.dylib
0x00000000379d3000 	/System/Library/Frameworks/CFNetwork.framework/Versions/A/CFNetwork
0x00000000379d3000 	/System/Library/Frameworks/SystemConfiguration.framework/Versions/A/SystemConfiguration
0x00000000379d3000 	/usr/lib/libCRFSuite.dylib
0x00000000379d3000 	/usr/lib/libc++.1.dylib
0x00000000379d3000 	/usr/lib/libc++abi.dylib
0x00000000379d3000 	/usr/lib/system/libcache.dylib
0x00000000379d3000 	/usr/lib/system/libcommonCrypto.dylib
0x00000000379d3000 	/usr/lib/system/libcompiler_rt.dylib
0x00000000379d3000 	/usr/lib/system/libcopyfile.dylib
0x00000000379d3000 	/usr/lib/system/libcorecrypto.dylib
0x00000000379d3000 	/usr/lib/system/libdispatch.dylib
0x00000000379d3000 	/usr/lib/system/libdyld.dylib
0x00000000379d3000 	/usr/lib/system/libkeymgr.dylib
0x00000000379d3000 	/usr/lib/system/liblaunch.dylib
0x00000000379d3000 	/usr/lib/system/libmacho.dylib
0x00000000379d3000 	/usr/lib/system/libquarantine.dylib
0x00000000379d3000 	/usr/lib/system/libremovefile.dylib
0x00000000379d3000 	/usr/lib/system/libsystem_asl.dylib
0x00000000379d3000 	/usr/lib/system/libsystem_blocks.dylib
0x00000000379d3000 	/usr/lib/system/libsystem_c.dylib
0x00000000379d3000 	/usr/lib/system/libsystem_configuration.dylib
0x00000000379d3000 	/usr/lib/system/libsystem_coreservices.dylib
0x00000000379d3000 	/usr/lib/system/libsystem_coretls.dylib
0x00000000379d3000 	/usr/lib/system/libsystem_dnssd.dylib
0x00000000379d3000 	/usr/lib/system/libsystem_info.dylib
0x00000000379d3000 	/usr/lib/system/libsystem_kernel.dylib
0x00000000379d3000 	/usr/lib/system/libsystem_m.dylib
0x00000000379d3000 	/usr/lib/system/libsystem_malloc.dylib
0x00000000379d3000 	/usr/lib/system/libsystem_network.dylib
0x00000000379d3000 	/usr/lib/system/libsystem_networkextension.dylib
0x00000000379d3000 	/usr/lib/system/libsystem_notify.dylib
0x00000000379d3000 	/usr/lib/system/libsystem_platform.dylib
0x00000000379d3000 	/usr/lib/system/libsystem_pthread.dylib
0x00000000379d3000 	/usr/lib/system/libsystem_sandbox.dylib
0x00000000379d3000 	/usr/lib/system/libsystem_secinit.dylib
0x00000000379d3000 	/usr/lib/system/libsystem_symptoms.dylib
0x00000000379d3000 	/usr/lib/system/libsystem_trace.dylib
0x00000000379d3000 	/usr/lib/system/libunwind.dylib
0x00000000379d3000 	/usr/lib/system/libxpc.dylib
0x00000000379d3000 	/usr/lib/libbsm.0.dylib
0x00000000379d3000 	/usr/lib/system/libkxld.dylib
0x00000000379d3000 	/usr/lib/libcoretls.dylib
0x00000000379d3000 	/usr/lib/libcoretls_cfhelpers.dylib
0x00000000379d3000 	/usr/lib/libxar.1.dylib
0x00000000379d3000 	/usr/lib/libsqlite3.dylib
0x00000000379d3000 	/usr/lib/libpam.2.dylib
0x00000000379d3000 	/usr/lib/libOpenScriptingUtil.dylib
0x00000000379d3000 	/usr/lib/libbz2.1.0.dylib
0x00000000379d3000 	/usr/lib/liblzma.5.dylib
0x00000000379d3000 	/usr/lib/libnetwork.dylib
0x00000000379d3000 	/usr/lib/libpcap.A.dylib
0x00000000379d3000 	/System/Library/Frameworks/CoreServices.framework/Versions/A/Frameworks/FSEvents.framework/Versions/A/FSEvents
0x00000000379d3000 	/System/Library/Frameworks/CoreServices.framework/Versions/A/Frameworks/CarbonCore.framework/Versions/A/CarbonCore
0x00000000379d3000 	/System/Library/Frameworks/CoreServices.framework/Versions/A/Frameworks/Metadata.framework/Versions/A/Metadata
0x00000000379d3000 	/System/Library/Frameworks/CoreServices.framework/Versions/A/Frameworks/OSServices.framework/Versions/A/OSServices
0x00000000379d3000 	/System/Library/Frameworks/CoreServices.framework/Versions/A/Frameworks/SearchKit.framework/Versions/A/SearchKit
0x00000000379d3000 	/System/Library/Frameworks/CoreServices.framework/Versions/A/Frameworks/AE.framework/Versions/A/AE
0x00000000379d3000 	/System/Library/Frameworks/CoreServices.framework/Versions/A/Frameworks/LaunchServices.framework/Versions/A/LaunchServices
0x00000000379d3000 	/System/Library/Frameworks/CoreServices.framework/Versions/A/Frameworks/DictionaryServices.framework/Versions/A/DictionaryServices
0x00000000379d3000 	/System/Library/Frameworks/CoreServices.framework/Versions/A/Frameworks/SharedFileList.framework/Versions/A/SharedFileList
0x00000000379d3000 	/System/Library/Frameworks/NetFS.framework/Versions/A/NetFS
0x00000000379d3000 	/System/Library/PrivateFrameworks/NetAuth.framework/Versions/A/NetAuth
0x00000000379d3000 	/System/Library/PrivateFrameworks/login.framework/Versions/A/Frameworks/loginsupport.framework/Versions/A/loginsupport
0x00000000379d3000 	/System/Library/PrivateFrameworks/TCC.framework/Versions/A/TCC
0x00000000379d3000 	/usr/lib/libmecabra.dylib
0x00000000379d3000 	/System/Library/Frameworks/ApplicationServices.framework/Versions/A/Frameworks/ATS.framework/Versions/A/ATS
0x00000000379d3000 	/System/Library/Frameworks/ApplicationServices.framework/Versions/A/Frameworks/ColorSync.framework/Versions/A/ColorSync
0x00000000379d3000 	/System/Library/Frameworks/ApplicationServices.framework/Versions/A/Frameworks/HIServices.framework/Versions/A/HIServices
0x00000000379d3000 	/System/Library/Frameworks/ApplicationServices.framework/Versions/A/Frameworks/LangAnalysis.framework/Versions/A/LangAnalysis
0x00000000379d3000 	/System/Library/Frameworks/ApplicationServices.framework/Versions/A/Frameworks/PrintCore.framework/Versions/A/PrintCore
0x00000000379d3000 	/System/Library/Frameworks/ApplicationServices.framework/Versions/A/Frameworks/QD.framework/Versions/A/QD
0x00000000379d3000 	/System/Library/Frameworks/ApplicationServices.framework/Versions/A/Frameworks/SpeechSynthesis.framework/Versions/A/SpeechSynthesis
0x00000000379d3000 	/System/Library/Frameworks/Accelerate.framework/Versions/A/Frameworks/vImage.framework/Versions/A/vImage
0x00000000379d3000 	/System/Library/Frameworks/Accelerate.framework/Versions/A/Frameworks/vecLib.framework/Versions/A/vecLib
0x00000000379d3000 	/System/Library/Frameworks/Accelerate.framework/Versions/A/Frameworks/vecLib.framework/Versions/A/libvDSP.dylib
0x00000000379d3000 	/System/Library/Frameworks/Accelerate.framework/Versions/A/Frameworks/vecLib.framework/Versions/A/libBNNS.dylib
0x00000000379d3000 	/System/Library/Frameworks/Accelerate.framework/Versions/A/Frameworks/vecLib.framework/Versions/A/libQuadrature.dylib
0x00000000379d3000 	/System/Library/Frameworks/Accelerate.framework/Versions/A/Frameworks/vecLib.framework/Versions/A/libvMisc.dylib
0x00000000379d3000 	/System/Library/Frameworks/Accelerate.framework/Versions/A/Frameworks/vecLib.framework/Versions/A/libLAPACK.dylib
0x00000000379d3000 	/System/Library/Frameworks/Accelerate.framework/Versions/A/Frameworks/vecLib.framework/Versions/A/libBLAS.dylib
0x00000000379d3000 	/System/Library/Frameworks/Accelerate.framework/Versions/A/Frameworks/vecLib.framework/Versions/A/libLinearAlgebra.dylib
0x00000000379d3000 	/System/Library/Frameworks/Accelerate.framework/Versions/A/Frameworks/vecLib.framework/Versions/A/libSparseBLAS.dylib
0x00000000379d3000 	/System/Library/Frameworks/ApplicationServices.framework/Versions/A/Frameworks/ATS.framework/Versions/A/Resources/libFontParser.dylib
0x00000000379d3000 	/System/Library/Frameworks/ApplicationServices.framework/Versions/A/Frameworks/ATS.framework/Versions/A/Resources/libFontRegistry.dylib
0x00000000379d3000 	/System/Library/Frameworks/ImageIO.framework/Versions/A/Resources/libJPEG.dylib
0x00000000379d3000 	/System/Library/Frameworks/ImageIO.framework/Versions/A/Resources/libTIFF.dylib
0x00000000379d3000 	/System/Library/Frameworks/ImageIO.framework/Versions/A/Resources/libPng.dylib
0x00000000379d3000 	/System/Library/Frameworks/ImageIO.framework/Versions/A/Resources/libGIF.dylib
0x00000000379d3000 	/System/Library/Frameworks/ImageIO.framework/Versions/A/Resources/libJP2.dylib
0x00000000379d3000 	/System/Library/Frameworks/ImageIO.framework/Versions/A/Resources/libRadiance.dylib
0x00000000379d3000 	/usr/lib/libcompression.dylib
0x00000000379d3000 	/System/Library/PrivateFrameworks/AppleJPEG.framework/Versions/A/AppleJPEG
0x00000000379d3000 	/usr/lib/libcups.2.dylib
0x00000000379d3000 	/System/Library/Frameworks/Kerberos.framework/Versions/A/Kerberos
0x00000000379d3000 	/System/Library/Frameworks/GSS.framework/Versions/A/GSS
0x00000000379d3000 	/usr/lib/libresolv.9.dylib
0x00000000379d3000 	/usr/lib/libiconv.2.dylib
0x00000000379d3000 	/System/Library/PrivateFrameworks/Heimdal.framework/Versions/A/Heimdal
0x00000000379d3000 	/usr/lib/libheimdal-asn1.dylib
0x00000000379d3000 	/System/Library/Frameworks/OpenDirectory.framework/Versions/A/OpenDirectory
0x00000000379d3000 	/System/Library/PrivateFrameworks/CommonAuth.framework/Versions/A/CommonAuth
0x00000000379d3000 	/System/Library/Frameworks/OpenDirectory.framework/Versions/A/Frameworks/CFOpenDirectory.framework/Versions/A/CFOpenDirectory
0x00000000379d3000 	/System/Library/Frameworks/SecurityFoundation.framework/Versions/A/SecurityFoundation
0x00000000379d3000 	/System/Library/PrivateFrameworks/LanguageModeling.framework/Versions/A/LanguageModeling
0x00000000379d3000 	/usr/lib/libmarisa.dylib
0x00000000379d3000 	/usr/lib/libChineseTokenizer.dylib
0x00000000379d3000 	/usr/lib/libcmph.dylib
0x00000000379d3000 	/System/Library/PrivateFrameworks/CoreEmoji.framework/Versions/A/CoreEmoji
0x00000000379d3000 	/System/Library/Frameworks/ServiceManagement.framework/Versions/A/ServiceManagement
0x00000000379d3000 	/usr/lib/libxslt.1.dylib
0x00000000379d3000 	/System/Library/Frameworks/Carbon.framework/Versions/A/Frameworks/Ink.framework/Versions/A/Ink
0x00000000379d3000 	/System/Library/PrivateFrameworks/TextureIO.framework/Versions/A/TextureIO
0x00000000379d3000 	/System/Library/Frameworks/Metal.framework/Versions/A/Metal
0x00000000379d3000 	/usr/lib/libate.dylib
0x00000000379d3000 	/System/Library/PrivateFrameworks/GPUCompiler.framework/libmetal_timestamp.dylib
0x00000000379d3000 	/System/Library/Frameworks/OpenGL.framework/Versions/A/Libraries/libCoreFSCache.dylib
0x00000000379d3000 	/System/Library/PrivateFrameworks/IOAccelerator.framework/Versions/A/IOAccelerator
0x00000000379d3000 	/System/Library/Frameworks/CoreVideo.framework/Versions/A/CoreVideo
0x00000000379d3000 	/usr/lib/libFosl_dynamic.dylib
0x00000000379d3000 	/System/Library/PrivateFrameworks/MetalPerformanceShaders.framework/Versions/A/MetalPerformanceShaders
0x00000000379d3000 	/System/Library/PrivateFrameworks/FaceCore.framework/Versions/A/FaceCore
0x00000000379d3000 	/System/Library/Frameworks/OpenCL.framework/Versions/A/OpenCL
0x00000000379d3000 	/System/Library/Frameworks/OpenGL.framework/Versions/A/Libraries/libGLU.dylib
0x00000000379d3000 	/System/Library/Frameworks/OpenGL.framework/Versions/A/Libraries/libGFXShared.dylib
0x00000000379d3000 	/System/Library/Frameworks/OpenGL.framework/Versions/A/Libraries/libGL.dylib
0x00000000379d3000 	/System/Library/Frameworks/OpenGL.framework/Versions/A/Libraries/libGLImage.dylib
0x00000000379d3000 	/System/Library/Frameworks/OpenGL.framework/Versions/A/Libraries/libCVMSPluginSupport.dylib
0x00000000379d3000 	/System/Library/Frameworks/OpenGL.framework/Versions/A/Libraries/libCoreVMClient.dylib
0x00000000379d3000 	/System/Library/PrivateFrameworks/CrashReporterSupport.framework/Versions/A/CrashReporterSupport
0x00000000379d3000 	/System/Library/PrivateFrameworks/Sharing.framework/Versions/A/Sharing
0x00000000379d3000 	/System/Library/PrivateFrameworks/IconServices.framework/Versions/A/IconServices
0x00000000379d3000 	/System/Library/PrivateFrameworks/ProtocolBuffer.framework/Versions/A/ProtocolBuffer
0x00000000379d3000 	/System/Library/PrivateFrameworks/Apple80211.framework/Versions/A/Apple80211
0x00000000379d3000 	/System/Library/Frameworks/CoreWLAN.framework/Versions/A/CoreWLAN
0x00000000379d3000 	/System/Library/PrivateFrameworks/CoreUtils.framework/Versions/A/CoreUtils
0x00000000379d3000 	/System/Library/Frameworks/IOBluetooth.framework/Versions/A/IOBluetooth
0x00000000379d3000 	/System/Library/PrivateFrameworks/CoreWiFi.framework/Versions/A/CoreWiFi
0x00000000379d3000 	/System/Library/Frameworks/CoreBluetooth.framework/Versions/A/CoreBluetooth
0x00000000379d3000 	/System/Library/Frameworks/CoreDisplay.framework/Versions/A/CoreDisplay
0x00000000379d3000 	/System/Library/PrivateFrameworks/IOPresentment.framework/Versions/A/IOPresentment
0x00000000379d3000 	/System/Library/PrivateFrameworks/DebugSymbols.framework/Versions/A/DebugSymbols
0x00000000379d3000 	/System/Library/PrivateFrameworks/CoreSymbolication.framework/Versions/A/CoreSymbolication
0x00000000379d3000 	/System/Library/PrivateFrameworks/Symbolication.framework/Versions/A/Symbolication
0x00000000379d3000 	/System/Library/PrivateFrameworks/AppleFSCompression.framework/Versions/A/AppleFSCompression
0x00000000379d3000 	/System/Library/PrivateFrameworks/SpeechRecognitionCore.framework/Versions/A/SpeechRecognitionCore
0x00000000379d3000 	/System/Library/PrivateFrameworks/ChunkingLibrary.framework/Versions/A/ChunkingLibrary
0x0000000106000000 	/Library/Java/JavaVirtualMachines/jdk1.8.0_51.jdk/Contents/Home/jre/lib/server/libjvm.dylib
0x00000000379d3000 	/usr/lib/libstdc++.6.dylib
0x0000000104f5b000 	/Library/Java/JavaVirtualMachines/jdk1.8.0_51.jdk/Contents/Home/jre/lib/libverify.dylib
0x0000000104f69000 	/Library/Java/JavaVirtualMachines/jdk1.8.0_51.jdk/Contents/Home/jre/lib/libjava.dylib
0x0000000104fa8000 	/Library/Java/JavaVirtualMachines/jdk1.8.0_51.jdk/Contents/Home/jre/lib/libzip.dylib
0x000000012206b000 	/System/Library/Frameworks/JavaVM.framework/Frameworks/JavaRuntimeSupport.framework/JavaRuntimeSupport
0x0000000122085000 	/System/Library/Frameworks/JavaVM.framework/Versions/A/Frameworks/JavaNativeFoundation.framework/Versions/A/JavaNativeFoundation
0x000000012209a000 	/System/Library/Frameworks/JavaVM.framework/Versions/A/JavaVM
0x00000000379d3000 	/System/Library/Frameworks/Carbon.framework/Versions/A/Carbon
0x00000001220a7000 	/System/Library/PrivateFrameworks/JavaLaunching.framework/Versions/A/JavaLaunching
0x00000000379d3000 	/System/Library/Frameworks/Carbon.framework/Versions/A/Frameworks/CommonPanels.framework/Versions/A/CommonPanels
0x00000000379d3000 	/System/Library/Frameworks/Carbon.framework/Versions/A/Frameworks/Help.framework/Versions/A/Help
0x00000000379d3000 	/System/Library/Frameworks/Carbon.framework/Versions/A/Frameworks/ImageCapture.framework/Versions/A/ImageCapture
0x00000000379d3000 	/System/Library/Frameworks/Carbon.framework/Versions/A/Frameworks/OpenScripting.framework/Versions/A/OpenScripting
0x00000000379d3000 	/System/Library/Frameworks/Carbon.framework/Versions/A/Frameworks/Print.framework/Versions/A/Print
0x00000000379d3000 	/System/Library/Frameworks/Carbon.framework/Versions/A/Frameworks/SecurityHI.framework/Versions/A/SecurityHI
0x00000001239b8000 	/Library/Java/JavaVirtualMachines/jdk1.8.0_51.jdk/Contents/Home/jre/lib/libawt.dylib
0x0000000123a60000 	/Library/Java/JavaVirtualMachines/jdk1.8.0_51.jdk/Contents/Home/jre/lib/./libmlib_image.dylib
0x0000000123b2c000 	/Library/Java/JavaVirtualMachines/jdk1.8.0_51.jdk/Contents/Home/jre/lib/libawt_lwawt.dylib
0x0000000123be0000 	/Library/Java/JavaVirtualMachines/jdk1.8.0_51.jdk/Contents/Home/jre/lib/./libosxapp.dylib
0x00000000379d3000 	/System/Library/Frameworks/ExceptionHandling.framework/Versions/A/ExceptionHandling
0x00000000379d3000 	/System/Library/PrivateFrameworks/CoreServicesInternal.framework/Versions/A/CoreServicesInternal
0x00000000379d3000 	/System/Library/CoreServices/RawCamera.bundle/Contents/MacOS/RawCamera
0x00000000379d3000 	/System/Library/Frameworks/Accelerate.framework/Versions/A/Frameworks/vImage.framework/Versions/A/Libraries/libCGInterfaces.dylib
0x00000000379d3000 	/System/Library/Frameworks/ApplicationServices.framework/Versions/A/Frameworks/ATS.framework/Versions/A/Resources/libTrueTypeScaler.dylib
0x00000000379d3000 	/System/Library/Frameworks/OpenGL.framework/Versions/A/Resources/GLEngine.bundle/GLEngine
0x00000000379d3000 	/System/Library/Frameworks/OpenGL.framework/Versions/A/Libraries/libGLProgrammability.dylib
0x0000000125a0d000 	/System/Library/Extensions/AppleIntelHD5000GraphicsGLDriver.bundle/Contents/MacOS/AppleIntelHD5000GraphicsGLDriver
0x00000000379d3000 	/System/Library/PrivateFrameworks/GPUSupport.framework/Versions/A/Libraries/libGPUSupportMercury.dylib
0x00000000379d3000 	/System/Library/Frameworks/OpenGL.framework/Versions/A/Resources/GLRendererFloat.bundle/GLRendererFloat
0x00000000379d3000 	/System/Library/Frameworks/OpenCL.framework/Versions/A/Libraries/libcldcpuengine.dylib
0x00000000379d3000 	/usr/lib/libcrypto.0.9.8.dylib
0x00000000379d3000 	/System/Library/PrivateFrameworks/TrustEvaluationAgent.framework/Versions/A/TrustEvaluationAgent
0x000000012618f000 	/System/Library/Extensions/AppleIntelHD5000GraphicsMTLDriver.bundle/Contents/MacOS/AppleIntelHD5000GraphicsMTLDriver
0x00000000379d3000 	/System/Library/PrivateFrameworks/FamilyControls.framework/Versions/A/FamilyControls
0x00000000379d3000 	/System/Library/PrivateFrameworks/CommerceKit.framework/Versions/A/Frameworks/CommerceCore.framework/Versions/A/CommerceCore
0x00000000379d3000 	/System/Library/PrivateFrameworks/SystemAdministration.framework/Versions/A/SystemAdministration
0x00000000379d3000 	/System/Library/PrivateFrameworks/AppContainer.framework/Versions/A/AppContainer
0x00000000379d3000 	/System/Library/PrivateFrameworks/SecCodeWrapper.framework/Versions/A/SecCodeWrapper
0x00000000379d3000 	/System/Library/Frameworks/DirectoryService.framework/Versions/A/DirectoryService
0x00000000379d3000 	/System/Library/PrivateFrameworks/DiskImages.framework/Versions/A/DiskImages
0x00000000379d3000 	/System/Library/PrivateFrameworks/LoginUIKit.framework/Versions/A/Frameworks/LoginUICore.framework/Versions/A/LoginUICore
0x00000000379d3000 	/usr/lib/libCoreStorage.dylib
0x00000000379d3000 	/usr/lib/libcsfde.dylib
0x00000000379d3000 	/usr/lib/libodfde.dylib
0x00000000379d3000 	/System/Library/Frameworks/DiscRecording.framework/Versions/A/DiscRecording
0x00000000379d3000 	/usr/lib/libcurl.4.dylib
0x00000000379d3000 	/System/Library/PrivateFrameworks/MediaKit.framework/Versions/A/MediaKit
0x00000000379d3000 	/System/Library/PrivateFrameworks/ProtectedCloudStorage.framework/Versions/A/ProtectedCloudStorage
0x00000000379d3000 	/System/Library/PrivateFrameworks/EFILogin.framework/Versions/A/EFILogin
0x00000000379d3000 	/usr/lib/libutil.dylib
0x00000000379d3000 	/System/Library/Frameworks/LDAP.framework/Versions/A/LDAP
0x00000000379d3000 	/usr/lib/libsasl2.2.dylib
0x00000000379d3000 	/System/Library/PrivateFrameworks/CoreDaemon.framework/Versions/B/CoreDaemon
0x00000000379d3000 	/System/Library/PrivateFrameworks/AppleSRP.framework/Versions/A/AppleSRP
0x00000000379d3000 	/System/Library/PrivateFrameworks/APFS.framework/Versions/A/APFS
0x0000000127565000 	/Library/Java/JavaVirtualMachines/jdk1.8.0_51.jdk/Contents/Home/jre/lib/libfontmanager.dylib
0x00000001275cc000 	/Users/Marc/Documents/code/LWJGL/lwjgl-2.9.3/native/macosx/liblwjgl.dylib
0x0000000123e69000 	/Library/Java/JavaVirtualMachines/jdk1.8.0_51.jdk/Contents/Home/jre/lib/libjawt.dylib
0x000000012901b000 	/Library/Java/JavaVirtualMachines/jdk1.8.0_51.jdk/Contents/Home/jre/lib/libjpeg.dylib
0x000000012905b000 	/Library/Java/JavaVirtualMachines/jdk1.8.0_51.jdk/Contents/Home/jre/lib/liblcms.dylib
0x00000000379d3000 	/System/Library/PrivateFrameworks/ViewBridge.framework/Versions/A/ViewBridge
0x00000000379d3000 	/System/Library/PrivateFrameworks/XPCService.framework/Versions/A/XPCService
0x00000000379d3000 	/System/Library/PrivateFrameworks/AppSandbox.framework/Versions/A/AppSandbox
0x00000000379d3000 	/usr/lib/libsandbox.1.dylib
0x00000000379d3000 	/usr/lib/libMatch.1.dylib

VM Arguments:
jvm_args: -Djava.library.path=/Users/Marc/Documents/code/LWJGL/lwjgl-2.9.3/native/macosx -Dfile.encoding=UTF-8 
java_command: com.capstone.plasma.GameScreen
java_class_path (initial): /Users/Marc/Documents/Plasma/Plasma/bin:/Users/Marc/Documents/code/LWJGL/lwjgl-2.9.3/jar/lwjgl.jar
Launcher Type: SUN_STANDARD

Environment Variables:
PATH=/usr/bin:/bin:/usr/sbin:/sbin
SHELL=/bin/bash
DISPLAY=/private/tmp/com.apple.launchd.ELzuirrgT2/org.macosforge.xquartz:0

Signal Handlers:
SIGSEGV: [libjvm.dylib+0x58ef35], sa_mask[0]=11111111011111110111111111111111, sa_flags=SA_ONSTACK|SA_RESTART|SA_SIGINFO
SIGBUS: [libjvm.dylib+0x58ef35], sa_mask[0]=11111111011111110111111111111111, sa_flags=SA_RESTART|SA_SIGINFO
SIGFPE: [libjvm.dylib+0x46c028], sa_mask[0]=11111111011111110111111111111111, sa_flags=SA_RESTART|SA_SIGINFO
SIGPIPE: [libjvm.dylib+0x46c028], sa_mask[0]=11111111011111110111111111111111, sa_flags=SA_RESTART|SA_SIGINFO
SIGXFSZ: [libjvm.dylib+0x46c028], sa_mask[0]=11111111011111110111111111111111, sa_flags=SA_RESTART|SA_SIGINFO
SIGILL: [libjvm.dylib+0x46c028], sa_mask[0]=11111111011111110111111111111111, sa_flags=SA_RESTART|SA_SIGINFO
SIGUSR1: SIG_DFL, sa_mask[0]=00000000000000000000000000000000, sa_flags=none
SIGUSR2: [libjvm.dylib+0x46bb46], sa_mask[0]=00100000000000000000000000000000, sa_flags=SA_RESTART|SA_SIGINFO
SIGHUP: [libjvm.dylib+0x46a119], sa_mask[0]=11111111011111110111111111111111, sa_flags=SA_RESTART|SA_SIGINFO
SIGINT: [libjvm.dylib+0x46a119], sa_mask[0]=11111111011111110111111111111111, sa_flags=SA_RESTART|SA_SIGINFO
SIGTERM: [libjvm.dylib+0x46a119], sa_mask[0]=11111111011111110111111111111111, sa_flags=SA_RESTART|SA_SIGINFO
SIGQUIT: [libjvm.dylib+0x46a119], sa_mask[0]=11111111011111110111111111111111, sa_flags=SA_RESTART|SA_SIGINFO


---------------  S Y S T E M  ---------------

OS:Bsduname:Darwin 16.1.0 Darwin Kernel Version 16.1.0: Wed Oct 19 20:31:56 PDT 2016; root:xnu-3789.21.4~4/RELEASE_X86_64 x86_64
rlimit: STACK 8192k, CORE 0k, NPROC 709, NOFILE 10240, AS infinity
load average:2.83 1.99 1.74

CPU:total 8 (4 cores per cpu, 2 threads per core) family 6 model 70 stepping 1, cmov, cx8, fxsr, mmx, sse, sse2, sse3, ssse3, sse4.1, sse4.2, popcnt, avx, avx2, aes, clmul, erms, lzcnt, ht, tsc, tscinvbit, bmi1, bmi2

Memory: 4k page, physical 16777216k(512132k free)

/proc/meminfo:


vm_info: Java HotSpot(TM) 64-Bit Server VM (25.51-b03) for bsd-amd64 JRE (1.8.0_51-b16), built on Jun  8 2015 18:01:11 by "java_re" with gcc 4.2.1 (Based on Apple Inc. build 5658) (LLVM build 2336.11.00)

time: Wed Jan 18 11:57:18 2017
elapsed time: 42 seconds (0d 0h 0m 42s)

