#
# A fatal error has been detected by the Java Runtime Environment:
#
#  SIGSEGV (0xb) at pc=0x00007fffc168cb5d, pid=56428, tid=775
#
# JRE version: Java(TM) SE Runtime Environment (8.0_51-b16) (build 1.8.0_51-b16)
# Java VM: Java HotSpot(TM) 64-Bit Server VM (25.51-b03 mixed mode bsd-amd64 compressed oops)
# Problematic frame:
# C  [libobjc.A.dylib+0x6b5d]  objc_msgSend+0x1d
#
# Failed to write core dump. Core dumps have been disabled. To enable core dumping, try "ulimit -c unlimited" before starting Java again
#
# If you would like to submit a bug report, please visit:
#   http://bugreport.java.com/bugreport/crash.jsp
# The crash happened outside the Java Virtual Machine in native code.
# See problematic frame for where to report the bug.
#

---------------  T H R E A D  ---------------

Current thread (0x00007f850f872800):  JavaThread "AppKit Thread" daemon [_thread_in_native, id=775, stack(0x00007fff5d3d0000,0x00007fff5dbd0000)]

siginfo: si_signo: 11 (SIGSEGV), si_code: 1 (SEGV_MAPERR), si_addr: 0x000007f850d49c48

Registers:
RAX=0x00007f850d489c80, RBX=0x00007f850d654fa0, RCX=0x00007f850d48b1a0, RDX=0x00007f850d489c80
RSP=0x00007fff5dbcb078, RBP=0x00007fff5dbcb080, RSI=0x00007fffab51b96b, RDI=0x00007f850d48b1a0
R8 =0x000000000000003f, R9 =0x00007f850d6aa480, R10=0x000007f850d49c30, R11=0x00007fffab51b96b
R12=0x0000000000000000, R13=0x00007f850d6aa480, R14=0x00007f850d489c80, R15=0x0000000000000000
RIP=0x00007fffc168cb5d, EFLAGS=0x0000000000010206, ERR=0x0000000000000004
  TRAPNO=0x000000000000000e

Top of Stack: (sp=0x00007fff5dbcb078)
0x00007fff5dbcb078:   00007fffacd2759c 00007fff5dbcb0f0
0x00007fff5dbcb088:   00007fffacd2749b 0000000000000000
0x00007fff5dbcb098:   00007fffcad48060 00000000c2000000
0x00007fff5dbcb0a8:   00007fffacd274f0 00007fffc76b5680
0x00007fff5dbcb0b8:   00007f850d6aa480 00007f850d489c80
0x00007fff5dbcb0c8:   00007fff5dbcb8b8 00007fffc168cb40
0x00007fff5dbcb0d8:   00007fff5dbcb1c0 00007f850d6aa480
0x00007fff5dbcb0e8:   00007fffab4b360a 00007fff5dbcb130
0x00007fff5dbcb0f8:   00007fffacd27202 00007fff5dbcb700
0x00007fff5dbcb108:   0000000000000001 00007fffc168cb40
0x00007fff5dbcb118:   00007fff5dbcb1c0 00007fff5dbcb8b8
0x00007fff5dbcb128:   00007fffab4b360a 00007fff5dbcb850
0x00007fff5dbcb138:   00007fffacce4903 00007f850d500000
0x00007fff5dbcb148:   0000000000000000 000000010204fa00
0x00007fff5dbcb158:   0000000000000004 00007f850d614b70
0x00007fff5dbcb168:   00007fffc76b6cb0 0000000000000000
0x00007fff5dbcb178:   00007f850f01a0d0 00007f850d614b01
0x00007fff5dbcb188:   00007f850d693370 00007fffc77e8f70
0x00007fff5dbcb198:   0000000000000000 0000000000000000
0x00007fff5dbcb1a8:   0000000000000000 00007f850d693fe0
0x00007fff5dbcb1b8:   00007fffc76f58a0 00007fff5dbcb700
0x00007fff5dbcb1c8:   0000000000000002 0000000000000100
0x00007fff5dbcb1d8:   00007fffcacb8400 00007fff5dbcb600
0x00007fff5dbcb1e8:   0000000000000000 0000000000000100
0x00007fff5dbcb1f8:   00007f850d548000 00007fff5dbcb230
0x00007fff5dbcb208:   00007fffacd27e4c ffff807af2ab7f30
0x00007fff5dbcb218:   00007f850d5480d0 00007fffc77e64c8
0x00007fff5dbcb228:   00007f850d5480d0 00007fff5dbcb260
0x00007fff5dbcb238:   00007fffacd27e98 ffff807af2ab7f30
0x00007fff5dbcb248:   00007f850d5480d0 00007fffc77e6748
0x00007fff5dbcb258:   00007f850d5480d0 00007fff5dbcb290
0x00007fff5dbcb268:   00007fffacd27f7b 0000000000000880 

Instructions: (pc=0x00007fffc168cb5d)
0x00007fffc168cb3d:   0f 1f 00 48 85 ff 2e 74 62 40 f6 c7 01 2e 75 66
0x00007fffc168cb4d:   49 ba f8 ff ff ff ff 7f 00 00 4c 23 17 49 89 f3
0x00007fffc168cb5d:   45 23 5a 18 49 c1 e3 04 4d 03 5a 10 49 3b 33 75
0x00007fffc168cb6d:   04 41 ff 63 08 49 83 3b 01 76 0d 49 83 c3 10 49 

Register to memory mapping:

RAX=0x00007f850d489c80 is an unknown value
RBX=0x00007f850d654fa0 is an unknown value
RCX=0x00007f850d48b1a0 is an unknown value
RDX=0x00007f850d489c80 is an unknown value
RSP=0x00007fff5dbcb078 is pointing into the stack for thread: 0x00007f850f872800
RBP=0x00007fff5dbcb080 is pointing into the stack for thread: 0x00007f850f872800
RSI=0x00007fffab51b96b: __NSStyleNameIndexTable+0xdec66 in /System/Library/Frameworks/AppKit.framework/Versions/C/AppKit at 0x00007fffaa85d000
RDI=0x00007f850d48b1a0 is an unknown value
R8 =0x000000000000003f is an unknown value
R9 =0x00007f850d6aa480 is an unknown value
R10=0x000007f850d49c30 is an unknown value
R11=0x00007fffab51b96b: __NSStyleNameIndexTable+0xdec66 in /System/Library/Frameworks/AppKit.framework/Versions/C/AppKit at 0x00007fffaa85d000
R12=0x0000000000000000 is an unknown value
R13=0x00007f850d6aa480 is an unknown value
R14=0x00007f850d489c80 is an unknown value
R15=0x0000000000000000 is an unknown value


Stack: [0x00007fff5d3d0000,0x00007fff5dbd0000],  sp=0x00007fff5dbcb078,  free space=8172k
Native frames: (J=compiled Java code, j=interpreted, Vv=VM code, C=native code)
C  [libobjc.A.dylib+0x6b5d]  objc_msgSend+0x1d
C  [CoreFoundation+0x9d49b]  _CFXRegistrationPost+0x1ab
C  [CoreFoundation+0x9d202]  ___CFXNotificationPost_block_invoke+0x32
C  [CoreFoundation+0x5a903]  -[_CFXNotificationRegistrar find:object:observer:enumerator:]+0x723
C  [CoreFoundation+0x5993c]  _CFXNotificationPost+0x25c
C  [Foundation+0x70e3]  -[NSNotificationCenter postNotificationName:object:userInfo:]+0x42
C  [AppKit+0x24f295]  -[NSSurface _disposeSurface]+0x98
C  [AppKit+0x24ee44]  -[NSSurface setWindow:]+0x35
C  [AppKit+0x295e8]  -[NSView _setWindow:]+0xa0f
C  [AppKit+0x2c217]  -[NSView removeFromSuperview]+0x1d1
C  [AppKit+0x14d7ec]  -[NSView removeFromSuperviewWithoutNeedingDisplay]+0x26
C  [liblwjgl.dylib+0xa205]  +[MacOSXKeyableWindow destroyWindow]+0xb5
C  [Foundation+0x71f2a]  __NSThreadPerformPerform+0x146
C  [CoreFoundation+0xa74b1]  __CFRUNLOOP_IS_CALLING_OUT_TO_A_SOURCE0_PERFORM_FUNCTION__+0x11
C  [CoreFoundation+0x8861d]  __CFRunLoopDoSources0+0x22d
C  [CoreFoundation+0x87b16]  __CFRunLoopRun+0x3a6
C  [CoreFoundation+0x87514]  CFRunLoopRunSpecific+0x1a4
C  [HIToolbox+0x312ac]  RunCurrentEventLoopInMode+0xf0
C  [HIToolbox+0x310e1]  ReceiveNextEventCommon+0x1b0
C  [HIToolbox+0x30f16]  _BlockUntilNextEventMatchingListInModeWithFilter+0x47
C  [AppKit+0x476cd]  _DPSNextEvent+0x445
C  [AppKit+0x7be830]  -[NSApplication(NSEvent) _nextEventMatchingEventMask:untilDate:inMode:dequeue:]+0xaaa
C  [libosxapp.dylib+0x242a]  -[NSApplicationAWT nextEventMatchingMask:untilDate:inMode:dequeue:]+0x7c
C  [AppKit+0x3c06d]  -[NSApplication run]+0x39e
C  [libosxapp.dylib+0x223e]  +[NSApplicationAWT runAWTLoopWithApp:]+0x9c
C  [libawt_lwawt.dylib+0x4454b]  -[AWTStarter starter:]+0x389
C  [Foundation+0x71f2a]  __NSThreadPerformPerform+0x146
C  [CoreFoundation+0xa74b1]  __CFRUNLOOP_IS_CALLING_OUT_TO_A_SOURCE0_PERFORM_FUNCTION__+0x11
C  [CoreFoundation+0x8861d]  __CFRunLoopDoSources0+0x22d
C  [CoreFoundation+0x87b16]  __CFRunLoopRun+0x3a6
C  [CoreFoundation+0x87514]  CFRunLoopRunSpecific+0x1a4
C  [java+0x6463]  CreateExecutionEnvironment+0x367
C  [java+0x21ac]  JLI_Launch+0x7a0
C  [java+0x84c0]  main+0x65
C  [java+0x1a04]  start+0x34
C  0x0000000000000006


---------------  P R O C E S S  ---------------

Java Threads: ( => current thread )
  0x00007f850f939800 JavaThread "Thread-33" [_thread_in_native, id=85251, stack(0x00007000077c8000,0x00007000078c8000)]
  0x00007f850f902800 JavaThread "Thread-32" [_thread_blocked, id=84739, stack(0x00007000076c5000,0x00007000077c5000)]
  0x00007f850f901800 JavaThread "Thread-31" [_thread_blocked, id=84227, stack(0x00007000075c2000,0x00007000076c2000)]
  0x00007f850e184000 JavaThread "Thread-30" [_thread_blocked, id=83715, stack(0x00007000074bf000,0x00007000075bf000)]
  0x00007f850e183000 JavaThread "Thread-29" [_thread_blocked, id=83203, stack(0x00007000073bc000,0x00007000074bc000)]
  0x00007f850e182800 JavaThread "Thread-28" [_thread_blocked, id=82691, stack(0x00007000072b9000,0x00007000073b9000)]
  0x00007f850e181800 JavaThread "Thread-27" [_thread_blocked, id=82179, stack(0x00007000071b6000,0x00007000072b6000)]
  0x00007f850f1be000 JavaThread "Thread-26" [_thread_blocked, id=81667, stack(0x00007000070b3000,0x00007000071b3000)]
  0x00007f850f1bd000 JavaThread "Thread-25" [_thread_blocked, id=81155, stack(0x0000700006fb0000,0x00007000070b0000)]
  0x00007f850f1bc800 JavaThread "Thread-24" [_thread_blocked, id=80643, stack(0x0000700006ead000,0x0000700006fad000)]
  0x00007f850f1bb800 JavaThread "Thread-23" [_thread_blocked, id=80131, stack(0x0000700006daa000,0x0000700006eaa000)]
  0x00007f850f1bb000 JavaThread "Thread-22" [_thread_blocked, id=79619, stack(0x0000700006ca7000,0x0000700006da7000)]
  0x00007f850f1ba000 JavaThread "Thread-21" [_thread_blocked, id=79107, stack(0x0000700006ba4000,0x0000700006ca4000)]
  0x00007f850f1b5800 JavaThread "Thread-20" [_thread_blocked, id=78595, stack(0x0000700006aa1000,0x0000700006ba1000)]
  0x00007f850f1b4800 JavaThread "Thread-19" [_thread_blocked, id=78083, stack(0x000070000699e000,0x0000700006a9e000)]
  0x00007f850f1b4000 JavaThread "Thread-18" [_thread_blocked, id=77571, stack(0x000070000689b000,0x000070000699b000)]
  0x00007f850f1b3000 JavaThread "Thread-17" [_thread_blocked, id=77059, stack(0x0000700006798000,0x0000700006898000)]
  0x00007f850f1b2800 JavaThread "Thread-16" [_thread_blocked, id=76547, stack(0x0000700006695000,0x0000700006795000)]
  0x00007f850f1b1800 JavaThread "Thread-15" [_thread_blocked, id=76035, stack(0x0000700006592000,0x0000700006692000)]
  0x00007f850f1b1000 JavaThread "Thread-14" [_thread_blocked, id=75523, stack(0x000070000648f000,0x000070000658f000)]
  0x00007f850f1b8800 JavaThread "Thread-13" [_thread_blocked, id=75011, stack(0x000070000638c000,0x000070000648c000)]
  0x00007f850da2b800 JavaThread "Thread-12" [_thread_blocked, id=74499, stack(0x0000700006289000,0x0000700006389000)]
  0x00007f850da2a800 JavaThread "Thread-11" [_thread_blocked, id=73987, stack(0x0000700006186000,0x0000700006286000)]
  0x00007f850da2a000 JavaThread "Thread-10" [_thread_blocked, id=73475, stack(0x0000700006083000,0x0000700006183000)]
  0x00007f850da41000 JavaThread "Thread-9" [_thread_blocked, id=72963, stack(0x0000700005f80000,0x0000700006080000)]
  0x00007f850e181000 JavaThread "Thread-8" [_thread_blocked, id=72451, stack(0x0000700005e7d000,0x0000700005f7d000)]
  0x00007f850e147800 JavaThread "Thread-7" [_thread_blocked, id=71939, stack(0x0000700005d7a000,0x0000700005e7a000)]
  0x00007f850e146800 JavaThread "Thread-6" [_thread_blocked, id=71427, stack(0x0000700005c77000,0x0000700005d77000)]
  0x00007f850e17f000 JavaThread "Thread-5" [_thread_blocked, id=70915, stack(0x0000700005b74000,0x0000700005c74000)]
  0x00007f850e17a800 JavaThread "Thread-4" [_thread_blocked, id=70403, stack(0x0000700005a71000,0x0000700005b71000)]
  0x00007f850f880800 JavaThread "Thread-3" [_thread_blocked, id=69899, stack(0x000070000596e000,0x0000700005a6e000)]
  0x00007f8510804000 JavaThread "Thread-2" [_thread_blocked, id=66067, stack(0x000070000586b000,0x000070000596b000)]
  0x00007f850d8e4000 JavaThread "Thread-1" [_thread_blocked, id=69131, stack(0x0000700005768000,0x0000700005868000)]
  0x00007f850f8b7800 JavaThread "Java2D Disposer" daemon [_thread_blocked, id=50755, stack(0x0000700005665000,0x0000700005765000)]
  0x00007f850f020800 JavaThread "AWT-Shutdown" [_thread_blocked, id=32287, stack(0x0000700005356000,0x0000700005456000)]
=>0x00007f850f872800 JavaThread "AppKit Thread" daemon [_thread_in_native, id=775, stack(0x00007fff5d3d0000,0x00007fff5dbd0000)]
  0x00007f850f866800 JavaThread "Service Thread" daemon [_thread_blocked, id=21251, stack(0x00007000050cd000,0x00007000051cd000)]
  0x00007f850f856000 JavaThread "C1 CompilerThread3" daemon [_thread_blocked, id=20739, stack(0x0000700004fca000,0x00007000050ca000)]
  0x00007f850f000800 JavaThread "C2 CompilerThread2" daemon [_thread_blocked, id=20227, stack(0x0000700004ec7000,0x0000700004fc7000)]
  0x00007f850f82d000 JavaThread "C2 CompilerThread1" daemon [_thread_blocked, id=19715, stack(0x0000700004dc4000,0x0000700004ec4000)]
  0x00007f850f828000 JavaThread "C2 CompilerThread0" daemon [_thread_blocked, id=19203, stack(0x0000700004cc1000,0x0000700004dc1000)]
  0x00007f850f826800 JavaThread "Signal Dispatcher" daemon [_thread_blocked, id=18691, stack(0x0000700004bbe000,0x0000700004cbe000)]
  0x00007f850d80b000 JavaThread "Finalizer" daemon [_thread_blocked, id=14595, stack(0x0000700004abb000,0x0000700004bbb000)]
  0x00007f850d803000 JavaThread "Reference Handler" daemon [_thread_blocked, id=14083, stack(0x00007000049b8000,0x0000700004ab8000)]
  0x00007f850e006000 JavaThread "main" [_thread_in_native, id=7171, stack(0x0000700003f9a000,0x000070000409a000)]

Other Threads:
  0x00007f850f84b000 VMThread [stack: 0x00007000048b5000,0x00007000049b5000] [id=13571]
  0x00007f850f827800 WatcherThread [stack: 0x00007000051d0000,0x00007000052d0000] [id=21763]

VM state:not at safepoint (normal execution)

VM Mutex/Monitor currently owned by a thread: None

Heap:
 PSYoungGen      total 76288K, used 53950K [0x000000076ab00000, 0x0000000770000000, 0x00000007c0000000)
  eden space 65536K, 82% used [0x000000076ab00000,0x000000076dfafbd8,0x000000076eb00000)
  from space 10752K, 0% used [0x000000076f580000,0x000000076f580000,0x0000000770000000)
  to   space 10752K, 0% used [0x000000076eb00000,0x000000076eb00000,0x000000076f580000)
 ParOldGen       total 175104K, used 0K [0x00000006c0000000, 0x00000006cab00000, 0x000000076ab00000)
  object space 175104K, 0% used [0x00000006c0000000,0x00000006c0000000,0x00000006cab00000)
 Metaspace       used 7337K, capacity 7491K, committed 7808K, reserved 1056768K
  class space    used 767K, capacity 824K, committed 896K, reserved 1048576K

Card table byte_map: [0x0000000104529000,0x0000000104d2a000] byte_map_base: 0x0000000100f29000

Marking Bits: (ParMarkBitMap*) 0x0000000103ac27a0
 Begin Bits: [0x0000000105280000, 0x0000000109280000)
 End Bits:   [0x0000000109280000, 0x000000010d280000)

Polling page: 0x00000001020f0000

CodeCache: size=245760Kb used=2548Kb max_used=2559Kb free=243211Kb
 bounds [0x000000010dbc6000, 0x000000010de56000, 0x000000011cbc6000]
 total_blobs=1024 nmethods=646 adapters=292
 compilation: enabled

Compilation events (10 events):
Event: 38.697 Thread 0x00007f850f856000  642       3       java.io.PrintStream::ensureOpen (18 bytes)
Event: 38.697 Thread 0x00007f850f856000 nmethod 642 0x000000010de2ef50 code [0x000000010de2f0c0, 0x000000010de2f308]
Event: 38.697 Thread 0x00007f850f856000  643       3       java.io.BufferedWriter::ensureOpen (18 bytes)
Event: 38.697 Thread 0x00007f850f856000 nmethod 643 0x000000010de1f350 code [0x000000010de1f4c0, 0x000000010de1f708]
Event: 38.697 Thread 0x00007f850f856000  644       1       sun.nio.cs.StreamEncoder::isOpen (5 bytes)
Event: 38.698 Thread 0x00007f850f856000 nmethod 644 0x000000010de1f090 code [0x000000010de1f1e0, 0x000000010de1f2f0]
Event: 39.742 Thread 0x00007f850f856000  645 %     3       com.capstone.plasma.MapMaker::run @ 22 (121 bytes)
Event: 39.744 Thread 0x00007f850f856000 nmethod 645% 0x000000010de46150 code [0x000000010de464c0, 0x000000010de47e78]
Event: 41.504 Thread 0x00007f850f82d000  646       4       java.nio.DirectByteBuffer::put (18 bytes)
Event: 41.505 Thread 0x00007f850f82d000 nmethod 646 0x000000010de31a10 code [0x000000010de31b60, 0x000000010de31c18]

GC Heap History (0 events):
No events

Deoptimization events (1 events):
Event: 39.697 Thread 0x00007f850e006000 Uncommon trap: reason=unstable_if action=reinterpret pc=0x000000010de3a028 method=org.lwjgl.opengl.MacOSXDisplay.update()V @ 86

Internal exceptions (10 events):
Event: 0.038 Thread 0x00007f850e006000 Exception <a 'java/lang/NoSuchMethodError': Method sun.misc.Unsafe.defineClass(Ljava/lang/String;[BII)Ljava/lang/Class; name or signature does not match> (0x000000076ab12a80) thrown at [/Users/java_re/workspace/8-2-build-macosx-x86_64/jdk8u51/3951/hotspot
Event: 0.038 Thread 0x00007f850e006000 Exception <a 'java/lang/NoSuchMethodError': Method sun.misc.Unsafe.prefetchRead(Ljava/lang/Object;J)V name or signature does not match> (0x000000076ab12d10) thrown at [/Users/java_re/workspace/8-2-build-macosx-x86_64/jdk8u51/3951/hotspot/src/share/vm/prim
Event: 0.102 Thread 0x00007f850e006000 Exception <a 'java/security/PrivilegedActionException'> (0x000000076ac40418) thrown at [/Users/java_re/workspace/8-2-build-macosx-x86_64/jdk8u51/3951/hotspot/src/share/vm/prims/jvm.cpp, line 1382]
Event: 0.102 Thread 0x00007f850e006000 Exception <a 'java/security/PrivilegedActionException'> (0x000000076ac405d0) thrown at [/Users/java_re/workspace/8-2-build-macosx-x86_64/jdk8u51/3951/hotspot/src/share/vm/prims/jvm.cpp, line 1382]
Event: 0.103 Thread 0x00007f850e006000 Exception <a 'java/security/PrivilegedActionException'> (0x000000076ac43950) thrown at [/Users/java_re/workspace/8-2-build-macosx-x86_64/jdk8u51/3951/hotspot/src/share/vm/prims/jvm.cpp, line 1382]
Event: 0.103 Thread 0x00007f850e006000 Exception <a 'java/security/PrivilegedActionException'> (0x000000076ac43b08) thrown at [/Users/java_re/workspace/8-2-build-macosx-x86_64/jdk8u51/3951/hotspot/src/share/vm/prims/jvm.cpp, line 1382]
Event: 0.229 Thread 0x00007f850e006000 Exception <a 'java/io/FileNotFoundException'> (0x000000076ac47a30) thrown at [/Users/java_re/workspace/8-2-build-macosx-x86_64/jdk8u51/3951/hotspot/src/share/vm/prims/jni.cpp, line 709]
Event: 0.229 Thread 0x00007f850e006000 Exception <a 'java/io/FileNotFoundException'> (0x000000076b01f880) thrown at [/Users/java_re/workspace/8-2-build-macosx-x86_64/jdk8u51/3951/hotspot/src/share/vm/prims/jni.cpp, line 709]
Event: 0.266 Thread 0x00007f850f872800 Exception <a 'java/lang/NoSuchFieldError': method resolution failed> (0x000000076afa8ee8) thrown at [/Users/java_re/workspace/8-2-build-macosx-x86_64/jdk8u51/3951/hotspot/src/share/vm/prims/methodHandles.cpp, line 1125]
Event: 0.267 Thread 0x00007f850f872800 Exception <a 'java/lang/NoSuchFieldError': method resolution failed> (0x000000076afb7588) thrown at [/Users/java_re/workspace/8-2-build-macosx-x86_64/jdk8u51/3951/hotspot/src/share/vm/prims/methodHandles.cpp, line 1125]

Events (10 events):
Event: 4.091 Executing VM operation: EnableBiasedLocking done
Event: 18.882 Thread 0x00007f850e006000 DEOPT PACKING pc=0x000000010de2a82b sp=0x0000700004099800
Event: 18.882 Thread 0x00007f850e006000 DEOPT UNPACKING pc=0x000000010dc0d633 sp=0x00007000040995e8 mode 0
Event: 24.024 loading class java/util/ArrayList$1
Event: 24.024 loading class java/util/ArrayList$1 done
Event: 39.697 Thread 0x00007f850e006000 Uncommon trap: trap_request=0xffffff65 fr.pc=0x000000010de3a028
Event: 39.697 Thread 0x00007f850e006000 DEOPT PACKING pc=0x000000010de3a028 sp=0x0000700004099860
Event: 39.697 Thread 0x00007f850e006000 DEOPT UNPACKING pc=0x000000010dbcb229 sp=0x00007000040996c8 mode 2
Event: 41.503 loading class org/lwjgl/opengl/CallbackUtil
Event: 41.503 loading class org/lwjgl/opengl/CallbackUtil done


Dynamic libraries:
0x00000000379d3000 	/System/Library/Frameworks/Cocoa.framework/Versions/A/Cocoa
0x00000000379d3000 	/System/Library/Frameworks/Security.framework/Versions/A/Security
0x00000000379d3000 	/System/Library/Frameworks/ApplicationServices.framework/Versions/A/ApplicationServices
0x00000000379d3000 	/usr/lib/libz.1.dylib
0x00000000379d3000 	/usr/lib/libSystem.B.dylib
0x00000000379d3000 	/usr/lib/libobjc.A.dylib
0x00000000379d3000 	/System/Library/Frameworks/CoreFoundation.framework/Versions/A/CoreFoundation
0x00000000379d3000 	/System/Library/Frameworks/Foundation.framework/Versions/C/Foundation
0x00000000379d3000 	/System/Library/Frameworks/AppKit.framework/Versions/C/AppKit
0x00000000379d3000 	/System/Library/Frameworks/CoreData.framework/Versions/A/CoreData
0x00000000379d3000 	/System/Library/PrivateFrameworks/RemoteViewServices.framework/Versions/A/RemoteViewServices
0x00000000379d3000 	/System/Library/PrivateFrameworks/UIFoundation.framework/Versions/A/UIFoundation
0x00000000379d3000 	/System/Library/PrivateFrameworks/DFRFoundation.framework/Versions/A/DFRFoundation
0x00000000379d3000 	/usr/lib/libenergytrace.dylib
0x00000000379d3000 	/System/Library/PrivateFrameworks/SkyLight.framework/Versions/A/SkyLight
0x00000000379d3000 	/System/Library/Frameworks/CoreGraphics.framework/Versions/A/CoreGraphics
0x00000000379d3000 	/usr/lib/libScreenReader.dylib
0x00000000379d3000 	/System/Library/Frameworks/Accelerate.framework/Versions/A/Accelerate
0x00000000379d3000 	/System/Library/Frameworks/IOSurface.framework/Versions/A/IOSurface
0x00000000379d3000 	/System/Library/Frameworks/AudioToolbox.framework/Versions/A/AudioToolbox
0x00000000379d3000 	/System/Library/Frameworks/AudioUnit.framework/Versions/A/AudioUnit
0x00000000379d3000 	/System/Library/PrivateFrameworks/DataDetectorsCore.framework/Versions/A/DataDetectorsCore
0x00000000379d3000 	/System/Library/PrivateFrameworks/DesktopServicesPriv.framework/Versions/A/DesktopServicesPriv
0x00000000379d3000 	/System/Library/Frameworks/Carbon.framework/Versions/A/Frameworks/HIToolbox.framework/Versions/A/HIToolbox
0x00000000379d3000 	/usr/lib/libicucore.A.dylib
0x00000000379d3000 	/System/Library/Frameworks/QuartzCore.framework/Versions/A/QuartzCore
0x00000000379d3000 	/System/Library/Frameworks/Carbon.framework/Versions/A/Frameworks/SpeechRecognition.framework/Versions/A/SpeechRecognition
0x00000000379d3000 	/usr/lib/libauto.dylib
0x00000000379d3000 	/usr/lib/libxml2.2.dylib
0x00000000379d3000 	/System/Library/PrivateFrameworks/CoreUI.framework/Versions/A/CoreUI
0x00000000379d3000 	/System/Library/Frameworks/CoreAudio.framework/Versions/A/CoreAudio
0x00000000379d3000 	/System/Library/Frameworks/DiskArbitration.framework/Versions/A/DiskArbitration
0x00000000379d3000 	/usr/lib/liblangid.dylib
0x00000000379d3000 	/System/Library/PrivateFrameworks/MultitouchSupport.framework/Versions/A/MultitouchSupport
0x00000000379d3000 	/System/Library/Frameworks/IOKit.framework/Versions/A/IOKit
0x00000000379d3000 	/usr/lib/libDiagnosticMessagesClient.dylib
0x00000000379d3000 	/System/Library/Frameworks/CoreServices.framework/Versions/A/CoreServices
0x00000000379d3000 	/System/Library/PrivateFrameworks/PerformanceAnalysis.framework/Versions/A/PerformanceAnalysis
0x00000000379d3000 	/System/Library/PrivateFrameworks/GenerationalStorage.framework/Versions/A/GenerationalStorage
0x00000000379d3000 	/System/Library/Frameworks/OpenGL.framework/Versions/A/OpenGL
0x00000000379d3000 	/System/Library/Frameworks/CoreImage.framework/Versions/A/CoreImage
0x00000000379d3000 	/System/Library/Frameworks/CoreText.framework/Versions/A/CoreText
0x00000000379d3000 	/System/Library/Frameworks/ImageIO.framework/Versions/A/ImageIO
0x00000000379d3000 	/System/Library/PrivateFrameworks/Backup.framework/Versions/A/Backup
0x00000000379d3000 	/usr/lib/libarchive.2.dylib
0x00000000379d3000 	/System/Library/Frameworks/CFNetwork.framework/Versions/A/CFNetwork
0x00000000379d3000 	/System/Library/Frameworks/SystemConfiguration.framework/Versions/A/SystemConfiguration
0x00000000379d3000 	/usr/lib/libCRFSuite.dylib
0x00000000379d3000 	/usr/lib/libc++.1.dylib
0x00000000379d3000 	/usr/lib/libc++abi.dylib
0x00000000379d3000 	/usr/lib/system/libcache.dylib
0x00000000379d3000 	/usr/lib/system/libcommonCrypto.dylib
0x00000000379d3000 	/usr/lib/system/libcompiler_rt.dylib
0x00000000379d3000 	/usr/lib/system/libcopyfile.dylib
0x00000000379d3000 	/usr/lib/system/libcorecrypto.dylib
0x00000000379d3000 	/usr/lib/system/libdispatch.dylib
0x00000000379d3000 	/usr/lib/system/libdyld.dylib
0x00000000379d3000 	/usr/lib/system/libkeymgr.dylib
0x00000000379d3000 	/usr/lib/system/liblaunch.dylib
0x00000000379d3000 	/usr/lib/system/libmacho.dylib
0x00000000379d3000 	/usr/lib/system/libquarantine.dylib
0x00000000379d3000 	/usr/lib/system/libremovefile.dylib
0x00000000379d3000 	/usr/lib/system/libsystem_asl.dylib
0x00000000379d3000 	/usr/lib/system/libsystem_blocks.dylib
0x00000000379d3000 	/usr/lib/system/libsystem_c.dylib
0x00000000379d3000 	/usr/lib/system/libsystem_configuration.dylib
0x00000000379d3000 	/usr/lib/system/libsystem_coreservices.dylib
0x00000000379d3000 	/usr/lib/system/libsystem_coretls.dylib
0x00000000379d3000 	/usr/lib/system/libsystem_dnssd.dylib
0x00000000379d3000 	/usr/lib/system/libsystem_info.dylib
0x00000000379d3000 	/usr/lib/system/libsystem_kernel.dylib
0x00000000379d3000 	/usr/lib/system/libsystem_m.dylib
0x00000000379d3000 	/usr/lib/system/libsystem_malloc.dylib
0x00000000379d3000 	/usr/lib/system/libsystem_network.dylib
0x00000000379d3000 	/usr/lib/system/libsystem_networkextension.dylib
0x00000000379d3000 	/usr/lib/system/libsystem_notify.dylib
0x00000000379d3000 	/usr/lib/system/libsystem_platform.dylib
0x00000000379d3000 	/usr/lib/system/libsystem_pthread.dylib
0x00000000379d3000 	/usr/lib/system/libsystem_sandbox.dylib
0x00000000379d3000 	/usr/lib/system/libsystem_secinit.dylib
0x00000000379d3000 	/usr/lib/system/libsystem_symptoms.dylib
0x00000000379d3000 	/usr/lib/system/libsystem_trace.dylib
0x00000000379d3000 	/usr/lib/system/libunwind.dylib
0x00000000379d3000 	/usr/lib/system/libxpc.dylib
0x00000000379d3000 	/usr/lib/libbsm.0.dylib
0x00000000379d3000 	/usr/lib/system/libkxld.dylib
0x00000000379d3000 	/usr/lib/libcoretls.dylib
0x00000000379d3000 	/usr/lib/libcoretls_cfhelpers.dylib
0x00000000379d3000 	/usr/lib/libxar.1.dylib
0x00000000379d3000 	/usr/lib/libsqlite3.dylib
0x00000000379d3000 	/usr/lib/libpam.2.dylib
0x00000000379d3000 	/usr/lib/libOpenScriptingUtil.dylib
0x00000000379d3000 	/usr/lib/libbz2.1.0.dylib
0x00000000379d3000 	/usr/lib/liblzma.5.dylib
0x00000000379d3000 	/usr/lib/libnetwork.dylib
0x00000000379d3000 	/usr/lib/libpcap.A.dylib
0x00000000379d3000 	/System/Library/Frameworks/CoreServices.framework/Versions/A/Frameworks/FSEvents.framework/Versions/A/FSEvents
0x00000000379d3000 	/System/Library/Frameworks/CoreServices.framework/Versions/A/Frameworks/CarbonCore.framework/Versions/A/CarbonCore
0x00000000379d3000 	/System/Library/Frameworks/CoreServices.framework/Versions/A/Frameworks/Metadata.framework/Versions/A/Metadata
0x00000000379d3000 	/System/Library/Frameworks/CoreServices.framework/Versions/A/Frameworks/OSServices.framework/Versions/A/OSServices
0x00000000379d3000 	/System/Library/Frameworks/CoreServices.framework/Versions/A/Frameworks/SearchKit.framework/Versions/A/SearchKit
0x00000000379d3000 	/System/Library/Frameworks/CoreServices.framework/Versions/A/Frameworks/AE.framework/Versions/A/AE
0x00000000379d3000 	/System/Library/Frameworks/CoreServices.framework/Versions/A/Frameworks/LaunchServices.framework/Versions/A/LaunchServices
0x00000000379d3000 	/System/Library/Frameworks/CoreServices.framework/Versions/A/Frameworks/DictionaryServices.framework/Versions/A/DictionaryServices
0x00000000379d3000 	/System/Library/Frameworks/CoreServices.framework/Versions/A/Frameworks/SharedFileList.framework/Versions/A/SharedFileList
0x00000000379d3000 	/System/Library/Frameworks/NetFS.framework/Versions/A/NetFS
0x00000000379d3000 	/System/Library/PrivateFrameworks/NetAuth.framework/Versions/A/NetAuth
0x00000000379d3000 	/System/Library/PrivateFrameworks/login.framework/Versions/A/Frameworks/loginsupport.framework/Versions/A/loginsupport
0x00000000379d3000 	/System/Library/PrivateFrameworks/TCC.framework/Versions/A/TCC
0x00000000379d3000 	/usr/lib/libmecabra.dylib
0x00000000379d3000 	/System/Library/Frameworks/ApplicationServices.framework/Versions/A/Frameworks/ATS.framework/Versions/A/ATS
0x00000000379d3000 	/System/Library/Frameworks/ApplicationServices.framework/Versions/A/Frameworks/ColorSync.framework/Versions/A/ColorSync
0x00000000379d3000 	/System/Library/Frameworks/ApplicationServices.framework/Versions/A/Frameworks/HIServices.framework/Versions/A/HIServices
0x00000000379d3000 	/System/Library/Frameworks/ApplicationServices.framework/Versions/A/Frameworks/LangAnalysis.framework/Versions/A/LangAnalysis
0x00000000379d3000 	/System/Library/Frameworks/ApplicationServices.framework/Versions/A/Frameworks/PrintCore.framework/Versions/A/PrintCore
0x00000000379d3000 	/System/Library/Frameworks/ApplicationServices.framework/Versions/A/Frameworks/QD.framework/Versions/A/QD
0x00000000379d3000 	/System/Library/Frameworks/ApplicationServices.framework/Versions/A/Frameworks/SpeechSynthesis.framework/Versions/A/SpeechSynthesis
0x00000000379d3000 	/System/Library/Frameworks/Accelerate.framework/Versions/A/Frameworks/vImage.framework/Versions/A/vImage
0x00000000379d3000 	/System/Library/Frameworks/Accelerate.framework/Versions/A/Frameworks/vecLib.framework/Versions/A/vecLib
0x00000000379d3000 	/System/Library/Frameworks/Accelerate.framework/Versions/A/Frameworks/vecLib.framework/Versions/A/libvDSP.dylib
0x00000000379d3000 	/System/Library/Frameworks/Accelerate.framework/Versions/A/Frameworks/vecLib.framework/Versions/A/libBNNS.dylib
0x00000000379d3000 	/System/Library/Frameworks/Accelerate.framework/Versions/A/Frameworks/vecLib.framework/Versions/A/libQuadrature.dylib
0x00000000379d3000 	/System/Library/Frameworks/Accelerate.framework/Versions/A/Frameworks/vecLib.framework/Versions/A/libvMisc.dylib
0x00000000379d3000 	/System/Library/Frameworks/Accelerate.framework/Versions/A/Frameworks/vecLib.framework/Versions/A/libLAPACK.dylib
0x00000000379d3000 	/System/Library/Frameworks/Accelerate.framework/Versions/A/Frameworks/vecLib.framework/Versions/A/libBLAS.dylib
0x00000000379d3000 	/System/Library/Frameworks/Accelerate.framework/Versions/A/Frameworks/vecLib.framework/Versions/A/libLinearAlgebra.dylib
0x00000000379d3000 	/System/Library/Frameworks/Accelerate.framework/Versions/A/Frameworks/vecLib.framework/Versions/A/libSparseBLAS.dylib
0x00000000379d3000 	/System/Library/Frameworks/ApplicationServices.framework/Versions/A/Frameworks/ATS.framework/Versions/A/Resources/libFontParser.dylib
0x00000000379d3000 	/System/Library/Frameworks/ApplicationServices.framework/Versions/A/Frameworks/ATS.framework/Versions/A/Resources/libFontRegistry.dylib
0x00000000379d3000 	/System/Library/Frameworks/ImageIO.framework/Versions/A/Resources/libJPEG.dylib
0x00000000379d3000 	/System/Library/Frameworks/ImageIO.framework/Versions/A/Resources/libTIFF.dylib
0x00000000379d3000 	/System/Library/Frameworks/ImageIO.framework/Versions/A/Resources/libPng.dylib
0x00000000379d3000 	/System/Library/Frameworks/ImageIO.framework/Versions/A/Resources/libGIF.dylib
0x00000000379d3000 	/System/Library/Frameworks/ImageIO.framework/Versions/A/Resources/libJP2.dylib
0x00000000379d3000 	/System/Library/Frameworks/ImageIO.framework/Versions/A/Resources/libRadiance.dylib
0x00000000379d3000 	/usr/lib/libcompression.dylib
0x00000000379d3000 	/System/Library/PrivateFrameworks/AppleJPEG.framework/Versions/A/AppleJPEG
0x00000000379d3000 	/usr/lib/libcups.2.dylib
0x00000000379d3000 	/System/Library/Frameworks/Kerberos.framework/Versions/A/Kerberos
0x00000000379d3000 	/System/Library/Frameworks/GSS.framework/Versions/A/GSS
0x00000000379d3000 	/usr/lib/libresolv.9.dylib
0x00000000379d3000 	/usr/lib/libiconv.2.dylib
0x00000000379d3000 	/System/Library/PrivateFrameworks/Heimdal.framework/Versions/A/Heimdal
0x00000000379d3000 	/usr/lib/libheimdal-asn1.dylib
0x00000000379d3000 	/System/Library/Frameworks/OpenDirectory.framework/Versions/A/OpenDirectory
0x00000000379d3000 	/System/Library/PrivateFrameworks/CommonAuth.framework/Versions/A/CommonAuth
0x00000000379d3000 	/System/Library/Frameworks/OpenDirectory.framework/Versions/A/Frameworks/CFOpenDirectory.framework/Versions/A/CFOpenDirectory
0x00000000379d3000 	/System/Library/Frameworks/SecurityFoundation.framework/Versions/A/SecurityFoundation
0x00000000379d3000 	/System/Library/PrivateFrameworks/LanguageModeling.framework/Versions/A/LanguageModeling
0x00000000379d3000 	/usr/lib/libmarisa.dylib
0x00000000379d3000 	/usr/lib/libChineseTokenizer.dylib
0x00000000379d3000 	/usr/lib/libcmph.dylib
0x00000000379d3000 	/System/Library/PrivateFrameworks/CoreEmoji.framework/Versions/A/CoreEmoji
0x00000000379d3000 	/System/Library/Frameworks/ServiceManagement.framework/Versions/A/ServiceManagement
0x00000000379d3000 	/usr/lib/libxslt.1.dylib
0x00000000379d3000 	/System/Library/Frameworks/Carbon.framework/Versions/A/Frameworks/Ink.framework/Versions/A/Ink
0x00000000379d3000 	/System/Library/PrivateFrameworks/TextureIO.framework/Versions/A/TextureIO
0x00000000379d3000 	/System/Library/Frameworks/Metal.framework/Versions/A/Metal
0x00000000379d3000 	/usr/lib/libate.dylib
0x00000000379d3000 	/System/Library/PrivateFrameworks/GPUCompiler.framework/libmetal_timestamp.dylib
0x00000000379d3000 	/System/Library/Frameworks/OpenGL.framework/Versions/A/Libraries/libCoreFSCache.dylib
0x00000000379d3000 	/System/Library/PrivateFrameworks/IOAccelerator.framework/Versions/A/IOAccelerator
0x00000000379d3000 	/System/Library/Frameworks/CoreVideo.framework/Versions/A/CoreVideo
0x00000000379d3000 	/usr/lib/libFosl_dynamic.dylib
0x00000000379d3000 	/System/Library/PrivateFrameworks/MetalPerformanceShaders.framework/Versions/A/MetalPerformanceShaders
0x00000000379d3000 	/System/Library/PrivateFrameworks/FaceCore.framework/Versions/A/FaceCore
0x00000000379d3000 	/System/Library/Frameworks/OpenCL.framework/Versions/A/OpenCL
0x00000000379d3000 	/System/Library/Frameworks/OpenGL.framework/Versions/A/Libraries/libGLU.dylib
0x00000000379d3000 	/System/Library/Frameworks/OpenGL.framework/Versions/A/Libraries/libGFXShared.dylib
0x00000000379d3000 	/System/Library/Frameworks/OpenGL.framework/Versions/A/Libraries/libGL.dylib
0x00000000379d3000 	/System/Library/Frameworks/OpenGL.framework/Versions/A/Libraries/libGLImage.dylib
0x00000000379d3000 	/System/Library/Frameworks/OpenGL.framework/Versions/A/Libraries/libCVMSPluginSupport.dylib
0x00000000379d3000 	/System/Library/Frameworks/OpenGL.framework/Versions/A/Libraries/libCoreVMClient.dylib
0x00000000379d3000 	/System/Library/PrivateFrameworks/CrashReporterSupport.framework/Versions/A/CrashReporterSupport
0x00000000379d3000 	/System/Library/PrivateFrameworks/Sharing.framework/Versions/A/Sharing
0x00000000379d3000 	/System/Library/PrivateFrameworks/IconServices.framework/Versions/A/IconServices
0x00000000379d3000 	/System/Library/PrivateFrameworks/ProtocolBuffer.framework/Versions/A/ProtocolBuffer
0x00000000379d3000 	/System/Library/PrivateFrameworks/Apple80211.framework/Versions/A/Apple80211
0x00000000379d3000 	/System/Library/Frameworks/CoreWLAN.framework/Versions/A/CoreWLAN
0x00000000379d3000 	/System/Library/PrivateFrameworks/CoreUtils.framework/Versions/A/CoreUtils
0x00000000379d3000 	/System/Library/Frameworks/IOBluetooth.framework/Versions/A/IOBluetooth
0x00000000379d3000 	/System/Library/PrivateFrameworks/CoreWiFi.framework/Versions/A/CoreWiFi
0x00000000379d3000 	/System/Library/Frameworks/CoreBluetooth.framework/Versions/A/CoreBluetooth
0x00000000379d3000 	/System/Library/Frameworks/CoreDisplay.framework/Versions/A/CoreDisplay
0x00000000379d3000 	/System/Library/PrivateFrameworks/IOPresentment.framework/Versions/A/IOPresentment
0x00000000379d3000 	/System/Library/PrivateFrameworks/DebugSymbols.framework/Versions/A/DebugSymbols
0x00000000379d3000 	/System/Library/PrivateFrameworks/CoreSymbolication.framework/Versions/A/CoreSymbolication
0x00000000379d3000 	/System/Library/PrivateFrameworks/Symbolication.framework/Versions/A/Symbolication
0x00000000379d3000 	/System/Library/PrivateFrameworks/AppleFSCompression.framework/Versions/A/AppleFSCompression
0x00000000379d3000 	/System/Library/PrivateFrameworks/SpeechRecognitionCore.framework/Versions/A/SpeechRecognitionCore
0x00000000379d3000 	/System/Library/PrivateFrameworks/ChunkingLibrary.framework/Versions/A/ChunkingLibrary
0x0000000103200000 	/Library/Java/JavaVirtualMachines/jdk1.8.0_51.jdk/Contents/Home/jre/lib/server/libjvm.dylib
0x00000000379d3000 	/usr/lib/libstdc++.6.dylib
0x00000001020ad000 	/Library/Java/JavaVirtualMachines/jdk1.8.0_51.jdk/Contents/Home/jre/lib/libverify.dylib
0x00000001020bb000 	/Library/Java/JavaVirtualMachines/jdk1.8.0_51.jdk/Contents/Home/jre/lib/libjava.dylib
0x00000001020fa000 	/Library/Java/JavaVirtualMachines/jdk1.8.0_51.jdk/Contents/Home/jre/lib/libzip.dylib
0x000000011f1bc000 	/System/Library/Frameworks/JavaVM.framework/Frameworks/JavaRuntimeSupport.framework/JavaRuntimeSupport
0x000000011f1d6000 	/System/Library/Frameworks/JavaVM.framework/Versions/A/Frameworks/JavaNativeFoundation.framework/Versions/A/JavaNativeFoundation
0x000000011f1eb000 	/System/Library/Frameworks/JavaVM.framework/Versions/A/JavaVM
0x00000000379d3000 	/System/Library/Frameworks/Carbon.framework/Versions/A/Carbon
0x000000011f1f8000 	/System/Library/PrivateFrameworks/JavaLaunching.framework/Versions/A/JavaLaunching
0x00000000379d3000 	/System/Library/Frameworks/Carbon.framework/Versions/A/Frameworks/CommonPanels.framework/Versions/A/CommonPanels
0x00000000379d3000 	/System/Library/Frameworks/Carbon.framework/Versions/A/Frameworks/Help.framework/Versions/A/Help
0x00000000379d3000 	/System/Library/Frameworks/Carbon.framework/Versions/A/Frameworks/ImageCapture.framework/Versions/A/ImageCapture
0x00000000379d3000 	/System/Library/Frameworks/Carbon.framework/Versions/A/Frameworks/OpenScripting.framework/Versions/A/OpenScripting
0x00000000379d3000 	/System/Library/Frameworks/Carbon.framework/Versions/A/Frameworks/Print.framework/Versions/A/Print
0x00000000379d3000 	/System/Library/Frameworks/Carbon.framework/Versions/A/Frameworks/SecurityHI.framework/Versions/A/SecurityHI
0x0000000120b09000 	/Library/Java/JavaVirtualMachines/jdk1.8.0_51.jdk/Contents/Home/jre/lib/libawt.dylib
0x0000000120bb1000 	/Library/Java/JavaVirtualMachines/jdk1.8.0_51.jdk/Contents/Home/jre/lib/./libmlib_image.dylib
0x0000000120c7d000 	/Library/Java/JavaVirtualMachines/jdk1.8.0_51.jdk/Contents/Home/jre/lib/libawt_lwawt.dylib
0x0000000120d31000 	/Library/Java/JavaVirtualMachines/jdk1.8.0_51.jdk/Contents/Home/jre/lib/./libosxapp.dylib
0x00000000379d3000 	/System/Library/Frameworks/ExceptionHandling.framework/Versions/A/ExceptionHandling
0x00000000379d3000 	/System/Library/PrivateFrameworks/CoreServicesInternal.framework/Versions/A/CoreServicesInternal
0x00000000379d3000 	/System/Library/CoreServices/RawCamera.bundle/Contents/MacOS/RawCamera
0x00000000379d3000 	/System/Library/Frameworks/Accelerate.framework/Versions/A/Frameworks/vImage.framework/Versions/A/Libraries/libCGInterfaces.dylib
0x00000000379d3000 	/System/Library/Frameworks/ApplicationServices.framework/Versions/A/Frameworks/ATS.framework/Versions/A/Resources/libTrueTypeScaler.dylib
0x00000000379d3000 	/System/Library/Frameworks/OpenGL.framework/Versions/A/Resources/GLEngine.bundle/GLEngine
0x00000000379d3000 	/System/Library/Frameworks/OpenGL.framework/Versions/A/Libraries/libGLProgrammability.dylib
0x0000000122c21000 	/System/Library/Extensions/AppleIntelHD5000GraphicsGLDriver.bundle/Contents/MacOS/AppleIntelHD5000GraphicsGLDriver
0x00000000379d3000 	/System/Library/PrivateFrameworks/GPUSupport.framework/Versions/A/Libraries/libGPUSupportMercury.dylib
0x00000000379d3000 	/System/Library/Frameworks/OpenGL.framework/Versions/A/Resources/GLRendererFloat.bundle/GLRendererFloat
0x00000000379d3000 	/System/Library/Frameworks/OpenCL.framework/Versions/A/Libraries/libcldcpuengine.dylib
0x00000000379d3000 	/usr/lib/libcrypto.0.9.8.dylib
0x00000000379d3000 	/System/Library/PrivateFrameworks/TrustEvaluationAgent.framework/Versions/A/TrustEvaluationAgent
0x000000012339f000 	/System/Library/Extensions/AppleIntelHD5000GraphicsMTLDriver.bundle/Contents/MacOS/AppleIntelHD5000GraphicsMTLDriver
0x00000000379d3000 	/System/Library/PrivateFrameworks/FamilyControls.framework/Versions/A/FamilyControls
0x00000000379d3000 	/System/Library/PrivateFrameworks/CommerceKit.framework/Versions/A/Frameworks/CommerceCore.framework/Versions/A/CommerceCore
0x00000000379d3000 	/System/Library/PrivateFrameworks/SystemAdministration.framework/Versions/A/SystemAdministration
0x00000000379d3000 	/System/Library/PrivateFrameworks/AppContainer.framework/Versions/A/AppContainer
0x00000000379d3000 	/System/Library/PrivateFrameworks/SecCodeWrapper.framework/Versions/A/SecCodeWrapper
0x00000000379d3000 	/System/Library/Frameworks/DirectoryService.framework/Versions/A/DirectoryService
0x00000000379d3000 	/System/Library/PrivateFrameworks/DiskImages.framework/Versions/A/DiskImages
0x00000000379d3000 	/System/Library/PrivateFrameworks/LoginUIKit.framework/Versions/A/Frameworks/LoginUICore.framework/Versions/A/LoginUICore
0x00000000379d3000 	/usr/lib/libCoreStorage.dylib
0x00000000379d3000 	/usr/lib/libcsfde.dylib
0x00000000379d3000 	/usr/lib/libodfde.dylib
0x00000000379d3000 	/System/Library/Frameworks/DiscRecording.framework/Versions/A/DiscRecording
0x00000000379d3000 	/usr/lib/libcurl.4.dylib
0x00000000379d3000 	/System/Library/PrivateFrameworks/MediaKit.framework/Versions/A/MediaKit
0x00000000379d3000 	/System/Library/PrivateFrameworks/ProtectedCloudStorage.framework/Versions/A/ProtectedCloudStorage
0x00000000379d3000 	/System/Library/PrivateFrameworks/EFILogin.framework/Versions/A/EFILogin
0x00000000379d3000 	/usr/lib/libutil.dylib
0x00000000379d3000 	/System/Library/Frameworks/LDAP.framework/Versions/A/LDAP
0x00000000379d3000 	/usr/lib/libsasl2.2.dylib
0x00000000379d3000 	/System/Library/PrivateFrameworks/CoreDaemon.framework/Versions/B/CoreDaemon
0x00000000379d3000 	/System/Library/PrivateFrameworks/AppleSRP.framework/Versions/A/AppleSRP
0x00000000379d3000 	/System/Library/PrivateFrameworks/APFS.framework/Versions/A/APFS
0x00000001246b6000 	/Library/Java/JavaVirtualMachines/jdk1.8.0_51.jdk/Contents/Home/jre/lib/libfontmanager.dylib
0x000000012471d000 	/Users/Marc/Documents/code/LWJGL/lwjgl-2.9.3/native/macosx/liblwjgl.dylib
0x0000000120fb3000 	/Library/Java/JavaVirtualMachines/jdk1.8.0_51.jdk/Contents/Home/jre/lib/libjawt.dylib
0x000000012616c000 	/Library/Java/JavaVirtualMachines/jdk1.8.0_51.jdk/Contents/Home/jre/lib/libjpeg.dylib
0x00000001261ac000 	/Library/Java/JavaVirtualMachines/jdk1.8.0_51.jdk/Contents/Home/jre/lib/liblcms.dylib
0x00000000379d3000 	/System/Library/PrivateFrameworks/ViewBridge.framework/Versions/A/ViewBridge
0x00000000379d3000 	/System/Library/PrivateFrameworks/XPCService.framework/Versions/A/XPCService
0x00000000379d3000 	/System/Library/PrivateFrameworks/AppSandbox.framework/Versions/A/AppSandbox
0x00000000379d3000 	/usr/lib/libsandbox.1.dylib
0x00000000379d3000 	/usr/lib/libMatch.1.dylib

VM Arguments:
jvm_args: -Djava.library.path=/Users/Marc/Documents/code/LWJGL/lwjgl-2.9.3/native/macosx -Dfile.encoding=UTF-8 
java_command: com.capstone.plasma.MapMaker
java_class_path (initial): /Users/Marc/Documents/Plasma/Plasma/bin:/Users/Marc/Documents/code/LWJGL/lwjgl-2.9.3/jar/lwjgl.jar
Launcher Type: SUN_STANDARD

Environment Variables:
PATH=/usr/bin:/bin:/usr/sbin:/sbin
SHELL=/bin/bash
DISPLAY=/private/tmp/com.apple.launchd.ELzuirrgT2/org.macosforge.xquartz:0

Signal Handlers:
SIGSEGV: [libjvm.dylib+0x58ef35], sa_mask[0]=11111111011111110111111111111111, sa_flags=SA_ONSTACK|SA_RESTART|SA_SIGINFO
SIGBUS: [libjvm.dylib+0x58ef35], sa_mask[0]=11111111011111110111111111111111, sa_flags=SA_RESTART|SA_SIGINFO
SIGFPE: [libjvm.dylib+0x46c028], sa_mask[0]=11111111011111110111111111111111, sa_flags=SA_RESTART|SA_SIGINFO
SIGPIPE: [libjvm.dylib+0x46c028], sa_mask[0]=11111111011111110111111111111111, sa_flags=SA_RESTART|SA_SIGINFO
SIGXFSZ: [libjvm.dylib+0x46c028], sa_mask[0]=11111111011111110111111111111111, sa_flags=SA_RESTART|SA_SIGINFO
SIGILL: [libjvm.dylib+0x46c028], sa_mask[0]=11111111011111110111111111111111, sa_flags=SA_RESTART|SA_SIGINFO
SIGUSR1: SIG_DFL, sa_mask[0]=00000000000000000000000000000000, sa_flags=none
SIGUSR2: [libjvm.dylib+0x46bb46], sa_mask[0]=00100000000000000000000000000000, sa_flags=SA_RESTART|SA_SIGINFO
SIGHUP: [libjvm.dylib+0x46a119], sa_mask[0]=11111111011111110111111111111111, sa_flags=SA_RESTART|SA_SIGINFO
SIGINT: [libjvm.dylib+0x46a119], sa_mask[0]=11111111011111110111111111111111, sa_flags=SA_RESTART|SA_SIGINFO
SIGTERM: [libjvm.dylib+0x46a119], sa_mask[0]=11111111011111110111111111111111, sa_flags=SA_RESTART|SA_SIGINFO
SIGQUIT: [libjvm.dylib+0x46a119], sa_mask[0]=11111111011111110111111111111111, sa_flags=SA_RESTART|SA_SIGINFO


---------------  S Y S T E M  ---------------

OS:Bsduname:Darwin 16.1.0 Darwin Kernel Version 16.1.0: Wed Oct 19 20:31:56 PDT 2016; root:xnu-3789.21.4~4/RELEASE_X86_64 x86_64
rlimit: STACK 8192k, CORE 0k, NPROC 709, NOFILE 10240, AS infinity
load average:2.38 2.17 1.94

CPU:total 8 (4 cores per cpu, 2 threads per core) family 6 model 70 stepping 1, cmov, cx8, fxsr, mmx, sse, sse2, sse3, ssse3, sse4.1, sse4.2, popcnt, avx, avx2, aes, clmul, erms, lzcnt, ht, tsc, tscinvbit, bmi1, bmi2

Memory: 4k page, physical 16777216k(2952992k free)

/proc/meminfo:


vm_info: Java HotSpot(TM) 64-Bit Server VM (25.51-b03) for bsd-amd64 JRE (1.8.0_51-b16), built on Jun  8 2015 18:01:11 by "java_re" with gcc 4.2.1 (Based on Apple Inc. build 5658) (LLVM build 2336.11.00)

time: Mon Jan 16 11:11:46 2017
elapsed time: 41 seconds (0d 0h 0m 41s)

