#
# A fatal error has been detected by the Java Runtime Environment:
#
#  SIGSEGV (0xb) at pc=0x00007fffba6b4c22, pid=59747, tid=775
#
# JRE version: Java(TM) SE Runtime Environment (8.0_51-b16) (build 1.8.0_51-b16)
# Java VM: Java HotSpot(TM) 64-Bit Server VM (25.51-b03 mixed mode bsd-amd64 compressed oops)
# Problematic frame:
# C  [libGPUSupportMercury.dylib+0xac22]  gldAttachDrawable+0x12f
#
# Failed to write core dump. Core dumps have been disabled. To enable core dumping, try "ulimit -c unlimited" before starting Java again
#
# If you would like to submit a bug report, please visit:
#   http://bugreport.java.com/bugreport/crash.jsp
# The crash happened outside the Java Virtual Machine in native code.
# See problematic frame for where to report the bug.
#

---------------  T H R E A D  ---------------

Current thread (0x00007fbb65034800):  JavaThread "AppKit Thread" daemon [_thread_in_native, id=775, stack(0x00007fff5317b000,0x00007fff5397b000)]

siginfo: si_signo: 11 (SIGSEGV), si_code: 1 (SEGV_MAPERR), si_addr: 0x0000000000000008

Registers:
RAX=0x0000000000000000, RBX=0x0000000000002715, RCX=0x0000000000000c24, RDX=0x00007fbb6323b150
RSP=0x00007fff53975480, RBP=0x00007fff53975580, RSI=0x0000000000004695, RDI=0x000000000001c643
R8 =0x00000000d0700000, R9 =0x00007fbb66800000, R10=0x000000000000003c, R11=0x0000000000000206
R12=0x00007fbb6323b148, R13=0x00007fbb64122800, R14=0x00007fbb6323b150, R15=0x0000000000000000
RIP=0x00007fffba6b4c22, EFLAGS=0x0000000000010206, ERR=0x0000000000000004
  TRAPNO=0x000000000000000e

Top of Stack: (sp=0x00007fff53975480)
0x00007fff53975480:   00007fff539754c0 00007fffbe3713b1
0x00007fff53975490:   0000000000000000 4036000000000000
0x00007fff539754a0:   408c200000000000 00007fbb67809ee0
0x00007fff539754b0:   0000000000000000 00007fbb61c4950e
0x00007fff539754c0:   00007fff53975501 00000050be2ad5ad
0x00007fff539754d0:   0000000000000000 4036000000000000
0x00007fff539754e0:   408c200000000000 4082c00000000000
0x00007fff539754f0:   7ff0000000000000 7ff0000000000000
0x00007fff53975500:   0000000000000000 0000000000000000
0x00007fff53975510:   00007fbb6305ed90 0001c643be2a5243
0x00007fff53975520:   7ff0000000000000 7ff0000000000000
0x00007fff53975530:   0000000000000000 0000000000000000
0x00007fff53975540:   0000000000000000 00007fffbe463733
0x00007fff53975550:   c8987c1e4a9d009b 00007fbb67800000
0x00007fff53975560:   0000000000002718 0000000000000000
0x00007fff53975570:   0000000000000050 0000000000000000
0x00007fff53975580:   00007fff539755e0 00007fffb1b2f0eb
0x00007fff53975590:   4096800000000000 0000000000000000
0x00007fff539755a0:   00007fbb67809ee0 0000000000000000
0x00007fff539755b0:   00007fbb6323b148 00007fbb64120688
0x00007fff539755c0:   00007fbb64120750 00007fbb64120780
0x00007fff539755d0:   00007fbb6411e800 c8987c1e4a9d009b
0x00007fff539755e0:   00007fff539756c0 00007fffb1b0dbb8
0x00007fff539755f0:   4060000000000000 408c200000000000
0x00007fff53975600:   4083700000000000 0000000000000000
0x00007fff53975610:   4036000000000000 408c200000000000
0x00007fff53975620:   4082c00000000000 0000000000000000
0x00007fff53975630:   0000000000000000 0000000000000001
0x00007fff53975640:   00007fbb6323b148 0000000000000001
0x00007fff53975650:   00007fff539756c0 00007fffb1b12992
0x00007fff53975660:   0000000153975680 00007fbb64120750
0x00007fff53975670:   00007fbb64120688 0000000200001000 

Instructions: (pc=0x00007fffba6b4c22)
0x00007fffba6b4c02:   24 04 81 e1 3f 8c 00 00 48 8b 85 38 ff ff ff 44
0x00007fffba6b4c12:   8b 80 38 02 00 00 4c 89 f2 48 8b 85 30 ff ff ff
0x00007fffba6b4c22:   ff 50 08 bb 15 27 00 00 85 c0 0f 85 31 02 00 00
0x00007fffba6b4c32:   49 8b 4d 60 41 8b 06 eb 10 41 8b 06 bb 15 27 00 

Register to memory mapping:

RAX=0x0000000000000000 is an unknown value
RBX=0x0000000000002715 is an unknown value
RCX=0x0000000000000c24 is an unknown value
RDX=0x00007fbb6323b150 is an unknown value
RSP=0x00007fff53975480 is pointing into the stack for thread: 0x00007fbb65034800
RBP=0x00007fff53975580 is pointing into the stack for thread: 0x00007fbb65034800
RSI=0x0000000000004695 is an unknown value
RDI=0x000000000001c643 is an unknown value
R8 =0x00000000d0700000 is an unknown value
R9 =0x00007fbb66800000 is an unknown value
R10=0x000000000000003c is an unknown value
R11=0x0000000000000206 is an unknown value
R12=0x00007fbb6323b148 is an unknown value
R13=0x00007fbb64122800 is an unknown value
R14=0x00007fbb6323b150 is an unknown value
R15=0x0000000000000000 is an unknown value


Stack: [0x00007fff5317b000,0x00007fff5397b000],  sp=0x00007fff53975480,  free space=8169k
Native frames: (J=compiled Java code, j=interpreted, Vv=VM code, C=native code)
C  [libGPUSupportMercury.dylib+0xac22]  gldAttachDrawable+0x12f
C  [GLEngine+0x160eb]  gliAttachDrawableWithOptions+0x106
C  [OpenGL+0x3bb8]  glcGetIOAccelService+0xe8c
C  [OpenGL+0x7744]  CGLSetPBuffer+0xb45
C  [OpenGL+0x7a62]  CGLSetSurface+0x125
C  [AppKit+0x336030]  NSOpenGLContextAttachOnScreenViewSurface+0x187
C  [AppKit+0x6edaeb]  __27-[NSOpenGLContext setView:]_block_invoke+0xd3
C  [AppKit+0x17a65c]  NSPerformVisuallyAtomicChange+0x93
C  [AppKit+0x3228f4]  -[NSOpenGLContext setView:]+0x69
C  [liblwjgl.dylib+0xa586]  -[MacOSXOpenGLView lockFocus]+0x76
C  [AppKit+0x19d752]  -[NSView _recursiveDisplayRectIfNeededIgnoringOpacity:isVisibleRect:rectIsVisibleRectForView:topView:]+0x6ee
C  [AppKit+0x19dfa8]  -[NSView _recursiveDisplayRectIfNeededIgnoringOpacity:isVisibleRect:rectIsVisibleRectForView:topView:]+0xf44
C  [AppKit+0x19cb87]  -[NSThemeFrame _recursiveDisplayRectIfNeededIgnoringOpacity:isVisibleRect:rectIsVisibleRectForView:topView:]+0x14e
C  [AppKit+0x19afaf]  -[NSView _displayRectIgnoringOpacity:isVisibleRect:rectIsVisibleRectForView:]+0x994
C  [AppKit+0x196898]  -[NSView displayIfNeeded]+0x6d4
C  [AppKit+0x1961ab]  -[NSWindow displayIfNeeded]+0xe6
C  [AppKit+0x8f1123]  ___NSWindowGetDisplayCycleObserver_block_invoke.6219+0x115
C  [AppKit+0x195c89]  __37+[NSDisplayCycle currentDisplayCycle]_block_invoke+0x1c6
C  [QuartzCore+0x111ba]  CA::Transaction::run_commit_handlers(CATransactionPhase)+0x2e
C  [QuartzCore+0x118e10]  CA::Context::commit_transaction(CA::Transaction*)+0xa0
C  [QuartzCore+0xfd55]  CA::Transaction::commit()+0x1db
C  [AppKit+0x477d99]  __37+[NSDisplayCycle currentDisplayCycle]_block_invoke.31+0x143
C  [CoreFoundation+0xa6ec7]  __CFRUNLOOP_IS_CALLING_OUT_TO_AN_OBSERVER_CALLBACK_FUNCTION__+0x17
C  [CoreFoundation+0xa6e37]  __CFRunLoopDoObservers+0x187
C  [CoreFoundation+0x87ad9]  __CFRunLoopRun+0x369
C  [CoreFoundation+0x87514]  CFRunLoopRunSpecific+0x1a4
C  [HIToolbox+0x312ac]  RunCurrentEventLoopInMode+0xf0
C  [HIToolbox+0x30fe9]  ReceiveNextEventCommon+0xb8
C  [HIToolbox+0x30f16]  _BlockUntilNextEventMatchingListInModeWithFilter+0x47
C  [AppKit+0x476cd]  _DPSNextEvent+0x445
C  [AppKit+0x7be830]  -[NSApplication(NSEvent) _nextEventMatchingEventMask:untilDate:inMode:dequeue:]+0xaaa
C  [libosxapp.dylib+0x242a]  -[NSApplicationAWT nextEventMatchingMask:untilDate:inMode:dequeue:]+0x7c
C  [AppKit+0x3c06d]  -[NSApplication run]+0x39e
C  [libosxapp.dylib+0x223e]  +[NSApplicationAWT runAWTLoopWithApp:]+0x9c
C  [libawt_lwawt.dylib+0x4454b]  -[AWTStarter starter:]+0x389
C  [Foundation+0x71f2a]  __NSThreadPerformPerform+0x146
C  [CoreFoundation+0xa74b1]  __CFRUNLOOP_IS_CALLING_OUT_TO_A_SOURCE0_PERFORM_FUNCTION__+0x11
C  [CoreFoundation+0x8861d]  __CFRunLoopDoSources0+0x22d
C  [CoreFoundation+0x87b16]  __CFRunLoopRun+0x3a6
C  [CoreFoundation+0x87514]  CFRunLoopRunSpecific+0x1a4
C  [java+0x6463]  CreateExecutionEnvironment+0x367
C  [java+0x21ac]  JLI_Launch+0x7a0
C  [java+0x84c0]  main+0x65
C  [java+0x1a04]  start+0x34
C  0x0000000000000006


---------------  P R O C E S S  ---------------

Java Threads: ( => current thread )
  0x00007fbb641e2000 JavaThread "AWT-Shutdown" [_thread_blocked, id=15451, stack(0x000070000cace000,0x000070000cbce000)]
  0x00007fbb648b8000 JavaThread "Thread-50" [_thread_blocked, id=93443, stack(0x00007000115b8000,0x00007000116b8000)]
  0x00007fbb64157800 JavaThread "Thread-49" [_thread_blocked, id=92931, stack(0x00007000114b5000,0x00007000115b5000)]
  0x00007fbb648f6800 JavaThread "Thread-48" [_thread_blocked, id=92419, stack(0x00007000113b2000,0x00007000114b2000)]
  0x00007fbb66008000 JavaThread "Thread-47" [_thread_blocked, id=91907, stack(0x00007000112af000,0x00007000113af000)]
  0x00007fbb66007800 JavaThread "Thread-46" [_thread_blocked, id=91395, stack(0x00007000111ac000,0x00007000112ac000)]
  0x00007fbb65179800 JavaThread "Thread-45" [_thread_blocked, id=90883, stack(0x00007000110a9000,0x00007000111a9000)]
  0x00007fbb63800000 JavaThread "Thread-44" [_thread_blocked, id=90371, stack(0x0000700010fa6000,0x00007000110a6000)]
  0x00007fbb66005800 JavaThread "Thread-43" [_thread_blocked, id=89859, stack(0x0000700010ea3000,0x0000700010fa3000)]
  0x00007fbb65179000 JavaThread "Thread-42" [_thread_blocked, id=89347, stack(0x0000700010da0000,0x0000700010ea0000)]
  0x00007fbb62255800 JavaThread "Thread-41" [_thread_blocked, id=88835, stack(0x0000700010c9d000,0x0000700010d9d000)]
  0x00007fbb66004800 JavaThread "Thread-40" [_thread_blocked, id=88323, stack(0x0000700010b9a000,0x0000700010c9a000)]
  0x00007fbb62228000 JavaThread "Thread-39" [_thread_blocked, id=87811, stack(0x0000700010a97000,0x0000700010b97000)]
  0x00007fbb62227800 JavaThread "Thread-38" [_thread_blocked, id=87299, stack(0x0000700010994000,0x0000700010a94000)]
  0x00007fbb64156800 JavaThread "Thread-37" [_thread_blocked, id=86787, stack(0x0000700010891000,0x0000700010991000)]
  0x00007fbb62226800 JavaThread "Thread-36" [_thread_blocked, id=86275, stack(0x000070001078e000,0x000070001088e000)]
  0x00007fbb64155800 JavaThread "Thread-35" [_thread_blocked, id=85763, stack(0x000070001068b000,0x000070001078b000)]
  0x00007fbb62226000 JavaThread "Thread-34" [_thread_blocked, id=85251, stack(0x0000700010588000,0x0000700010688000)]
  0x00007fbb62225000 JavaThread "Thread-33" [_thread_blocked, id=84739, stack(0x0000700010485000,0x0000700010585000)]
  0x00007fbb66004000 JavaThread "Thread-32" [_thread_blocked, id=84227, stack(0x0000700010382000,0x0000700010482000)]
  0x00007fbb65178000 JavaThread "Thread-31" [_thread_blocked, id=83715, stack(0x000070001027f000,0x000070001037f000)]
  0x00007fbb65184800 JavaThread "Thread-30" [_thread_blocked, id=83203, stack(0x000070001017c000,0x000070001027c000)]
  0x00007fbb62224800 JavaThread "Thread-29" [_thread_blocked, id=82691, stack(0x0000700010079000,0x0000700010179000)]
  0x00007fbb6280c000 JavaThread "Thread-28" [_thread_blocked, id=82179, stack(0x000070000ff76000,0x0000700010076000)]
  0x00007fbb62223800 JavaThread "Thread-27" [_thread_blocked, id=81667, stack(0x000070000fe73000,0x000070000ff73000)]
  0x00007fbb65183800 JavaThread "Thread-26" [_thread_blocked, id=81155, stack(0x000070000fd70000,0x000070000fe70000)]
  0x00007fbb65183000 JavaThread "Thread-25" [_thread_blocked, id=80643, stack(0x000070000fc6d000,0x000070000fd6d000)]
  0x00007fbb65180000 JavaThread "Thread-24" [_thread_blocked, id=80131, stack(0x000070000fb6a000,0x000070000fc6a000)]
  0x00007fbb648f6000 JavaThread "Thread-23" [_thread_blocked, id=79619, stack(0x000070000fa67000,0x000070000fb67000)]
  0x00007fbb648f5000 JavaThread "Thread-22" [_thread_blocked, id=79107, stack(0x000070000f964000,0x000070000fa64000)]
  0x00007fbb648f4800 JavaThread "Thread-21" [_thread_blocked, id=78595, stack(0x000070000f861000,0x000070000f961000)]
  0x00007fbb648f3800 JavaThread "Thread-20" [_thread_blocked, id=78083, stack(0x000070000f75e000,0x000070000f85e000)]
  0x00007fbb6413e800 JavaThread "Thread-19" [_thread_blocked, id=77571, stack(0x000070000f65b000,0x000070000f75b000)]
  0x00007fbb648f3000 JavaThread "Thread-18" [_thread_blocked, id=77059, stack(0x000070000f558000,0x000070000f658000)]
  0x00007fbb648f2000 JavaThread "Thread-17" [_thread_blocked, id=76547, stack(0x000070000f455000,0x000070000f555000)]
  0x00007fbb648ef000 JavaThread "Thread-16" [_thread_blocked, id=76035, stack(0x000070000f352000,0x000070000f452000)]
  0x00007fbb66002800 JavaThread "Thread-15" [_thread_blocked, id=75523, stack(0x000070000f24f000,0x000070000f34f000)]
  0x00007fbb62223000 JavaThread "Thread-14" [_thread_blocked, id=75011, stack(0x000070000f14c000,0x000070000f24c000)]
  0x00007fbb62222000 JavaThread "Thread-13" [_thread_blocked, id=74499, stack(0x000070000f049000,0x000070000f149000)]
  0x00007fbb62221800 JavaThread "Thread-12" [_thread_blocked, id=73987, stack(0x000070000ef46000,0x000070000f046000)]
  0x00007fbb62220800 JavaThread "Thread-11" [_thread_blocked, id=73475, stack(0x000070000ee43000,0x000070000ef43000)]
  0x00007fbb62220000 JavaThread "Thread-10" [_thread_blocked, id=72963, stack(0x000070000ed40000,0x000070000ee40000)]
  0x00007fbb6221f000 JavaThread "Thread-9" [_thread_blocked, id=72451, stack(0x000070000ec3d000,0x000070000ed3d000)]
  0x00007fbb6221e800 JavaThread "Thread-8" [_thread_blocked, id=71939, stack(0x000070000eb3a000,0x000070000ec3a000)]
  0x00007fbb6221d800 JavaThread "Thread-7" [_thread_blocked, id=71427, stack(0x000070000ea37000,0x000070000eb37000)]
  0x00007fbb6221d000 JavaThread "Thread-6" [_thread_blocked, id=70919, stack(0x000070000e934000,0x000070000ea34000)]
  0x00007fbb620fe000 JavaThread "Thread-5" [_thread_blocked, id=64787, stack(0x000070000e831000,0x000070000e931000)]
  0x00007fbb620b3000 JavaThread "Thread-4" [_thread_blocked, id=65547, stack(0x000070000e72e000,0x000070000e82e000)]
  0x00007fbb648ee000 JavaThread "Thread-3" [_thread_blocked, id=69139, stack(0x000070000e62b000,0x000070000e72b000)]
  0x00007fbb648ed800 JavaThread "Thread-2" [_thread_blocked, id=68359, stack(0x000070000e528000,0x000070000e628000)]
  0x00007fbb648e2000 JavaThread "Thread-1" [_thread_blocked, id=68879, stack(0x000070000e425000,0x000070000e525000)]
  0x00007fbb64131000 JavaThread "Java2D Disposer" daemon [_thread_blocked, id=59431, stack(0x000070000e322000,0x000070000e422000)]
=>0x00007fbb65034800 JavaThread "AppKit Thread" daemon [_thread_in_native, id=775, stack(0x00007fff5317b000,0x00007fff5397b000)]
  0x00007fbb64015800 JavaThread "Service Thread" daemon [_thread_blocked, id=21251, stack(0x000070000dd8a000,0x000070000de8a000)]
  0x00007fbb6504a000 JavaThread "C1 CompilerThread3" daemon [_thread_blocked, id=20739, stack(0x000070000dc87000,0x000070000dd87000)]
  0x00007fbb65041800 JavaThread "C2 CompilerThread2" daemon [_thread_blocked, id=20227, stack(0x000070000db84000,0x000070000dc84000)]
  0x00007fbb65040800 JavaThread "C2 CompilerThread1" daemon [_thread_blocked, id=19715, stack(0x000070000da81000,0x000070000db81000)]
  0x00007fbb6201a800 JavaThread "C2 CompilerThread0" daemon [_thread_blocked, id=19203, stack(0x000070000d97e000,0x000070000da7e000)]
  0x00007fbb6201d800 JavaThread "Signal Dispatcher" daemon [_thread_blocked, id=18691, stack(0x000070000d87b000,0x000070000d97b000)]
  0x00007fbb6400e800 JavaThread "Finalizer" daemon [_thread_blocked, id=14339, stack(0x000070000d6f5000,0x000070000d7f5000)]
  0x00007fbb6400e000 JavaThread "Reference Handler" daemon [_thread_blocked, id=13827, stack(0x000070000d5f2000,0x000070000d6f2000)]
  0x00007fbb64003000 JavaThread "main" [_thread_in_native, id=6915, stack(0x000070000cbd4000,0x000070000ccd4000)]

Other Threads:
  0x00007fbb64839800 VMThread [stack: 0x000070000d4ef000,0x000070000d5ef000] [id=13315]
  0x00007fbb63811000 WatcherThread [stack: 0x000070000de8d000,0x000070000df8d000] [id=21763]

VM state:not at safepoint (normal execution)

VM Mutex/Monitor currently owned by a thread: None

Heap:
 PSYoungGen      total 76288K, used 46037K [0x000000076ab00000, 0x0000000770000000, 0x00000007c0000000)
  eden space 65536K, 67% used [0x000000076ab00000,0x000000076d5f7600,0x000000076eb00000)
  from space 10752K, 18% used [0x000000076eb00000,0x000000076ecfe110,0x000000076f580000)
  to   space 10752K, 0% used [0x000000076f580000,0x000000076f580000,0x0000000770000000)
 ParOldGen       total 175104K, used 8K [0x00000006c0000000, 0x00000006cab00000, 0x000000076ab00000)
  object space 175104K, 0% used [0x00000006c0000000,0x00000006c0002000,0x00000006cab00000)
 Metaspace       used 6856K, capacity 7071K, committed 7296K, reserved 1056768K
  class space    used 710K, capacity 792K, committed 896K, reserved 1048576K

Card table byte_map: [0x000000010e729000,0x000000010ef2a000] byte_map_base: 0x000000010b129000

Marking Bits: (ParMarkBitMap*) 0x000000010dcc27a0
 Begin Bits: [0x000000010f480000, 0x0000000113480000)
 End Bits:   [0x0000000113480000, 0x0000000117480000)

Polling page: 0x000000010c345000

CodeCache: size=245760Kb used=2835Kb max_used=2854Kb free=242924Kb
 bounds [0x000000011bda6000, 0x000000011c076000, 0x000000012ada6000]
 total_blobs=1085 nmethods=713 adapters=286
 compilation: enabled

Compilation events (10 events):
Event: 34.379 Thread 0x00007fbb6504a000  708       3       sun.awt.AWTAutoShutdown::notifyToolkitThreadBusy (8 bytes)
Event: 34.379 Thread 0x00007fbb6504a000 nmethod 708 0x000000011c064350 code [0x000000011c0644c0, 0x000000011c064688]
Event: 34.379 Thread 0x00007fbb6504a000  709       3       sun.awt.AWTAutoShutdown::notifyToolkitThreadFree (8 bytes)
Event: 34.379 Thread 0x00007fbb6504a000 nmethod 709 0x000000011c063f50 code [0x000000011c0640c0, 0x000000011c064288]
Event: 34.560 Thread 0x00007fbb6504a000  710       3       java.nio.Buffer::clear (20 bytes)
Event: 34.561 Thread 0x00007fbb6504a000 nmethod 710 0x000000011c063c10 code [0x000000011c063d60, 0x000000011c063ed0]
Event: 34.561 Thread 0x00007fbb6504a000  711       3       java.nio.HeapByteBuffer::putLong (21 bytes)
Event: 34.561 Thread 0x00007fbb6504a000 nmethod 711 0x000000011c063550 code [0x000000011c0636e0, 0x000000011c063aa8]
Event: 35.342 Thread 0x00007fbb65040800  712   !   4       org.lwjgl.opengl.Display::update (154 bytes)
Event: 35.384 Thread 0x00007fbb65040800 nmethod 712 0x000000011c06c010 code [0x000000011c06c420, 0x000000011c06e9e0]

GC Heap History (2 events):
Event: 0.535 GC heap before
{Heap before GC invocations=1 (full 0):
 PSYoungGen      total 76288K, used 65536K [0x000000076ab00000, 0x0000000770000000, 0x00000007c0000000)
  eden space 65536K, 100% used [0x000000076ab00000,0x000000076eb00000,0x000000076eb00000)
  from space 10752K, 0% used [0x000000076f580000,0x000000076f580000,0x0000000770000000)
  to   space 10752K, 0% used [0x000000076eb00000,0x000000076eb00000,0x000000076f580000)
 ParOldGen       total 175104K, used 0K [0x00000006c0000000, 0x00000006cab00000, 0x000000076ab00000)
  object space 175104K, 0% used [0x00000006c0000000,0x00000006c0000000,0x00000006cab00000)
 Metaspace       used 6734K, capacity 6911K, committed 7168K, reserved 1056768K
  class space    used 703K, capacity 760K, committed 768K, reserved 1048576K
Event: 0.537 GC heap after
Heap after GC invocations=1 (full 0):
 PSYoungGen      total 76288K, used 2040K [0x000000076ab00000, 0x0000000770000000, 0x00000007c0000000)
  eden space 65536K, 0% used [0x000000076ab00000,0x000000076ab00000,0x000000076eb00000)
  from space 10752K, 18% used [0x000000076eb00000,0x000000076ecfe110,0x000000076f580000)
  to   space 10752K, 0% used [0x000000076f580000,0x000000076f580000,0x0000000770000000)
 ParOldGen       total 175104K, used 8K [0x00000006c0000000, 0x00000006cab00000, 0x000000076ab00000)
  object space 175104K, 0% used [0x00000006c0000000,0x00000006c0002000,0x00000006cab00000)
 Metaspace       used 6734K, capacity 6911K, committed 7168K, reserved 1056768K
  class space    used 703K, capacity 760K, committed 768K, reserved 1048576K
}

Deoptimization events (10 events):
Event: 1.083 Thread 0x00007fbb648f6800 Uncommon trap: reason=unstable_if action=reinterpret pc=0x000000011bfd554c method=java.awt.Rectangle.intersects(Ljava/awt/Rectangle;)Z @ 139
Event: 1.787 Thread 0x00007fbb64003000 Uncommon trap: reason=unstable_if action=reinterpret pc=0x000000011bfc0b18 method=com.capstone.plasma.tiles.Tile.paint()V @ 24
Event: 1.899 Thread 0x00007fbb64003000 Uncommon trap: reason=unstable_if action=reinterpret pc=0x000000011bfbd8d8 method=com.capstone.plasma.tiles.BackgroundTile.paint()V @ 24
Event: 2.016 Thread 0x00007fbb64003000 Uncommon trap: reason=unstable_if action=reinterpret pc=0x000000011bfeed84 method=com.capstone.plasma.ParticleHandler$Particle.check()V @ 100
Event: 2.024 Thread 0x00007fbb64003000 Uncommon trap: reason=unstable_if action=reinterpret pc=0x000000011bfcee04 method=com.capstone.plasma.ParticleHandler$Particle.check()V @ 100
Event: 2.024 Thread 0x00007fbb64003000 Uncommon trap: reason=unstable_if action=reinterpret pc=0x000000011bff3580 method=com.capstone.plasma.ParticleHandler.paint()V @ 133
Event: 5.681 Thread 0x00007fbb64003000 Uncommon trap: reason=unstable_if action=reinterpret pc=0x000000011c029d98 method=com.capstone.plasma.ParticleHandler.paint()V @ 52
Event: 6.121 Thread 0x00007fbb648b8000 Uncommon trap: reason=unstable_if action=reinterpret pc=0x000000011bff2664 method=com.capstone.plasma.player.Player.touchBounds(II)Z @ 62
Event: 33.652 Thread 0x00007fbb64003000 Uncommon trap: reason=unstable_if action=reinterpret pc=0x000000011c065ec0 method=org.lwjgl.opengl.MacOSXDisplay.update()V @ 86
Event: 33.694 Thread 0x00007fbb64003000 Uncommon trap: reason=unstable_if action=reinterpret pc=0x000000011c050bfc method=org.lwjgl.opengl.EventQueue.copyEvents(Ljava/nio/ByteBuffer;)V @ 27

Internal exceptions (10 events):
Event: 0.037 Thread 0x00007fbb64003000 Exception <a 'java/lang/NoSuchMethodError': Method sun.misc.Unsafe.defineClass(Ljava/lang/String;[BII)Ljava/lang/Class; name or signature does not match> (0x000000076ab12db0) thrown at [/Users/java_re/workspace/8-2-build-macosx-x86_64/jdk8u51/3951/hotspot
Event: 0.037 Thread 0x00007fbb64003000 Exception <a 'java/lang/NoSuchMethodError': Method sun.misc.Unsafe.prefetchRead(Ljava/lang/Object;J)V name or signature does not match> (0x000000076ab13040) thrown at [/Users/java_re/workspace/8-2-build-macosx-x86_64/jdk8u51/3951/hotspot/src/share/vm/prim
Event: 0.102 Thread 0x00007fbb64003000 Exception <a 'java/security/PrivilegedActionException'> (0x000000076ac35298) thrown at [/Users/java_re/workspace/8-2-build-macosx-x86_64/jdk8u51/3951/hotspot/src/share/vm/prims/jvm.cpp, line 1382]
Event: 0.102 Thread 0x00007fbb64003000 Exception <a 'java/security/PrivilegedActionException'> (0x000000076ac35450) thrown at [/Users/java_re/workspace/8-2-build-macosx-x86_64/jdk8u51/3951/hotspot/src/share/vm/prims/jvm.cpp, line 1382]
Event: 0.102 Thread 0x00007fbb64003000 Exception <a 'java/security/PrivilegedActionException'> (0x000000076ac387d0) thrown at [/Users/java_re/workspace/8-2-build-macosx-x86_64/jdk8u51/3951/hotspot/src/share/vm/prims/jvm.cpp, line 1382]
Event: 0.102 Thread 0x00007fbb64003000 Exception <a 'java/security/PrivilegedActionException'> (0x000000076ac38988) thrown at [/Users/java_re/workspace/8-2-build-macosx-x86_64/jdk8u51/3951/hotspot/src/share/vm/prims/jvm.cpp, line 1382]
Event: 0.223 Thread 0x00007fbb64003000 Exception <a 'java/io/FileNotFoundException'> (0x000000076ac3c8b0) thrown at [/Users/java_re/workspace/8-2-build-macosx-x86_64/jdk8u51/3951/hotspot/src/share/vm/prims/jni.cpp, line 709]
Event: 0.223 Thread 0x00007fbb64003000 Exception <a 'java/io/FileNotFoundException'> (0x000000076ac3d3c8) thrown at [/Users/java_re/workspace/8-2-build-macosx-x86_64/jdk8u51/3951/hotspot/src/share/vm/prims/jni.cpp, line 709]
Event: 0.264 Thread 0x00007fbb65034800 Exception <a 'java/lang/NoSuchFieldError': method resolution failed> (0x000000076afa8ec8) thrown at [/Users/java_re/workspace/8-2-build-macosx-x86_64/jdk8u51/3951/hotspot/src/share/vm/prims/methodHandles.cpp, line 1125]
Event: 0.265 Thread 0x00007fbb65034800 Exception <a 'java/lang/NoSuchFieldError': method resolution failed> (0x000000076afb7568) thrown at [/Users/java_re/workspace/8-2-build-macosx-x86_64/jdk8u51/3951/hotspot/src/share/vm/prims/methodHandles.cpp, line 1125]

Events (10 events):
Event: 33.422 Thread 0x00007fbb641e6800 Thread exited: 0x00007fbb641e6800
Event: 33.444 Thread 0x00007fbb641e2000 Thread added: 0x00007fbb641e2000
Event: 33.652 Thread 0x00007fbb64003000 Uncommon trap: trap_request=0xffffff65 fr.pc=0x000000011c065ec0
Event: 33.652 Thread 0x00007fbb64003000 DEOPT PACKING pc=0x000000011c065ec0 sp=0x000070000ccd3770
Event: 33.652 Thread 0x00007fbb64003000 DEOPT UNPACKING pc=0x000000011bdab229 sp=0x000070000ccd36d8 mode 2
Event: 33.694 Thread 0x00007fbb64003000 Uncommon trap: trap_request=0xffffff65 fr.pc=0x000000011c050bfc
Event: 33.694 Thread 0x00007fbb64003000 DEOPT PACKING pc=0x000000011c050bfc sp=0x000070000ccd35c0
Event: 33.694 Thread 0x00007fbb64003000 DEOPT UNPACKING pc=0x000000011bdab229 sp=0x000070000ccd3578 mode 2
Event: 35.606 loading class org/lwjgl/opengl/CallbackUtil
Event: 35.606 loading class org/lwjgl/opengl/CallbackUtil done


Dynamic libraries:
0x00000000379d3000 	/System/Library/Frameworks/Cocoa.framework/Versions/A/Cocoa
0x00000000379d3000 	/System/Library/Frameworks/Security.framework/Versions/A/Security
0x00000000379d3000 	/System/Library/Frameworks/ApplicationServices.framework/Versions/A/ApplicationServices
0x00000000379d3000 	/usr/lib/libz.1.dylib
0x00000000379d3000 	/usr/lib/libSystem.B.dylib
0x00000000379d3000 	/usr/lib/libobjc.A.dylib
0x00000000379d3000 	/System/Library/Frameworks/CoreFoundation.framework/Versions/A/CoreFoundation
0x00000000379d3000 	/System/Library/Frameworks/Foundation.framework/Versions/C/Foundation
0x00000000379d3000 	/System/Library/Frameworks/AppKit.framework/Versions/C/AppKit
0x00000000379d3000 	/System/Library/Frameworks/CoreData.framework/Versions/A/CoreData
0x00000000379d3000 	/System/Library/PrivateFrameworks/RemoteViewServices.framework/Versions/A/RemoteViewServices
0x00000000379d3000 	/System/Library/PrivateFrameworks/UIFoundation.framework/Versions/A/UIFoundation
0x00000000379d3000 	/System/Library/PrivateFrameworks/DFRFoundation.framework/Versions/A/DFRFoundation
0x00000000379d3000 	/usr/lib/libenergytrace.dylib
0x00000000379d3000 	/System/Library/PrivateFrameworks/SkyLight.framework/Versions/A/SkyLight
0x00000000379d3000 	/System/Library/Frameworks/CoreGraphics.framework/Versions/A/CoreGraphics
0x00000000379d3000 	/usr/lib/libScreenReader.dylib
0x00000000379d3000 	/System/Library/Frameworks/Accelerate.framework/Versions/A/Accelerate
0x00000000379d3000 	/System/Library/Frameworks/IOSurface.framework/Versions/A/IOSurface
0x00000000379d3000 	/System/Library/Frameworks/AudioToolbox.framework/Versions/A/AudioToolbox
0x00000000379d3000 	/System/Library/Frameworks/AudioUnit.framework/Versions/A/AudioUnit
0x00000000379d3000 	/System/Library/PrivateFrameworks/DataDetectorsCore.framework/Versions/A/DataDetectorsCore
0x00000000379d3000 	/System/Library/PrivateFrameworks/DesktopServicesPriv.framework/Versions/A/DesktopServicesPriv
0x00000000379d3000 	/System/Library/Frameworks/Carbon.framework/Versions/A/Frameworks/HIToolbox.framework/Versions/A/HIToolbox
0x00000000379d3000 	/usr/lib/libicucore.A.dylib
0x00000000379d3000 	/System/Library/Frameworks/QuartzCore.framework/Versions/A/QuartzCore
0x00000000379d3000 	/System/Library/Frameworks/Carbon.framework/Versions/A/Frameworks/SpeechRecognition.framework/Versions/A/SpeechRecognition
0x00000000379d3000 	/usr/lib/libauto.dylib
0x00000000379d3000 	/usr/lib/libxml2.2.dylib
0x00000000379d3000 	/System/Library/PrivateFrameworks/CoreUI.framework/Versions/A/CoreUI
0x00000000379d3000 	/System/Library/Frameworks/CoreAudio.framework/Versions/A/CoreAudio
0x00000000379d3000 	/System/Library/Frameworks/DiskArbitration.framework/Versions/A/DiskArbitration
0x00000000379d3000 	/usr/lib/liblangid.dylib
0x00000000379d3000 	/System/Library/PrivateFrameworks/MultitouchSupport.framework/Versions/A/MultitouchSupport
0x00000000379d3000 	/System/Library/Frameworks/IOKit.framework/Versions/A/IOKit
0x00000000379d3000 	/usr/lib/libDiagnosticMessagesClient.dylib
0x00000000379d3000 	/System/Library/Frameworks/CoreServices.framework/Versions/A/CoreServices
0x00000000379d3000 	/System/Library/PrivateFrameworks/PerformanceAnalysis.framework/Versions/A/PerformanceAnalysis
0x00000000379d3000 	/System/Library/PrivateFrameworks/GenerationalStorage.framework/Versions/A/GenerationalStorage
0x00000000379d3000 	/System/Library/Frameworks/OpenGL.framework/Versions/A/OpenGL
0x00000000379d3000 	/System/Library/Frameworks/CoreImage.framework/Versions/A/CoreImage
0x00000000379d3000 	/System/Library/Frameworks/CoreText.framework/Versions/A/CoreText
0x00000000379d3000 	/System/Library/Frameworks/ImageIO.framework/Versions/A/ImageIO
0x00000000379d3000 	/System/Library/PrivateFrameworks/Backup.framework/Versions/A/Backup
0x00000000379d3000 	/usr/lib/libarchive.2.dylib
0x00000000379d3000 	/System/Library/Frameworks/CFNetwork.framework/Versions/A/CFNetwork
0x00000000379d3000 	/System/Library/Frameworks/SystemConfiguration.framework/Versions/A/SystemConfiguration
0x00000000379d3000 	/usr/lib/libCRFSuite.dylib
0x00000000379d3000 	/usr/lib/libc++.1.dylib
0x00000000379d3000 	/usr/lib/libc++abi.dylib
0x00000000379d3000 	/usr/lib/system/libcache.dylib
0x00000000379d3000 	/usr/lib/system/libcommonCrypto.dylib
0x00000000379d3000 	/usr/lib/system/libcompiler_rt.dylib
0x00000000379d3000 	/usr/lib/system/libcopyfile.dylib
0x00000000379d3000 	/usr/lib/system/libcorecrypto.dylib
0x00000000379d3000 	/usr/lib/system/libdispatch.dylib
0x00000000379d3000 	/usr/lib/system/libdyld.dylib
0x00000000379d3000 	/usr/lib/system/libkeymgr.dylib
0x00000000379d3000 	/usr/lib/system/liblaunch.dylib
0x00000000379d3000 	/usr/lib/system/libmacho.dylib
0x00000000379d3000 	/usr/lib/system/libquarantine.dylib
0x00000000379d3000 	/usr/lib/system/libremovefile.dylib
0x00000000379d3000 	/usr/lib/system/libsystem_asl.dylib
0x00000000379d3000 	/usr/lib/system/libsystem_blocks.dylib
0x00000000379d3000 	/usr/lib/system/libsystem_c.dylib
0x00000000379d3000 	/usr/lib/system/libsystem_configuration.dylib
0x00000000379d3000 	/usr/lib/system/libsystem_coreservices.dylib
0x00000000379d3000 	/usr/lib/system/libsystem_coretls.dylib
0x00000000379d3000 	/usr/lib/system/libsystem_dnssd.dylib
0x00000000379d3000 	/usr/lib/system/libsystem_info.dylib
0x00000000379d3000 	/usr/lib/system/libsystem_kernel.dylib
0x00000000379d3000 	/usr/lib/system/libsystem_m.dylib
0x00000000379d3000 	/usr/lib/system/libsystem_malloc.dylib
0x00000000379d3000 	/usr/lib/system/libsystem_network.dylib
0x00000000379d3000 	/usr/lib/system/libsystem_networkextension.dylib
0x00000000379d3000 	/usr/lib/system/libsystem_notify.dylib
0x00000000379d3000 	/usr/lib/system/libsystem_platform.dylib
0x00000000379d3000 	/usr/lib/system/libsystem_pthread.dylib
0x00000000379d3000 	/usr/lib/system/libsystem_sandbox.dylib
0x00000000379d3000 	/usr/lib/system/libsystem_secinit.dylib
0x00000000379d3000 	/usr/lib/system/libsystem_symptoms.dylib
0x00000000379d3000 	/usr/lib/system/libsystem_trace.dylib
0x00000000379d3000 	/usr/lib/system/libunwind.dylib
0x00000000379d3000 	/usr/lib/system/libxpc.dylib
0x00000000379d3000 	/usr/lib/libbsm.0.dylib
0x00000000379d3000 	/usr/lib/system/libkxld.dylib
0x00000000379d3000 	/usr/lib/libcoretls.dylib
0x00000000379d3000 	/usr/lib/libcoretls_cfhelpers.dylib
0x00000000379d3000 	/usr/lib/libxar.1.dylib
0x00000000379d3000 	/usr/lib/libsqlite3.dylib
0x00000000379d3000 	/usr/lib/libpam.2.dylib
0x00000000379d3000 	/usr/lib/libOpenScriptingUtil.dylib
0x00000000379d3000 	/usr/lib/libbz2.1.0.dylib
0x00000000379d3000 	/usr/lib/liblzma.5.dylib
0x00000000379d3000 	/usr/lib/libnetwork.dylib
0x00000000379d3000 	/usr/lib/libpcap.A.dylib
0x00000000379d3000 	/System/Library/Frameworks/CoreServices.framework/Versions/A/Frameworks/FSEvents.framework/Versions/A/FSEvents
0x00000000379d3000 	/System/Library/Frameworks/CoreServices.framework/Versions/A/Frameworks/CarbonCore.framework/Versions/A/CarbonCore
0x00000000379d3000 	/System/Library/Frameworks/CoreServices.framework/Versions/A/Frameworks/Metadata.framework/Versions/A/Metadata
0x00000000379d3000 	/System/Library/Frameworks/CoreServices.framework/Versions/A/Frameworks/OSServices.framework/Versions/A/OSServices
0x00000000379d3000 	/System/Library/Frameworks/CoreServices.framework/Versions/A/Frameworks/SearchKit.framework/Versions/A/SearchKit
0x00000000379d3000 	/System/Library/Frameworks/CoreServices.framework/Versions/A/Frameworks/AE.framework/Versions/A/AE
0x00000000379d3000 	/System/Library/Frameworks/CoreServices.framework/Versions/A/Frameworks/LaunchServices.framework/Versions/A/LaunchServices
0x00000000379d3000 	/System/Library/Frameworks/CoreServices.framework/Versions/A/Frameworks/DictionaryServices.framework/Versions/A/DictionaryServices
0x00000000379d3000 	/System/Library/Frameworks/CoreServices.framework/Versions/A/Frameworks/SharedFileList.framework/Versions/A/SharedFileList
0x00000000379d3000 	/System/Library/Frameworks/NetFS.framework/Versions/A/NetFS
0x00000000379d3000 	/System/Library/PrivateFrameworks/NetAuth.framework/Versions/A/NetAuth
0x00000000379d3000 	/System/Library/PrivateFrameworks/login.framework/Versions/A/Frameworks/loginsupport.framework/Versions/A/loginsupport
0x00000000379d3000 	/System/Library/PrivateFrameworks/TCC.framework/Versions/A/TCC
0x00000000379d3000 	/usr/lib/libmecabra.dylib
0x00000000379d3000 	/System/Library/Frameworks/ApplicationServices.framework/Versions/A/Frameworks/ATS.framework/Versions/A/ATS
0x00000000379d3000 	/System/Library/Frameworks/ApplicationServices.framework/Versions/A/Frameworks/ColorSync.framework/Versions/A/ColorSync
0x00000000379d3000 	/System/Library/Frameworks/ApplicationServices.framework/Versions/A/Frameworks/HIServices.framework/Versions/A/HIServices
0x00000000379d3000 	/System/Library/Frameworks/ApplicationServices.framework/Versions/A/Frameworks/LangAnalysis.framework/Versions/A/LangAnalysis
0x00000000379d3000 	/System/Library/Frameworks/ApplicationServices.framework/Versions/A/Frameworks/PrintCore.framework/Versions/A/PrintCore
0x00000000379d3000 	/System/Library/Frameworks/ApplicationServices.framework/Versions/A/Frameworks/QD.framework/Versions/A/QD
0x00000000379d3000 	/System/Library/Frameworks/ApplicationServices.framework/Versions/A/Frameworks/SpeechSynthesis.framework/Versions/A/SpeechSynthesis
0x00000000379d3000 	/System/Library/Frameworks/Accelerate.framework/Versions/A/Frameworks/vImage.framework/Versions/A/vImage
0x00000000379d3000 	/System/Library/Frameworks/Accelerate.framework/Versions/A/Frameworks/vecLib.framework/Versions/A/vecLib
0x00000000379d3000 	/System/Library/Frameworks/Accelerate.framework/Versions/A/Frameworks/vecLib.framework/Versions/A/libvDSP.dylib
0x00000000379d3000 	/System/Library/Frameworks/Accelerate.framework/Versions/A/Frameworks/vecLib.framework/Versions/A/libBNNS.dylib
0x00000000379d3000 	/System/Library/Frameworks/Accelerate.framework/Versions/A/Frameworks/vecLib.framework/Versions/A/libQuadrature.dylib
0x00000000379d3000 	/System/Library/Frameworks/Accelerate.framework/Versions/A/Frameworks/vecLib.framework/Versions/A/libvMisc.dylib
0x00000000379d3000 	/System/Library/Frameworks/Accelerate.framework/Versions/A/Frameworks/vecLib.framework/Versions/A/libLAPACK.dylib
0x00000000379d3000 	/System/Library/Frameworks/Accelerate.framework/Versions/A/Frameworks/vecLib.framework/Versions/A/libBLAS.dylib
0x00000000379d3000 	/System/Library/Frameworks/Accelerate.framework/Versions/A/Frameworks/vecLib.framework/Versions/A/libLinearAlgebra.dylib
0x00000000379d3000 	/System/Library/Frameworks/Accelerate.framework/Versions/A/Frameworks/vecLib.framework/Versions/A/libSparseBLAS.dylib
0x00000000379d3000 	/System/Library/Frameworks/ApplicationServices.framework/Versions/A/Frameworks/ATS.framework/Versions/A/Resources/libFontParser.dylib
0x00000000379d3000 	/System/Library/Frameworks/ApplicationServices.framework/Versions/A/Frameworks/ATS.framework/Versions/A/Resources/libFontRegistry.dylib
0x00000000379d3000 	/System/Library/Frameworks/ImageIO.framework/Versions/A/Resources/libJPEG.dylib
0x00000000379d3000 	/System/Library/Frameworks/ImageIO.framework/Versions/A/Resources/libTIFF.dylib
0x00000000379d3000 	/System/Library/Frameworks/ImageIO.framework/Versions/A/Resources/libPng.dylib
0x00000000379d3000 	/System/Library/Frameworks/ImageIO.framework/Versions/A/Resources/libGIF.dylib
0x00000000379d3000 	/System/Library/Frameworks/ImageIO.framework/Versions/A/Resources/libJP2.dylib
0x00000000379d3000 	/System/Library/Frameworks/ImageIO.framework/Versions/A/Resources/libRadiance.dylib
0x00000000379d3000 	/usr/lib/libcompression.dylib
0x00000000379d3000 	/System/Library/PrivateFrameworks/AppleJPEG.framework/Versions/A/AppleJPEG
0x00000000379d3000 	/usr/lib/libcups.2.dylib
0x00000000379d3000 	/System/Library/Frameworks/Kerberos.framework/Versions/A/Kerberos
0x00000000379d3000 	/System/Library/Frameworks/GSS.framework/Versions/A/GSS
0x00000000379d3000 	/usr/lib/libresolv.9.dylib
0x00000000379d3000 	/usr/lib/libiconv.2.dylib
0x00000000379d3000 	/System/Library/PrivateFrameworks/Heimdal.framework/Versions/A/Heimdal
0x00000000379d3000 	/usr/lib/libheimdal-asn1.dylib
0x00000000379d3000 	/System/Library/Frameworks/OpenDirectory.framework/Versions/A/OpenDirectory
0x00000000379d3000 	/System/Library/PrivateFrameworks/CommonAuth.framework/Versions/A/CommonAuth
0x00000000379d3000 	/System/Library/Frameworks/OpenDirectory.framework/Versions/A/Frameworks/CFOpenDirectory.framework/Versions/A/CFOpenDirectory
0x00000000379d3000 	/System/Library/Frameworks/SecurityFoundation.framework/Versions/A/SecurityFoundation
0x00000000379d3000 	/System/Library/PrivateFrameworks/LanguageModeling.framework/Versions/A/LanguageModeling
0x00000000379d3000 	/usr/lib/libmarisa.dylib
0x00000000379d3000 	/usr/lib/libChineseTokenizer.dylib
0x00000000379d3000 	/usr/lib/libcmph.dylib
0x00000000379d3000 	/System/Library/PrivateFrameworks/CoreEmoji.framework/Versions/A/CoreEmoji
0x00000000379d3000 	/System/Library/Frameworks/ServiceManagement.framework/Versions/A/ServiceManagement
0x00000000379d3000 	/usr/lib/libxslt.1.dylib
0x00000000379d3000 	/System/Library/Frameworks/Carbon.framework/Versions/A/Frameworks/Ink.framework/Versions/A/Ink
0x00000000379d3000 	/System/Library/PrivateFrameworks/TextureIO.framework/Versions/A/TextureIO
0x00000000379d3000 	/System/Library/Frameworks/Metal.framework/Versions/A/Metal
0x00000000379d3000 	/usr/lib/libate.dylib
0x00000000379d3000 	/System/Library/PrivateFrameworks/GPUCompiler.framework/libmetal_timestamp.dylib
0x00000000379d3000 	/System/Library/Frameworks/OpenGL.framework/Versions/A/Libraries/libCoreFSCache.dylib
0x00000000379d3000 	/System/Library/PrivateFrameworks/IOAccelerator.framework/Versions/A/IOAccelerator
0x00000000379d3000 	/System/Library/Frameworks/CoreVideo.framework/Versions/A/CoreVideo
0x00000000379d3000 	/usr/lib/libFosl_dynamic.dylib
0x00000000379d3000 	/System/Library/PrivateFrameworks/MetalPerformanceShaders.framework/Versions/A/MetalPerformanceShaders
0x00000000379d3000 	/System/Library/PrivateFrameworks/FaceCore.framework/Versions/A/FaceCore
0x00000000379d3000 	/System/Library/Frameworks/OpenCL.framework/Versions/A/OpenCL
0x00000000379d3000 	/System/Library/Frameworks/OpenGL.framework/Versions/A/Libraries/libGLU.dylib
0x00000000379d3000 	/System/Library/Frameworks/OpenGL.framework/Versions/A/Libraries/libGFXShared.dylib
0x00000000379d3000 	/System/Library/Frameworks/OpenGL.framework/Versions/A/Libraries/libGL.dylib
0x00000000379d3000 	/System/Library/Frameworks/OpenGL.framework/Versions/A/Libraries/libGLImage.dylib
0x00000000379d3000 	/System/Library/Frameworks/OpenGL.framework/Versions/A/Libraries/libCVMSPluginSupport.dylib
0x00000000379d3000 	/System/Library/Frameworks/OpenGL.framework/Versions/A/Libraries/libCoreVMClient.dylib
0x00000000379d3000 	/System/Library/PrivateFrameworks/CrashReporterSupport.framework/Versions/A/CrashReporterSupport
0x00000000379d3000 	/System/Library/PrivateFrameworks/Sharing.framework/Versions/A/Sharing
0x00000000379d3000 	/System/Library/PrivateFrameworks/IconServices.framework/Versions/A/IconServices
0x00000000379d3000 	/System/Library/PrivateFrameworks/ProtocolBuffer.framework/Versions/A/ProtocolBuffer
0x00000000379d3000 	/System/Library/PrivateFrameworks/Apple80211.framework/Versions/A/Apple80211
0x00000000379d3000 	/System/Library/Frameworks/CoreWLAN.framework/Versions/A/CoreWLAN
0x00000000379d3000 	/System/Library/PrivateFrameworks/CoreUtils.framework/Versions/A/CoreUtils
0x00000000379d3000 	/System/Library/Frameworks/IOBluetooth.framework/Versions/A/IOBluetooth
0x00000000379d3000 	/System/Library/PrivateFrameworks/CoreWiFi.framework/Versions/A/CoreWiFi
0x00000000379d3000 	/System/Library/Frameworks/CoreBluetooth.framework/Versions/A/CoreBluetooth
0x00000000379d3000 	/System/Library/Frameworks/CoreDisplay.framework/Versions/A/CoreDisplay
0x00000000379d3000 	/System/Library/PrivateFrameworks/IOPresentment.framework/Versions/A/IOPresentment
0x00000000379d3000 	/System/Library/PrivateFrameworks/DebugSymbols.framework/Versions/A/DebugSymbols
0x00000000379d3000 	/System/Library/PrivateFrameworks/CoreSymbolication.framework/Versions/A/CoreSymbolication
0x00000000379d3000 	/System/Library/PrivateFrameworks/Symbolication.framework/Versions/A/Symbolication
0x00000000379d3000 	/System/Library/PrivateFrameworks/AppleFSCompression.framework/Versions/A/AppleFSCompression
0x00000000379d3000 	/System/Library/PrivateFrameworks/SpeechRecognitionCore.framework/Versions/A/SpeechRecognitionCore
0x00000000379d3000 	/System/Library/PrivateFrameworks/ChunkingLibrary.framework/Versions/A/ChunkingLibrary
0x000000010d400000 	/Library/Java/JavaVirtualMachines/jdk1.8.0_51.jdk/Contents/Home/jre/lib/server/libjvm.dylib
0x00000000379d3000 	/usr/lib/libstdc++.6.dylib
0x000000010c302000 	/Library/Java/JavaVirtualMachines/jdk1.8.0_51.jdk/Contents/Home/jre/lib/libverify.dylib
0x000000010c310000 	/Library/Java/JavaVirtualMachines/jdk1.8.0_51.jdk/Contents/Home/jre/lib/libjava.dylib
0x000000010c34f000 	/Library/Java/JavaVirtualMachines/jdk1.8.0_51.jdk/Contents/Home/jre/lib/libzip.dylib
0x000000011a387000 	/System/Library/Frameworks/JavaVM.framework/Frameworks/JavaRuntimeSupport.framework/JavaRuntimeSupport
0x000000011a3a1000 	/System/Library/Frameworks/JavaVM.framework/Versions/A/Frameworks/JavaNativeFoundation.framework/Versions/A/JavaNativeFoundation
0x000000010c3f1000 	/System/Library/Frameworks/JavaVM.framework/Versions/A/JavaVM
0x00000000379d3000 	/System/Library/Frameworks/Carbon.framework/Versions/A/Carbon
0x000000011a3b6000 	/System/Library/PrivateFrameworks/JavaLaunching.framework/Versions/A/JavaLaunching
0x00000000379d3000 	/System/Library/Frameworks/Carbon.framework/Versions/A/Frameworks/CommonPanels.framework/Versions/A/CommonPanels
0x00000000379d3000 	/System/Library/Frameworks/Carbon.framework/Versions/A/Frameworks/Help.framework/Versions/A/Help
0x00000000379d3000 	/System/Library/Frameworks/Carbon.framework/Versions/A/Frameworks/ImageCapture.framework/Versions/A/ImageCapture
0x00000000379d3000 	/System/Library/Frameworks/Carbon.framework/Versions/A/Frameworks/OpenScripting.framework/Versions/A/OpenScripting
0x00000000379d3000 	/System/Library/Frameworks/Carbon.framework/Versions/A/Frameworks/Print.framework/Versions/A/Print
0x00000000379d3000 	/System/Library/Frameworks/Carbon.framework/Versions/A/Frameworks/SecurityHI.framework/Versions/A/SecurityHI
0x000000012ada6000 	/Library/Java/JavaVirtualMachines/jdk1.8.0_51.jdk/Contents/Home/jre/lib/libawt.dylib
0x000000012ae4e000 	/Library/Java/JavaVirtualMachines/jdk1.8.0_51.jdk/Contents/Home/jre/lib/./libmlib_image.dylib
0x000000012af1a000 	/Library/Java/JavaVirtualMachines/jdk1.8.0_51.jdk/Contents/Home/jre/lib/libawt_lwawt.dylib
0x000000011bccf000 	/Library/Java/JavaVirtualMachines/jdk1.8.0_51.jdk/Contents/Home/jre/lib/./libosxapp.dylib
0x00000000379d3000 	/System/Library/Frameworks/ExceptionHandling.framework/Versions/A/ExceptionHandling
0x00000000379d3000 	/System/Library/PrivateFrameworks/CoreServicesInternal.framework/Versions/A/CoreServicesInternal
0x00000000379d3000 	/System/Library/CoreServices/RawCamera.bundle/Contents/MacOS/RawCamera
0x00000000379d3000 	/System/Library/Frameworks/Accelerate.framework/Versions/A/Frameworks/vImage.framework/Versions/A/Libraries/libCGInterfaces.dylib
0x00000000379d3000 	/System/Library/Frameworks/ApplicationServices.framework/Versions/A/Frameworks/ATS.framework/Versions/A/Resources/libTrueTypeScaler.dylib
0x00000000379d3000 	/System/Library/Frameworks/OpenGL.framework/Versions/A/Resources/GLEngine.bundle/GLEngine
0x00000000379d3000 	/System/Library/Frameworks/OpenGL.framework/Versions/A/Libraries/libGLProgrammability.dylib
0x000000012cdbe000 	/System/Library/Extensions/AppleIntelHD5000GraphicsGLDriver.bundle/Contents/MacOS/AppleIntelHD5000GraphicsGLDriver
0x00000000379d3000 	/System/Library/PrivateFrameworks/GPUSupport.framework/Versions/A/Libraries/libGPUSupportMercury.dylib
0x00000000379d3000 	/System/Library/Frameworks/OpenGL.framework/Versions/A/Resources/GLRendererFloat.bundle/GLRendererFloat
0x00000000379d3000 	/System/Library/Frameworks/OpenCL.framework/Versions/A/Libraries/libcldcpuengine.dylib
0x00000000379d3000 	/usr/lib/libcrypto.0.9.8.dylib
0x00000000379d3000 	/System/Library/PrivateFrameworks/TrustEvaluationAgent.framework/Versions/A/TrustEvaluationAgent
0x000000012d53c000 	/System/Library/Extensions/AppleIntelHD5000GraphicsMTLDriver.bundle/Contents/MacOS/AppleIntelHD5000GraphicsMTLDriver
0x00000000379d3000 	/System/Library/PrivateFrameworks/FamilyControls.framework/Versions/A/FamilyControls
0x00000000379d3000 	/System/Library/PrivateFrameworks/CommerceKit.framework/Versions/A/Frameworks/CommerceCore.framework/Versions/A/CommerceCore
0x00000000379d3000 	/System/Library/PrivateFrameworks/SystemAdministration.framework/Versions/A/SystemAdministration
0x00000000379d3000 	/System/Library/PrivateFrameworks/AppContainer.framework/Versions/A/AppContainer
0x00000000379d3000 	/System/Library/PrivateFrameworks/SecCodeWrapper.framework/Versions/A/SecCodeWrapper
0x00000000379d3000 	/System/Library/Frameworks/DirectoryService.framework/Versions/A/DirectoryService
0x00000000379d3000 	/System/Library/PrivateFrameworks/DiskImages.framework/Versions/A/DiskImages
0x00000000379d3000 	/System/Library/PrivateFrameworks/LoginUIKit.framework/Versions/A/Frameworks/LoginUICore.framework/Versions/A/LoginUICore
0x00000000379d3000 	/usr/lib/libCoreStorage.dylib
0x00000000379d3000 	/usr/lib/libcsfde.dylib
0x00000000379d3000 	/usr/lib/libodfde.dylib
0x00000000379d3000 	/System/Library/Frameworks/DiscRecording.framework/Versions/A/DiscRecording
0x00000000379d3000 	/usr/lib/libcurl.4.dylib
0x00000000379d3000 	/System/Library/PrivateFrameworks/MediaKit.framework/Versions/A/MediaKit
0x00000000379d3000 	/System/Library/PrivateFrameworks/ProtectedCloudStorage.framework/Versions/A/ProtectedCloudStorage
0x00000000379d3000 	/System/Library/PrivateFrameworks/EFILogin.framework/Versions/A/EFILogin
0x00000000379d3000 	/usr/lib/libutil.dylib
0x00000000379d3000 	/System/Library/Frameworks/LDAP.framework/Versions/A/LDAP
0x00000000379d3000 	/usr/lib/libsasl2.2.dylib
0x00000000379d3000 	/System/Library/PrivateFrameworks/CoreDaemon.framework/Versions/B/CoreDaemon
0x00000000379d3000 	/System/Library/PrivateFrameworks/AppleSRP.framework/Versions/A/AppleSRP
0x00000000379d3000 	/System/Library/PrivateFrameworks/APFS.framework/Versions/A/APFS
0x000000012e90b000 	/Library/Java/JavaVirtualMachines/jdk1.8.0_51.jdk/Contents/Home/jre/lib/libfontmanager.dylib
0x000000012e972000 	/Users/Marc/Documents/code/LWJGL/lwjgl-2.9.3/native/macosx/liblwjgl.dylib
0x000000012b21c000 	/Library/Java/JavaVirtualMachines/jdk1.8.0_51.jdk/Contents/Home/jre/lib/libjawt.dylib
0x00000001303c1000 	/Library/Java/JavaVirtualMachines/jdk1.8.0_51.jdk/Contents/Home/jre/lib/libjpeg.dylib
0x0000000130401000 	/Library/Java/JavaVirtualMachines/jdk1.8.0_51.jdk/Contents/Home/jre/lib/liblcms.dylib
0x00000000379d3000 	/System/Library/PrivateFrameworks/ViewBridge.framework/Versions/A/ViewBridge
0x00000000379d3000 	/System/Library/PrivateFrameworks/XPCService.framework/Versions/A/XPCService
0x00000000379d3000 	/System/Library/PrivateFrameworks/AppSandbox.framework/Versions/A/AppSandbox
0x00000000379d3000 	/usr/lib/libsandbox.1.dylib
0x00000000379d3000 	/usr/lib/libMatch.1.dylib

VM Arguments:
jvm_args: -Djava.library.path=/Users/Marc/Documents/code/LWJGL/lwjgl-2.9.3/native/macosx -Dfile.encoding=UTF-8 
java_command: com.capstone.plasma.GameScreen
java_class_path (initial): /Users/Marc/Documents/Plasma/Plasma/bin:/Users/Marc/Documents/code/LWJGL/lwjgl-2.9.3/jar/lwjgl.jar
Launcher Type: SUN_STANDARD

Environment Variables:
PATH=/usr/bin:/bin:/usr/sbin:/sbin
SHELL=/bin/bash
DISPLAY=/private/tmp/com.apple.launchd.ELzuirrgT2/org.macosforge.xquartz:0

Signal Handlers:
SIGSEGV: [libjvm.dylib+0x58ef35], sa_mask[0]=11111111011111110111111111111111, sa_flags=SA_ONSTACK|SA_RESTART|SA_SIGINFO
SIGBUS: [libjvm.dylib+0x58ef35], sa_mask[0]=11111111011111110111111111111111, sa_flags=SA_RESTART|SA_SIGINFO
SIGFPE: [libjvm.dylib+0x46c028], sa_mask[0]=11111111011111110111111111111111, sa_flags=SA_RESTART|SA_SIGINFO
SIGPIPE: [libjvm.dylib+0x46c028], sa_mask[0]=11111111011111110111111111111111, sa_flags=SA_RESTART|SA_SIGINFO
SIGXFSZ: [libjvm.dylib+0x46c028], sa_mask[0]=11111111011111110111111111111111, sa_flags=SA_RESTART|SA_SIGINFO
SIGILL: [libjvm.dylib+0x46c028], sa_mask[0]=11111111011111110111111111111111, sa_flags=SA_RESTART|SA_SIGINFO
SIGUSR1: SIG_DFL, sa_mask[0]=00000000000000000000000000000000, sa_flags=none
SIGUSR2: [libjvm.dylib+0x46bb46], sa_mask[0]=00100000000000000000000000000000, sa_flags=SA_RESTART|SA_SIGINFO
SIGHUP: [libjvm.dylib+0x46a119], sa_mask[0]=11111111011111110111111111111111, sa_flags=SA_RESTART|SA_SIGINFO
SIGINT: [libjvm.dylib+0x46a119], sa_mask[0]=11111111011111110111111111111111, sa_flags=SA_RESTART|SA_SIGINFO
SIGTERM: [libjvm.dylib+0x46a119], sa_mask[0]=11111111011111110111111111111111, sa_flags=SA_RESTART|SA_SIGINFO
SIGQUIT: [libjvm.dylib+0x46a119], sa_mask[0]=11111111011111110111111111111111, sa_flags=SA_RESTART|SA_SIGINFO


---------------  S Y S T E M  ---------------

OS:Bsduname:Darwin 16.1.0 Darwin Kernel Version 16.1.0: Wed Oct 19 20:31:56 PDT 2016; root:xnu-3789.21.4~4/RELEASE_X86_64 x86_64
rlimit: STACK 8192k, CORE 0k, NPROC 709, NOFILE 10240, AS infinity
load average:2.48 2.16 1.98

CPU:total 8 (4 cores per cpu, 2 threads per core) family 6 model 70 stepping 1, cmov, cx8, fxsr, mmx, sse, sse2, sse3, ssse3, sse4.1, sse4.2, popcnt, avx, avx2, aes, clmul, erms, lzcnt, ht, tsc, tscinvbit, bmi1, bmi2

Memory: 4k page, physical 16777216k(3822096k free)

/proc/meminfo:


vm_info: Java HotSpot(TM) 64-Bit Server VM (25.51-b03) for bsd-amd64 JRE (1.8.0_51-b16), built on Jun  8 2015 18:01:11 by "java_re" with gcc 4.2.1 (Based on Apple Inc. build 5658) (LLVM build 2336.11.00)

time: Mon Jan 16 16:16:04 2017
elapsed time: 35 seconds (0d 0h 0m 35s)

